#
# There is insufficient memory for the Java Runtime Environment to continue.
# Native memory allocation (mmap) failed to map 136314880 bytes for G1 virtual space
# Possible reasons:
#   The system is out of physical RAM or swap space
#   The process is running with CompressedOops enabled, and the Java Heap may be blocking the growth of the native heap
# Possible solutions:
#   Reduce memory load on the system
#   Increase physical memory or swap space
#   Check if swap backing store is full
#   Decrease Java heap size (-Xmx/-Xms)
#   Decrease number of Java threads
#   Decrease Java thread stack sizes (-Xss)
#   Set larger code cache with -XX:ReservedCodeCacheSize=
#   JVM is running with Unscaled Compressed Oops mode in which the Java heap is
#     placed in the first 4GB address space. The Java Heap base address is the
#     maximum limit for the native heap growth. Please use -XX:HeapBaseMinAddress
#     to set the Java Heap base and to place the Java Heap above 4GB virtual address.
# This output file may be truncated or incomplete.
#
#  Out of Memory Error (os_windows.cpp:3825), pid=14952, tid=3996
#
# JRE version: OpenJDK Runtime Environment (17.0.9) (build 17.0.9+0--11185874)
# Java VM: OpenJDK 64-Bit Server VM (17.0.9+0--11185874, mixed mode, tiered, compressed oops, compressed class ptrs, g1 gc, windows-amd64)
# No core dump will be written. Minidumps are not enabled by default on client versions of Windows
#

---------------  S U M M A R Y ------------

Command Line: org.jetbrains.kotlin.cli.jvm.K2JVMCompiler @C:\Users\a\AndroidStudioProjects\AdminJustEat\app\build\20240308_6582554826173720842.compiler.options

Host: 11th Gen Intel(R) Core(TM) i5-1135G7 @ 2.40GHz, 8 cores, 7G,  Windows 10 , 64 bit Build 19041 (10.0.19041.3636)
Time: Fri Mar  8 23:28:38 2024 India Standard Time elapsed time: 8.109176 seconds (0d 0h 0m 8s)

---------------  T H R E A D  ---------------

Current thread (0x0000028f332884c0):  VMThread "VM Thread" [stack: 0x000000b935400000,0x000000b935500000] [id=3996]

Stack: [0x000000b935400000,0x000000b935500000]
Native frames: (J=compiled Java code, j=interpreted, Vv=VM code, C=native code)
V  [jvm.dll+0x6886e9]
V  [jvm.dll+0x841e4a]
V  [jvm.dll+0x843a8e]
V  [jvm.dll+0x8440f3]
V  [jvm.dll+0x24c14f]
V  [jvm.dll+0x685499]
V  [jvm.dll+0x679c2a]
V  [jvm.dll+0x30cf9b]
V  [jvm.dll+0x314446]
V  [jvm.dll+0x36425e]
V  [jvm.dll+0x36448f]
V  [jvm.dll+0x2e2d68]
V  [jvm.dll+0x2e0f44]
V  [jvm.dll+0x2e054c]
V  [jvm.dll+0x3253fb]
V  [jvm.dll+0x8487eb]
V  [jvm.dll+0x849531]
V  [jvm.dll+0x849a4d]
V  [jvm.dll+0x849e24]
V  [jvm.dll+0x849ef0]
V  [jvm.dll+0x7f06aa]
V  [jvm.dll+0x687565]
C  [ucrtbase.dll+0x21bb2]
C  [KERNEL32.DLL+0x17344]
C  [ntdll.dll+0x526b1]

VM_Operation (0x000000b934efbe80): G1CollectForAllocation, mode: safepoint, requested by thread 0x0000028f1972d880


---------------  P R O C E S S  ---------------

Threads class SMR info:
_java_thread_list=0x0000028f38b4a1c0, length=14, elements={
0x0000028f1972d880, 0x0000028f332a6260, 0x0000028f332a6b30, 0x0000028f33432910,
0x0000028f334331e0, 0x0000028f334340c0, 0x0000028f33436fb0, 0x0000028f33437fc0,
0x0000028f33438980, 0x0000028f3343c790, 0x0000028f335b7a20, 0x0000028f335be860,
0x0000028f336350f0, 0x0000028f38d531d0
}

Java Threads: ( => current thread )
  0x0000028f1972d880 JavaThread "main" [_thread_blocked, id=13852, stack(0x000000b934e00000,0x000000b934f00000)]
  0x0000028f332a6260 JavaThread "Reference Handler" daemon [_thread_blocked, id=14568, stack(0x000000b935500000,0x000000b935600000)]
  0x0000028f332a6b30 JavaThread "Finalizer" daemon [_thread_blocked, id=14260, stack(0x000000b935600000,0x000000b935700000)]
  0x0000028f33432910 JavaThread "Signal Dispatcher" daemon [_thread_blocked, id=11728, stack(0x000000b935700000,0x000000b935800000)]
  0x0000028f334331e0 JavaThread "Attach Listener" daemon [_thread_blocked, id=14792, stack(0x000000b935800000,0x000000b935900000)]
  0x0000028f334340c0 JavaThread "Service Thread" daemon [_thread_blocked, id=2664, stack(0x000000b935900000,0x000000b935a00000)]
  0x0000028f33436fb0 JavaThread "Monitor Deflation Thread" daemon [_thread_blocked, id=13856, stack(0x000000b935a00000,0x000000b935b00000)]
  0x0000028f33437fc0 JavaThread "C2 CompilerThread0" daemon [_thread_blocked, id=1872, stack(0x000000b935b00000,0x000000b935c00000)]
  0x0000028f33438980 JavaThread "C1 CompilerThread0" daemon [_thread_blocked, id=13436, stack(0x000000b935c00000,0x000000b935d00000)]
  0x0000028f3343c790 JavaThread "Sweeper thread" daemon [_thread_blocked, id=7280, stack(0x000000b935d00000,0x000000b935e00000)]
  0x0000028f335b7a20 JavaThread "Notification Thread" daemon [_thread_blocked, id=12728, stack(0x000000b935e00000,0x000000b935f00000)]
  0x0000028f335be860 JavaThread "Common-Cleaner" daemon [_thread_blocked, id=2616, stack(0x000000b936000000,0x000000b936100000)]
  0x0000028f336350f0 JavaThread "C2 CompilerThread1" daemon [_thread_blocked, id=4484, stack(0x000000b936100000,0x000000b936200000)]
  0x0000028f38d531d0 JavaThread "C2 CompilerThread2" daemon [_thread_in_native, id=13172, stack(0x000000b936a00000,0x000000b936b00000)]

Other Threads:
=>0x0000028f332884c0 VMThread "VM Thread" [stack: 0x000000b935400000,0x000000b935500000] [id=3996]
  0x0000028f335b7f00 WatcherThread [stack: 0x000000b935f00000,0x000000b936000000] [id=11604]
  0x0000028f19787760 GCTaskThread "GC Thread#0" [stack: 0x000000b934f00000,0x000000b935000000] [id=2964]
  0x0000028f382f5650 GCTaskThread "GC Thread#1" [stack: 0x000000b936200000,0x000000b936300000] [id=12532]
  0x0000028f383b2c50 GCTaskThread "GC Thread#2" [stack: 0x000000b936300000,0x000000b936400000] [id=6420]
  0x0000028f383b2f10 GCTaskThread "GC Thread#3" [stack: 0x000000b936400000,0x000000b936500000] [id=13108]
  0x0000028f383d2500 GCTaskThread "GC Thread#4" [stack: 0x000000b936500000,0x000000b936600000] [id=4136]
  0x0000028f38b0e020 GCTaskThread "GC Thread#5" [stack: 0x000000b936600000,0x000000b936700000] [id=1924]
  0x0000028f38b19720 GCTaskThread "GC Thread#6" [stack: 0x000000b936700000,0x000000b936800000] [id=15296]
  0x0000028f389e0860 GCTaskThread "GC Thread#7" [stack: 0x000000b936800000,0x000000b936900000] [id=12544]
  0x0000028f19797ac0 ConcurrentGCThread "G1 Main Marker" [stack: 0x000000b935000000,0x000000b935100000] [id=11992]
  0x0000028f197983f0 ConcurrentGCThread "G1 Conc#0" [stack: 0x000000b935100000,0x000000b935200000] [id=8344]
  0x0000028f38a9fc80 ConcurrentGCThread "G1 Conc#1" [stack: 0x000000b936900000,0x000000b936a00000] [id=14148]
  0x0000028f330e24b0 ConcurrentGCThread "G1 Refine#0" [stack: 0x000000b935200000,0x000000b935300000] [id=12004]
  0x0000028f39273810 ConcurrentGCThread "G1 Refine#1" [stack: 0x000000b936b00000,0x000000b936c00000] [id=15420]
  0x0000028f3add65c0 ConcurrentGCThread "G1 Refine#2" [stack: 0x000000b936c00000,0x000000b936d00000] [id=11200]
  0x0000028f38ad4c50 ConcurrentGCThread "G1 Refine#3" [stack: 0x000000b936d00000,0x000000b936e00000] [id=1216]
  0x0000028f38a614a0 ConcurrentGCThread "G1 Refine#4" [stack: 0x000000b936e00000,0x000000b936f00000] [id=5576]
  0x0000028f197edbb0 ConcurrentGCThread "G1 Service" [stack: 0x000000b935300000,0x000000b935400000] [id=11712]

Threads with active compile tasks:
C2 CompilerThread0     8120 12540       4       org.jetbrains.kotlin.ir.visitors.IrElementTransformerVoid::visitGetValue (16 bytes)
C1 CompilerThread0     8120 12536       3       org.jetbrains.kotlin.ir.visitors.IrElementTransformerVoid::visitField (10 bytes)
C2 CompilerThread2     8120 12449       4       org.jetbrains.kotlin.ir.util.TypeTranslator::translateTypeAnnotations (230 bytes)

VM state: at safepoint (normal execution)

VM Mutex/Monitor currently owned by a thread:  ([mutex/lock_event])
[0x0000028f1972ade0] Threads_lock - owner thread: 0x0000028f332884c0
[0x0000028f19729ac0] Heap_lock - owner thread: 0x0000028f1972d880

Heap address: 0x0000000085800000, size: 1960 MB, Compressed Oops mode: 32-bit

CDS archive(s) not mapped
Compressed class space mapped at: 0x0000000100000000-0x0000000140000000, reserved size: 1073741824
Narrow klass base: 0x0000000000000000, Narrow klass shift: 3, Narrow klass range: 0x140000000

GC Precious Log:
 CPUs: 8 total, 8 available
 Memory: 7834M
 Large Page Support: Disabled
 NUMA Support: Disabled
 Compressed Oops: Enabled (32-bit)
 Heap Region Size: 1M
 Heap Min Capacity: 8M
 Heap Initial Capacity: 124M
 Heap Max Capacity: 1960M
 Pre-touch: Disabled
 Parallel Workers: 8
 Concurrent Workers: 2
 Concurrent Refinement Workers: 8
 Periodic GC: Disabled

Heap:
 garbage-first heap   total 133120K, used 79512K [0x0000000085800000, 0x0000000100000000)
  region size 1024K, 2 young (2048K), 2 survivors (2048K)
 Metaspace       used 81147K, committed 81472K, reserved 1179648K
  class space    used 9182K, committed 9344K, reserved 1048576K

Heap Regions: E=young(eden), S=young(survivor), O=old, HS=humongous(starts), HC=humongous(continues), CS=collection set, F=free, OA=open archive, CA=closed archive, TAMS=top-at-mark-start (previous, next)
|   0|0x0000000085800000, 0x0000000085900000, 0x0000000085900000|100%|HS|  |TAMS 0x0000000085900000, 0x0000000085900000| Complete 
|   1|0x0000000085900000, 0x0000000085a00000, 0x0000000085a00000|100%|HC|  |TAMS 0x0000000085a00000, 0x0000000085a00000| Complete 
|   2|0x0000000085a00000, 0x0000000085b00000, 0x0000000085b00000|100%|HC|  |TAMS 0x0000000085b00000, 0x0000000085b00000| Complete 
|   3|0x0000000085b00000, 0x0000000085c00000, 0x0000000085c00000|100%|HC|  |TAMS 0x0000000085c00000, 0x0000000085c00000| Complete 
|   4|0x0000000085c00000, 0x0000000085d00000, 0x0000000085d00000|100%| O|  |TAMS 0x0000000085d00000, 0x0000000085d00000| Untracked 
|   5|0x0000000085d00000, 0x0000000085e00000, 0x0000000085e00000|100%| O|  |TAMS 0x0000000085e00000, 0x0000000085e00000| Untracked 
|   6|0x0000000085e00000, 0x0000000085f00000, 0x0000000085f00000|100%| O|  |TAMS 0x0000000085f00000, 0x0000000085f00000| Untracked 
|   7|0x0000000085f00000, 0x0000000086000000, 0x0000000086000000|100%|HS|  |TAMS 0x0000000086000000, 0x0000000086000000| Complete 
|   8|0x0000000086000000, 0x0000000086100000, 0x0000000086100000|100%|HC|  |TAMS 0x0000000086100000, 0x0000000086100000| Complete 
|   9|0x0000000086100000, 0x0000000086200000, 0x0000000086200000|100%|HC|  |TAMS 0x0000000086200000, 0x0000000086200000| Complete 
|  10|0x0000000086200000, 0x0000000086300000, 0x0000000086300000|100%|HC|  |TAMS 0x0000000086300000, 0x0000000086300000| Complete 
|  11|0x0000000086300000, 0x0000000086400000, 0x0000000086400000|100%|HS|  |TAMS 0x0000000086400000, 0x0000000086400000| Complete 
|  12|0x0000000086400000, 0x0000000086500000, 0x0000000086500000|100%|HC|  |TAMS 0x0000000086500000, 0x0000000086500000| Complete 
|  13|0x0000000086500000, 0x0000000086600000, 0x0000000086600000|100%| O|  |TAMS 0x0000000086600000, 0x0000000086600000| Untracked 
|  14|0x0000000086600000, 0x0000000086700000, 0x0000000086700000|100%| O|  |TAMS 0x0000000086700000, 0x0000000086700000| Untracked 
|  15|0x0000000086700000, 0x0000000086800000, 0x0000000086800000|100%| O|  |TAMS 0x0000000086800000, 0x0000000086800000| Untracked 
|  16|0x0000000086800000, 0x0000000086900000, 0x0000000086900000|100%| O|  |TAMS 0x0000000086900000, 0x0000000086900000| Untracked 
|  17|0x0000000086900000, 0x0000000086a00000, 0x0000000086a00000|100%| O|  |TAMS 0x0000000086a00000, 0x0000000086a00000| Untracked 
|  18|0x0000000086a00000, 0x0000000086b00000, 0x0000000086b00000|100%| O|  |TAMS 0x0000000086b00000, 0x0000000086b00000| Untracked 
|  19|0x0000000086b00000, 0x0000000086c00000, 0x0000000086c00000|100%| O|  |TAMS 0x0000000086c00000, 0x0000000086c00000| Untracked 
|  20|0x0000000086c00000, 0x0000000086d00000, 0x0000000086d00000|100%| O|  |TAMS 0x0000000086d00000, 0x0000000086d00000| Untracked 
|  21|0x0000000086d00000, 0x0000000086e00000, 0x0000000086e00000|100%| O|  |TAMS 0x0000000086e00000, 0x0000000086e00000| Untracked 
|  22|0x0000000086e00000, 0x0000000086f00000, 0x0000000086f00000|100%| O|  |TAMS 0x0000000086f00000, 0x0000000086f00000| Untracked 
|  23|0x0000000086f00000, 0x0000000087000000, 0x0000000087000000|100%| O|  |TAMS 0x0000000087000000, 0x0000000087000000| Untracked 
|  24|0x0000000087000000, 0x0000000087100000, 0x0000000087100000|100%| O|  |TAMS 0x0000000087100000, 0x0000000087100000| Untracked 
|  25|0x0000000087100000, 0x0000000087200000, 0x0000000087200000|100%| O|  |TAMS 0x0000000087200000, 0x0000000087200000| Untracked 
|  26|0x0000000087200000, 0x0000000087300000, 0x0000000087300000|100%| O|  |TAMS 0x0000000087300000, 0x0000000087300000| Untracked 
|  27|0x0000000087300000, 0x0000000087400000, 0x0000000087400000|100%| O|  |TAMS 0x0000000087400000, 0x0000000087400000| Untracked 
|  28|0x0000000087400000, 0x0000000087500000, 0x0000000087500000|100%| O|  |TAMS 0x0000000087500000, 0x0000000087500000| Untracked 
|  29|0x0000000087500000, 0x0000000087600000, 0x0000000087600000|100%| O|  |TAMS 0x0000000087600000, 0x0000000087600000| Untracked 
|  30|0x0000000087600000, 0x0000000087700000, 0x0000000087700000|100%| O|  |TAMS 0x0000000087700000, 0x0000000087700000| Untracked 
|  31|0x0000000087700000, 0x0000000087800000, 0x0000000087800000|100%| O|  |TAMS 0x0000000087800000, 0x0000000087800000| Untracked 
|  32|0x0000000087800000, 0x0000000087900000, 0x0000000087900000|100%| O|  |TAMS 0x0000000087900000, 0x0000000087900000| Untracked 
|  33|0x0000000087900000, 0x0000000087a00000, 0x0000000087a00000|100%| O|  |TAMS 0x0000000087a00000, 0x0000000087a00000| Untracked 
|  34|0x0000000087a00000, 0x0000000087b00000, 0x0000000087b00000|100%| O|  |TAMS 0x0000000087b00000, 0x0000000087b00000| Untracked 
|  35|0x0000000087b00000, 0x0000000087c00000, 0x0000000087c00000|100%| O|  |TAMS 0x0000000087c00000, 0x0000000087c00000| Untracked 
|  36|0x0000000087c00000, 0x0000000087d00000, 0x0000000087d00000|100%| O|  |TAMS 0x0000000087d00000, 0x0000000087d00000| Untracked 
|  37|0x0000000087d00000, 0x0000000087e00000, 0x0000000087e00000|100%| O|  |TAMS 0x0000000087e00000, 0x0000000087e00000| Untracked 
|  38|0x0000000087e00000, 0x0000000087f00000, 0x0000000087f00000|100%| O|  |TAMS 0x0000000087f00000, 0x0000000087f00000| Untracked 
|  39|0x0000000087f00000, 0x0000000088000000, 0x0000000088000000|100%| O|  |TAMS 0x0000000088000000, 0x0000000088000000| Untracked 
|  40|0x0000000088000000, 0x0000000088100000, 0x0000000088100000|100%| O|  |TAMS 0x0000000088100000, 0x0000000088100000| Untracked 
|  41|0x0000000088100000, 0x0000000088200000, 0x0000000088200000|100%| O|  |TAMS 0x0000000088200000, 0x0000000088200000| Untracked 
|  42|0x0000000088200000, 0x0000000088300000, 0x0000000088300000|100%| O|  |TAMS 0x0000000088300000, 0x0000000088300000| Untracked 
|  43|0x0000000088300000, 0x0000000088400000, 0x0000000088400000|100%| O|  |TAMS 0x0000000088400000, 0x0000000088400000| Untracked 
|  44|0x0000000088400000, 0x0000000088500000, 0x0000000088500000|100%| O|  |TAMS 0x0000000088500000, 0x0000000088500000| Untracked 
|  45|0x0000000088500000, 0x0000000088600000, 0x0000000088600000|100%| O|  |TAMS 0x0000000088600000, 0x0000000088600000| Untracked 
|  46|0x0000000088600000, 0x0000000088700000, 0x0000000088700000|100%| O|  |TAMS 0x0000000088700000, 0x0000000088700000| Untracked 
|  47|0x0000000088700000, 0x0000000088800000, 0x0000000088800000|100%| O|  |TAMS 0x0000000088800000, 0x0000000088800000| Untracked 
|  48|0x0000000088800000, 0x0000000088800000, 0x0000000088900000|  0%| F|  |TAMS 0x0000000088800000, 0x0000000088800000| Untracked 
|  49|0x0000000088900000, 0x0000000088a00000, 0x0000000088a00000|100%| O|  |TAMS 0x0000000088a00000, 0x0000000088a00000| Untracked 
|  50|0x0000000088a00000, 0x0000000088b00000, 0x0000000088b00000|100%| O|  |TAMS 0x0000000088b00000, 0x0000000088b00000| Untracked 
|  51|0x0000000088b00000, 0x0000000088c00000, 0x0000000088c00000|100%| O|  |TAMS 0x0000000088c00000, 0x0000000088c00000| Untracked 
|  52|0x0000000088c00000, 0x0000000088d00000, 0x0000000088d00000|100%| O|  |TAMS 0x0000000088d00000, 0x0000000088d00000| Untracked 
|  53|0x0000000088d00000, 0x0000000088e00000, 0x0000000088e00000|100%| O|  |TAMS 0x0000000088e00000, 0x0000000088e00000| Untracked 
|  54|0x0000000088e00000, 0x0000000088f00000, 0x0000000088f00000|100%| O|  |TAMS 0x0000000088f00000, 0x0000000088f00000| Untracked 
|  55|0x0000000088f00000, 0x0000000089000000, 0x0000000089000000|100%| O|  |TAMS 0x0000000089000000, 0x0000000089000000| Untracked 
|  56|0x0000000089000000, 0x0000000089100000, 0x0000000089100000|100%| O|  |TAMS 0x0000000089100000, 0x0000000089100000| Untracked 
|  57|0x0000000089100000, 0x0000000089200000, 0x0000000089200000|100%| O|  |TAMS 0x0000000089200000, 0x0000000089200000| Untracked 
|  58|0x0000000089200000, 0x0000000089300000, 0x0000000089300000|100%| O|  |TAMS 0x0000000089300000, 0x0000000089300000| Untracked 
|  59|0x0000000089300000, 0x0000000089400000, 0x0000000089400000|100%| O|  |TAMS 0x0000000089400000, 0x0000000089400000| Untracked 
|  60|0x0000000089400000, 0x0000000089500000, 0x0000000089500000|100%| O|  |TAMS 0x0000000089451c08, 0x0000000089500000| Untracked 
|  61|0x0000000089500000, 0x0000000089600000, 0x0000000089600000|100%| O|  |TAMS 0x0000000089500000, 0x0000000089600000| Untracked 
|  62|0x0000000089600000, 0x0000000089700000, 0x0000000089700000|100%| O|  |TAMS 0x0000000089600000, 0x0000000089700000| Untracked 
|  63|0x0000000089700000, 0x0000000089800000, 0x0000000089800000|100%| O|  |TAMS 0x0000000089700000, 0x0000000089800000| Untracked 
|  64|0x0000000089800000, 0x0000000089900000, 0x0000000089900000|100%| O|  |TAMS 0x0000000089800000, 0x0000000089900000| Untracked 
|  65|0x0000000089900000, 0x0000000089a00000, 0x0000000089a00000|100%| O|  |TAMS 0x0000000089900000, 0x0000000089a00000| Untracked 
|  66|0x0000000089a00000, 0x0000000089b00000, 0x0000000089b00000|100%| O|  |TAMS 0x0000000089a00000, 0x0000000089b00000| Untracked 
|  67|0x0000000089b00000, 0x0000000089c00000, 0x0000000089c00000|100%| O|  |TAMS 0x0000000089b00000, 0x0000000089c00000| Untracked 
|  68|0x0000000089c00000, 0x0000000089d00000, 0x0000000089d00000|100%| O|  |TAMS 0x0000000089c00000, 0x0000000089d00000| Untracked 
|  69|0x0000000089d00000, 0x0000000089e00000, 0x0000000089e00000|100%| O|  |TAMS 0x0000000089d00000, 0x0000000089e00000| Untracked 
|  70|0x0000000089e00000, 0x0000000089f00000, 0x0000000089f00000|100%| O|  |TAMS 0x0000000089e00000, 0x0000000089f00000| Untracked 
|  71|0x0000000089f00000, 0x000000008a000000, 0x000000008a000000|100%| O|  |TAMS 0x0000000089f00000, 0x000000008a000000| Untracked 
|  72|0x000000008a000000, 0x000000008a100000, 0x000000008a100000|100%| O|  |TAMS 0x000000008a000000, 0x000000008a100000| Untracked 
|  73|0x000000008a100000, 0x000000008a200000, 0x000000008a200000|100%| O|  |TAMS 0x000000008a100000, 0x000000008a200000| Untracked 
|  74|0x000000008a200000, 0x000000008a300000, 0x000000008a300000|100%| O|  |TAMS 0x000000008a200000, 0x000000008a300000| Untracked 
|  75|0x000000008a300000, 0x000000008a400000, 0x000000008a400000|100%| O|  |TAMS 0x000000008a300000, 0x000000008a400000| Untracked 
|  76|0x000000008a400000, 0x000000008a4a7600, 0x000000008a500000| 65%| O|  |TAMS 0x000000008a400000, 0x000000008a4a7600| Untracked 
|  77|0x000000008a500000, 0x000000008a500000, 0x000000008a600000|  0%| F|  |TAMS 0x000000008a500000, 0x000000008a500000| Untracked 
|  78|0x000000008a600000, 0x000000008a600000, 0x000000008a700000|  0%| F|  |TAMS 0x000000008a600000, 0x000000008a600000| Untracked 
|  79|0x000000008a700000, 0x000000008a700000, 0x000000008a800000|  0%| F|  |TAMS 0x000000008a700000, 0x000000008a700000| Untracked 
|  80|0x000000008a800000, 0x000000008a800000, 0x000000008a900000|  0%| F|  |TAMS 0x000000008a800000, 0x000000008a800000| Untracked 
|  81|0x000000008a900000, 0x000000008a900000, 0x000000008aa00000|  0%| F|  |TAMS 0x000000008a900000, 0x000000008a900000| Untracked 
|  82|0x000000008aa00000, 0x000000008aa00000, 0x000000008ab00000|  0%| F|  |TAMS 0x000000008aa00000, 0x000000008aa00000| Untracked 
|  83|0x000000008ab00000, 0x000000008ab00000, 0x000000008ac00000|  0%| F|  |TAMS 0x000000008ab00000, 0x000000008ab00000| Untracked 
|  84|0x000000008ac00000, 0x000000008ac00000, 0x000000008ad00000|  0%| F|  |TAMS 0x000000008ac00000, 0x000000008ac00000| Untracked 
|  85|0x000000008ad00000, 0x000000008ad00000, 0x000000008ae00000|  0%| F|  |TAMS 0x000000008ad00000, 0x000000008ad00000| Untracked 
|  86|0x000000008ae00000, 0x000000008ae00000, 0x000000008af00000|  0%| F|  |TAMS 0x000000008ae00000, 0x000000008ae00000| Untracked 
|  87|0x000000008af00000, 0x000000008af00000, 0x000000008b000000|  0%| F|  |TAMS 0x000000008af00000, 0x000000008af00000| Untracked 
|  88|0x000000008b000000, 0x000000008b000000, 0x000000008b100000|  0%| F|  |TAMS 0x000000008b000000, 0x000000008b000000| Untracked 
|  89|0x000000008b100000, 0x000000008b100000, 0x000000008b200000|  0%| F|  |TAMS 0x000000008b100000, 0x000000008b100000| Untracked 
|  90|0x000000008b200000, 0x000000008b200000, 0x000000008b300000|  0%| F|  |TAMS 0x000000008b200000, 0x000000008b200000| Untracked 
|  91|0x000000008b300000, 0x000000008b300000, 0x000000008b400000|  0%| F|  |TAMS 0x000000008b300000, 0x000000008b300000| Untracked 
|  92|0x000000008b400000, 0x000000008b400000, 0x000000008b500000|  0%| F|  |TAMS 0x000000008b400000, 0x000000008b400000| Untracked 
|  93|0x000000008b500000, 0x000000008b500000, 0x000000008b600000|  0%| F|  |TAMS 0x000000008b500000, 0x000000008b500000| Untracked 
|  94|0x000000008b600000, 0x000000008b600000, 0x000000008b700000|  0%| F|  |TAMS 0x000000008b600000, 0x000000008b600000| Untracked 
|  95|0x000000008b700000, 0x000000008b700000, 0x000000008b800000|  0%| F|  |TAMS 0x000000008b700000, 0x000000008b700000| Untracked 
|  96|0x000000008b800000, 0x000000008b800000, 0x000000008b900000|  0%| F|  |TAMS 0x000000008b800000, 0x000000008b800000| Untracked 
|  97|0x000000008b900000, 0x000000008b900000, 0x000000008ba00000|  0%| F|  |TAMS 0x000000008b900000, 0x000000008b900000| Untracked 
|  98|0x000000008ba00000, 0x000000008ba00000, 0x000000008bb00000|  0%| F|  |TAMS 0x000000008ba00000, 0x000000008ba00000| Untracked 
|  99|0x000000008bb00000, 0x000000008bb00000, 0x000000008bc00000|  0%| F|  |TAMS 0x000000008bb00000, 0x000000008bb00000| Untracked 
| 100|0x000000008bc00000, 0x000000008bcfebf0, 0x000000008bd00000| 99%| S|CS|TAMS 0x000000008bc00000, 0x000000008bc00000| Complete 
| 101|0x000000008bd00000, 0x000000008be00000, 0x000000008be00000|100%| S|CS|TAMS 0x000000008bd00000, 0x000000008bd00000| Complete 
| 102|0x000000008be00000, 0x000000008be00000, 0x000000008bf00000|  0%| F|  |TAMS 0x000000008be00000, 0x000000008be00000| Untracked 
| 103|0x000000008bf00000, 0x000000008bf00000, 0x000000008c000000|  0%| F|  |TAMS 0x000000008bf00000, 0x000000008bf00000| Untracked 
| 104|0x000000008c000000, 0x000000008c000000, 0x000000008c100000|  0%| F|  |TAMS 0x000000008c000000, 0x000000008c000000| Untracked 
| 105|0x000000008c100000, 0x000000008c100000, 0x000000008c200000|  0%| F|  |TAMS 0x000000008c100000, 0x000000008c100000| Untracked 
| 106|0x000000008c200000, 0x000000008c200000, 0x000000008c300000|  0%| F|  |TAMS 0x000000008c200000, 0x000000008c200000| Untracked 
| 107|0x000000008c300000, 0x000000008c300000, 0x000000008c400000|  0%| F|  |TAMS 0x000000008c300000, 0x000000008c300000| Untracked 
| 108|0x000000008c400000, 0x000000008c400000, 0x000000008c500000|  0%| F|  |TAMS 0x000000008c400000, 0x000000008c400000| Untracked 
| 109|0x000000008c500000, 0x000000008c500000, 0x000000008c600000|  0%| F|  |TAMS 0x000000008c500000, 0x000000008c500000| Untracked 
| 110|0x000000008c600000, 0x000000008c600000, 0x000000008c700000|  0%| F|  |TAMS 0x000000008c600000, 0x000000008c600000| Untracked 
| 111|0x000000008c700000, 0x000000008c700000, 0x000000008c800000|  0%| F|  |TAMS 0x000000008c700000, 0x000000008c700000| Untracked 
| 112|0x000000008c800000, 0x000000008c800000, 0x000000008c900000|  0%| F|  |TAMS 0x000000008c800000, 0x000000008c800000| Untracked 
| 113|0x000000008c900000, 0x000000008c900000, 0x000000008ca00000|  0%| F|  |TAMS 0x000000008c900000, 0x000000008c900000| Untracked 
| 114|0x000000008ca00000, 0x000000008ca00000, 0x000000008cb00000|  0%| F|  |TAMS 0x000000008ca00000, 0x000000008ca00000| Untracked 
| 115|0x000000008cb00000, 0x000000008cb00000, 0x000000008cc00000|  0%| F|  |TAMS 0x000000008cb00000, 0x000000008cb00000| Untracked 
| 116|0x000000008cc00000, 0x000000008cc00000, 0x000000008cd00000|  0%| F|  |TAMS 0x000000008cc00000, 0x000000008cc00000| Untracked 
| 117|0x000000008cd00000, 0x000000008cd00000, 0x000000008ce00000|  0%| F|  |TAMS 0x000000008cd00000, 0x000000008cd00000| Untracked 
| 118|0x000000008ce00000, 0x000000008ce00000, 0x000000008cf00000|  0%| F|  |TAMS 0x000000008ce00000, 0x000000008ce00000| Untracked 
| 119|0x000000008cf00000, 0x000000008cf00000, 0x000000008d000000|  0%| F|  |TAMS 0x000000008cf00000, 0x000000008cf00000| Untracked 
| 120|0x000000008d000000, 0x000000008d000000, 0x000000008d100000|  0%| F|  |TAMS 0x000000008d000000, 0x000000008d000000| Untracked 
| 121|0x000000008d100000, 0x000000008d100000, 0x000000008d200000|  0%| F|  |TAMS 0x000000008d100000, 0x000000008d100000| Untracked 
| 122|0x000000008d200000, 0x000000008d200000, 0x000000008d300000|  0%| F|  |TAMS 0x000000008d200000, 0x000000008d200000| Untracked 
| 123|0x000000008d300000, 0x000000008d300000, 0x000000008d400000|  0%| F|  |TAMS 0x000000008d300000, 0x000000008d300000| Untracked 
| 124|0x000000008d400000, 0x000000008d400000, 0x000000008d500000|  0%| F|  |TAMS 0x000000008d400000, 0x000000008d400000| Untracked 
| 125|0x000000008d500000, 0x000000008d500000, 0x000000008d600000|  0%| F|  |TAMS 0x000000008d500000, 0x000000008d500000| Untracked 
| 126|0x000000008d600000, 0x000000008d600000, 0x000000008d700000|  0%| F|  |TAMS 0x000000008d600000, 0x000000008d600000| Untracked 
| 127|0x000000008d700000, 0x000000008d700000, 0x000000008d800000|  0%| F|  |TAMS 0x000000008d700000, 0x000000008d700000| Untracked 
| 128|0x000000008d800000, 0x000000008d800000, 0x000000008d900000|  0%| F|  |TAMS 0x000000008d800000, 0x000000008d800000| Untracked 
| 129|0x000000008d900000, 0x000000008d900000, 0x000000008da00000|  0%| F|  |TAMS 0x000000008d900000, 0x000000008d900000| Untracked 

Card table byte_map: [0x0000028f2c330000,0x0000028f2c710000] _byte_map_base: 0x0000028f2bf04000

Marking Bits (Prev, Next): (CMBitMap*) 0x0000028f19787c90, (CMBitMap*) 0x0000028f19787cd0
 Prev Bits: [0x0000028f2caf0000, 0x0000028f2e990000)
 Next Bits: [0x0000028f2e990000, 0x0000028f30830000)

Polling page: 0x0000028f18ef0000

Metaspace:

Usage:
  Non-class:     70.28 MB used.
      Class:      8.97 MB used.
       Both:     79.25 MB used.

Virtual space:
  Non-class space:      128.00 MB reserved,      70.44 MB ( 55%) committed,  2 nodes.
      Class space:        1.00 GB reserved,       9.12 MB ( <1%) committed,  1 nodes.
             Both:        1.12 GB reserved,      79.56 MB (  7%) committed. 

Chunk freelists:
   Non-Class:  9.14 MB
       Class:  6.86 MB
        Both:  16.00 MB

MaxMetaspaceSize: unlimited
CompressedClassSpaceSize: 1.00 GB
Initial GC threshold: 21.00 MB
Current GC threshold: 121.38 MB
CDS: off
MetaspaceReclaimPolicy: balanced
 - commit_granule_bytes: 65536.
 - commit_granule_words: 8192.
 - virtual_space_node_default_size: 8388608.
 - enlarge_chunks_in_place: 1.
 - new_chunks_are_fully_committed: 0.
 - uncommit_free_chunks: 1.
 - use_allocation_guard: 0.
 - handle_deallocations: 1.


Internal statistics:

num_allocs_failed_limit: 6.
num_arena_births: 360.
num_arena_deaths: 0.
num_vsnodes_births: 3.
num_vsnodes_deaths: 0.
num_space_committed: 1271.
num_space_uncommitted: 0.
num_chunks_returned_to_freelist: 6.
num_chunks_taken_from_freelist: 2940.
num_chunk_merges: 6.
num_chunk_splits: 2373.
num_chunks_enlarged: 2102.
num_inconsistent_stats: 0.

CodeHeap 'non-profiled nmethods': size=120000Kb used=6125Kb max_used=6125Kb free=113874Kb
 bounds [0x0000028f246e0000, 0x0000028f24ce0000, 0x0000028f2bc10000]
CodeHeap 'profiled nmethods': size=120000Kb used=29747Kb max_used=29747Kb free=90252Kb
 bounds [0x0000028f1cc10000, 0x0000028f1e930000, 0x0000028f24140000]
CodeHeap 'non-nmethods': size=5760Kb used=1410Kb max_used=1465Kb free=4349Kb
 bounds [0x0000028f24140000, 0x0000028f243b0000, 0x0000028f246e0000]
 total_blobs=11215 nmethods=10482 adapters=642
 compilation: enabled
              stopped_count=0, restarted_count=0
 full_count=0

Compilation events (20 events):
Event: 8.088 Thread 0x0000028f33438980 12524       1       org.jetbrains.kotlin.backend.common.BodyLoweringVisitor::access$getLoweringPass$p (5 bytes)
Event: 8.088 Thread 0x0000028f33438980 nmethod 12524 0x0000028f24cdac90 code [0x0000028f24cdae20, 0x0000028f24cdaed8]
Event: 8.088 Thread 0x0000028f33438980 12529       3       org.jetbrains.kotlin.backend.common.ClassLoweringVisitor::visitMemberAccess (6 bytes)
Event: 8.088 Thread 0x0000028f33438980 nmethod 12529 0x0000028f1e91aa90 code [0x0000028f1e91ad80, 0x0000028f1e91bac8]
Event: 8.088 Thread 0x0000028f33438980 12528       3       org.jetbrains.kotlin.ir.visitors.IrElementTransformerVoid::visitContainerExpression (16 bytes)
Event: 8.089 Thread 0x0000028f33438980 nmethod 12528 0x0000028f1e91bf90 code [0x0000028f1e91c1a0, 0x0000028f1e91c808]
Event: 8.089 Thread 0x0000028f33438980 12530       3       org.jetbrains.kotlin.backend.common.ClassLoweringVisitor::visitFunctionAccess (6 bytes)
Event: 8.089 Thread 0x0000028f33438980 nmethod 12530 0x0000028f1e91ca90 code [0x0000028f1e91cd60, 0x0000028f1e91d9d8]
Event: 8.089 Thread 0x0000028f33438980 12531       3       org.jetbrains.kotlin.ir.visitors.IrElementTransformerVoid::visitExpressionBody (10 bytes)
Event: 8.089 Thread 0x0000028f33438980 nmethod 12531 0x0000028f1e91de90 code [0x0000028f1e91e0c0, 0x0000028f1e91e888]
Event: 8.089 Thread 0x0000028f33438980 12532       3       org.jetbrains.kotlin.ir.visitors.IrElementTransformerVoid::visitExpressionBody (13 bytes)
Event: 8.090 Thread 0x0000028f33438980 nmethod 12532 0x0000028f1e91eb10 code [0x0000028f1e91ed20, 0x0000028f1e91f388]
Event: 8.090 Thread 0x0000028f33438980 12533       3       org.jetbrains.kotlin.ir.visitors.IrElementTransformerVoid::visitExpressionBody (16 bytes)
Event: 8.090 Thread 0x0000028f336350f0 12534       4       org.jetbrains.kotlin.ir.visitors.IrElementTransformerVoid::visitGetValue (10 bytes)
Event: 8.090 Thread 0x0000028f33438980 nmethod 12533 0x0000028f1e91f610 code [0x0000028f1e91f820, 0x0000028f1e91fe88]
Event: 8.090 Thread 0x0000028f336350f0 nmethod 12534 0x0000028f24cdaf90 code [0x0000028f24cdb120, 0x0000028f24cdb1f8]
Event: 8.095 Thread 0x0000028f33437fc0 12535       4       org.jetbrains.kotlin.ir.visitors.IrElementTransformerVoidKt::transformChildrenVoid (24 bytes)
Event: 8.095 Thread 0x0000028f33437fc0 nmethod 12535 0x0000028f24cdb310 code [0x0000028f24cdb480, 0x0000028f24cdb538]
Event: 8.096 Thread 0x0000028f33438980 12536       3       org.jetbrains.kotlin.ir.visitors.IrElementTransformerVoid::visitField (10 bytes)
Event: 8.096 Thread 0x0000028f33437fc0 12540       4       org.jetbrains.kotlin.ir.visitors.IrElementTransformerVoid::visitGetValue (16 bytes)

GC Heap History (20 events):
Event: 2.889 GC heap after
{Heap after GC invocations=13 (full 0):
 garbage-first heap   total 97280K, used 38384K [0x0000000085800000, 0x0000000100000000)
  region size 1024K, 3 young (3072K), 3 survivors (3072K)
 Metaspace       used 53369K, committed 53632K, reserved 1114112K
  class space    used 6406K, committed 6528K, reserved 1048576K
}
Event: 3.436 GC heap before
{Heap before GC invocations=13 (full 0):
 garbage-first heap   total 97280K, used 71152K [0x0000000085800000, 0x0000000100000000)
  region size 1024K, 35 young (35840K), 3 survivors (3072K)
 Metaspace       used 57156K, committed 57408K, reserved 1114112K
  class space    used 6734K, committed 6848K, reserved 1048576K
}
Event: 3.451 GC heap after
{Heap after GC invocations=14 (full 0):
 garbage-first heap   total 97280K, used 44308K [0x0000000085800000, 0x0000000100000000)
  region size 1024K, 5 young (5120K), 5 survivors (5120K)
 Metaspace       used 57156K, committed 57408K, reserved 1114112K
  class space    used 6734K, committed 6848K, reserved 1048576K
}
Event: 3.756 GC heap before
{Heap before GC invocations=14 (full 0):
 garbage-first heap   total 97280K, used 71956K [0x0000000085800000, 0x0000000100000000)
  region size 1024K, 32 young (32768K), 5 survivors (5120K)
 Metaspace       used 57696K, committed 57984K, reserved 1114112K
  class space    used 6760K, committed 6912K, reserved 1048576K
}
Event: 3.776 GC heap after
{Heap after GC invocations=15 (full 0):
 garbage-first heap   total 97280K, used 49471K [0x0000000085800000, 0x0000000100000000)
  region size 1024K, 4 young (4096K), 4 survivors (4096K)
 Metaspace       used 57696K, committed 57984K, reserved 1114112K
  class space    used 6760K, committed 6912K, reserved 1048576K
}
Event: 3.911 GC heap before
{Heap before GC invocations=15 (full 0):
 garbage-first heap   total 97280K, used 74047K [0x0000000085800000, 0x0000000100000000)
  region size 1024K, 28 young (28672K), 4 survivors (4096K)
 Metaspace       used 58032K, committed 58304K, reserved 1114112K
  class space    used 6785K, committed 6912K, reserved 1048576K
}
Event: 3.930 GC heap after
{Heap after GC invocations=16 (full 0):
 garbage-first heap   total 133120K, used 53649K [0x0000000085800000, 0x0000000100000000)
  region size 1024K, 4 young (4096K), 4 survivors (4096K)
 Metaspace       used 58032K, committed 58304K, reserved 1114112K
  class space    used 6785K, committed 6912K, reserved 1048576K
}
Event: 4.072 GC heap before
{Heap before GC invocations=17 (full 0):
 garbage-first heap   total 133120K, used 96657K [0x0000000085800000, 0x0000000100000000)
  region size 1024K, 46 young (47104K), 4 survivors (4096K)
 Metaspace       used 58426K, committed 58752K, reserved 1114112K
  class space    used 6867K, committed 7040K, reserved 1048576K
}
Event: 4.075 GC heap after
{Heap after GC invocations=18 (full 0):
 garbage-first heap   total 133120K, used 54534K [0x0000000085800000, 0x0000000100000000)
  region size 1024K, 1 young (1024K), 1 survivors (1024K)
 Metaspace       used 58426K, committed 58752K, reserved 1114112K
  class space    used 6867K, committed 7040K, reserved 1048576K
}
Event: 5.454 GC heap before
{Heap before GC invocations=18 (full 0):
 garbage-first heap   total 133120K, used 105734K [0x0000000085800000, 0x0000000100000000)
  region size 1024K, 51 young (52224K), 1 survivors (1024K)
 Metaspace       used 65423K, committed 65728K, reserved 1114112K
  class space    used 7645K, committed 7808K, reserved 1048576K
}
Event: 5.462 GC heap after
{Heap after GC invocations=19 (full 0):
 garbage-first heap   total 133120K, used 61676K [0x0000000085800000, 0x0000000100000000)
  region size 1024K, 7 young (7168K), 7 survivors (7168K)
 Metaspace       used 65423K, committed 65728K, reserved 1114112K
  class space    used 7645K, committed 7808K, reserved 1048576K
}
Event: 6.625 GC heap before
{Heap before GC invocations=19 (full 0):
 garbage-first heap   total 133120K, used 103660K [0x0000000085800000, 0x0000000100000000)
  region size 1024K, 48 young (49152K), 7 survivors (7168K)
 Metaspace       used 67919K, committed 68224K, reserved 1114112K
  class space    used 7764K, committed 7936K, reserved 1048576K
}
Event: 6.637 GC heap after
{Heap after GC invocations=20 (full 0):
 garbage-first heap   total 133120K, used 67253K [0x0000000085800000, 0x0000000100000000)
  region size 1024K, 6 young (6144K), 6 survivors (6144K)
 Metaspace       used 67919K, committed 68224K, reserved 1114112K
  class space    used 7764K, committed 7936K, reserved 1048576K
}
Event: 7.202 GC heap before
{Heap before GC invocations=20 (full 0):
 garbage-first heap   total 133120K, used 104117K [0x0000000085800000, 0x0000000100000000)
  region size 1024K, 42 young (43008K), 6 survivors (6144K)
 Metaspace       used 74156K, committed 74432K, reserved 1179648K
  class space    used 8396K, committed 8512K, reserved 1048576K
}
Event: 7.212 GC heap after
{Heap after GC invocations=21 (full 0):
 garbage-first heap   total 133120K, used 70692K [0x0000000085800000, 0x0000000100000000)
  region size 1024K, 4 young (4096K), 4 survivors (4096K)
 Metaspace       used 74156K, committed 74432K, reserved 1179648K
  class space    used 8396K, committed 8512K, reserved 1048576K
}
Event: 7.654 GC heap before
{Heap before GC invocations=22 (full 0):
 garbage-first heap   total 133120K, used 106532K [0x0000000085800000, 0x0000000100000000)
  region size 1024K, 39 young (39936K), 4 survivors (4096K)
 Metaspace       used 75739K, committed 76032K, reserved 1179648K
  class space    used 8578K, committed 8704K, reserved 1048576K
}
Event: 7.667 GC heap after
{Heap after GC invocations=23 (full 0):
 garbage-first heap   total 133120K, used 77824K [0x0000000085800000, 0x0000000100000000)
  region size 1024K, 5 young (5120K), 5 survivors (5120K)
 Metaspace       used 75739K, committed 76032K, reserved 1179648K
  class space    used 8578K, committed 8704K, reserved 1048576K
}
Event: 7.682 GC heap before
{Heap before GC invocations=23 (full 0):
 garbage-first heap   total 133120K, used 77824K [0x0000000085800000, 0x0000000100000000)
  region size 1024K, 6 young (6144K), 5 survivors (5120K)
 Metaspace       used 76026K, committed 76288K, reserved 1179648K
  class space    used 8598K, committed 8704K, reserved 1048576K
}
Event: 7.692 GC heap after
{Heap after GC invocations=24 (full 0):
 garbage-first heap   total 133120K, used 78410K [0x0000000085800000, 0x0000000100000000)
  region size 1024K, 1 young (1024K), 1 survivors (1024K)
 Metaspace       used 76026K, committed 76288K, reserved 1179648K
  class space    used 8598K, committed 8704K, reserved 1048576K
}
Event: 8.097 GC heap before
{Heap before GC invocations=24 (full 0):
 garbage-first heap   total 133120K, used 106058K [0x0000000085800000, 0x0000000100000000)
  region size 1024K, 28 young (28672K), 1 survivors (1024K)
 Metaspace       used 81147K, committed 81472K, reserved 1179648K
  class space    used 9182K, committed 9344K, reserved 1048576K
}

Dll operation events (2 events):
Event: 0.004 Loaded shared library C:\Program Files\Android\Android Studio1\jbr\bin\java.dll
Event: 0.706 Loaded shared library C:\Program Files\Android\Android Studio1\jbr\bin\verify.dll

Deoptimization events (20 events):
Event: 8.081 Thread 0x0000028f1972d880 Uncommon trap: trap_request=0xffffffde fr.pc=0x0000028f24834e68 relative=0x00000000000006a8
Event: 8.081 Thread 0x0000028f1972d880 Uncommon trap: reason=class_check action=maybe_recompile pc=0x0000028f24834e68 method=java.lang.AbstractStringBuilder.append(Ljava/lang/CharSequence;)Ljava/lang/AbstractStringBuilder; @ 10 c2
Event: 8.081 Thread 0x0000028f1972d880 DEOPT PACKING pc=0x0000028f24834e68 sp=0x000000b934efcaf0
Event: 8.081 Thread 0x0000028f1972d880 DEOPT UNPACKING pc=0x0000028f2419a1a3 sp=0x000000b934efcae0 mode 2
Event: 8.081 Thread 0x0000028f1972d880 Uncommon trap: trap_request=0xffffffde fr.pc=0x0000028f24834e68 relative=0x00000000000006a8
Event: 8.081 Thread 0x0000028f1972d880 Uncommon trap: reason=class_check action=maybe_recompile pc=0x0000028f24834e68 method=java.lang.AbstractStringBuilder.append(Ljava/lang/CharSequence;)Ljava/lang/AbstractStringBuilder; @ 10 c2
Event: 8.081 Thread 0x0000028f1972d880 DEOPT PACKING pc=0x0000028f24834e68 sp=0x000000b934efcaf0
Event: 8.081 Thread 0x0000028f1972d880 DEOPT UNPACKING pc=0x0000028f2419a1a3 sp=0x000000b934efcae0 mode 2
Event: 8.081 Thread 0x0000028f1972d880 Uncommon trap: trap_request=0xffffffde fr.pc=0x0000028f24834e68 relative=0x00000000000006a8
Event: 8.081 Thread 0x0000028f1972d880 Uncommon trap: reason=class_check action=maybe_recompile pc=0x0000028f24834e68 method=java.lang.AbstractStringBuilder.append(Ljava/lang/CharSequence;)Ljava/lang/AbstractStringBuilder; @ 10 c2
Event: 8.081 Thread 0x0000028f1972d880 DEOPT PACKING pc=0x0000028f24834e68 sp=0x000000b934efcaf0
Event: 8.081 Thread 0x0000028f1972d880 DEOPT UNPACKING pc=0x0000028f2419a1a3 sp=0x000000b934efcae0 mode 2
Event: 8.081 Thread 0x0000028f1972d880 Uncommon trap: trap_request=0xffffffde fr.pc=0x0000028f24834e68 relative=0x00000000000006a8
Event: 8.081 Thread 0x0000028f1972d880 Uncommon trap: reason=class_check action=maybe_recompile pc=0x0000028f24834e68 method=java.lang.AbstractStringBuilder.append(Ljava/lang/CharSequence;)Ljava/lang/AbstractStringBuilder; @ 10 c2
Event: 8.081 Thread 0x0000028f1972d880 DEOPT PACKING pc=0x0000028f24834e68 sp=0x000000b934efcaf0
Event: 8.081 Thread 0x0000028f1972d880 DEOPT UNPACKING pc=0x0000028f2419a1a3 sp=0x000000b934efcae0 mode 2
Event: 8.089 Thread 0x0000028f1972d880 Uncommon trap: trap_request=0xffffffde fr.pc=0x0000028f24baca44 relative=0x0000000000000364
Event: 8.089 Thread 0x0000028f1972d880 Uncommon trap: reason=class_check action=maybe_recompile pc=0x0000028f24baca44 method=kotlin.collections.CollectionsKt___CollectionsKt.firstOrNull(Ljava/lang/Iterable;)Ljava/lang/Object; @ 39 c2
Event: 8.089 Thread 0x0000028f1972d880 DEOPT PACKING pc=0x0000028f24baca44 sp=0x000000b934efbb50
Event: 8.089 Thread 0x0000028f1972d880 DEOPT UNPACKING pc=0x0000028f2419a1a3 sp=0x000000b934efbb08 mode 2

Classes unloaded (0 events):
No events

Classes redefined (0 events):
No events

Internal exceptions (20 events):
Event: 4.186 Thread 0x0000028f1972d880 Exception <a 'java/lang/NoSuchMethodError'{0x000000008d376010}: 'void java.lang.invoke.DirectMethodHandle$Holder.invokeInterface(java.lang.Object, java.lang.Object)'> (0x000000008d376010) 
thrown [s\src\hotspot\share\interpreter\linkResolver.cpp, line 771]
Event: 4.233 Thread 0x0000028f1972d880 Exception <a 'java/lang/IncompatibleClassChangeError'{0x000000008d1198b0}: Found class java.lang.Object, but interface was expected> (0x000000008d1198b0) 
thrown [s\src\hotspot\share\interpreter\linkResolver.cpp, line 838]
Event: 4.283 Thread 0x0000028f1972d880 Implicit null exception at 0x0000028f24781c1a to 0x0000028f24781d88
Event: 4.283 Thread 0x0000028f1972d880 Implicit null exception at 0x0000028f24745f58 to 0x0000028f24745fea
Event: 4.294 Thread 0x0000028f1972d880 Exception <a 'java/lang/NoSuchMethodError'{0x000000008d0ad818}: 'java.lang.Object java.lang.invoke.DirectMethodHandle$Holder.invokeStatic(java.lang.Object, int, java.lang.Object)'> (0x000000008d0ad818) 
thrown [s\src\hotspot\share\interpreter\linkResolver.cpp, line 771]
Event: 4.342 Thread 0x0000028f1972d880 Exception <a 'java/lang/NoSuchMethodError'{0x000000008cc46d08}: 'int java.lang.invoke.DirectMethodHandle$Holder.invokeStaticInit(java.lang.Object, int)'> (0x000000008cc46d08) 
thrown [s\src\hotspot\share\interpreter\linkResolver.cpp, line 771]
Event: 4.430 Thread 0x0000028f1972d880 Implicit null exception at 0x0000028f246fa472 to 0x0000028f246faab4
Event: 4.442 Thread 0x0000028f1972d880 Exception <a 'java/lang/NoSuchMethodError'{0x000000008c7886a8}: 'java.lang.Object java.lang.invoke.DirectMethodHandle$Holder.invokeInterface(java.lang.Object, java.lang.Object, java.lang.Object)'> (0x000000008c7886a8) 
thrown [s\src\hotspot\share\interpreter\linkResolver.cpp, line 771]
Event: 4.442 Thread 0x0000028f1972d880 Exception <a 'java/lang/IncompatibleClassChangeError'{0x000000008c78c018}: Found class java.lang.Object, but interface was expected> (0x000000008c78c018) 
thrown [s\src\hotspot\share\interpreter\linkResolver.cpp, line 838]
Event: 4.453 Thread 0x0000028f1972d880 Implicit null exception at 0x0000028f246fb8f2 to 0x0000028f246fbf48
Event: 5.243 Thread 0x0000028f1972d880 Exception <a 'java/lang/NoSuchMethodError'{0x000000008aeaa948}: 'java.lang.Object java.lang.invoke.DirectMethodHandle$Holder.newInvokeSpecial(java.lang.Object, java.lang.Object, java.lang.Object, java.lang.Object, java.lang.Object, java.lang.Object, java.lang.Object)'> (0x000000008aeaa948) 
thrown [s\src\hotspot\share\interpreter\linkResolver.cpp, line 771]
Event: 5.243 Thread 0x0000028f1972d880 Exception <a 'java/lang/NoSuchMethodError'{0x000000008aeafcf8}: 'java.lang.Object java.lang.invoke.Invokers$Holder.linkToTargetMethod(java.lang.Object, java.lang.Object, java.lang.Object, java.lang.Object, java.lang.Object, java.lang.Object, java.lang.Object)'> (0x000000008aeafcf8) 
thrown [s\src\hotspot\share\interpreter\linkResolver.cpp, line 771]
Event: 5.981 Thread 0x0000028f1972d880 Implicit null exception at 0x0000028f249e305c to 0x0000028f249e3928
Event: 6.381 Thread 0x0000028f1972d880 Exception <a 'java/lang/NoSuchMethodError'{0x000000008ba62d60}: 'java.lang.Object java.lang.invoke.DirectMethodHandle$Holder.newInvokeSpecial(java.lang.Object, int, java.lang.Object, java.lang.Object)'> (0x000000008ba62d60) 
thrown [s\src\hotspot\share\interpreter\linkResolver.cpp, line 771]
Event: 6.572 Thread 0x0000028f1972d880 Implicit null exception at 0x0000028f24bad4ff to 0x0000028f24bad674
Event: 6.845 Thread 0x0000028f1972d880 Exception <a 'java/lang/NoSuchMethodError'{0x000000008ced21d0}: 'java.lang.Object java.lang.invoke.DirectMethodHandle$Holder.invokeStaticInit(java.lang.Object, java.lang.Object, java.lang.Object, java.lang.Object)'> (0x000000008ced21d0) 
thrown [s\src\hotspot\share\interpreter\linkResolver.cpp, line 771]
Event: 6.996 Thread 0x0000028f1972d880 Exception <a 'java/lang/NoSuchMethodError'{0x000000008c14f790}: 'java.lang.Object java.lang.invoke.DirectMethodHandle$Holder.newInvokeSpecial(java.lang.Object, java.lang.Object, java.lang.Object, int, int)'> (0x000000008c14f790) 
thrown [s\src\hotspot\share\interpreter\linkResolver.cpp, line 771]
Event: 6.997 Thread 0x0000028f1972d880 Exception <a 'java/lang/NoSuchMethodError'{0x000000008c1535d0}: 'java.lang.Object java.lang.invoke.DirectMethodHandle$Holder.invokeSpecial(java.lang.Object, java.lang.Object, java.lang.Object, java.lang.Object, int, int)'> (0x000000008c1535d0) 
thrown [s\src\hotspot\share\interpreter\linkResolver.cpp, line 771]
Event: 7.034 Thread 0x0000028f1972d880 Exception <a 'java/lang/NoSuchMethodError'{0x000000008bf5bd90}: 'java.lang.Object java.lang.invoke.DirectMethodHandle$Holder.invokeSpecial(java.lang.Object, java.lang.Object, int, int, java.lang.Object, java.lang.Object, java.lang.Object, java.lang.Object, java.lang.Object)'> (0x000000008bf5bd90) 
thrown [s\src\hotspot\share\interpreter\linkResolver.cpp, line 771]
Event: 7.147 Thread 0x0000028f1972d880 Implicit null exception at 0x0000028f247490ed to 0x0000028f2474930c

VM Operations (20 events):
Event: 7.816 Executing VM operation: HandshakeAllThreads done
Event: 7.818 Executing VM operation: HandshakeAllThreads
Event: 7.818 Executing VM operation: HandshakeAllThreads done
Event: 7.860 Executing VM operation: ICBufferFull
Event: 7.860 Executing VM operation: ICBufferFull done
Event: 7.919 Executing VM operation: HandshakeAllThreads
Event: 7.919 Executing VM operation: HandshakeAllThreads done
Event: 7.921 Executing VM operation: HandshakeAllThreads
Event: 7.921 Executing VM operation: HandshakeAllThreads done
Event: 7.923 Executing VM operation: HandshakeAllThreads
Event: 7.924 Executing VM operation: HandshakeAllThreads done
Event: 7.958 Executing VM operation: HandshakeAllThreads
Event: 7.958 Executing VM operation: HandshakeAllThreads done
Event: 7.961 Executing VM operation: HandshakeAllThreads
Event: 7.961 Executing VM operation: HandshakeAllThreads done
Event: 7.986 Executing VM operation: ICBufferFull
Event: 7.986 Executing VM operation: ICBufferFull done
Event: 8.083 Executing VM operation: HandshakeAllThreads
Event: 8.083 Executing VM operation: HandshakeAllThreads done
Event: 8.096 Executing VM operation: G1CollectForAllocation

Events (20 events):
Event: 7.032 Thread 0x0000028f3343c790 flushing nmethod 0x0000028f1e39fb90
Event: 7.032 Thread 0x0000028f3343c790 flushing nmethod 0x0000028f1e3cb690
Event: 7.032 Thread 0x0000028f3343c790 flushing nmethod 0x0000028f1e43c890
Event: 7.032 Thread 0x0000028f3343c790 flushing nmethod 0x0000028f1e43d290
Event: 7.032 Thread 0x0000028f3343c790 flushing nmethod 0x0000028f1e48aa10
Event: 7.032 Thread 0x0000028f3343c790 flushing nmethod 0x0000028f1e490e90
Event: 7.032 Thread 0x0000028f3343c790 flushing nmethod 0x0000028f1e4ac490
Event: 7.032 Thread 0x0000028f3343c790 flushing nmethod 0x0000028f1e4aec10
Event: 7.032 Thread 0x0000028f3343c790 flushing nmethod 0x0000028f1e4ed190
Event: 7.032 Thread 0x0000028f3343c790 flushing nmethod 0x0000028f1e4f1210
Event: 7.032 Thread 0x0000028f3343c790 flushing nmethod 0x0000028f1e4f4a90
Event: 7.032 Thread 0x0000028f3343c790 flushing nmethod 0x0000028f1e4f4e90
Event: 7.032 Thread 0x0000028f3343c790 flushing nmethod 0x0000028f1e4f7090
Event: 7.033 Thread 0x0000028f3343c790 flushing nmethod 0x0000028f1e5f0110
Event: 7.033 Thread 0x0000028f3343c790 flushing nmethod 0x0000028f1e626290
Event: 7.789 Thread 0x0000028f3343c790 flushing nmethod 0x0000028f1d655090
Event: 7.795 Thread 0x0000028f3343c790 flushing nmethod 0x0000028f1de5bb10
Event: 7.795 Thread 0x0000028f3343c790 flushing nmethod 0x0000028f1dfd9810
Event: 7.797 Thread 0x0000028f3343c790 flushing nmethod 0x0000028f1e476190
Event: 7.799 Thread 0x0000028f3343c790 flushing nmethod 0x0000028f1e649510


Dynamic libraries:
0x00007ff7e1aa0000 - 0x00007ff7e1aaa000 	C:\Program Files\Android\Android Studio1\jbr\bin\java.exe
0x00007fffbe8b0000 - 0x00007fffbeaa8000 	C:\windows\SYSTEM32\ntdll.dll
0x00007fffbdf40000 - 0x00007fffbdffd000 	C:\windows\System32\KERNEL32.DLL
0x00007fffbc440000 - 0x00007fffbc736000 	C:\windows\System32\KERNELBASE.dll
0x00007fffbc2d0000 - 0x00007fffbc3d0000 	C:\windows\System32\ucrtbase.dll
0x00007fff9dce0000 - 0x00007fff9dcf7000 	C:\Program Files\Android\Android Studio1\jbr\bin\jli.dll
0x00007fffbd950000 - 0x00007fffbdaee000 	C:\windows\System32\USER32.dll
0x00007fffbc150000 - 0x00007fffbc172000 	C:\windows\System32\win32u.dll
0x00007fff9a6e0000 - 0x00007fff9a97a000 	C:\windows\WinSxS\amd64_microsoft.windows.common-controls_6595b64144ccf1df_6.0.19041.3636_none_60b6a03d71f818d5\COMCTL32.dll
0x00007fffbe710000 - 0x00007fffbe73b000 	C:\windows\System32\GDI32.dll
0x00007fffbdaf0000 - 0x00007fffbdb8e000 	C:\windows\System32\msvcrt.dll
0x00007fff9e9c0000 - 0x00007fff9e9db000 	C:\Program Files\Android\Android Studio1\jbr\bin\VCRUNTIME140.dll
0x00007fffbc7d0000 - 0x00007fffbc8e7000 	C:\windows\System32\gdi32full.dll
0x00007fffbc230000 - 0x00007fffbc2cd000 	C:\windows\System32\msvcp_win.dll
0x00007fffbdb90000 - 0x00007fffbdbc2000 	C:\windows\System32\IMM32.DLL
0x00007fffb6bc0000 - 0x00007fffb6bcc000 	C:\Program Files\Android\Android Studio1\jbr\bin\vcruntime140_1.dll
0x00007fff881d0000 - 0x00007fff8825d000 	C:\Program Files\Android\Android Studio1\jbr\bin\msvcp140.dll
0x00007fff764c0000 - 0x00007fff77143000 	C:\Program Files\Android\Android Studio1\jbr\bin\server\jvm.dll
0x00007fffbdcc0000 - 0x00007fffbdd73000 	C:\windows\System32\ADVAPI32.dll
0x00007fffbe000000 - 0x00007fffbe09f000 	C:\windows\System32\sechost.dll
0x00007fffbce60000 - 0x00007fffbcf86000 	C:\windows\System32\RPCRT4.dll
0x00007fffbbfc0000 - 0x00007fffbbfe7000 	C:\windows\System32\bcrypt.dll
0x00007fffbb4c0000 - 0x00007fffbb50b000 	C:\windows\SYSTEM32\POWRPROF.dll
0x00007fffb6b90000 - 0x00007fffb6b99000 	C:\windows\SYSTEM32\WSOCK32.dll
0x00007fff99690000 - 0x00007fff996b7000 	C:\windows\SYSTEM32\WINMM.dll
0x00007fffb01f0000 - 0x00007fffb01fa000 	C:\windows\SYSTEM32\VERSION.dll
0x00007fffbe740000 - 0x00007fffbe7ab000 	C:\windows\System32\WS2_32.dll
0x00007fffbb380000 - 0x00007fffbb392000 	C:\windows\SYSTEM32\UMPDC.dll
0x00007fffba7b0000 - 0x00007fffba7c2000 	C:\windows\SYSTEM32\kernel.appcore.dll
0x00007fffb6910000 - 0x00007fffb691a000 	C:\Program Files\Android\Android Studio1\jbr\bin\jimage.dll
0x00007fffb9d10000 - 0x00007fffb9ef4000 	C:\windows\SYSTEM32\DBGHELP.DLL
0x00007fff9eef0000 - 0x00007fff9ef24000 	C:\windows\SYSTEM32\dbgcore.DLL
0x00007fffbc740000 - 0x00007fffbc7c2000 	C:\windows\System32\bcryptPrimitives.dll
0x00007fffa2cc0000 - 0x00007fffa2ce5000 	C:\Program Files\Android\Android Studio1\jbr\bin\java.dll
0x00007fffa5c00000 - 0x00007fffa5c18000 	C:\Program Files\Android\Android Studio1\jbr\bin\zip.dll
0x00007fffbcff0000 - 0x00007fffbd735000 	C:\windows\System32\SHELL32.dll
0x00007fffba000000 - 0x00007fffba79c000 	C:\windows\SYSTEM32\windows.storage.dll
0x00007fffbc8f0000 - 0x00007fffbcc44000 	C:\windows\System32\combase.dll
0x00007fffbb9a0000 - 0x00007fffbb9ce000 	C:\windows\SYSTEM32\Wldp.dll
0x00007fffbdbf0000 - 0x00007fffbdcbd000 	C:\windows\System32\OLEAUT32.dll
0x00007fffbe0a0000 - 0x00007fffbe14d000 	C:\windows\System32\SHCORE.dll
0x00007fffbdd80000 - 0x00007fffbddd5000 	C:\windows\System32\shlwapi.dll
0x00007fffbbea0000 - 0x00007fffbbec5000 	C:\windows\SYSTEM32\profapi.dll
0x00007fffa2ca0000 - 0x00007fffa2cb9000 	C:\Program Files\Android\Android Studio1\jbr\bin\net.dll
0x00007fffb4200000 - 0x00007fffb430a000 	C:\windows\SYSTEM32\WINHTTP.dll
0x00007fffbb700000 - 0x00007fffbb76a000 	C:\windows\system32\mswsock.dll
0x00007fff9fc90000 - 0x00007fff9fca6000 	C:\Program Files\Android\Android Studio1\jbr\bin\nio.dll
0x00007fffa5d90000 - 0x00007fffa5da0000 	C:\Program Files\Android\Android Studio1\jbr\bin\verify.dll

dbghelp: loaded successfully - version: 4.0.5 - missing functions: none
symbol engine: initialized successfully - sym options: 0x614 - pdb path: .;C:\Program Files\Android\Android Studio1\jbr\bin;C:\windows\SYSTEM32;C:\windows\WinSxS\amd64_microsoft.windows.common-controls_6595b64144ccf1df_6.0.19041.3636_none_60b6a03d71f818d5;C:\Program Files\Android\Android Studio1\jbr\bin\server

VM Arguments:
java_command: org.jetbrains.kotlin.cli.jvm.K2JVMCompiler @C:\Users\a\AndroidStudioProjects\AdminJustEat\app\build\20240308_6582554826173720842.compiler.options
java_class_path (initial): C:\Users\a\.gradle\caches\modules-2\files-2.1\org.jetbrains.kotlin\kotlin-compiler-embeddable\1.8.0\eb9118d4bcceaa2a94b2ae2a33a4ddba7c9a947f\kotlin-compiler-embeddable-1.8.0.jar;C:\Users\a\.gradle\caches\modules-2\files-2.1\org.jetbrains.kotlin\kotlin-stdlib\1.8.0\1796921c7a3e2e2665a83e6c8d33399336cd39bc\kotlin-stdlib-1.8.0.jar;C:\Users\a\.gradle\caches\modules-2\files-2.1\org.jetbrains.kotlin\kotlin-script-runtime\1.8.0\b2f7e760d283cb339974851c222a4c1d48f2d3d\kotlin-script-runtime-1.8.0.jar;C:\Users\a\.gradle\caches\modules-2\files-2.1\org.jetbrains.kotlin\kotlin-reflect\1.6.10\1cbe9c92c12a94eea200d23c2bbaedaf3daf5132\kotlin-reflect-1.6.10.jar;C:\Users\a\.gradle\caches\modules-2\files-2.1\org.jetbrains.kotlin\kotlin-daemon-embeddable\1.8.0\d255216c551685dc3a7e852b53617f5f01aaaa5c\kotlin-daemon-embeddable-1.8.0.jar;C:\Users\a\.gradle\caches\modules-2\files-2.1\org.jetbrains.intellij.deps\trove4j\1.0.20200330\3afb14d5f9ceb459d724e907a21145e8ff394f02\trove4j-1.0.20200330.jar;C:\Users\a\.gradle\caches\modules-2\files-2.1\net.java.dev.jna\jna\5.6.0\330f2244e9030119ab3030fc3fededc86713d9cc\jna-5.6.0.jar;C:\Users\a\.gradle\caches\modules-2\files-2.1\org.jetbrains.kotlin\kotlin-stdlib-common\1.8.0\f7197e7cc76453ac59f8b0f8d5137cc600becd36\kotlin-stdlib-common-1.8.0.jar;C:\Users\a\.gradle\caches\modules-2\files-2.1\org.jetbrains\annotations\13.0\919f0dfe192fb4e063e7dacadee7f8bb9a2672a9\annotations-13.0.jar
Launcher Type: SUN_STANDARD

[Global flags]
     intx CICompilerCount                          = 4                                         {product} {ergonomic}
     uint ConcGCThreads                            = 2                                         {product} {ergonomic}
     uint G1ConcRefinementThreads                  = 8                                         {product} {ergonomic}
   size_t G1HeapRegionSize                         = 1048576                                   {product} {ergonomic}
    uintx GCDrainStackTargetSize                   = 64                                        {product} {ergonomic}
   size_t InitialHeapSize                          = 130023424                                 {product} {ergonomic}
   size_t MarkStackSize                            = 4194304                                   {product} {ergonomic}
   size_t MaxHeapSize                              = 2055208960                                {product} {ergonomic}
   size_t MaxNewSize                               = 1233125376                                {product} {ergonomic}
   size_t MinHeapDeltaBytes                        = 1048576                                   {product} {ergonomic}
   size_t MinHeapSize                              = 8388608                                   {product} {ergonomic}
    uintx NonNMethodCodeHeapSize                   = 5839372                                {pd product} {ergonomic}
    uintx NonProfiledCodeHeapSize                  = 122909434                              {pd product} {ergonomic}
    uintx ProfiledCodeHeapSize                     = 122909434                              {pd product} {ergonomic}
    uintx ReservedCodeCacheSize                    = 251658240                              {pd product} {ergonomic}
     bool SegmentedCodeCache                       = true                                      {product} {ergonomic}
   size_t SoftMaxHeapSize                          = 2055208960                             {manageable} {ergonomic}
     bool UseCompressedClassPointers               = true                           {product lp64_product} {ergonomic}
     bool UseCompressedOops                        = true                           {product lp64_product} {ergonomic}
     bool UseG1GC                                  = true                                      {product} {ergonomic}
     bool UseLargePagesIndividualAllocation        = false                                  {pd product} {ergonomic}

Logging:
Log output configuration:
 #0: stdout all=warning uptime,level,tags
 #1: stderr all=off uptime,level,tags

Environment Variables:
PATH=C:\python 3.10\Scripts\;C:\python 3.10\;C:\Program Files\Common Files\Oracle\Java\javapath;C:\windows\system32;C:\windows;C:\windows\System32\Wbem;C:\windows\System32\WindowsPowerShell\v1.0\;C:\windows\System32\OpenSSH\;C:\Program Files\Git\cmd;C:\MinGW\bin;C:\ProgramData\chocolatey\bin;C:\Program Files\MySQL\MySQL Server 8.0\bin;C:\Program Files\MySQL\MySQL Shell 8.0\bin\;C:\Users\a\AppData\Local\Microsoft\WindowsApps;C:\Users\a\AppData\Local\Programs\Microsoft VS Code\bin;C:\Program Files\JetBrains\IntelliJ IDEA Community Edition 2021.3.3\New folder\IntelliJ IDEA Community Edition 2021.3.3\bin;
USERNAME=a
OS=Windows_NT
PROCESSOR_IDENTIFIER=Intel64 Family 6 Model 140 Stepping 1, GenuineIntel
TMP=C:\Users\a\AppData\Local\Temp
TEMP=C:\Users\a\AppData\Local\Temp



Periodic native trim disabled

JNI global refs:
JNI global refs: 12, weak refs: 5

JNI global refs memory usage: 843, weak refs: 841

OOME stack traces (most recent first):
Classloader memory used:
Loader jdk.internal.loader.ClassLoaders$AppClassLoader                                 : 8427K
Loader bootstrap                                                                       : 1662K
Loader jdk.internal.loader.ClassLoaders$PlatformClassLoader                            : 34452B
Loader jdk.internal.reflect.DelegatingClassLoader                                      : 20256B


---------------  S Y S T E M  ---------------

OS:
 Windows 10 , 64 bit Build 19041 (10.0.19041.3636)
OS uptime: 0 days 4:02 hours

CPU: total 8 (initial active 8) (4 cores per cpu, 2 threads per core) family 6 model 140 stepping 1 microcode 0x9a, cx8, cmov, fxsr, ht, mmx, 3dnowpref, sse, sse2, sse3, ssse3, sse4.1, sse4.2, popcnt, lzcnt, tsc, tscinvbit, avx, avx2, aes, erms, clmul, bmi1, bmi2, adx, avx512f, avx512dq, avx512cd, avx512bw, avx512vl, sha, fma, vzeroupper, avx512_vpopcntdq, avx512_vpclmulqdq, avx512_vaes, avx512_vnni, clflush, clflushopt, clwb, avx512_vbmi2, avx512_vbmi
Processor Information for all 8 processors :
  Max Mhz: 2419, Current Mhz: 2419, Mhz Limit: 2419

Memory: 4k page, system-wide physical 7834M (512M free)
TotalPageFile size 10634M (AvailPageFile size 10M)
current process WorkingSet (physical memory assigned to process): 366M, peak: 368M
current process commit charge ("private bytes"): 402M, peak: 533M

vm_info: OpenJDK 64-Bit Server VM (17.0.9+0--11185874) for windows-amd64 JRE (17.0.9+0--11185874), built on Dec  6 2023 18:57:44 by "androidbuild" with MS VC++ 16.10 / 16.11 (VS2019)

END.
