#
# There is insufficient memory for the Java Runtime Environment to continue.
# Native memory allocation (malloc) failed to allocate 1904656 bytes for Chunk::new
# Possible reasons:
#   The system is out of physical RAM or swap space
#   The process is running with CompressedOops enabled, and the Java Heap may be blocking the growth of the native heap
# Possible solutions:
#   Reduce memory load on the system
#   Increase physical memory or swap space
#   Check if swap backing store is full
#   Decrease Java heap size (-Xmx/-Xms)
#   Decrease number of Java threads
#   Decrease Java thread stack sizes (-Xss)
#   Set larger code cache with -XX:ReservedCodeCacheSize=
#   JVM is running with Unscaled Compressed Oops mode in which the Java heap is
#     placed in the first 4GB address space. The Java Heap base address is the
#     maximum limit for the native heap growth. Please use -XX:HeapBaseMinAddress
#     to set the Java Heap base and to place the Java Heap above 4GB virtual address.
# This output file may be truncated or incomplete.
#
#  Out of Memory Error (src/hotspot/share/memory/arena.cpp:197), pid=3756, tid=4800
#
# JRE version: OpenJDK Runtime Environment (11.0.15) (build 11.0.15+0-b2043.56-9505619)
# Java VM: OpenJDK 64-Bit Server VM (11.0.15+0-b2043.56-9505619, mixed mode, tiered, compressed oops, g1 gc, windows-amd64)
# No core dump will be written. Minidumps are not enabled by default on client versions of Windows
#

---------------  S U M M A R Y ------------

Command Line: org.jetbrains.kotlin.cli.jvm.K2JVMCompiler @C:\Users\a\AndroidStudioProjects\AdminJustEat\app\build\20240229_1068562588994228216.compiler.options

Host: 11th Gen Intel(R) Core(TM) i5-1135G7 @ 2.40GHz, 8 cores, 7G,  Windows 10 , 64 bit Build 19041 (10.0.19041.3636)
Time: Thu Feb 29 15:25:28 2024 India Standard Time elapsed time: 2.530832 seconds (0d 0h 0m 2s)

---------------  T H R E A D  ---------------

Current thread (0x0000016ecc081000):  JavaThread "C2 CompilerThread2" daemon [_thread_in_native, id=4800, stack(0x0000003611c00000,0x0000003611d00000)]


Current CompileTask:
C2:   2530 2909       4       java.lang.ClassLoader::loadClass (7 bytes)

Stack: [0x0000003611c00000,0x0000003611d00000]
Native frames: (J=compiled Java code, j=interpreted, Vv=VM code, C=native code)
V  [jvm.dll+0x64135a]
V  [jvm.dll+0x7d39f9]
V  [jvm.dll+0x7d51b9]
V  [jvm.dll+0x7d58a3]
V  [jvm.dll+0x2691c5]
V  [jvm.dll+0xc1a5c]
V  [jvm.dll+0xc200c]
V  [jvm.dll+0x3774a7]
V  [jvm.dll+0x342495]
V  [jvm.dll+0x34186a]
V  [jvm.dll+0x2214bd]
V  [jvm.dll+0x220498]
V  [jvm.dll+0x19e851]
V  [jvm.dll+0x230479]
V  [jvm.dll+0x22e5ef]
V  [jvm.dll+0x794de1]
V  [jvm.dll+0x78dc24]
V  [jvm.dll+0x6400f6]
C  [ucrtbase.dll+0x21bb2]
C  [KERNEL32.DLL+0x17344]
C  [ntdll.dll+0x526b1]


---------------  P R O C E S S  ---------------

Threads class SMR info:
_java_thread_list=0x0000016ecc03be50, length=12, elements={
0x0000016eb13c8800, 0x0000016ecb533800, 0x0000016ecb558000, 0x0000016ecbec7800,
0x0000016ecbecb000, 0x0000016ecbecd000, 0x0000016ecbed0000, 0x0000016ecb56a800,
0x0000016ecb56b800, 0x0000016ecc04a000, 0x0000016ecc041800, 0x0000016ecc081000
}

Java Threads: ( => current thread )
  0x0000016eb13c8800 JavaThread "main" [_thread_in_vm, id=14552, stack(0x0000003610a00000,0x0000003610b00000)]
  0x0000016ecb533800 JavaThread "Reference Handler" daemon [_thread_blocked, id=14152, stack(0x0000003611100000,0x0000003611200000)]
  0x0000016ecb558000 JavaThread "Finalizer" daemon [_thread_blocked, id=8252, stack(0x0000003611200000,0x0000003611300000)]
  0x0000016ecbec7800 JavaThread "Signal Dispatcher" daemon [_thread_blocked, id=15340, stack(0x0000003611300000,0x0000003611400000)]
  0x0000016ecbecb000 JavaThread "Attach Listener" daemon [_thread_blocked, id=10852, stack(0x0000003611400000,0x0000003611500000)]
  0x0000016ecbecd000 JavaThread "Service Thread" daemon [_thread_blocked, id=14864, stack(0x0000003611500000,0x0000003611600000)]
  0x0000016ecbed0000 JavaThread "C2 CompilerThread0" daemon [_thread_in_native, id=6476, stack(0x0000003611600000,0x0000003611700000)]
  0x0000016ecb56a800 JavaThread "C1 CompilerThread0" daemon [_thread_blocked, id=7804, stack(0x0000003611700000,0x0000003611800000)]
  0x0000016ecb56b800 JavaThread "Sweeper thread" daemon [_thread_blocked, id=2800, stack(0x0000003611800000,0x0000003611900000)]
  0x0000016ecc04a000 JavaThread "Common-Cleaner" daemon [_thread_blocked, id=1804, stack(0x0000003611a00000,0x0000003611b00000)]
  0x0000016ecc041800 JavaThread "C2 CompilerThread1" daemon [_thread_in_native, id=8124, stack(0x0000003611b00000,0x0000003611c00000)]
=>0x0000016ecc081000 JavaThread "C2 CompilerThread2" daemon [_thread_in_native, id=4800, stack(0x0000003611c00000,0x0000003611d00000)]

Other Threads:
  0x0000016ecb533000 VMThread "VM Thread" [stack: 0x0000003611000000,0x0000003611100000] [id=14784]
  0x0000016ecc049800 WatcherThread [stack: 0x0000003611900000,0x0000003611a00000] [id=9340]
  0x0000016eb13df000 GCTaskThread "GC Thread#0" [stack: 0x0000003610b00000,0x0000003610c00000] [id=9360]
  0x0000016ecc676000 GCTaskThread "GC Thread#1" [stack: 0x0000003611d00000,0x0000003611e00000] [id=4168]
  0x0000016eb1411800 ConcurrentGCThread "G1 Main Marker" [stack: 0x0000003610c00000,0x0000003610d00000] [id=12920]
  0x0000016eb1413800 ConcurrentGCThread "G1 Conc#0" [stack: 0x0000003610d00000,0x0000003610e00000] [id=9748]
  0x0000016ecc709000 ConcurrentGCThread "G1 Conc#1" [stack: 0x0000003611e00000,0x0000003611f00000] [id=9092]
  0x0000016eb149e000 ConcurrentGCThread "G1 Refine#0" [stack: 0x0000003610e00000,0x0000003610f00000] [id=9644]
  0x0000016ecb38a800 ConcurrentGCThread "G1 Young RemSet Sampling" [stack: 0x0000003610f00000,0x0000003611000000] [id=9456]

Threads with active compile tasks:
C2 CompilerThread0     2539 3006   !   4       jdk.internal.loader.BuiltinClassLoader::findClassOnClassPathOrNull (64 bytes)
C2 CompilerThread1     2539 2959       4       jdk.internal.loader.ClassLoaders$AppClassLoader::loadClass (40 bytes)
C2 CompilerThread2     2539 2909       4       java.lang.ClassLoader::loadClass (7 bytes)

VM state:not at safepoint (normal execution)

VM Mutex/Monitor currently owned by a thread: None

Heap address: 0x0000000085800000, size: 1960 MB, Compressed Oops mode: 32-bit
Narrow klass base: 0x0000000000000000, Narrow klass shift: 3
Compressed class space size: 1073741824 Address: 0x0000000100000000

Heap:
 garbage-first heap   total 126976K, used 65763K [0x0000000085800000, 0x0000000100000000)
  region size 1024K, 45 young (46080K), 2 survivors (2048K)
 Metaspace       used 45076K, capacity 45609K, committed 45744K, reserved 1089536K
  class space    used 5310K, capacity 5529K, committed 5552K, reserved 1048576K
Heap Regions: E=young(eden), S=young(survivor), O=old, HS=humongous(starts), HC=humongous(continues), CS=collection set, F=free, A=archive, TAMS=top-at-mark-start (previous, next)
|   0|0x0000000085800000, 0x0000000085900000, 0x0000000085900000|100%|HS|  |TAMS 0x0000000085900000, 0x0000000085800000| Complete 
|   1|0x0000000085900000, 0x0000000085a00000, 0x0000000085a00000|100%|HC|  |TAMS 0x0000000085a00000, 0x0000000085900000| Complete 
|   2|0x0000000085a00000, 0x0000000085b00000, 0x0000000085b00000|100%|HC|  |TAMS 0x0000000085b00000, 0x0000000085a00000| Complete 
|   3|0x0000000085b00000, 0x0000000085c00000, 0x0000000085c00000|100%|HC|  |TAMS 0x0000000085c00000, 0x0000000085b00000| Complete 
|   4|0x0000000085c00000, 0x0000000085d00000, 0x0000000085d00000|100%|HS|  |TAMS 0x0000000085d00000, 0x0000000085c00000| Complete 
|   5|0x0000000085d00000, 0x0000000085e00000, 0x0000000085e00000|100%|HC|  |TAMS 0x0000000085e00000, 0x0000000085d00000| Complete 
|   6|0x0000000085e00000, 0x0000000085f00000, 0x0000000085f00000|100%|HC|  |TAMS 0x0000000085f00000, 0x0000000085e00000| Complete 
|   7|0x0000000085f00000, 0x0000000086000000, 0x0000000086000000|100%|HC|  |TAMS 0x0000000086000000, 0x0000000085f00000| Complete 
|   8|0x0000000086000000, 0x0000000086000000, 0x0000000086100000|  0%| F|  |TAMS 0x0000000086000000, 0x0000000086000000| Untracked 
|   9|0x0000000086100000, 0x0000000086100000, 0x0000000086200000|  0%| F|  |TAMS 0x0000000086100000, 0x0000000086100000| Untracked 
|  10|0x0000000086200000, 0x0000000086300000, 0x0000000086300000|100%| O|  |TAMS 0x0000000086300000, 0x0000000086200000| Untracked 
|  11|0x0000000086300000, 0x0000000086400000, 0x0000000086400000|100%| O|  |TAMS 0x0000000086400000, 0x0000000086300000| Untracked 
|  12|0x0000000086400000, 0x0000000086500000, 0x0000000086500000|100%| O|  |TAMS 0x0000000086500000, 0x0000000086400000| Untracked 
|  13|0x0000000086500000, 0x0000000086600000, 0x0000000086600000|100%| O|  |TAMS 0x0000000086600000, 0x0000000086500000| Untracked 
|  14|0x0000000086600000, 0x0000000086700000, 0x0000000086700000|100%| O|  |TAMS 0x0000000086700000, 0x0000000086600000| Untracked 
|  15|0x0000000086700000, 0x0000000086800000, 0x0000000086800000|100%| O|  |TAMS 0x0000000086800000, 0x0000000086700000| Untracked 
|  16|0x0000000086800000, 0x0000000086900000, 0x0000000086900000|100%| O|  |TAMS 0x0000000086900000, 0x0000000086800000| Untracked 
|  17|0x0000000086900000, 0x0000000086a00000, 0x0000000086a00000|100%| O|  |TAMS 0x0000000086a00000, 0x0000000086900000| Untracked 
|  18|0x0000000086a00000, 0x0000000086b00000, 0x0000000086b00000|100%| O|  |TAMS 0x0000000086b00000, 0x0000000086a00000| Untracked 
|  19|0x0000000086b00000, 0x0000000086c00000, 0x0000000086c00000|100%| O|  |TAMS 0x0000000086c00000, 0x0000000086b00000| Untracked 
|  20|0x0000000086c00000, 0x0000000086d00000, 0x0000000086d00000|100%| O|  |TAMS 0x0000000086d00000, 0x0000000086c00000| Untracked 
|  21|0x0000000086d00000, 0x0000000086e00000, 0x0000000086e00000|100%| O|  |TAMS 0x0000000086e00000, 0x0000000086d00000| Untracked 
|  22|0x0000000086e00000, 0x0000000086e38e00, 0x0000000086f00000| 22%| O|  |TAMS 0x0000000086e38e00, 0x0000000086e00000| Untracked 
|  23|0x0000000086f00000, 0x0000000086f00000, 0x0000000087000000|  0%| F|  |TAMS 0x0000000086f00000, 0x0000000086f00000| Untracked 
|  24|0x0000000087000000, 0x0000000087000000, 0x0000000087100000|  0%| F|  |TAMS 0x0000000087000000, 0x0000000087000000| Untracked 
|  25|0x0000000087100000, 0x0000000087100000, 0x0000000087200000|  0%| F|  |TAMS 0x0000000087100000, 0x0000000087100000| Untracked 
|  26|0x0000000087200000, 0x0000000087200000, 0x0000000087300000|  0%| F|  |TAMS 0x0000000087200000, 0x0000000087200000| Untracked 
|  27|0x0000000087300000, 0x0000000087300000, 0x0000000087400000|  0%| F|  |TAMS 0x0000000087300000, 0x0000000087300000| Untracked 
|  28|0x0000000087400000, 0x0000000087400000, 0x0000000087500000|  0%| F|  |TAMS 0x0000000087400000, 0x0000000087400000| Untracked 
|  29|0x0000000087500000, 0x0000000087500000, 0x0000000087600000|  0%| F|  |TAMS 0x0000000087500000, 0x0000000087500000| Untracked 
|  30|0x0000000087600000, 0x0000000087600000, 0x0000000087700000|  0%| F|  |TAMS 0x0000000087600000, 0x0000000087600000| Untracked 
|  31|0x0000000087700000, 0x0000000087700000, 0x0000000087800000|  0%| F|  |TAMS 0x0000000087700000, 0x0000000087700000| Untracked 
|  32|0x0000000087800000, 0x0000000087800000, 0x0000000087900000|  0%| F|  |TAMS 0x0000000087800000, 0x0000000087800000| Untracked 
|  33|0x0000000087900000, 0x0000000087900000, 0x0000000087a00000|  0%| F|  |TAMS 0x0000000087900000, 0x0000000087900000| Untracked 
|  34|0x0000000087a00000, 0x0000000087a00000, 0x0000000087b00000|  0%| F|  |TAMS 0x0000000087a00000, 0x0000000087a00000| Untracked 
|  35|0x0000000087b00000, 0x0000000087b00000, 0x0000000087c00000|  0%| F|  |TAMS 0x0000000087b00000, 0x0000000087b00000| Untracked 
|  36|0x0000000087c00000, 0x0000000087c00000, 0x0000000087d00000|  0%| F|  |TAMS 0x0000000087c00000, 0x0000000087c00000| Untracked 
|  37|0x0000000087d00000, 0x0000000087d00000, 0x0000000087e00000|  0%| F|  |TAMS 0x0000000087d00000, 0x0000000087d00000| Untracked 
|  38|0x0000000087e00000, 0x0000000087e00000, 0x0000000087f00000|  0%| F|  |TAMS 0x0000000087e00000, 0x0000000087e00000| Untracked 
|  39|0x0000000087f00000, 0x0000000087f00000, 0x0000000088000000|  0%| F|  |TAMS 0x0000000087f00000, 0x0000000087f00000| Untracked 
|  40|0x0000000088000000, 0x0000000088000000, 0x0000000088100000|  0%| F|  |TAMS 0x0000000088000000, 0x0000000088000000| Untracked 
|  41|0x0000000088100000, 0x0000000088100000, 0x0000000088200000|  0%| F|  |TAMS 0x0000000088100000, 0x0000000088100000| Untracked 
|  42|0x0000000088200000, 0x0000000088200000, 0x0000000088300000|  0%| F|  |TAMS 0x0000000088200000, 0x0000000088200000| Untracked 
|  43|0x0000000088300000, 0x0000000088300000, 0x0000000088400000|  0%| F|  |TAMS 0x0000000088300000, 0x0000000088300000| Untracked 
|  44|0x0000000088400000, 0x0000000088400000, 0x0000000088500000|  0%| F|  |TAMS 0x0000000088400000, 0x0000000088400000| Untracked 
|  45|0x0000000088500000, 0x0000000088500000, 0x0000000088600000|  0%| F|  |TAMS 0x0000000088500000, 0x0000000088500000| Untracked 
|  46|0x0000000088600000, 0x0000000088600000, 0x0000000088700000|  0%| F|  |TAMS 0x0000000088600000, 0x0000000088600000| Untracked 
|  47|0x0000000088700000, 0x0000000088700000, 0x0000000088800000|  0%| F|  |TAMS 0x0000000088700000, 0x0000000088700000| Untracked 
|  48|0x0000000088800000, 0x0000000088800000, 0x0000000088900000|  0%| F|  |TAMS 0x0000000088800000, 0x0000000088800000| Untracked 
|  49|0x0000000088900000, 0x0000000088900000, 0x0000000088a00000|  0%| F|  |TAMS 0x0000000088900000, 0x0000000088900000| Untracked 
|  50|0x0000000088a00000, 0x0000000088a00000, 0x0000000088b00000|  0%| F|  |TAMS 0x0000000088a00000, 0x0000000088a00000| Untracked 
|  51|0x0000000088b00000, 0x0000000088b00000, 0x0000000088c00000|  0%| F|  |TAMS 0x0000000088b00000, 0x0000000088b00000| Untracked 
|  52|0x0000000088c00000, 0x0000000088c00000, 0x0000000088d00000|  0%| F|  |TAMS 0x0000000088c00000, 0x0000000088c00000| Untracked 
|  53|0x0000000088d00000, 0x0000000088d00000, 0x0000000088e00000|  0%| F|  |TAMS 0x0000000088d00000, 0x0000000088d00000| Untracked 
|  54|0x0000000088e00000, 0x0000000088e00000, 0x0000000088f00000|  0%| F|  |TAMS 0x0000000088e00000, 0x0000000088e00000| Untracked 
|  55|0x0000000088f00000, 0x0000000088f00000, 0x0000000089000000|  0%| F|  |TAMS 0x0000000088f00000, 0x0000000088f00000| Untracked 
|  56|0x0000000089000000, 0x0000000089000000, 0x0000000089100000|  0%| F|  |TAMS 0x0000000089000000, 0x0000000089000000| Untracked 
|  57|0x0000000089100000, 0x0000000089100000, 0x0000000089200000|  0%| F|  |TAMS 0x0000000089100000, 0x0000000089100000| Untracked 
|  58|0x0000000089200000, 0x0000000089200000, 0x0000000089300000|  0%| F|  |TAMS 0x0000000089200000, 0x0000000089200000| Untracked 
|  59|0x0000000089300000, 0x0000000089300000, 0x0000000089400000|  0%| F|  |TAMS 0x0000000089300000, 0x0000000089300000| Untracked 
|  60|0x0000000089400000, 0x0000000089400000, 0x0000000089500000|  0%| F|  |TAMS 0x0000000089400000, 0x0000000089400000| Untracked 
|  61|0x0000000089500000, 0x0000000089500000, 0x0000000089600000|  0%| F|  |TAMS 0x0000000089500000, 0x0000000089500000| Untracked 
|  62|0x0000000089600000, 0x0000000089600000, 0x0000000089700000|  0%| F|  |TAMS 0x0000000089600000, 0x0000000089600000| Untracked 
|  63|0x0000000089700000, 0x0000000089700000, 0x0000000089800000|  0%| F|  |TAMS 0x0000000089700000, 0x0000000089700000| Untracked 
|  64|0x0000000089800000, 0x0000000089800000, 0x0000000089900000|  0%| F|  |TAMS 0x0000000089800000, 0x0000000089800000| Untracked 
|  65|0x0000000089900000, 0x0000000089900000, 0x0000000089a00000|  0%| F|  |TAMS 0x0000000089900000, 0x0000000089900000| Untracked 
|  66|0x0000000089a00000, 0x0000000089a00000, 0x0000000089b00000|  0%| F|  |TAMS 0x0000000089a00000, 0x0000000089a00000| Untracked 
|  67|0x0000000089b00000, 0x0000000089b00000, 0x0000000089c00000|  0%| F|  |TAMS 0x0000000089b00000, 0x0000000089b00000| Untracked 
|  68|0x0000000089c00000, 0x0000000089c00000, 0x0000000089d00000|  0%| F|  |TAMS 0x0000000089c00000, 0x0000000089c00000| Untracked 
|  69|0x0000000089d00000, 0x0000000089d00000, 0x0000000089e00000|  0%| F|  |TAMS 0x0000000089d00000, 0x0000000089d00000| Untracked 
|  70|0x0000000089e00000, 0x0000000089e00000, 0x0000000089f00000|  0%| F|  |TAMS 0x0000000089e00000, 0x0000000089e00000| Untracked 
|  71|0x0000000089f00000, 0x0000000089f00000, 0x000000008a000000|  0%| F|  |TAMS 0x0000000089f00000, 0x0000000089f00000| Untracked 
|  72|0x000000008a000000, 0x000000008a000000, 0x000000008a100000|  0%| F|  |TAMS 0x000000008a000000, 0x000000008a000000| Untracked 
|  73|0x000000008a100000, 0x000000008a100000, 0x000000008a200000|  0%| F|  |TAMS 0x000000008a100000, 0x000000008a100000| Untracked 
|  74|0x000000008a200000, 0x000000008a200000, 0x000000008a300000|  0%| F|  |TAMS 0x000000008a200000, 0x000000008a200000| Untracked 
|  75|0x000000008a300000, 0x000000008a300000, 0x000000008a400000|  0%| F|  |TAMS 0x000000008a300000, 0x000000008a300000| Untracked 
|  76|0x000000008a400000, 0x000000008a400000, 0x000000008a500000|  0%| F|  |TAMS 0x000000008a400000, 0x000000008a400000| Untracked 
|  77|0x000000008a500000, 0x000000008a500000, 0x000000008a600000|  0%| F|  |TAMS 0x000000008a500000, 0x000000008a500000| Untracked 
|  78|0x000000008a600000, 0x000000008a600000, 0x000000008a700000|  0%| F|  |TAMS 0x000000008a600000, 0x000000008a600000| Untracked 
|  79|0x000000008a700000, 0x000000008a800000, 0x000000008a800000|100%| E|  |TAMS 0x000000008a700000, 0x000000008a700000| Complete 
|  80|0x000000008a800000, 0x000000008a900000, 0x000000008a900000|100%| E|CS|TAMS 0x000000008a800000, 0x000000008a800000| Complete 
|  81|0x000000008a900000, 0x000000008aa00000, 0x000000008aa00000|100%| E|CS|TAMS 0x000000008a900000, 0x000000008a900000| Complete 
|  82|0x000000008aa00000, 0x000000008ab00000, 0x000000008ab00000|100%| E|CS|TAMS 0x000000008aa00000, 0x000000008aa00000| Complete 
|  83|0x000000008ab00000, 0x000000008ac00000, 0x000000008ac00000|100%| E|CS|TAMS 0x000000008ab00000, 0x000000008ab00000| Complete 
|  84|0x000000008ac00000, 0x000000008ad00000, 0x000000008ad00000|100%| E|CS|TAMS 0x000000008ac00000, 0x000000008ac00000| Complete 
|  85|0x000000008ad00000, 0x000000008ae00000, 0x000000008ae00000|100%| E|CS|TAMS 0x000000008ad00000, 0x000000008ad00000| Complete 
|  86|0x000000008ae00000, 0x000000008af00000, 0x000000008af00000|100%| E|CS|TAMS 0x000000008ae00000, 0x000000008ae00000| Complete 
|  87|0x000000008af00000, 0x000000008b000000, 0x000000008b000000|100%| E|CS|TAMS 0x000000008af00000, 0x000000008af00000| Complete 
|  88|0x000000008b000000, 0x000000008b100000, 0x000000008b100000|100%| E|CS|TAMS 0x000000008b000000, 0x000000008b000000| Complete 
|  89|0x000000008b100000, 0x000000008b200000, 0x000000008b200000|100%| E|CS|TAMS 0x000000008b100000, 0x000000008b100000| Complete 
|  90|0x000000008b200000, 0x000000008b300000, 0x000000008b300000|100%| E|CS|TAMS 0x000000008b200000, 0x000000008b200000| Complete 
|  91|0x000000008b300000, 0x000000008b400000, 0x000000008b400000|100%| E|CS|TAMS 0x000000008b300000, 0x000000008b300000| Complete 
|  92|0x000000008b400000, 0x000000008b500000, 0x000000008b500000|100%| E|CS|TAMS 0x000000008b400000, 0x000000008b400000| Complete 
|  93|0x000000008b500000, 0x000000008b600000, 0x000000008b600000|100%| E|CS|TAMS 0x000000008b500000, 0x000000008b500000| Complete 
|  94|0x000000008b600000, 0x000000008b700000, 0x000000008b700000|100%| E|CS|TAMS 0x000000008b600000, 0x000000008b600000| Complete 
|  95|0x000000008b700000, 0x000000008b800000, 0x000000008b800000|100%| E|CS|TAMS 0x000000008b700000, 0x000000008b700000| Complete 
|  96|0x000000008b800000, 0x000000008b900000, 0x000000008b900000|100%| E|CS|TAMS 0x000000008b800000, 0x000000008b800000| Complete 
|  97|0x000000008b900000, 0x000000008ba00000, 0x000000008ba00000|100%| E|CS|TAMS 0x000000008b900000, 0x000000008b900000| Complete 
|  98|0x000000008ba00000, 0x000000008bb00000, 0x000000008bb00000|100%| E|CS|TAMS 0x000000008ba00000, 0x000000008ba00000| Complete 
|  99|0x000000008bb00000, 0x000000008bc00000, 0x000000008bc00000|100%| E|CS|TAMS 0x000000008bb00000, 0x000000008bb00000| Complete 
| 100|0x000000008bc00000, 0x000000008bd00000, 0x000000008bd00000|100%| E|CS|TAMS 0x000000008bc00000, 0x000000008bc00000| Complete 
| 101|0x000000008bd00000, 0x000000008be00000, 0x000000008be00000|100%| E|CS|TAMS 0x000000008bd00000, 0x000000008bd00000| Complete 
| 102|0x000000008be00000, 0x000000008bf00000, 0x000000008bf00000|100%| E|CS|TAMS 0x000000008be00000, 0x000000008be00000| Complete 
| 103|0x000000008bf00000, 0x000000008c000000, 0x000000008c000000|100%| E|CS|TAMS 0x000000008bf00000, 0x000000008bf00000| Complete 
| 104|0x000000008c000000, 0x000000008c100000, 0x000000008c100000|100%| E|CS|TAMS 0x000000008c000000, 0x000000008c000000| Complete 
| 105|0x000000008c100000, 0x000000008c200000, 0x000000008c200000|100%| E|CS|TAMS 0x000000008c100000, 0x000000008c100000| Complete 
| 106|0x000000008c200000, 0x000000008c300000, 0x000000008c300000|100%| E|CS|TAMS 0x000000008c200000, 0x000000008c200000| Complete 
| 107|0x000000008c300000, 0x000000008c400000, 0x000000008c400000|100%| E|CS|TAMS 0x000000008c300000, 0x000000008c300000| Complete 
| 108|0x000000008c400000, 0x000000008c500000, 0x000000008c500000|100%| E|CS|TAMS 0x000000008c400000, 0x000000008c400000| Complete 
| 109|0x000000008c500000, 0x000000008c600000, 0x000000008c600000|100%| E|CS|TAMS 0x000000008c500000, 0x000000008c500000| Complete 
| 110|0x000000008c600000, 0x000000008c700000, 0x000000008c700000|100%| S|CS|TAMS 0x000000008c600000, 0x000000008c600000| Complete 
| 111|0x000000008c700000, 0x000000008c800000, 0x000000008c800000|100%| S|CS|TAMS 0x000000008c700000, 0x000000008c700000| Complete 
| 112|0x000000008c800000, 0x000000008c900000, 0x000000008c900000|100%| E|CS|TAMS 0x000000008c800000, 0x000000008c800000| Complete 
| 113|0x000000008c900000, 0x000000008ca00000, 0x000000008ca00000|100%| E|CS|TAMS 0x000000008c900000, 0x000000008c900000| Complete 
| 114|0x000000008ca00000, 0x000000008cb00000, 0x000000008cb00000|100%| E|CS|TAMS 0x000000008ca00000, 0x000000008ca00000| Complete 
| 115|0x000000008cb00000, 0x000000008cc00000, 0x000000008cc00000|100%| E|CS|TAMS 0x000000008cb00000, 0x000000008cb00000| Complete 
| 116|0x000000008cc00000, 0x000000008cd00000, 0x000000008cd00000|100%| E|CS|TAMS 0x000000008cc00000, 0x000000008cc00000| Complete 
| 117|0x000000008cd00000, 0x000000008ce00000, 0x000000008ce00000|100%| E|CS|TAMS 0x000000008cd00000, 0x000000008cd00000| Complete 
| 118|0x000000008ce00000, 0x000000008cf00000, 0x000000008cf00000|100%| E|CS|TAMS 0x000000008ce00000, 0x000000008ce00000| Complete 
| 119|0x000000008cf00000, 0x000000008d000000, 0x000000008d000000|100%| E|CS|TAMS 0x000000008cf00000, 0x000000008cf00000| Complete 
| 120|0x000000008d000000, 0x000000008d100000, 0x000000008d100000|100%| E|CS|TAMS 0x000000008d000000, 0x000000008d000000| Complete 
| 121|0x000000008d100000, 0x000000008d200000, 0x000000008d200000|100%| E|CS|TAMS 0x000000008d100000, 0x000000008d100000| Complete 
| 122|0x000000008d200000, 0x000000008d300000, 0x000000008d300000|100%| E|CS|TAMS 0x000000008d200000, 0x000000008d200000| Complete 
| 123|0x000000008d300000, 0x000000008d400000, 0x000000008d400000|100%| E|CS|TAMS 0x000000008d300000, 0x000000008d300000| Complete 

Card table byte_map: [0x0000016ec4600000,0x0000016ec49e0000] _byte_map_base: 0x0000016ec41d4000

Marking Bits (Prev, Next): (CMBitMap*) 0x0000016eb1409038, (CMBitMap*) 0x0000016eb1409070
 Prev Bits: [0x0000016ec4dc0000, 0x0000016ec6c60000)
 Next Bits: [0x0000016ec6c60000, 0x0000016ec8b00000)

Polling page: 0x0000016eaf3e0000

Metaspace:

Usage:
  Non-class:     39.14 MB capacity,    38.86 MB (>99%) used,   220.69 KB ( <1%) free+waste,    64.44 KB ( <1%) overhead. 
      Class:      5.40 MB capacity,     5.19 MB ( 96%) used,   182.78 KB (  3%) free+waste,    28.31 KB ( <1%) overhead. 
       Both:     44.54 MB capacity,    44.06 MB ( 99%) used,   403.47 KB ( <1%) free+waste,    92.75 KB ( <1%) overhead. 

Virtual space:
  Non-class space:       40.00 MB reserved,      39.25 MB ( 98%) committed 
      Class space:        1.00 GB reserved,       5.42 MB ( <1%) committed 
             Both:        1.04 GB reserved,      44.67 MB (  4%) committed 

Chunk freelists:
   Non-Class:  47.00 KB
       Class:  7.00 KB
        Both:  54.00 KB

MaxMetaspaceSize: 17179869184.00 GB
CompressedClassSpaceSize: 1.00 GB
Initial GC threshold: 20.80 MB
Current GC threshold: 59.42 MB
CDS: off

CodeHeap 'non-profiled nmethods': size=120000Kb used=1323Kb max_used=1323Kb free=118676Kb
 bounds [0x0000016ebc9c0000, 0x0000016ebcc30000, 0x0000016ec3ef0000]
CodeHeap 'profiled nmethods': size=120000Kb used=5759Kb max_used=5759Kb free=114241Kb
 bounds [0x0000016eb5490000, 0x0000016eb5a30000, 0x0000016ebc9c0000]
CodeHeap 'non-nmethods': size=5760Kb used=1276Kb max_used=1310Kb free=4483Kb
 bounds [0x0000016eb4ef0000, 0x0000016eb5160000, 0x0000016eb5490000]
 total_blobs=3564 nmethods=3011 adapters=465
 compilation: enabled
              stopped_count=0, restarted_count=0
 full_count=0

Compilation events (20 events):
Event: 2.492 Thread 0x0000016ecb56a800 2999       3       org.jetbrains.kotlin.com.intellij.openapi.progress.impl.CoreProgressManager::doCheckCanceled (43 bytes)
Event: 2.492 Thread 0x0000016ecb56a800 nmethod 2999 0x0000016eb5a2ab90 code [0x0000016eb5a2ade0, 0x0000016eb5a2b698]
Event: 2.493 Thread 0x0000016ecbed0000 nmethod 2998 0x0000016ebcb09310 code [0x0000016ebcb094a0, 0x0000016ebcb095f8]
Event: 2.493 Thread 0x0000016ecb56a800 3000       3       org.jetbrains.kotlin.com.intellij.psi.impl.source.tree.TreeElement::getTreeParent (5 bytes)
Event: 2.493 Thread 0x0000016ecb56a800 nmethod 3000 0x0000016eb5a2b910 code [0x0000016eb5a2bac0, 0x0000016eb5a2bbd8]
Event: 2.493 Thread 0x0000016ecb56a800 3001       1       org.jetbrains.kotlin.com.intellij.psi.impl.source.SubstrateRef::getStub (2 bytes)
Event: 2.494 Thread 0x0000016ecb56a800 nmethod 3001 0x0000016ebcb09790 code [0x0000016ebcb09940, 0x0000016ebcb099f8]
Event: 2.494 Thread 0x0000016ecb56a800 3002       3       org.jetbrains.kotlin.com.intellij.extapi.psi.StubBasedPsiElementBase::getNode (122 bytes)
Event: 2.495 Thread 0x0000016ecb56a800 nmethod 3002 0x0000016eb5a2bc90 code [0x0000016eb5a2bf60, 0x0000016eb5a2cda8]
Event: 2.495 Thread 0x0000016ecb56a800 3003       3       org.jetbrains.kotlin.com.intellij.psi.impl.source.SubstrateRef$2::getNode (13 bytes)
Event: 2.495 Thread 0x0000016ecb56a800 nmethod 3003 0x0000016eb5a2d090 code [0x0000016eb5a2d240, 0x0000016eb5a2d3c8]
Event: 2.495 Thread 0x0000016ecb56a800 3004       1       org.jetbrains.kotlin.com.intellij.mock.MockComponentManager::isDisposed (5 bytes)
Event: 2.495 Thread 0x0000016ecb56a800 nmethod 3004 0x0000016ebcb09a90 code [0x0000016ebcb09c40, 0x0000016ebcb09cf8]
Event: 2.497 Thread 0x0000016ecbed0000 3005       4       java.util.jar.JarFile::getManifest (5 bytes)
Event: 2.500 Thread 0x0000016ecb56a800 3007       3       java.lang.Thread::interrupted (8 bytes)
Event: 2.500 Thread 0x0000016ecb56a800 nmethod 3007 0x0000016eb5a2d490 code [0x0000016eb5a2d640, 0x0000016eb5a2d768]
Event: 2.505 Thread 0x0000016ecbed0000 nmethod 3005 0x0000016ebcb09d90 code [0x0000016ebcb09fc0, 0x0000016ebcb0a660]
Event: 2.505 Thread 0x0000016ecbed0000 3006   !   4       jdk.internal.loader.BuiltinClassLoader::findClassOnClassPathOrNull (64 bytes)
Event: 2.516 Thread 0x0000016ecb56a800 3008       3       org.jetbrains.kotlin.com.intellij.util.containers.ConcurrentIntObjectHashMap$Node::<init> (26 bytes)
Event: 2.516 Thread 0x0000016ecb56a800 nmethod 3008 0x0000016eb5a2d810 code [0x0000016eb5a2d9c0, 0x0000016eb5a2dbf8]

GC Heap History (8 events):
Event: 0.464 GC heap before
{Heap before GC invocations=0 (full 0):
 garbage-first heap   total 126976K, used 28672K [0x0000000085800000, 0x0000000100000000)
  region size 1024K, 24 young (24576K), 0 survivors (0K)
 Metaspace       used 12137K, capacity 12280K, committed 12544K, reserved 1060864K
  class space    used 1121K, capacity 1175K, committed 1280K, reserved 1048576K
}
Event: 0.468 GC heap after
{Heap after GC invocations=1 (full 0):
 garbage-first heap   total 126976K, used 6928K [0x0000000085800000, 0x0000000100000000)
  region size 1024K, 3 young (3072K), 3 survivors (3072K)
 Metaspace       used 12137K, capacity 12280K, committed 12544K, reserved 1060864K
  class space    used 1121K, capacity 1175K, committed 1280K, reserved 1048576K
}
Event: 1.005 GC heap before
{Heap before GC invocations=1 (full 0):
 garbage-first heap   total 126976K, used 45840K [0x0000000085800000, 0x0000000100000000)
  region size 1024K, 42 young (43008K), 3 survivors (3072K)
 Metaspace       used 21046K, capacity 21200K, committed 21296K, reserved 1069056K
  class space    used 2227K, capacity 2308K, committed 2352K, reserved 1048576K
}
Event: 1.018 GC heap after
{Heap after GC invocations=2 (full 0):
 garbage-first heap   total 126976K, used 10516K [0x0000000085800000, 0x0000000100000000)
  region size 1024K, 7 young (7168K), 7 survivors (7168K)
 Metaspace       used 21046K, capacity 21200K, committed 21296K, reserved 1069056K
  class space    used 2227K, capacity 2308K, committed 2352K, reserved 1048576K
}
Event: 1.786 GC heap before
{Heap before GC invocations=3 (full 0):
 garbage-first heap   total 126976K, used 68884K [0x0000000085800000, 0x0000000100000000)
  region size 1024K, 58 young (59392K), 7 survivors (7168K)
 Metaspace       used 33643K, capacity 34082K, committed 34352K, reserved 1079296K
  class space    used 4156K, capacity 4337K, committed 4400K, reserved 1048576K
}
Event: 1.808 GC heap after
{Heap after GC invocations=4 (full 0):
 garbage-first heap   total 126976K, used 22849K [0x0000000085800000, 0x0000000100000000)
  region size 1024K, 8 young (8192K), 8 survivors (8192K)
 Metaspace       used 33643K, capacity 34082K, committed 34352K, reserved 1079296K
  class space    used 4156K, capacity 4337K, committed 4400K, reserved 1048576K
}
Event: 1.954 GC heap before
{Heap before GC invocations=4 (full 0):
 garbage-first heap   total 126976K, used 34113K [0x0000000085800000, 0x0000000100000000)
  region size 1024K, 20 young (20480K), 8 survivors (8192K)
 Metaspace       used 35439K, capacity 35853K, committed 35920K, reserved 1081344K
  class space    used 4342K, capacity 4501K, committed 4528K, reserved 1048576K
}
Event: 1.967 GC heap after
{Heap after GC invocations=5 (full 0):
 garbage-first heap   total 126976K, used 22755K [0x0000000085800000, 0x0000000100000000)
  region size 1024K, 2 young (2048K), 2 survivors (2048K)
 Metaspace       used 35439K, capacity 35853K, committed 35920K, reserved 1081344K
  class space    used 4342K, capacity 4501K, committed 4528K, reserved 1048576K
}

Deoptimization events (20 events):
Event: 2.377 Thread 0x0000016eb13c8800 Uncommon trap: trap_request=0xffffff4d fr.pc=0x0000016ebc9e83e8 relative=0x0000000000000c48
Event: 2.378 Thread 0x0000016eb13c8800 Uncommon trap: reason=unstable_if action=reinterpret pc=0x0000016ebc9e83e8 method=java.lang.StringCoding.encodeUTF8(B[BZ)[B @ 2 c2
Event: 2.378 Thread 0x0000016eb13c8800 DEOPT PACKING pc=0x0000016ebc9e83e8 sp=0x0000003610af5db0
Event: 2.378 Thread 0x0000016eb13c8800 DEOPT UNPACKING pc=0x0000016eb4ef85af sp=0x0000003610af5ba0 mode 2
Event: 2.378 Thread 0x0000016eb13c8800 Uncommon trap: trap_request=0xffffff4d fr.pc=0x0000016ebca769b4 relative=0x0000000000000334
Event: 2.378 Thread 0x0000016eb13c8800 Uncommon trap: reason=unstable_if action=reinterpret pc=0x0000016ebca769b4 method=sun.net.www.ParseUtil.firstEncodeIndex(Ljava/lang/String;)I @ 27 c2
Event: 2.378 Thread 0x0000016eb13c8800 DEOPT PACKING pc=0x0000016ebca769b4 sp=0x0000003610af5ef0
Event: 2.378 Thread 0x0000016eb13c8800 DEOPT UNPACKING pc=0x0000016eb4ef85af sp=0x0000003610af5d58 mode 2
Event: 2.378 Thread 0x0000016eb13c8800 Uncommon trap: trap_request=0xffffff4d fr.pc=0x0000016ebca8d238 relative=0x0000000000000198
Event: 2.378 Thread 0x0000016eb13c8800 Uncommon trap: reason=unstable_if action=reinterpret pc=0x0000016ebca8d238 method=java.lang.String.indexOf(II)I @ 4 c2
Event: 2.378 Thread 0x0000016eb13c8800 DEOPT PACKING pc=0x0000016ebca8d238 sp=0x0000003610af5bc0
Event: 2.378 Thread 0x0000016eb13c8800 DEOPT UNPACKING pc=0x0000016eb4ef85af sp=0x0000003610af5b70 mode 2
Event: 2.378 Thread 0x0000016eb13c8800 Uncommon trap: trap_request=0xffffff4d fr.pc=0x0000016ebca8c9b4 relative=0x0000000000000194
Event: 2.378 Thread 0x0000016eb13c8800 Uncommon trap: reason=unstable_if action=reinterpret pc=0x0000016ebca8c9b4 method=java.lang.String.startsWith(Ljava/lang/String;I)Z @ 46 c2
Event: 2.378 Thread 0x0000016eb13c8800 DEOPT PACKING pc=0x0000016ebca8c9b4 sp=0x0000003610af5cc0
Event: 2.378 Thread 0x0000016eb13c8800 DEOPT UNPACKING pc=0x0000016eb4ef85af sp=0x0000003610af5c28 mode 2
Event: 2.378 Thread 0x0000016eb13c8800 Uncommon trap: trap_request=0xffffff4d fr.pc=0x0000016ebcaf37a4 relative=0x0000000000000644
Event: 2.378 Thread 0x0000016eb13c8800 Uncommon trap: reason=unstable_if action=reinterpret pc=0x0000016ebcaf37a4 method=java.lang.String.lastIndexOf(II)I @ 4 c2
Event: 2.378 Thread 0x0000016eb13c8800 DEOPT PACKING pc=0x0000016ebcaf37a4 sp=0x0000003610af5d30
Event: 2.378 Thread 0x0000016eb13c8800 DEOPT UNPACKING pc=0x0000016eb4ef85af sp=0x0000003610af5c20 mode 2

Classes redefined (0 events):
No events

Internal exceptions (20 events):
Event: 0.952 Thread 0x0000016eb13c8800 Exception <a 'java/lang/NoSuchMethodError'{0x000000008afe73b8}: 'java.lang.Object java.lang.invoke.DirectMethodHandle$Holder.invokeStaticInit(java.lang.Object, int)'> (0x000000008afe73b8) thrown at [src/hotspot/share/interpreter/linkResolver.cpp, line 773]
Event: 0.977 Thread 0x0000016eb13c8800 Exception <a 'java/lang/NoSuchMethodError'{0x000000008adbf700}: 'long java.lang.invoke.DirectMethodHandle$Holder.invokeStatic(java.lang.Object)'> (0x000000008adbf700) thrown at [src/hotspot/share/interpreter/linkResolver.cpp, line 773]
Event: 0.977 Thread 0x0000016eb13c8800 Exception <a 'java/lang/NoSuchMethodError'{0x000000008adc2558}: 'long java.lang.invoke.DirectMethodHandle$Holder.invokeStaticInit(java.lang.Object)'> (0x000000008adc2558) thrown at [src/hotspot/share/interpreter/linkResolver.cpp, line 773]
Event: 0.995 Thread 0x0000016eb13c8800 Exception <a 'java/lang/NoSuchMethodError'{0x000000008ab35890}: 'int java.lang.invoke.DirectMethodHandle$Holder.invokeSpecialIFC(java.lang.Object, java.lang.Object, int)'> (0x000000008ab35890) thrown at [src/hotspot/share/interpreter/linkResolver.cpp, line 773]
Event: 1.045 Thread 0x0000016eb13c8800 Exception <a 'java/lang/NoSuchMethodError'{0x000000008d2c3648}: 'int java.lang.invoke.DirectMethodHandle$Holder.invokeStaticInit(java.lang.Object, java.lang.Object, java.lang.Object)'> (0x000000008d2c3648) thrown at [src/hotspot/share/interpreter/linkResolver.cpp, line 773]
Event: 1.049 Thread 0x0000016eb13c8800 Exception <a 'java/lang/NoSuchMethodError'{0x000000008d2eed28}: 'int java.lang.invoke.DirectMethodHandle$Holder.invokeStaticInit(java.lang.Object, java.lang.Object)'> (0x000000008d2eed28) thrown at [src/hotspot/share/interpreter/linkResolver.cpp, line 773]
Event: 1.087 Thread 0x0000016eb13c8800 Exception <a 'java/lang/NoSuchMethodError'{0x000000008cf02a18}: 'void java.lang.invoke.DirectMethodHandle$Holder.invokeSpecial(java.lang.Object, java.lang.Object)'> (0x000000008cf02a18) thrown at [src/hotspot/share/interpreter/linkResolver.cpp, line 773]
Event: 1.230 Thread 0x0000016eb13c8800 Exception <a 'java/lang/NoSuchMethodError'{0x000000008c7b2488}: 'java.lang.Object java.lang.invoke.DirectMethodHandle$Holder.invokeStatic(java.lang.Object, java.lang.Object, java.lang.Object, java.lang.Object, java.lang.Object, java.lang.Object, java.lang.Object, java.lang.Object, java.lang.Object, java.lang.Object, java.lang.Object, java.lang.Object, java.lang.Object, java.lang.Object, java.lang.Object)'> (0x000000008c7b2488) thrown at [src/hotspot/share/interpreter/linkResolver.cpp, line 773]
Event: 1.231 Thread 0x0000016eb13c8800 Exception <a 'java/lang/NoSuchMethodError'{0x000000008c7c0490}: 'java.lang.Object java.lang.invoke.DirectMethodHandle$Holder.invokeStatic(java.lang.Object, java.lang.Object, java.lang.Object, java.lang.Object, java.lang.Object, java.lang.Object, java.lang.Object, java.lang.Object, java.lang.Object, java.lang.Object, java.lang.Object, java.lang.Object, java.lang.Object, java.lang.Object, java.lang.Object, java.lang.Object)'> (0x000000008c7c0490) thrown at [src/hotspot/share/interpreter/linkResolver.cpp, lin
Event: 1.232 Thread 0x0000016eb13c8800 Exception <a 'java/lang/NoSuchMethodError'{0x000000008c7ce3a8}: 'java.lang.Object java.lang.invoke.DirectMethodHandle$Holder.invokeSpecial(java.lang.Object, java.lang.Object, int, int, java.lang.Object, java.lang.Object, java.lang.Object)'> (0x000000008c7ce3a8) thrown at [src/hotspot/share/interpreter/linkResolver.cpp, line 773]
Event: 1.232 Thread 0x0000016eb13c8800 Exception <a 'java/lang/NoSuchMethodError'{0x000000008c7d1be0}: 'java.lang.Object java.lang.invoke.DelegatingMethodHandle$Holder.reinvoke_L(java.lang.Object, int, int, java.lang.Object, java.lang.Object, java.lang.Object)'> (0x000000008c7d1be0) thrown at [src/hotspot/share/interpreter/linkResolver.cpp, line 773]
Event: 1.233 Thread 0x0000016eb13c8800 Exception <a 'java/lang/NoSuchMethodError'{0x000000008c7d5f68}: 'java.lang.Object java.lang.invoke.DirectMethodHandle$Holder.invokeStatic(java.lang.Object, java.lang.Object, java.lang.Object, java.lang.Object, int)'> (0x000000008c7d5f68) thrown at [src/hotspot/share/interpreter/linkResolver.cpp, line 773]
Event: 1.263 Thread 0x0000016eb13c8800 Exception <a 'java/lang/NoSuchMethodError'{0x000000008c6fa818}: 'void java.lang.invoke.DirectMethodHandle$Holder.invokeStatic(java.lang.Object, java.lang.Object, java.lang.Object, java.lang.Object)'> (0x000000008c6fa818) thrown at [src/hotspot/share/interpreter/linkResolver.cpp, line 773]
Event: 1.311 Thread 0x0000016eb13c8800 Exception <a 'java/lang/NoSuchMethodError'{0x000000008c2df1a8}: 'void java.lang.invoke.DirectMethodHandle$Holder.invokeStaticInit(java.lang.Object, java.lang.Object)'> (0x000000008c2df1a8) thrown at [src/hotspot/share/interpreter/linkResolver.cpp, line 773]
Event: 1.372 Thread 0x0000016eb13c8800 Exception <a 'java/lang/NoSuchMethodError'{0x000000008bd3db18}: 'void java.lang.invoke.DirectMethodHandle$Holder.invokeVirtual(java.lang.Object, java.lang.Object)'> (0x000000008bd3db18) thrown at [src/hotspot/share/interpreter/linkResolver.cpp, line 773]
Event: 1.380 Thread 0x0000016eb13c8800 Exception <a 'java/lang/NoSuchMethodError'{0x000000008bdd1758}: 'int java.lang.invoke.DirectMethodHandle$Holder.invokeVirtual(java.lang.Object, java.lang.Object)'> (0x000000008bdd1758) thrown at [src/hotspot/share/interpreter/linkResolver.cpp, line 773]
Event: 1.921 Thread 0x0000016eb13c8800 Exception <a 'java/lang/NoSuchMethodError'{0x000000008ca04dd8}: 'java.lang.Object java.lang.invoke.DirectMethodHandle$Holder.invokeVirtual(java.lang.Object, java.lang.Object, java.lang.Object)'> (0x000000008ca04dd8) thrown at [src/hotspot/share/interpreter/linkResolver.cpp, line 773]
Event: 2.488 Thread 0x0000016eb13c8800 Exception <a 'java/lang/NoSuchMethodError'{0x000000008a94ec90}: 'java.lang.Object java.lang.invoke.DirectMethodHandle$Holder.invokeStatic(java.lang.Object, java.lang.Object, java.lang.Object, int)'> (0x000000008a94ec90) thrown at [src/hotspot/share/interpreter/linkResolver.cpp, line 773]
Event: 2.489 Thread 0x0000016eb13c8800 Exception <a 'java/lang/NoSuchMethodError'{0x000000008a952900}: 'java.lang.Object java.lang.invoke.DirectMethodHandle$Holder.invokeSpecial(java.lang.Object, java.lang.Object, java.lang.Object, java.lang.Object, int)'> (0x000000008a952900) thrown at [src/hotspot/share/interpreter/linkResolver.cpp, line 773]
Event: 2.489 Thread 0x0000016eb13c8800 Exception <a 'java/lang/NoSuchMethodError'{0x000000008a955c10}: 'java.lang.Object java.lang.invoke.Invokers$Holder.linkToTargetMethod(java.lang.Object, java.lang.Object, int, java.lang.Object)'> (0x000000008a955c10) thrown at [src/hotspot/share/interpreter/linkResolver.cpp, line 773]

Events (20 events):
Event: 2.517 loading class org/jetbrains/kotlin/com/intellij/psi/PsiCodeFragment
Event: 2.517 loading class org/jetbrains/kotlin/com/intellij/psi/PsiCodeFragment done
Event: 2.520 loading class org/jetbrains/kotlin/psi/KtTypeElement
Event: 2.520 loading class org/jetbrains/kotlin/psi/KtTypeElement done
Event: 2.520 loading class org/jetbrains/kotlin/psi/KtTypeElement
Event: 2.520 loading class org/jetbrains/kotlin/psi/KtTypeElement done
Event: 2.520 loading class org/jetbrains/kotlin/com/intellij/util/ArrayFactory
Event: 2.520 loading class org/jetbrains/kotlin/com/intellij/util/ArrayFactory done
Event: 2.521 loading class org/jetbrains/kotlin/resolve/TypeResolver$resolveTypeElement$suspendModifier$2
Event: 2.521 loading class org/jetbrains/kotlin/resolve/TypeResolver$resolveTypeElement$suspendModifier$2 done
Event: 2.521 loading class org/jetbrains/kotlin/resolve/TypeResolver$resolveTypeElement$1
Event: 2.521 loading class org/jetbrains/kotlin/resolve/TypeResolver$resolveTypeElement$1 done
Event: 2.523 loading class org/jetbrains/kotlin/resolve/scopes/LexicalScope$DefaultImpls
Event: 2.523 loading class org/jetbrains/kotlin/resolve/scopes/LexicalScope$DefaultImpls done
Event: 2.524 loading class org/jetbrains/kotlin/resolve/scopes/HierarchicalScope$DefaultImpls
Event: 2.524 loading class org/jetbrains/kotlin/resolve/scopes/HierarchicalScope$DefaultImpls done
Event: 2.524 loading class org/jetbrains/kotlin/resolve/scopes/ResolutionScope$DefaultImpls
Event: 2.524 loading class org/jetbrains/kotlin/resolve/scopes/ResolutionScope$DefaultImpls done
Event: 2.524 loading class org/jetbrains/kotlin/resolve/extensions/ExtraImportsProviderExtension$Companion$CompoundExtraImportsProviderExtension
Event: 2.524 loading class org/jetbrains/kotlin/resolve/extensions/ExtraImportsProviderExtension$Companion$CompoundExtraImportsProviderExtension done


Dynamic libraries:
0x00007ff656c70000 - 0x00007ff656c7a000 	C:\Program Files\Android\Android Studio1\jbr\bin\java.exe
0x00007ffbe0830000 - 0x00007ffbe0a28000 	C:\windows\SYSTEM32\ntdll.dll
0x00007ffbdfc20000 - 0x00007ffbdfcdd000 	C:\windows\System32\KERNEL32.DLL
0x00007ffbddef0000 - 0x00007ffbde1e6000 	C:\windows\System32\KERNELBASE.dll
0x00007ffbde460000 - 0x00007ffbde560000 	C:\windows\System32\ucrtbase.dll
0x00007ffbc29d0000 - 0x00007ffbc29eb000 	C:\Program Files\Android\Android Studio1\jbr\bin\VCRUNTIME140.dll
0x00007ffbc74a0000 - 0x00007ffbc74b7000 	C:\Program Files\Android\Android Studio1\jbr\bin\jli.dll
0x00007ffbe0590000 - 0x00007ffbe072e000 	C:\windows\System32\USER32.dll
0x00007ffbde6b0000 - 0x00007ffbde6d2000 	C:\windows\System32\win32u.dll
0x00007ffbc2db0000 - 0x00007ffbc304a000 	C:\windows\WinSxS\amd64_microsoft.windows.common-controls_6595b64144ccf1df_6.0.19041.3636_none_60b6a03d71f818d5\COMCTL32.dll
0x00007ffbdfaa0000 - 0x00007ffbdfacb000 	C:\windows\System32\GDI32.dll
0x00007ffbde750000 - 0x00007ffbde867000 	C:\windows\System32\gdi32full.dll
0x00007ffbe0100000 - 0x00007ffbe019e000 	C:\windows\System32\msvcrt.dll
0x00007ffbde610000 - 0x00007ffbde6ad000 	C:\windows\System32\msvcp_win.dll
0x00007ffbdf490000 - 0x00007ffbdf4c2000 	C:\windows\System32\IMM32.DLL
0x00007ffbc7460000 - 0x00007ffbc746c000 	C:\Program Files\Android\Android Studio1\jbr\bin\vcruntime140_1.dll
0x00007ffb97530000 - 0x00007ffb975bd000 	C:\Program Files\Android\Android Studio1\jbr\bin\msvcp140.dll
0x00007ffb5b890000 - 0x00007ffb5c44c000 	C:\Program Files\Android\Android Studio1\jbr\bin\server\jvm.dll
0x00007ffbdfce0000 - 0x00007ffbdfd93000 	C:\windows\System32\ADVAPI32.dll
0x00007ffbdfad0000 - 0x00007ffbdfb6f000 	C:\windows\System32\sechost.dll
0x00007ffbdf130000 - 0x00007ffbdf256000 	C:\windows\System32\RPCRT4.dll
0x00007ffbde430000 - 0x00007ffbde457000 	C:\windows\System32\bcrypt.dll
0x00007ffbe01a0000 - 0x00007ffbe01a8000 	C:\windows\System32\PSAPI.DLL
0x00007ffb5d3e0000 - 0x00007ffb5d3e9000 	C:\windows\SYSTEM32\WSOCK32.dll
0x00007ffbd1eb0000 - 0x00007ffbd1eba000 	C:\windows\SYSTEM32\VERSION.dll
0x00007ffbba210000 - 0x00007ffbba237000 	C:\windows\SYSTEM32\WINMM.dll
0x00007ffbe01d0000 - 0x00007ffbe023b000 	C:\windows\System32\WS2_32.dll
0x00007ffbdc730000 - 0x00007ffbdc742000 	C:\windows\SYSTEM32\kernel.appcore.dll
0x00007ffb5d3d0000 - 0x00007ffb5d3e0000 	C:\Program Files\Android\Android Studio1\jbr\bin\verify.dll
0x00007ffbdbc80000 - 0x00007ffbdbe64000 	C:\windows\SYSTEM32\DBGHELP.DLL
0x00007ffbbd400000 - 0x00007ffbbd434000 	C:\windows\SYSTEM32\dbgcore.DLL
0x00007ffbde1f0000 - 0x00007ffbde272000 	C:\windows\System32\bcryptPrimitives.dll
0x00007ffb5d3a0000 - 0x00007ffb5d3c8000 	C:\Program Files\Android\Android Studio1\jbr\bin\java.dll
0x00007ffb5d390000 - 0x00007ffb5d39a000 	C:\Program Files\Android\Android Studio1\jbr\bin\jimage.dll
0x00007ffb5d370000 - 0x00007ffb5d388000 	C:\Program Files\Android\Android Studio1\jbr\bin\zip.dll
0x00007ffbde870000 - 0x00007ffbdefb5000 	C:\windows\System32\SHELL32.dll
0x00007ffbdbf80000 - 0x00007ffbdc71c000 	C:\windows\SYSTEM32\windows.storage.dll
0x00007ffbdfda0000 - 0x00007ffbe00f4000 	C:\windows\System32\combase.dll
0x00007ffbdd920000 - 0x00007ffbdd94e000 	C:\windows\SYSTEM32\Wldp.dll
0x00007ffbdf560000 - 0x00007ffbdf62d000 	C:\windows\System32\OLEAUT32.dll
0x00007ffbdfb70000 - 0x00007ffbdfc1d000 	C:\windows\System32\SHCORE.dll
0x00007ffbe03f0000 - 0x00007ffbe0445000 	C:\windows\System32\shlwapi.dll
0x00007ffbdde20000 - 0x00007ffbdde45000 	C:\windows\SYSTEM32\profapi.dll
0x00007ffb5d350000 - 0x00007ffb5d369000 	C:\Program Files\Android\Android Studio1\jbr\bin\net.dll
0x00007ffbd5d50000 - 0x00007ffbd5e5a000 	C:\windows\SYSTEM32\WINHTTP.dll
0x00007ffbdd680000 - 0x00007ffbdd6ea000 	C:\windows\system32\mswsock.dll
0x00007ffb5d330000 - 0x00007ffb5d343000 	C:\Program Files\Android\Android Studio1\jbr\bin\nio.dll

dbghelp: loaded successfully - version: 4.0.5 - missing functions: none
symbol engine: initialized successfully - sym options: 0x614 - pdb path: .;C:\Program Files\Android\Android Studio1\jbr\bin;C:\windows\SYSTEM32;C:\windows\WinSxS\amd64_microsoft.windows.common-controls_6595b64144ccf1df_6.0.19041.3636_none_60b6a03d71f818d5;C:\Program Files\Android\Android Studio1\jbr\bin\server

VM Arguments:
java_command: org.jetbrains.kotlin.cli.jvm.K2JVMCompiler @C:\Users\a\AndroidStudioProjects\AdminJustEat\app\build\20240229_1068562588994228216.compiler.options
java_class_path (initial): C:\Users\a\.gradle\caches\modules-2\files-2.1\org.jetbrains.kotlin\kotlin-compiler-embeddable\1.8.0\eb9118d4bcceaa2a94b2ae2a33a4ddba7c9a947f\kotlin-compiler-embeddable-1.8.0.jar;C:\Users\a\.gradle\caches\modules-2\files-2.1\org.jetbrains.kotlin\kotlin-stdlib\1.8.0\1796921c7a3e2e2665a83e6c8d33399336cd39bc\kotlin-stdlib-1.8.0.jar;C:\Users\a\.gradle\caches\modules-2\files-2.1\org.jetbrains.kotlin\kotlin-script-runtime\1.8.0\b2f7e760d283cb339974851c222a4c1d48f2d3d\kotlin-script-runtime-1.8.0.jar;C:\Users\a\.gradle\caches\modules-2\files-2.1\org.jetbrains.kotlin\kotlin-reflect\1.6.10\1cbe9c92c12a94eea200d23c2bbaedaf3daf5132\kotlin-reflect-1.6.10.jar;C:\Users\a\.gradle\caches\modules-2\files-2.1\org.jetbrains.kotlin\kotlin-daemon-embeddable\1.8.0\d255216c551685dc3a7e852b53617f5f01aaaa5c\kotlin-daemon-embeddable-1.8.0.jar;C:\Users\a\.gradle\caches\modules-2\files-2.1\org.jetbrains.intellij.deps\trove4j\1.0.20200330\3afb14d5f9ceb459d724e907a21145e8ff394f02\trove4j-1.0.20200330.jar;C:\Users\a\.gradle\caches\modules-2\files-2.1\net.java.dev.jna\jna\5.6.0\330f2244e9030119ab3030fc3fededc86713d9cc\jna-5.6.0.jar;C:\Users\a\.gradle\caches\modules-2\files-2.1\org.jetbrains.kotlin\kotlin-stdlib-common\1.8.0\f7197e7cc76453ac59f8b0f8d5137cc600becd36\kotlin-stdlib-common-1.8.0.jar;C:\Users\a\.gradle\caches\modules-2\files-2.1\org.jetbrains\annotations\13.0\919f0dfe192fb4e063e7dacadee7f8bb9a2672a9\annotations-13.0.jar
Launcher Type: SUN_STANDARD

[Global flags]
     intx CICompilerCount                          = 4                                         {product} {ergonomic}
     uint ConcGCThreads                            = 2                                         {product} {ergonomic}
     uint G1ConcRefinementThreads                  = 8                                         {product} {ergonomic}
   size_t G1HeapRegionSize                         = 1048576                                   {product} {ergonomic}
    uintx GCDrainStackTargetSize                   = 64                                        {product} {ergonomic}
   size_t InitialHeapSize                          = 130023424                                 {product} {ergonomic}
   size_t MarkStackSize                            = 4194304                                   {product} {ergonomic}
   size_t MaxHeapSize                              = 2055208960                                {product} {ergonomic}
   size_t MaxNewSize                               = 1233125376                                {product} {ergonomic}
   size_t MinHeapDeltaBytes                        = 1048576                                   {product} {ergonomic}
    uintx NonNMethodCodeHeapSize                   = 5836300                                {pd product} {ergonomic}
    uintx NonProfiledCodeHeapSize                  = 122910970                              {pd product} {ergonomic}
    uintx ProfiledCodeHeapSize                     = 122910970                              {pd product} {ergonomic}
    uintx ReservedCodeCacheSize                    = 251658240                              {pd product} {ergonomic}
     bool SegmentedCodeCache                       = true                                      {product} {ergonomic}
     bool UseCompressedClassPointers               = true                                 {lp64_product} {ergonomic}
     bool UseCompressedOops                        = true                                 {lp64_product} {ergonomic}
     bool UseG1GC                                  = true                                      {product} {ergonomic}
     bool UseLargePagesIndividualAllocation        = false                                  {pd product} {ergonomic}

Logging:
Log output configuration:
 #0: stdout all=warning uptime,level,tags
 #1: stderr all=off uptime,level,tags

Environment Variables:
PATH=C:\python 3.10\Scripts\;C:\python 3.10\;C:\Program Files\Common Files\Oracle\Java\javapath;C:\windows\system32;C:\windows;C:\windows\System32\Wbem;C:\windows\System32\WindowsPowerShell\v1.0\;C:\windows\System32\OpenSSH\;C:\Program Files\Git\cmd;C:\MinGW\bin;C:\ProgramData\chocolatey\bin;C:\Program Files\MySQL\MySQL Server 8.0\bin;C:\Program Files\MySQL\MySQL Shell 8.0\bin\;C:\Users\a\AppData\Local\Microsoft\WindowsApps;C:\Users\a\AppData\Local\Programs\Microsoft VS Code\bin;C:\Program Files\JetBrains\IntelliJ IDEA Community Edition 2021.3.3\New folder\IntelliJ IDEA Community Edition 2021.3.3\bin;
USERNAME=a
OS=Windows_NT
PROCESSOR_IDENTIFIER=Intel64 Family 6 Model 140 Stepping 1, GenuineIntel



---------------  S Y S T E M  ---------------

OS: Windows 10 , 64 bit Build 19041 (10.0.19041.3636)
OS uptime: 0 days 1:32 hours

CPU:total 8 (initial active 8) (4 cores per cpu, 2 threads per core) family 6 model 140 stepping 1 microcode 0x9a, cmov, cx8, fxsr, mmx, sse, sse2, sse3, ssse3, sse4.1, sse4.2, popcnt, avx, avx2, aes, clmul, erms, 3dnowpref, lzcnt, ht, tsc, tscinvbit, bmi1, bmi2, adx, evex, sha, fma

Memory: 4k page, system-wide physical 7834M (1463M free)
TotalPageFile size 10634M (AvailPageFile size 5M)
current process WorkingSet (physical memory assigned to process): 230M, peak: 230M
current process commit charge ("private bytes"): 306M, peak: 307M

vm_info: OpenJDK 64-Bit Server VM (11.0.15+0-b2043.56-9505619) for windows-amd64 JRE (11.0.15+0-b2043.56-9505619), built on Jan 19 2023 02:48:00 by "builduser" with unknown MS VC++:1929

END.
