#
# There is insufficient memory for the Java Runtime Environment to continue.
# Native memory allocation (mmap) failed to map 133169152 bytes for G1 virtual space
# Possible reasons:
#   The system is out of physical RAM or swap space
#   The process is running with CompressedOops enabled, and the Java Heap may be blocking the growth of the native heap
# Possible solutions:
#   Reduce memory load on the system
#   Increase physical memory or swap space
#   Check if swap backing store is full
#   Decrease Java heap size (-Xmx/-Xms)
#   Decrease number of Java threads
#   Decrease Java thread stack sizes (-Xss)
#   Set larger code cache with -XX:ReservedCodeCacheSize=
#   JVM is running with Unscaled Compressed Oops mode in which the Java heap is
#     placed in the first 4GB address space. The Java Heap base address is the
#     maximum limit for the native heap growth. Please use -XX:HeapBaseMinAddress
#     to set the Java Heap base and to place the Java Heap above 4GB virtual address.
# This output file may be truncated or incomplete.
#
#  Out of Memory Error (os_windows.cpp:3825), pid=11412, tid=2472
#
# JRE version: OpenJDK Runtime Environment (17.0.9) (build 17.0.9+0--11185874)
# Java VM: OpenJDK 64-Bit Server VM (17.0.9+0--11185874, mixed mode, tiered, compressed oops, compressed class ptrs, g1 gc, windows-amd64)
# No core dump will be written. Minidumps are not enabled by default on client versions of Windows
#

---------------  S U M M A R Y ------------

Command Line: org.jetbrains.kotlin.cli.jvm.K2JVMCompiler @C:\Users\a\AndroidStudioProjects\AdminJustEat\app\build\20240308_12909746777520915308.compiler.options

Host: 11th Gen Intel(R) Core(TM) i5-1135G7 @ 2.40GHz, 8 cores, 7G,  Windows 10 , 64 bit Build 19041 (10.0.19041.3636)
Time: Fri Mar  8 23:27:52 2024 India Standard Time elapsed time: 8.888127 seconds (0d 0h 0m 8s)

---------------  T H R E A D  ---------------

Current thread (0x0000021dab78a660):  VMThread "VM Thread" [stack: 0x0000003702200000,0x0000003702300000] [id=2472]

Stack: [0x0000003702200000,0x0000003702300000]
Native frames: (J=compiled Java code, j=interpreted, Vv=VM code, C=native code)
V  [jvm.dll+0x6886e9]
V  [jvm.dll+0x841e4a]
V  [jvm.dll+0x843a8e]
V  [jvm.dll+0x8440f3]
V  [jvm.dll+0x24c14f]
V  [jvm.dll+0x685499]
V  [jvm.dll+0x679c2a]
V  [jvm.dll+0x30cf9b]
V  [jvm.dll+0x314446]
V  [jvm.dll+0x36425e]
V  [jvm.dll+0x36448f]
V  [jvm.dll+0x2e2d68]
V  [jvm.dll+0x2e0f44]
V  [jvm.dll+0x2e054c]
V  [jvm.dll+0x3253fb]
V  [jvm.dll+0x8487eb]
V  [jvm.dll+0x849531]
V  [jvm.dll+0x849a4d]
V  [jvm.dll+0x849e24]
V  [jvm.dll+0x849ef0]
V  [jvm.dll+0x7f06aa]
V  [jvm.dll+0x687565]
C  [ucrtbase.dll+0x21bb2]
C  [KERNEL32.DLL+0x17344]
C  [ntdll.dll+0x526b1]

VM_Operation (0x0000003701cfd1d0): G1CollectForAllocation, mode: safepoint, requested by thread 0x0000021d91c4f470


---------------  P R O C E S S  ---------------

Threads class SMR info:
_java_thread_list=0x0000021db0c78b30, length=14, elements={
0x0000021d91c4f470, 0x0000021dab791580, 0x0000021dab791f40, 0x0000021dab7b4ff0,
0x0000021dab7b59b0, 0x0000021dab7b8380, 0x0000021dab7b8d40, 0x0000021dab7b9a30,
0x0000021dab92e720, 0x0000021dab92f120, 0x0000021daba94fb0, 0x0000021daba9cf90,
0x0000021dabb10c70, 0x0000021db12d6a80
}

Java Threads: ( => current thread )
  0x0000021d91c4f470 JavaThread "main" [_thread_blocked, id=3924, stack(0x0000003701c00000,0x0000003701d00000)]
  0x0000021dab791580 JavaThread "Reference Handler" daemon [_thread_blocked, id=2040, stack(0x0000003702300000,0x0000003702400000)]
  0x0000021dab791f40 JavaThread "Finalizer" daemon [_thread_blocked, id=16072, stack(0x0000003702400000,0x0000003702500000)]
  0x0000021dab7b4ff0 JavaThread "Signal Dispatcher" daemon [_thread_blocked, id=148, stack(0x0000003702500000,0x0000003702600000)]
  0x0000021dab7b59b0 JavaThread "Attach Listener" daemon [_thread_blocked, id=5544, stack(0x0000003702600000,0x0000003702700000)]
  0x0000021dab7b8380 JavaThread "Service Thread" daemon [_thread_blocked, id=8388, stack(0x0000003702700000,0x0000003702800000)]
  0x0000021dab7b8d40 JavaThread "Monitor Deflation Thread" daemon [_thread_blocked, id=16020, stack(0x0000003702800000,0x0000003702900000)]
  0x0000021dab7b9a30 JavaThread "C2 CompilerThread0" daemon [_thread_in_native, id=8852, stack(0x0000003702900000,0x0000003702a00000)]
  0x0000021dab92e720 JavaThread "C1 CompilerThread0" daemon [_thread_blocked, id=3872, stack(0x0000003702a00000,0x0000003702b00000)]
  0x0000021dab92f120 JavaThread "Sweeper thread" daemon [_thread_blocked, id=15740, stack(0x0000003702b00000,0x0000003702c00000)]
  0x0000021daba94fb0 JavaThread "Notification Thread" daemon [_thread_blocked, id=1708, stack(0x0000003702c00000,0x0000003702d00000)]
  0x0000021daba9cf90 JavaThread "Common-Cleaner" daemon [_thread_blocked, id=15292, stack(0x0000003702e00000,0x0000003702f00000)]
  0x0000021dabb10c70 JavaThread "C2 CompilerThread1" daemon [_thread_in_native, id=3732, stack(0x0000003702f00000,0x0000003703000000)]
  0x0000021db12d6a80 JavaThread "C2 CompilerThread2" daemon [_thread_blocked, id=15380, stack(0x0000003703800000,0x0000003703900000)]

Other Threads:
=>0x0000021dab78a660 VMThread "VM Thread" [stack: 0x0000003702200000,0x0000003702300000] [id=2472]
  0x0000021daba95490 WatcherThread [stack: 0x0000003702d00000,0x0000003702e00000] [id=7000]
  0x0000021d91ca8540 GCTaskThread "GC Thread#0" [stack: 0x0000003701d00000,0x0000003701e00000] [id=11468]
  0x0000021db029df90 GCTaskThread "GC Thread#1" [stack: 0x0000003703000000,0x0000003703100000] [id=15032]
  0x0000021db033e440 GCTaskThread "GC Thread#2" [stack: 0x0000003703100000,0x0000003703200000] [id=15444]
  0x0000021db033e700 GCTaskThread "GC Thread#3" [stack: 0x0000003703200000,0x0000003703300000] [id=15664]
  0x0000021db033e9c0 GCTaskThread "GC Thread#4" [stack: 0x0000003703300000,0x0000003703400000] [id=5156]
  0x0000021db0bed8d0 GCTaskThread "GC Thread#5" [stack: 0x0000003703400000,0x0000003703500000] [id=4988]
  0x0000021db0db2040 GCTaskThread "GC Thread#6" [stack: 0x0000003703500000,0x0000003703600000] [id=7252]
  0x0000021db0db2300 GCTaskThread "GC Thread#7" [stack: 0x0000003703600000,0x0000003703700000] [id=7296]
  0x0000021d91cb8990 ConcurrentGCThread "G1 Main Marker" [stack: 0x0000003701e00000,0x0000003701f00000] [id=2376]
  0x0000021d91cb93b0 ConcurrentGCThread "G1 Conc#0" [stack: 0x0000003701f00000,0x0000003702000000] [id=3792]
  0x0000021db0a35050 ConcurrentGCThread "G1 Conc#1" [stack: 0x0000003703700000,0x0000003703800000] [id=11356]
  0x0000021d91d0e990 ConcurrentGCThread "G1 Refine#0" [stack: 0x0000003702000000,0x0000003702100000] [id=14400]
  0x0000021db120e080 ConcurrentGCThread "G1 Refine#1" [stack: 0x0000003703900000,0x0000003703a00000] [id=14912]
  0x0000021db120d7b0 ConcurrentGCThread "G1 Refine#2" [stack: 0x0000003703a00000,0x0000003703b00000] [id=5036]
  0x0000021db120cee0 ConcurrentGCThread "G1 Refine#3" [stack: 0x0000003703b00000,0x0000003703c00000] [id=15888]
  0x0000021db120cbf0 ConcurrentGCThread "G1 Refine#4" [stack: 0x0000003703c00000,0x0000003703d00000] [id=8544]
  0x0000021dab5e64c0 ConcurrentGCThread "G1 Service" [stack: 0x0000003702100000,0x0000003702200000] [id=10732]

Threads with active compile tasks:
C2 CompilerThread0     8898 13207       4       org.jetbrains.kotlin.backend.common.lower.DefaultArgumentStubGeneratorKt::findBaseFunctionWithDefaultArguments$dfsImpl (253 bytes)
C2 CompilerThread1     8898 13074       4       org.jetbrains.kotlin.ir.util.IrFakeOverrideUtilsKt::collectAndFilterRealOverrides$collectRealOverrides (157 bytes)
C2 CompilerThread2     8898 13044       4       org.jetbrains.kotlin.load.kotlin.TypeSignatureMappingKt::mapBuiltInType (339 bytes)

VM state: at safepoint (normal execution)

VM Mutex/Monitor currently owned by a thread:  ([mutex/lock_event])
[0x0000021d91c4b390] Threads_lock - owner thread: 0x0000021dab78a660
[0x0000021d91c4a460] Heap_lock - owner thread: 0x0000021d91c4f470

Heap address: 0x0000000085800000, size: 1960 MB, Compressed Oops mode: 32-bit

CDS archive(s) not mapped
Compressed class space mapped at: 0x0000000100000000-0x0000000140000000, reserved size: 1073741824
Narrow klass base: 0x0000000000000000, Narrow klass shift: 3, Narrow klass range: 0x140000000

GC Precious Log:
 CPUs: 8 total, 8 available
 Memory: 7834M
 Large Page Support: Disabled
 NUMA Support: Disabled
 Compressed Oops: Enabled (32-bit)
 Heap Region Size: 1M
 Heap Min Capacity: 8M
 Heap Initial Capacity: 124M
 Heap Max Capacity: 1960M
 Pre-touch: Disabled
 Parallel Workers: 8
 Concurrent Workers: 2
 Concurrent Refinement Workers: 8
 Periodic GC: Disabled

Heap:
 garbage-first heap   total 147456K, used 84405K [0x0000000085800000, 0x0000000100000000)
  region size 1024K, 1 young (1024K), 1 survivors (1024K)
 Metaspace       used 83989K, committed 84352K, reserved 1179648K
  class space    used 9433K, committed 9600K, reserved 1048576K

Heap Regions: E=young(eden), S=young(survivor), O=old, HS=humongous(starts), HC=humongous(continues), CS=collection set, F=free, OA=open archive, CA=closed archive, TAMS=top-at-mark-start (previous, next)
|   0|0x0000000085800000, 0x0000000085900000, 0x0000000085900000|100%|HS|  |TAMS 0x0000000085900000, 0x0000000085900000| Complete 
|   1|0x0000000085900000, 0x0000000085a00000, 0x0000000085a00000|100%|HC|  |TAMS 0x0000000085a00000, 0x0000000085a00000| Complete 
|   2|0x0000000085a00000, 0x0000000085b00000, 0x0000000085b00000|100%|HC|  |TAMS 0x0000000085b00000, 0x0000000085b00000| Complete 
|   3|0x0000000085b00000, 0x0000000085c00000, 0x0000000085c00000|100%|HC|  |TAMS 0x0000000085c00000, 0x0000000085c00000| Complete 
|   4|0x0000000085c00000, 0x0000000085d00000, 0x0000000085d00000|100%| O|  |TAMS 0x0000000085d00000, 0x0000000085d00000| Untracked 
|   5|0x0000000085d00000, 0x0000000085e00000, 0x0000000085e00000|100%| O|  |TAMS 0x0000000085e00000, 0x0000000085e00000| Untracked 
|   6|0x0000000085e00000, 0x0000000085f00000, 0x0000000085f00000|100%| O|  |TAMS 0x0000000085f00000, 0x0000000085f00000| Untracked 
|   7|0x0000000085f00000, 0x0000000086000000, 0x0000000086000000|100%|HS|  |TAMS 0x0000000086000000, 0x0000000086000000| Complete 
|   8|0x0000000086000000, 0x0000000086100000, 0x0000000086100000|100%|HC|  |TAMS 0x0000000086100000, 0x0000000086100000| Complete 
|   9|0x0000000086100000, 0x0000000086200000, 0x0000000086200000|100%|HC|  |TAMS 0x0000000086200000, 0x0000000086200000| Complete 
|  10|0x0000000086200000, 0x0000000086300000, 0x0000000086300000|100%|HC|  |TAMS 0x0000000086300000, 0x0000000086300000| Complete 
|  11|0x0000000086300000, 0x0000000086400000, 0x0000000086400000|100%| O|  |TAMS 0x0000000086400000, 0x0000000086400000| Untracked 
|  12|0x0000000086400000, 0x0000000086500000, 0x0000000086500000|100%| O|  |TAMS 0x0000000086500000, 0x0000000086500000| Untracked 
|  13|0x0000000086500000, 0x0000000086600000, 0x0000000086600000|100%| O|  |TAMS 0x0000000086600000, 0x0000000086600000| Untracked 
|  14|0x0000000086600000, 0x0000000086700000, 0x0000000086700000|100%| O|  |TAMS 0x0000000086700000, 0x0000000086700000| Untracked 
|  15|0x0000000086700000, 0x0000000086800000, 0x0000000086800000|100%| O|  |TAMS 0x0000000086800000, 0x0000000086800000| Untracked 
|  16|0x0000000086800000, 0x0000000086900000, 0x0000000086900000|100%| O|  |TAMS 0x0000000086900000, 0x0000000086900000| Untracked 
|  17|0x0000000086900000, 0x0000000086a00000, 0x0000000086a00000|100%| O|  |TAMS 0x0000000086a00000, 0x0000000086a00000| Untracked 
|  18|0x0000000086a00000, 0x0000000086b00000, 0x0000000086b00000|100%| O|  |TAMS 0x0000000086b00000, 0x0000000086b00000| Untracked 
|  19|0x0000000086b00000, 0x0000000086c00000, 0x0000000086c00000|100%| O|  |TAMS 0x0000000086c00000, 0x0000000086c00000| Untracked 
|  20|0x0000000086c00000, 0x0000000086d00000, 0x0000000086d00000|100%| O|  |TAMS 0x0000000086d00000, 0x0000000086d00000| Untracked 
|  21|0x0000000086d00000, 0x0000000086e00000, 0x0000000086e00000|100%| O|  |TAMS 0x0000000086e00000, 0x0000000086e00000| Untracked 
|  22|0x0000000086e00000, 0x0000000086f00000, 0x0000000086f00000|100%| O|  |TAMS 0x0000000086f00000, 0x0000000086f00000| Untracked 
|  23|0x0000000086f00000, 0x0000000087000000, 0x0000000087000000|100%| O|  |TAMS 0x0000000087000000, 0x0000000087000000| Untracked 
|  24|0x0000000087000000, 0x0000000087100000, 0x0000000087100000|100%| O|  |TAMS 0x0000000087100000, 0x0000000087100000| Untracked 
|  25|0x0000000087100000, 0x0000000087200000, 0x0000000087200000|100%| O|  |TAMS 0x0000000087200000, 0x0000000087200000| Untracked 
|  26|0x0000000087200000, 0x0000000087300000, 0x0000000087300000|100%| O|  |TAMS 0x0000000087300000, 0x0000000087300000| Untracked 
|  27|0x0000000087300000, 0x0000000087400000, 0x0000000087400000|100%|HS|  |TAMS 0x0000000087400000, 0x0000000087400000| Complete 
|  28|0x0000000087400000, 0x0000000087500000, 0x0000000087500000|100%|HC|  |TAMS 0x0000000087500000, 0x0000000087500000| Complete 
|  29|0x0000000087500000, 0x0000000087600000, 0x0000000087600000|100%| O|  |TAMS 0x0000000087600000, 0x0000000087600000| Untracked 
|  30|0x0000000087600000, 0x0000000087700000, 0x0000000087700000|100%| O|  |TAMS 0x0000000087700000, 0x0000000087700000| Untracked 
|  31|0x0000000087700000, 0x0000000087800000, 0x0000000087800000|100%| O|  |TAMS 0x0000000087800000, 0x0000000087800000| Untracked 
|  32|0x0000000087800000, 0x0000000087800000, 0x0000000087900000|  0%| F|  |TAMS 0x0000000087800000, 0x0000000087800000| Untracked 
|  33|0x0000000087900000, 0x0000000087a00000, 0x0000000087a00000|100%| O|  |TAMS 0x0000000087a00000, 0x0000000087a00000| Untracked 
|  34|0x0000000087a00000, 0x0000000087b00000, 0x0000000087b00000|100%| O|  |TAMS 0x0000000087b00000, 0x0000000087b00000| Untracked 
|  35|0x0000000087b00000, 0x0000000087c00000, 0x0000000087c00000|100%| O|  |TAMS 0x0000000087c00000, 0x0000000087c00000| Untracked 
|  36|0x0000000087c00000, 0x0000000087d00000, 0x0000000087d00000|100%| O|  |TAMS 0x0000000087d00000, 0x0000000087d00000| Untracked 
|  37|0x0000000087d00000, 0x0000000087e00000, 0x0000000087e00000|100%| O|  |TAMS 0x0000000087e00000, 0x0000000087e00000| Untracked 
|  38|0x0000000087e00000, 0x0000000087f00000, 0x0000000087f00000|100%| O|  |TAMS 0x0000000087f00000, 0x0000000087f00000| Untracked 
|  39|0x0000000087f00000, 0x0000000088000000, 0x0000000088000000|100%| O|  |TAMS 0x0000000088000000, 0x0000000088000000| Untracked 
|  40|0x0000000088000000, 0x0000000088100000, 0x0000000088100000|100%| O|  |TAMS 0x0000000088100000, 0x0000000088100000| Untracked 
|  41|0x0000000088100000, 0x0000000088200000, 0x0000000088200000|100%| O|  |TAMS 0x0000000088200000, 0x0000000088200000| Untracked 
|  42|0x0000000088200000, 0x0000000088300000, 0x0000000088300000|100%| O|  |TAMS 0x0000000088300000, 0x0000000088300000| Untracked 
|  43|0x0000000088300000, 0x0000000088400000, 0x0000000088400000|100%| O|  |TAMS 0x0000000088400000, 0x0000000088400000| Untracked 
|  44|0x0000000088400000, 0x0000000088500000, 0x0000000088500000|100%| O|  |TAMS 0x0000000088500000, 0x0000000088500000| Untracked 
|  45|0x0000000088500000, 0x0000000088600000, 0x0000000088600000|100%| O|  |TAMS 0x0000000088600000, 0x0000000088600000| Untracked 
|  46|0x0000000088600000, 0x0000000088700000, 0x0000000088700000|100%| O|  |TAMS 0x0000000088700000, 0x0000000088700000| Untracked 
|  47|0x0000000088700000, 0x0000000088800000, 0x0000000088800000|100%| O|  |TAMS 0x0000000088800000, 0x0000000088800000| Untracked 
|  48|0x0000000088800000, 0x0000000088900000, 0x0000000088900000|100%| O|  |TAMS 0x0000000088900000, 0x0000000088900000| Untracked 
|  49|0x0000000088900000, 0x0000000088a00000, 0x0000000088a00000|100%| O|  |TAMS 0x0000000088a00000, 0x0000000088a00000| Untracked 
|  50|0x0000000088a00000, 0x0000000088b00000, 0x0000000088b00000|100%| O|  |TAMS 0x0000000088b00000, 0x0000000088b00000| Untracked 
|  51|0x0000000088b00000, 0x0000000088c00000, 0x0000000088c00000|100%| O|  |TAMS 0x0000000088c00000, 0x0000000088c00000| Untracked 
|  52|0x0000000088c00000, 0x0000000088d00000, 0x0000000088d00000|100%| O|  |TAMS 0x0000000088d00000, 0x0000000088d00000| Untracked 
|  53|0x0000000088d00000, 0x0000000088e00000, 0x0000000088e00000|100%| O|  |TAMS 0x0000000088e00000, 0x0000000088e00000| Untracked 
|  54|0x0000000088e00000, 0x0000000088f00000, 0x0000000088f00000|100%| O|  |TAMS 0x0000000088f00000, 0x0000000088f00000| Untracked 
|  55|0x0000000088f00000, 0x0000000089000000, 0x0000000089000000|100%| O|  |TAMS 0x0000000089000000, 0x0000000089000000| Untracked 
|  56|0x0000000089000000, 0x0000000089100000, 0x0000000089100000|100%| O|  |TAMS 0x0000000089100000, 0x0000000089100000| Untracked 
|  57|0x0000000089100000, 0x0000000089200000, 0x0000000089200000|100%| O|  |TAMS 0x0000000089200000, 0x0000000089200000| Untracked 
|  58|0x0000000089200000, 0x0000000089300000, 0x0000000089300000|100%| O|  |TAMS 0x0000000089300000, 0x0000000089300000| Untracked 
|  59|0x0000000089300000, 0x0000000089400000, 0x0000000089400000|100%| O|  |TAMS 0x0000000089400000, 0x0000000089400000| Untracked 
|  60|0x0000000089400000, 0x0000000089500000, 0x0000000089500000|100%| O|  |TAMS 0x0000000089500000, 0x0000000089500000| Untracked 
|  61|0x0000000089500000, 0x0000000089600000, 0x0000000089600000|100%| O|  |TAMS 0x0000000089600000, 0x0000000089600000| Untracked 
|  62|0x0000000089600000, 0x0000000089700000, 0x0000000089700000|100%| O|  |TAMS 0x0000000089700000, 0x0000000089700000| Untracked 
|  63|0x0000000089700000, 0x0000000089800000, 0x0000000089800000|100%| O|  |TAMS 0x0000000089800000, 0x0000000089800000| Untracked 
|  64|0x0000000089800000, 0x0000000089900000, 0x0000000089900000|100%| O|  |TAMS 0x000000008988b400, 0x0000000089900000| Untracked 
|  65|0x0000000089900000, 0x0000000089a00000, 0x0000000089a00000|100%| O|  |TAMS 0x0000000089900000, 0x0000000089a00000| Untracked 
|  66|0x0000000089a00000, 0x0000000089b00000, 0x0000000089b00000|100%| O|  |TAMS 0x0000000089a00000, 0x0000000089b00000| Untracked 
|  67|0x0000000089b00000, 0x0000000089c00000, 0x0000000089c00000|100%| O|  |TAMS 0x0000000089b00000, 0x0000000089c00000| Untracked 
|  68|0x0000000089c00000, 0x0000000089d00000, 0x0000000089d00000|100%| O|  |TAMS 0x0000000089c00000, 0x0000000089d00000| Untracked 
|  69|0x0000000089d00000, 0x0000000089e00000, 0x0000000089e00000|100%| O|  |TAMS 0x0000000089d00000, 0x0000000089e00000| Untracked 
|  70|0x0000000089e00000, 0x0000000089f00000, 0x0000000089f00000|100%| O|  |TAMS 0x0000000089e00000, 0x0000000089f00000| Untracked 
|  71|0x0000000089f00000, 0x000000008a000000, 0x000000008a000000|100%| O|  |TAMS 0x0000000089f00000, 0x000000008a000000| Untracked 
|  72|0x000000008a000000, 0x000000008a100000, 0x000000008a100000|100%| O|  |TAMS 0x000000008a000000, 0x000000008a100000| Untracked 
|  73|0x000000008a100000, 0x000000008a200000, 0x000000008a200000|100%| O|  |TAMS 0x000000008a100000, 0x000000008a200000| Untracked 
|  74|0x000000008a200000, 0x000000008a300000, 0x000000008a300000|100%| O|  |TAMS 0x000000008a200000, 0x000000008a300000| Untracked 
|  75|0x000000008a300000, 0x000000008a400000, 0x000000008a400000|100%| O|  |TAMS 0x000000008a300000, 0x000000008a400000| Untracked 
|  76|0x000000008a400000, 0x000000008a500000, 0x000000008a500000|100%| O|  |TAMS 0x000000008a400000, 0x000000008a500000| Untracked 
|  77|0x000000008a500000, 0x000000008a600000, 0x000000008a600000|100%| O|  |TAMS 0x000000008a500000, 0x000000008a600000| Untracked 
|  78|0x000000008a600000, 0x000000008a700000, 0x000000008a700000|100%| O|  |TAMS 0x000000008a600000, 0x000000008a700000| Untracked 
|  79|0x000000008a700000, 0x000000008a800000, 0x000000008a800000|100%| O|  |TAMS 0x000000008a700000, 0x000000008a800000| Untracked 
|  80|0x000000008a800000, 0x000000008a900000, 0x000000008a900000|100%| O|  |TAMS 0x000000008a800000, 0x000000008a900000| Untracked 
|  81|0x000000008a900000, 0x000000008aa00000, 0x000000008aa00000|100%| O|  |TAMS 0x000000008a900000, 0x000000008aa00000| Untracked 
|  82|0x000000008aa00000, 0x000000008aa6d600, 0x000000008ab00000| 42%| O|  |TAMS 0x000000008aa00000, 0x000000008aa6d600| Untracked 
|  83|0x000000008ab00000, 0x000000008ab00000, 0x000000008ac00000|  0%| F|  |TAMS 0x000000008ab00000, 0x000000008ab00000| Untracked 
|  84|0x000000008ac00000, 0x000000008ac00000, 0x000000008ad00000|  0%| F|  |TAMS 0x000000008ac00000, 0x000000008ac00000| Untracked 
|  85|0x000000008ad00000, 0x000000008ad00000, 0x000000008ae00000|  0%| F|  |TAMS 0x000000008ad00000, 0x000000008ad00000| Untracked 
|  86|0x000000008ae00000, 0x000000008ae00000, 0x000000008af00000|  0%| F|  |TAMS 0x000000008ae00000, 0x000000008ae00000| Untracked 
|  87|0x000000008af00000, 0x000000008af00000, 0x000000008b000000|  0%| F|  |TAMS 0x000000008af00000, 0x000000008af00000| Untracked 
|  88|0x000000008b000000, 0x000000008b000000, 0x000000008b100000|  0%| F|  |TAMS 0x000000008b000000, 0x000000008b000000| Untracked 
|  89|0x000000008b100000, 0x000000008b100000, 0x000000008b200000|  0%| F|  |TAMS 0x000000008b100000, 0x000000008b100000| Untracked 
|  90|0x000000008b200000, 0x000000008b200000, 0x000000008b300000|  0%| F|  |TAMS 0x000000008b200000, 0x000000008b200000| Untracked 
|  91|0x000000008b300000, 0x000000008b300000, 0x000000008b400000|  0%| F|  |TAMS 0x000000008b300000, 0x000000008b300000| Untracked 
|  92|0x000000008b400000, 0x000000008b400000, 0x000000008b500000|  0%| F|  |TAMS 0x000000008b400000, 0x000000008b400000| Untracked 
|  93|0x000000008b500000, 0x000000008b500000, 0x000000008b600000|  0%| F|  |TAMS 0x000000008b500000, 0x000000008b500000| Untracked 
|  94|0x000000008b600000, 0x000000008b600000, 0x000000008b700000|  0%| F|  |TAMS 0x000000008b600000, 0x000000008b600000| Untracked 
|  95|0x000000008b700000, 0x000000008b700000, 0x000000008b800000|  0%| F|  |TAMS 0x000000008b700000, 0x000000008b700000| Untracked 
|  96|0x000000008b800000, 0x000000008b800000, 0x000000008b900000|  0%| F|  |TAMS 0x000000008b800000, 0x000000008b800000| Untracked 
|  97|0x000000008b900000, 0x000000008b900000, 0x000000008ba00000|  0%| F|  |TAMS 0x000000008b900000, 0x000000008b900000| Untracked 
|  98|0x000000008ba00000, 0x000000008ba00000, 0x000000008bb00000|  0%| F|  |TAMS 0x000000008ba00000, 0x000000008ba00000| Untracked 
|  99|0x000000008bb00000, 0x000000008bb00000, 0x000000008bc00000|  0%| F|  |TAMS 0x000000008bb00000, 0x000000008bb00000| Untracked 
| 100|0x000000008bc00000, 0x000000008bc00000, 0x000000008bd00000|  0%| F|  |TAMS 0x000000008bc00000, 0x000000008bc00000| Untracked 
| 101|0x000000008bd00000, 0x000000008bd00000, 0x000000008be00000|  0%| F|  |TAMS 0x000000008bd00000, 0x000000008bd00000| Untracked 
| 102|0x000000008be00000, 0x000000008be00000, 0x000000008bf00000|  0%| F|  |TAMS 0x000000008be00000, 0x000000008be00000| Untracked 
| 103|0x000000008bf00000, 0x000000008bf00000, 0x000000008c000000|  0%| F|  |TAMS 0x000000008bf00000, 0x000000008bf00000| Untracked 
| 104|0x000000008c000000, 0x000000008c000000, 0x000000008c100000|  0%| F|  |TAMS 0x000000008c000000, 0x000000008c000000| Untracked 
| 105|0x000000008c100000, 0x000000008c100000, 0x000000008c200000|  0%| F|  |TAMS 0x000000008c100000, 0x000000008c100000| Untracked 
| 106|0x000000008c200000, 0x000000008c200000, 0x000000008c300000|  0%| F|  |TAMS 0x000000008c200000, 0x000000008c200000| Untracked 
| 107|0x000000008c300000, 0x000000008c300000, 0x000000008c400000|  0%| F|  |TAMS 0x000000008c300000, 0x000000008c300000| Untracked 
| 108|0x000000008c400000, 0x000000008c400000, 0x000000008c500000|  0%| F|  |TAMS 0x000000008c400000, 0x000000008c400000| Untracked 
| 109|0x000000008c500000, 0x000000008c500000, 0x000000008c600000|  0%| F|  |TAMS 0x000000008c500000, 0x000000008c500000| Untracked 
| 110|0x000000008c600000, 0x000000008c700000, 0x000000008c700000|100%| S|CS|TAMS 0x000000008c600000, 0x000000008c600000| Complete 
| 111|0x000000008c700000, 0x000000008c700000, 0x000000008c800000|  0%| F|  |TAMS 0x000000008c700000, 0x000000008c700000| Untracked 
| 112|0x000000008c800000, 0x000000008c800000, 0x000000008c900000|  0%| F|  |TAMS 0x000000008c800000, 0x000000008c800000| Untracked 
| 113|0x000000008c900000, 0x000000008c900000, 0x000000008ca00000|  0%| F|  |TAMS 0x000000008c900000, 0x000000008c900000| Untracked 
| 114|0x000000008ca00000, 0x000000008ca00000, 0x000000008cb00000|  0%| F|  |TAMS 0x000000008ca00000, 0x000000008ca00000| Untracked 
| 115|0x000000008cb00000, 0x000000008cb00000, 0x000000008cc00000|  0%| F|  |TAMS 0x000000008cb00000, 0x000000008cb00000| Untracked 
| 116|0x000000008cc00000, 0x000000008cc00000, 0x000000008cd00000|  0%| F|  |TAMS 0x000000008cc00000, 0x000000008cc00000| Untracked 
| 117|0x000000008cd00000, 0x000000008cd00000, 0x000000008ce00000|  0%| F|  |TAMS 0x000000008cd00000, 0x000000008cd00000| Untracked 
| 118|0x000000008ce00000, 0x000000008ce00000, 0x000000008cf00000|  0%| F|  |TAMS 0x000000008ce00000, 0x000000008ce00000| Untracked 
| 119|0x000000008cf00000, 0x000000008cf00000, 0x000000008d000000|  0%| F|  |TAMS 0x000000008cf00000, 0x000000008cf00000| Untracked 
| 120|0x000000008d000000, 0x000000008d000000, 0x000000008d100000|  0%| F|  |TAMS 0x000000008d000000, 0x000000008d000000| Untracked 
| 121|0x000000008d100000, 0x000000008d100000, 0x000000008d200000|  0%| F|  |TAMS 0x000000008d100000, 0x000000008d100000| Untracked 
| 122|0x000000008d200000, 0x000000008d200000, 0x000000008d300000|  0%| F|  |TAMS 0x000000008d200000, 0x000000008d200000| Untracked 
| 123|0x000000008d300000, 0x000000008d300000, 0x000000008d400000|  0%| F|  |TAMS 0x000000008d300000, 0x000000008d300000| Untracked 
| 124|0x000000008d400000, 0x000000008d400000, 0x000000008d500000|  0%| F|  |TAMS 0x000000008d400000, 0x000000008d400000| Untracked 
| 125|0x000000008d500000, 0x000000008d500000, 0x000000008d600000|  0%| F|  |TAMS 0x000000008d500000, 0x000000008d500000| Untracked 
| 126|0x000000008d600000, 0x000000008d600000, 0x000000008d700000|  0%| F|  |TAMS 0x000000008d600000, 0x000000008d600000| Untracked 
| 127|0x000000008d700000, 0x000000008d700000, 0x000000008d800000|  0%| F|  |TAMS 0x000000008d700000, 0x000000008d700000| Untracked 
| 128|0x000000008d800000, 0x000000008d800000, 0x000000008d900000|  0%| F|  |TAMS 0x000000008d800000, 0x000000008d800000| Untracked 
| 129|0x000000008d900000, 0x000000008d900000, 0x000000008da00000|  0%| F|  |TAMS 0x000000008d900000, 0x000000008d900000| Untracked 
| 130|0x000000008da00000, 0x000000008da00000, 0x000000008db00000|  0%| F|  |TAMS 0x000000008da00000, 0x000000008da00000| Untracked 
| 131|0x000000008db00000, 0x000000008db00000, 0x000000008dc00000|  0%| F|  |TAMS 0x000000008db00000, 0x000000008db00000| Untracked 
| 132|0x000000008dc00000, 0x000000008dc00000, 0x000000008dd00000|  0%| F|  |TAMS 0x000000008dc00000, 0x000000008dc00000| Untracked 
| 133|0x000000008dd00000, 0x000000008dd00000, 0x000000008de00000|  0%| F|  |TAMS 0x000000008dd00000, 0x000000008dd00000| Untracked 
| 134|0x000000008de00000, 0x000000008de00000, 0x000000008df00000|  0%| F|  |TAMS 0x000000008de00000, 0x000000008de00000| Untracked 
| 135|0x000000008df00000, 0x000000008df00000, 0x000000008e000000|  0%| F|  |TAMS 0x000000008df00000, 0x000000008df00000| Untracked 
| 136|0x000000008e000000, 0x000000008e000000, 0x000000008e100000|  0%| F|  |TAMS 0x000000008e000000, 0x000000008e000000| Untracked 
| 137|0x000000008e100000, 0x000000008e100000, 0x000000008e200000|  0%| F|  |TAMS 0x000000008e100000, 0x000000008e100000| Untracked 
| 138|0x000000008e200000, 0x000000008e200000, 0x000000008e300000|  0%| F|  |TAMS 0x000000008e200000, 0x000000008e200000| Untracked 
| 139|0x000000008e300000, 0x000000008e300000, 0x000000008e400000|  0%| F|  |TAMS 0x000000008e300000, 0x000000008e300000| Untracked 
| 140|0x000000008e400000, 0x000000008e400000, 0x000000008e500000|  0%| F|  |TAMS 0x000000008e400000, 0x000000008e400000| Untracked 
| 141|0x000000008e500000, 0x000000008e500000, 0x000000008e600000|  0%| F|  |TAMS 0x000000008e500000, 0x000000008e500000| Untracked 
| 142|0x000000008e600000, 0x000000008e600000, 0x000000008e700000|  0%| F|  |TAMS 0x000000008e600000, 0x000000008e600000| Untracked 
| 143|0x000000008e700000, 0x000000008e700000, 0x000000008e800000|  0%| F|  |TAMS 0x000000008e700000, 0x000000008e700000| Untracked 

Card table byte_map: [0x0000021da4840000,0x0000021da4c20000] _byte_map_base: 0x0000021da4414000

Marking Bits (Prev, Next): (CMBitMap*) 0x0000021d91ca8b60, (CMBitMap*) 0x0000021d91ca8ba0
 Prev Bits: [0x0000021da5000000, 0x0000021da6ea0000)
 Next Bits: [0x0000021da6ea0000, 0x0000021da8d40000)

Polling page: 0x0000021d8fb60000

Metaspace:

Usage:
  Non-class:     72.81 MB used.
      Class:      9.21 MB used.
       Both:     82.02 MB used.

Virtual space:
  Non-class space:      128.00 MB reserved,      73.00 MB ( 57%) committed,  2 nodes.
      Class space:        1.00 GB reserved,       9.38 MB ( <1%) committed,  1 nodes.
             Both:        1.12 GB reserved,      82.38 MB (  7%) committed. 

Chunk freelists:
   Non-Class:  6.92 MB
       Class:  6.61 MB
        Both:  13.53 MB

MaxMetaspaceSize: unlimited
CompressedClassSpaceSize: 1.00 GB
Initial GC threshold: 21.00 MB
Current GC threshold: 127.94 MB
CDS: off
MetaspaceReclaimPolicy: balanced
 - commit_granule_bytes: 65536.
 - commit_granule_words: 8192.
 - virtual_space_node_default_size: 8388608.
 - enlarge_chunks_in_place: 1.
 - new_chunks_are_fully_committed: 0.
 - uncommit_free_chunks: 1.
 - use_allocation_guard: 0.
 - handle_deallocations: 1.


Internal statistics:

num_allocs_failed_limit: 6.
num_arena_births: 360.
num_arena_deaths: 0.
num_vsnodes_births: 3.
num_vsnodes_deaths: 0.
num_space_committed: 1316.
num_space_uncommitted: 0.
num_chunks_returned_to_freelist: 6.
num_chunks_taken_from_freelist: 3020.
num_chunk_merges: 6.
num_chunk_splits: 2460.
num_chunks_enlarged: 2177.
num_inconsistent_stats: 0.

CodeHeap 'non-profiled nmethods': size=120000Kb used=6481Kb max_used=6481Kb free=113518Kb
 bounds [0x0000021d9cc00000, 0x0000021d9d260000, 0x0000021da4130000]
CodeHeap 'profiled nmethods': size=120000Kb used=33122Kb max_used=33122Kb free=86877Kb
 bounds [0x0000021d95130000, 0x0000021d97190000, 0x0000021d9c660000]
CodeHeap 'non-nmethods': size=5760Kb used=1457Kb max_used=1503Kb free=4302Kb
 bounds [0x0000021d9c660000, 0x0000021d9c8d0000, 0x0000021d9cc00000]
 total_blobs=12172 nmethods=11433 adapters=645
 compilation: enabled
              stopped_count=0, restarted_count=0
 full_count=0

Compilation events (20 events):
Event: 8.868 Thread 0x0000021dab92e720 13418       3       org.jetbrains.kotlin.backend.jvm.ir.IrInlineReferenceLocator::visitBody (13 bytes)
Event: 8.869 Thread 0x0000021dab92e720 nmethod 13418 0x0000021d97183d90 code [0x0000021d97183fc0, 0x0000021d97184888]
Event: 8.869 Thread 0x0000021dab92e720 13419       3       org.jetbrains.kotlin.backend.jvm.ir.IrInlineReferenceLocator::visitBody (8 bytes)
Event: 8.869 Thread 0x0000021dab92e720 nmethod 13419 0x0000021d97184b90 code [0x0000021d97184dc0, 0x0000021d971854a8]
Event: 8.869 Thread 0x0000021dab92e720 13409       3       org.jetbrains.kotlin.ir.visitors.IrElementVisitorVoid$DefaultImpls::visitWhen (17 bytes)
Event: 8.869 Thread 0x0000021dab92e720 nmethod 13409 0x0000021d97185710 code [0x0000021d97185920, 0x0000021d97185f68]
Event: 8.869 Thread 0x0000021dab92e720 13414       1       org.jetbrains.kotlin.ir.expressions.impl.IrFunctionReferenceImpl::getTypeArgumentsByIndex (5 bytes)
Event: 8.869 Thread 0x0000021dab92e720 nmethod 13414 0x0000021d9d253d10 code [0x0000021d9d253ea0, 0x0000021d9d253f78]
Event: 8.869 Thread 0x0000021dab92e720 13422       3       org.jetbrains.kotlin.backend.common.ClassLoweringVisitor::visitBranch (6 bytes)
Event: 8.870 Thread 0x0000021dab92e720 nmethod 13422 0x0000021d97186210 code [0x0000021d97186540, 0x0000021d97187568]
Event: 8.870 Thread 0x0000021dab92e720 13423       3       org.jetbrains.kotlin.backend.common.lower.FlattenStringConcatenationLowering$Companion::isToStringCall (64 bytes)
Event: 8.870 Thread 0x0000021dab92e720 nmethod 13423 0x0000021d97187b10 code [0x0000021d97187d20, 0x0000021d971884a8]
Event: 8.870 Thread 0x0000021dab92e720 13415       1       org.jetbrains.kotlin.backend.common.lower.LocalDeclarationsLowering::getContext (5 bytes)
Event: 8.870 Thread 0x0000021dab92e720 nmethod 13415 0x0000021d9d254010 code [0x0000021d9d2541a0, 0x0000021d9d254278]
Event: 8.870 Thread 0x0000021dab92e720 13424       3       org.jetbrains.kotlin.ir.visitors.IrElementVisitorVoid$DefaultImpls::visitCallableReference (17 bytes)
Event: 8.870 Thread 0x0000021dab92e720 nmethod 13424 0x0000021d97188690 code [0x0000021d971888a0, 0x0000021d97188ee8]
Event: 8.870 Thread 0x0000021dab92e720 13425       3       org.jetbrains.kotlin.ir.util.DeepCopySymbolRemapper::<init> (181 bytes)
Event: 8.871 Thread 0x0000021dab92e720 nmethod 13425 0x0000021d97189190 code [0x0000021d97189580, 0x0000021d9718b7d8]
Event: 8.871 Thread 0x0000021dab92e720 13405       1       org.jetbrains.kotlin.ir.declarations.lazy.IrLazyField::getDescriptor (5 bytes)
Event: 8.871 Thread 0x0000021dab92e720 nmethod 13405 0x0000021d9d254310 code [0x0000021d9d2544a0, 0x0000021d9d254578]

GC Heap History (20 events):
Event: 2.994 GC heap after
{Heap after GC invocations=13 (full 0):
 garbage-first heap   total 104448K, used 39181K [0x0000000085800000, 0x0000000100000000)
  region size 1024K, 3 young (3072K), 3 survivors (3072K)
 Metaspace       used 54426K, committed 54720K, reserved 1114112K
  class space    used 6513K, committed 6656K, reserved 1048576K
}
Event: 3.692 GC heap before
{Heap before GC invocations=13 (full 0):
 garbage-first heap   total 104448K, used 78093K [0x0000000085800000, 0x0000000100000000)
  region size 1024K, 41 young (41984K), 3 survivors (3072K)
 Metaspace       used 57451K, committed 57792K, reserved 1114112K
  class space    used 6743K, committed 6912K, reserved 1048576K
}
Event: 3.713 GC heap after
{Heap after GC invocations=14 (full 0):
 garbage-first heap   total 104448K, used 46941K [0x0000000085800000, 0x0000000100000000)
  region size 1024K, 6 young (6144K), 6 survivors (6144K)
 Metaspace       used 57451K, committed 57792K, reserved 1114112K
  class space    used 6743K, committed 6912K, reserved 1048576K
}
Event: 3.982 GC heap before
{Heap before GC invocations=14 (full 0):
 garbage-first heap   total 104448K, used 77661K [0x0000000085800000, 0x0000000100000000)
  region size 1024K, 36 young (36864K), 6 survivors (6144K)
 Metaspace       used 57881K, committed 58176K, reserved 1114112K
  class space    used 6762K, committed 6912K, reserved 1048576K
}
Event: 4.003 GC heap after
{Heap after GC invocations=15 (full 0):
 garbage-first heap   total 104448K, used 52947K [0x0000000085800000, 0x0000000100000000)
  region size 1024K, 5 young (5120K), 5 survivors (5120K)
 Metaspace       used 57881K, committed 58176K, reserved 1114112K
  class space    used 6762K, committed 6912K, reserved 1048576K
}
Event: 4.088 GC heap before
{Heap before GC invocations=15 (full 0):
 garbage-first heap   total 104448K, used 79571K [0x0000000085800000, 0x0000000100000000)
  region size 1024K, 31 young (31744K), 5 survivors (5120K)
 Metaspace       used 58075K, committed 58304K, reserved 1114112K
  class space    used 6783K, committed 6912K, reserved 1048576K
}
Event: 4.099 GC heap after
{Heap after GC invocations=16 (full 0):
 garbage-first heap   total 147456K, used 54784K [0x0000000085800000, 0x0000000100000000)
  region size 1024K, 1 young (1024K), 1 survivors (1024K)
 Metaspace       used 58075K, committed 58304K, reserved 1114112K
  class space    used 6783K, committed 6912K, reserved 1048576K
}
Event: 4.838 GC heap before
{Heap before GC invocations=17 (full 0):
 garbage-first heap   total 147456K, used 108032K [0x0000000085800000, 0x0000000100000000)
  region size 1024K, 53 young (54272K), 1 survivors (1024K)
 Metaspace       used 63426K, committed 63744K, reserved 1114112K
  class space    used 7559K, committed 7680K, reserved 1048576K
}
Event: 4.846 GC heap after
{Heap after GC invocations=18 (full 0):
 garbage-first heap   total 147456K, used 58596K [0x0000000085800000, 0x0000000100000000)
  region size 1024K, 5 young (5120K), 5 survivors (5120K)
 Metaspace       used 63426K, committed 63744K, reserved 1114112K
  class space    used 7559K, committed 7680K, reserved 1048576K
}
Event: 6.759 GC heap before
{Heap before GC invocations=18 (full 0):
 garbage-first heap   total 147456K, used 115940K [0x0000000085800000, 0x0000000100000000)
  region size 1024K, 61 young (62464K), 5 survivors (5120K)
 Metaspace       used 67071K, committed 67328K, reserved 1114112K
  class space    used 7690K, committed 7808K, reserved 1048576K
}
Event: 6.773 GC heap after
{Heap after GC invocations=19 (full 0):
 garbage-first heap   total 147456K, used 65892K [0x0000000085800000, 0x0000000100000000)
  region size 1024K, 8 young (8192K), 8 survivors (8192K)
 Metaspace       used 67071K, committed 67328K, reserved 1114112K
  class space    used 7690K, committed 7808K, reserved 1048576K
}
Event: 7.580 GC heap before
{Heap before GC invocations=19 (full 0):
 garbage-first heap   total 147456K, used 115044K [0x0000000085800000, 0x0000000100000000)
  region size 1024K, 56 young (57344K), 8 survivors (8192K)
 Metaspace       used 74183K, committed 74496K, reserved 1179648K
  class space    used 8396K, committed 8512K, reserved 1048576K
}
Event: 7.594 GC heap after
{Heap after GC invocations=20 (full 0):
 garbage-first heap   total 147456K, used 70659K [0x0000000085800000, 0x0000000100000000)
  region size 1024K, 5 young (5120K), 5 survivors (5120K)
 Metaspace       used 74183K, committed 74496K, reserved 1179648K
  class space    used 8396K, committed 8512K, reserved 1048576K
}
Event: 8.132 GC heap before
{Heap before GC invocations=20 (full 0):
 garbage-first heap   total 147456K, used 115715K [0x0000000085800000, 0x0000000100000000)
  region size 1024K, 49 young (50176K), 5 survivors (5120K)
 Metaspace       used 77551K, committed 77888K, reserved 1179648K
  class space    used 8746K, committed 8896K, reserved 1048576K
}
Event: 8.149 GC heap after
{Heap after GC invocations=21 (full 0):
 garbage-first heap   total 147456K, used 78280K [0x0000000085800000, 0x0000000100000000)
  region size 1024K, 7 young (7168K), 7 survivors (7168K)
 Metaspace       used 77551K, committed 77888K, reserved 1179648K
  class space    used 8746K, committed 8896K, reserved 1048576K
}
Event: 8.630 GC heap before
{Heap before GC invocations=22 (full 0):
 garbage-first heap   total 147456K, used 116168K [0x0000000085800000, 0x0000000100000000)
  region size 1024K, 44 young (45056K), 7 survivors (7168K)
 Metaspace       used 83524K, committed 83840K, reserved 1179648K
  class space    used 9414K, committed 9536K, reserved 1048576K
}
Event: 8.643 GC heap after
{Heap after GC invocations=23 (full 0):
 garbage-first heap   total 147456K, used 83968K [0x0000000085800000, 0x0000000100000000)
  region size 1024K, 5 young (5120K), 5 survivors (5120K)
 Metaspace       used 83524K, committed 83840K, reserved 1179648K
  class space    used 9414K, committed 9536K, reserved 1048576K
}
Event: 8.665 GC heap before
{Heap before GC invocations=23 (full 0):
 garbage-first heap   total 147456K, used 86016K [0x0000000085800000, 0x0000000100000000)
  region size 1024K, 7 young (7168K), 5 survivors (5120K)
 Metaspace       used 83572K, committed 83840K, reserved 1179648K
  class space    used 9414K, committed 9536K, reserved 1048576K
}
Event: 8.673 GC heap after
{Heap after GC invocations=24 (full 0):
 garbage-first heap   total 147456K, used 84405K [0x0000000085800000, 0x0000000100000000)
  region size 1024K, 1 young (1024K), 1 survivors (1024K)
 Metaspace       used 83572K, committed 83840K, reserved 1179648K
  class space    used 9414K, committed 9536K, reserved 1048576K
}
Event: 8.872 GC heap before
{Heap before GC invocations=24 (full 0):
 garbage-first heap   total 147456K, used 117173K [0x0000000085800000, 0x0000000100000000)
  region size 1024K, 33 young (33792K), 1 survivors (1024K)
 Metaspace       used 83989K, committed 84352K, reserved 1179648K
  class space    used 9433K, committed 9600K, reserved 1048576K
}

Dll operation events (2 events):
Event: 0.004 Loaded shared library C:\Program Files\Android\Android Studio1\jbr\bin\java.dll
Event: 0.767 Loaded shared library C:\Program Files\Android\Android Studio1\jbr\bin\verify.dll

Deoptimization events (20 events):
Event: 8.556 Thread 0x0000021d91c4f470 Uncommon trap: trap_request=0xffffffde fr.pc=0x0000021d9d20d6a8 relative=0x0000000000000788
Event: 8.556 Thread 0x0000021d91c4f470 Uncommon trap: reason=class_check action=maybe_recompile pc=0x0000021d9d20d6a8 method=org.jetbrains.kotlin.ir.declarations.IrFunction.acceptChildren(Lorg/jetbrains/kotlin/ir/visitors/IrElementVisitor;Ljava/lang/Object;)V @ 107 c2
Event: 8.556 Thread 0x0000021d91c4f470 DEOPT PACKING pc=0x0000021d9d20d6a8 sp=0x0000003701cf9d20
Event: 8.556 Thread 0x0000021d91c4f470 DEOPT UNPACKING pc=0x0000021d9c6ba1a3 sp=0x0000003701cf9ca8 mode 2
Event: 8.557 Thread 0x0000021d91c4f470 Uncommon trap: trap_request=0xffffff45 fr.pc=0x0000021d9d1ab5e0 relative=0x0000000000000140
Event: 8.557 Thread 0x0000021d91c4f470 Uncommon trap: reason=unstable_if action=reinterpret pc=0x0000021d9d1ab5e0 method=java.util.ArrayList.fastRemove([Ljava/lang/Object;I)V @ 19 c2
Event: 8.557 Thread 0x0000021d91c4f470 DEOPT PACKING pc=0x0000021d9d1ab5e0 sp=0x0000003701cfd920
Event: 8.557 Thread 0x0000021d91c4f470 DEOPT UNPACKING pc=0x0000021d9c6ba1a3 sp=0x0000003701cfd850 mode 2
Event: 8.619 Thread 0x0000021d91c4f470 Uncommon trap: trap_request=0xffffff45 fr.pc=0x0000021d9d232a24 relative=0x00000000000006e4
Event: 8.619 Thread 0x0000021d91c4f470 Uncommon trap: reason=unstable_if action=reinterpret pc=0x0000021d9d232a24 method=java.util.HashMap.removeNode(ILjava/lang/Object;Ljava/lang/Object;ZZ)Ljava/util/HashMap$Node; @ 89 c2
Event: 8.619 Thread 0x0000021d91c4f470 DEOPT PACKING pc=0x0000021d9d232a24 sp=0x0000003701cfd340
Event: 8.619 Thread 0x0000021d91c4f470 DEOPT UNPACKING pc=0x0000021d9c6ba1a3 sp=0x0000003701cfd260 mode 2
Event: 8.740 Thread 0x0000021d91c4f470 Uncommon trap: trap_request=0xffffff45 fr.pc=0x0000021d9d1a9ad8 relative=0x00000000000000d8
Event: 8.740 Thread 0x0000021d91c4f470 Uncommon trap: reason=unstable_if action=reinterpret pc=0x0000021d9d1a9ad8 method=java.util.ArrayList.fastRemove([Ljava/lang/Object;I)V @ 19 c2
Event: 8.740 Thread 0x0000021d91c4f470 DEOPT PACKING pc=0x0000021d9d1a9ad8 sp=0x0000003701cfd880
Event: 8.740 Thread 0x0000021d91c4f470 DEOPT UNPACKING pc=0x0000021d9c6ba1a3 sp=0x0000003701cfd840 mode 2
Event: 8.810 Thread 0x0000021d91c4f470 Uncommon trap: trap_request=0xffffffde fr.pc=0x0000021d9d1cce1c relative=0x000000000000491c
Event: 8.810 Thread 0x0000021d91c4f470 Uncommon trap: reason=class_check action=maybe_recompile pc=0x0000021d9d1cce1c method=org.jetbrains.kotlin.ir.util.TypeTranslator.isMutabilityFlexible(Lorg/jetbrains/kotlin/types/KotlinType;)Z @ 42 c2
Event: 8.810 Thread 0x0000021d91c4f470 DEOPT PACKING pc=0x0000021d9d1cce1c sp=0x0000003701cfc6e0
Event: 8.810 Thread 0x0000021d91c4f470 DEOPT UNPACKING pc=0x0000021d9c6ba1a3 sp=0x0000003701cfc600 mode 2

Classes unloaded (0 events):
No events

Classes redefined (0 events):
No events

Internal exceptions (20 events):
Event: 4.342 Thread 0x0000021d91c4f470 Exception <a 'java/lang/NoSuchMethodError'{0x000000008c7d7750}: 'void java.lang.invoke.DirectMethodHandle$Holder.invokeInterface(java.lang.Object, java.lang.Object)'> (0x000000008c7d7750) 
thrown [s\src\hotspot\share\interpreter\linkResolver.cpp, line 771]
Event: 4.387 Thread 0x0000021d91c4f470 Exception <a 'java/lang/IncompatibleClassChangeError'{0x000000008c57a6e8}: Found class java.lang.Object, but interface was expected> (0x000000008c57a6e8) 
thrown [s\src\hotspot\share\interpreter\linkResolver.cpp, line 838]
Event: 4.445 Thread 0x0000021d91c4f470 Exception <a 'java/lang/NoSuchMethodError'{0x000000008c310230}: 'java.lang.Object java.lang.invoke.DirectMethodHandle$Holder.invokeStatic(java.lang.Object, int, java.lang.Object)'> (0x000000008c310230) 
thrown [s\src\hotspot\share\interpreter\linkResolver.cpp, line 771]
Event: 4.496 Thread 0x0000021d91c4f470 Exception <a 'java/lang/NoSuchMethodError'{0x000000008c0ab248}: 'int java.lang.invoke.DirectMethodHandle$Holder.invokeStaticInit(java.lang.Object, int)'> (0x000000008c0ab248) 
thrown [s\src\hotspot\share\interpreter\linkResolver.cpp, line 771]
Event: 4.588 Thread 0x0000021d91c4f470 Implicit null exception at 0x0000021d9cc1ac72 to 0x0000021d9cc1b2b4
Event: 4.602 Thread 0x0000021d91c4f470 Exception <a 'java/lang/NoSuchMethodError'{0x000000008bbef188}: 'java.lang.Object java.lang.invoke.DirectMethodHandle$Holder.invokeInterface(java.lang.Object, java.lang.Object, java.lang.Object)'> (0x000000008bbef188) 
thrown [s\src\hotspot\share\interpreter\linkResolver.cpp, line 771]
Event: 4.602 Thread 0x0000021d91c4f470 Exception <a 'java/lang/IncompatibleClassChangeError'{0x000000008bbf2af8}: Found class java.lang.Object, but interface was expected> (0x000000008bbf2af8) 
thrown [s\src\hotspot\share\interpreter\linkResolver.cpp, line 838]
Event: 4.610 Thread 0x0000021d91c4f470 Implicit null exception at 0x0000021d9cc1bff2 to 0x0000021d9cc1c648
Event: 5.449 Thread 0x0000021d91c4f470 Exception <a 'java/lang/NoSuchMethodError'{0x000000008d7e8e48}: 'java.lang.Object java.lang.invoke.DirectMethodHandle$Holder.newInvokeSpecial(java.lang.Object, java.lang.Object, java.lang.Object, java.lang.Object, java.lang.Object, java.lang.Object, java.lang.Object)'> (0x000000008d7e8e48) 
thrown [s\src\hotspot\share\interpreter\linkResolver.cpp, line 771]
Event: 5.450 Thread 0x0000021d91c4f470 Exception <a 'java/lang/NoSuchMethodError'{0x000000008d7ee1f8}: 'java.lang.Object java.lang.invoke.Invokers$Holder.linkToTargetMethod(java.lang.Object, java.lang.Object, java.lang.Object, java.lang.Object, java.lang.Object, java.lang.Object, java.lang.Object)'> (0x000000008d7ee1f8) 
thrown [s\src\hotspot\share\interpreter\linkResolver.cpp, line 771]
Event: 5.707 Thread 0x0000021d91c4f470 Implicit null exception at 0x0000021d9d060c37 to 0x0000021d9d061268
Event: 6.336 Thread 0x0000021d91c4f470 Implicit null exception at 0x0000021d9cee69dc to 0x0000021d9cee72ac
Event: 6.754 Thread 0x0000021d91c4f470 Exception <a 'java/lang/NoSuchMethodError'{0x000000008abe3550}: 'java.lang.Object java.lang.invoke.DirectMethodHandle$Holder.newInvokeSpecial(java.lang.Object, int, java.lang.Object, java.lang.Object)'> (0x000000008abe3550) 
thrown [s\src\hotspot\share\interpreter\linkResolver.cpp, line 771]
Event: 7.202 Thread 0x0000021d91c4f470 Exception <a 'java/lang/NoSuchMethodError'{0x000000008d22b7c8}: 'java.lang.Object java.lang.invoke.DirectMethodHandle$Holder.invokeStaticInit(java.lang.Object, java.lang.Object, java.lang.Object, java.lang.Object)'> (0x000000008d22b7c8) 
thrown [s\src\hotspot\share\interpreter\linkResolver.cpp, line 771]
Event: 7.328 Thread 0x0000021d91c4f470 Implicit null exception at 0x0000021d9cc82a58 to 0x0000021d9cc82aea
Event: 7.328 Thread 0x0000021d91c4f470 Implicit null exception at 0x0000021d9cc5758f to 0x0000021d9cc57605
Event: 7.354 Thread 0x0000021d91c4f470 Exception <a 'java/lang/NoSuchMethodError'{0x000000008c6ab6f0}: 'java.lang.Object java.lang.invoke.DirectMethodHandle$Holder.newInvokeSpecial(java.lang.Object, java.lang.Object, java.lang.Object, int, int)'> (0x000000008c6ab6f0) 
thrown [s\src\hotspot\share\interpreter\linkResolver.cpp, line 771]
Event: 7.354 Thread 0x0000021d91c4f470 Exception <a 'java/lang/NoSuchMethodError'{0x000000008c6af530}: 'java.lang.Object java.lang.invoke.DirectMethodHandle$Holder.invokeSpecial(java.lang.Object, java.lang.Object, java.lang.Object, java.lang.Object, int, int)'> (0x000000008c6af530) 
thrown [s\src\hotspot\share\interpreter\linkResolver.cpp, line 771]
Event: 7.392 Thread 0x0000021d91c4f470 Exception <a 'java/lang/NoSuchMethodError'{0x000000008c4b8770}: 'java.lang.Object java.lang.invoke.DirectMethodHandle$Holder.invokeSpecial(java.lang.Object, java.lang.Object, int, int, java.lang.Object, java.lang.Object, java.lang.Object, java.lang.Object, java.lang.Object)'> (0x000000008c4b8770) 
thrown [s\src\hotspot\share\interpreter\linkResolver.cpp, line 771]
Event: 7.502 Thread 0x0000021d91c4f470 Implicit null exception at 0x0000021d9cc6baed to 0x0000021d9cc6bd0c

VM Operations (20 events):
Event: 8.537 Executing VM operation: HandshakeAllThreads done
Event: 8.551 Executing VM operation: HandshakeAllThreads
Event: 8.551 Executing VM operation: HandshakeAllThreads done
Event: 8.591 Executing VM operation: ICBufferFull
Event: 8.592 Executing VM operation: ICBufferFull done
Event: 8.596 Executing VM operation: HandshakeAllThreads
Event: 8.596 Executing VM operation: HandshakeAllThreads done
Event: 8.630 Executing VM operation: G1CollectForAllocation
Event: 8.643 Executing VM operation: G1CollectForAllocation done
Event: 8.665 Executing VM operation: G1CollectForAllocation
Event: 8.673 Executing VM operation: G1CollectForAllocation done
Event: 8.713 Executing VM operation: HandshakeAllThreads
Event: 8.713 Executing VM operation: HandshakeAllThreads done
Event: 8.714 Executing VM operation: HandshakeAllThreads
Event: 8.714 Executing VM operation: HandshakeAllThreads done
Event: 8.746 Executing VM operation: ICBufferFull
Event: 8.746 Executing VM operation: ICBufferFull done
Event: 8.856 Executing VM operation: ICBufferFull
Event: 8.856 Executing VM operation: ICBufferFull done
Event: 8.872 Executing VM operation: G1CollectForAllocation

Events (20 events):
Event: 8.608 Thread 0x0000021dab92f120 flushing nmethod 0x0000021d95ecf490
Event: 8.608 Thread 0x0000021dab92f120 flushing nmethod 0x0000021d95ee5710
Event: 8.608 Thread 0x0000021dab92f120 flushing nmethod 0x0000021d95eeeb10
Event: 8.609 Thread 0x0000021dab92f120 flushing nmethod 0x0000021d96098d90
Event: 8.609 Thread 0x0000021dab92f120 flushing nmethod 0x0000021d960a2210
Event: 8.610 Thread 0x0000021dab92f120 flushing nmethod 0x0000021d960fd690
Event: 8.610 Thread 0x0000021dab92f120 flushing nmethod 0x0000021d9619bf10
Event: 8.611 Thread 0x0000021dab92f120 flushing nmethod 0x0000021d9626cf10
Event: 8.611 Thread 0x0000021dab92f120 flushing nmethod 0x0000021d96290410
Event: 8.611 Thread 0x0000021dab92f120 flushing nmethod 0x0000021d96340d10
Event: 8.612 Thread 0x0000021dab92f120 flushing nmethod 0x0000021d9650e690
Event: 8.613 Thread 0x0000021dab92f120 flushing nmethod 0x0000021d96553710
Event: 8.613 Thread 0x0000021dab92f120 flushing nmethod 0x0000021d96596d10
Event: 8.613 Thread 0x0000021dab92f120 flushing nmethod 0x0000021d96665290
Event: 8.614 Thread 0x0000021dab92f120 flushing nmethod 0x0000021d96712610
Event: 8.615 Thread 0x0000021dab92f120 flushing nmethod 0x0000021d968a4690
Event: 8.615 Thread 0x0000021dab92f120 flushing nmethod 0x0000021d968ef010
Event: 8.615 Thread 0x0000021dab92f120 flushing nmethod 0x0000021d96992190
Event: 8.616 Thread 0x0000021dab92f120 flushing nmethod 0x0000021d96b4c010
Event: 8.617 Thread 0x0000021dab92f120 flushing nmethod 0x0000021d96be2410


Dynamic libraries:
0x00007ff7e1aa0000 - 0x00007ff7e1aaa000 	C:\Program Files\Android\Android Studio1\jbr\bin\java.exe
0x00007fffbe8b0000 - 0x00007fffbeaa8000 	C:\windows\SYSTEM32\ntdll.dll
0x00007fffbdf40000 - 0x00007fffbdffd000 	C:\windows\System32\KERNEL32.DLL
0x00007fffbc440000 - 0x00007fffbc736000 	C:\windows\System32\KERNELBASE.dll
0x00007fffbc2d0000 - 0x00007fffbc3d0000 	C:\windows\System32\ucrtbase.dll
0x00007fff9dce0000 - 0x00007fff9dcf7000 	C:\Program Files\Android\Android Studio1\jbr\bin\jli.dll
0x00007fffbd950000 - 0x00007fffbdaee000 	C:\windows\System32\USER32.dll
0x00007fff9e9c0000 - 0x00007fff9e9db000 	C:\Program Files\Android\Android Studio1\jbr\bin\VCRUNTIME140.dll
0x00007fffbc150000 - 0x00007fffbc172000 	C:\windows\System32\win32u.dll
0x00007fff9a6e0000 - 0x00007fff9a97a000 	C:\windows\WinSxS\amd64_microsoft.windows.common-controls_6595b64144ccf1df_6.0.19041.3636_none_60b6a03d71f818d5\COMCTL32.dll
0x00007fffbe710000 - 0x00007fffbe73b000 	C:\windows\System32\GDI32.dll
0x00007fffbdaf0000 - 0x00007fffbdb8e000 	C:\windows\System32\msvcrt.dll
0x00007fffbc7d0000 - 0x00007fffbc8e7000 	C:\windows\System32\gdi32full.dll
0x00007fffbc230000 - 0x00007fffbc2cd000 	C:\windows\System32\msvcp_win.dll
0x00007fffbdb90000 - 0x00007fffbdbc2000 	C:\windows\System32\IMM32.DLL
0x00007fffb6bc0000 - 0x00007fffb6bcc000 	C:\Program Files\Android\Android Studio1\jbr\bin\vcruntime140_1.dll
0x00007fff881d0000 - 0x00007fff8825d000 	C:\Program Files\Android\Android Studio1\jbr\bin\msvcp140.dll
0x00007fff764c0000 - 0x00007fff77143000 	C:\Program Files\Android\Android Studio1\jbr\bin\server\jvm.dll
0x00007fffbdcc0000 - 0x00007fffbdd73000 	C:\windows\System32\ADVAPI32.dll
0x00007fffbe000000 - 0x00007fffbe09f000 	C:\windows\System32\sechost.dll
0x00007fffbce60000 - 0x00007fffbcf86000 	C:\windows\System32\RPCRT4.dll
0x00007fffbbfc0000 - 0x00007fffbbfe7000 	C:\windows\System32\bcrypt.dll
0x00007fffb6b90000 - 0x00007fffb6b99000 	C:\windows\SYSTEM32\WSOCK32.dll
0x00007fffbb4c0000 - 0x00007fffbb50b000 	C:\windows\SYSTEM32\POWRPROF.dll
0x00007fffbe740000 - 0x00007fffbe7ab000 	C:\windows\System32\WS2_32.dll
0x00007fff99690000 - 0x00007fff996b7000 	C:\windows\SYSTEM32\WINMM.dll
0x00007fffb01f0000 - 0x00007fffb01fa000 	C:\windows\SYSTEM32\VERSION.dll
0x00007fffbb380000 - 0x00007fffbb392000 	C:\windows\SYSTEM32\UMPDC.dll
0x00007fffba7b0000 - 0x00007fffba7c2000 	C:\windows\SYSTEM32\kernel.appcore.dll
0x00007fffb6910000 - 0x00007fffb691a000 	C:\Program Files\Android\Android Studio1\jbr\bin\jimage.dll
0x00007fffb9d10000 - 0x00007fffb9ef4000 	C:\windows\SYSTEM32\DBGHELP.DLL
0x00007fff9eef0000 - 0x00007fff9ef24000 	C:\windows\SYSTEM32\dbgcore.DLL
0x00007fffbc740000 - 0x00007fffbc7c2000 	C:\windows\System32\bcryptPrimitives.dll
0x00007fffa2cc0000 - 0x00007fffa2ce5000 	C:\Program Files\Android\Android Studio1\jbr\bin\java.dll
0x00007fffa5c00000 - 0x00007fffa5c18000 	C:\Program Files\Android\Android Studio1\jbr\bin\zip.dll
0x00007fffbcff0000 - 0x00007fffbd735000 	C:\windows\System32\SHELL32.dll
0x00007fffba000000 - 0x00007fffba79c000 	C:\windows\SYSTEM32\windows.storage.dll
0x00007fffbc8f0000 - 0x00007fffbcc44000 	C:\windows\System32\combase.dll
0x00007fffbb9a0000 - 0x00007fffbb9ce000 	C:\windows\SYSTEM32\Wldp.dll
0x00007fffbdbf0000 - 0x00007fffbdcbd000 	C:\windows\System32\OLEAUT32.dll
0x00007fffbe0a0000 - 0x00007fffbe14d000 	C:\windows\System32\SHCORE.dll
0x00007fffbdd80000 - 0x00007fffbddd5000 	C:\windows\System32\shlwapi.dll
0x00007fffbbea0000 - 0x00007fffbbec5000 	C:\windows\SYSTEM32\profapi.dll
0x00007fffa2ca0000 - 0x00007fffa2cb9000 	C:\Program Files\Android\Android Studio1\jbr\bin\net.dll
0x00007fffb4200000 - 0x00007fffb430a000 	C:\windows\SYSTEM32\WINHTTP.dll
0x00007fffbb700000 - 0x00007fffbb76a000 	C:\windows\system32\mswsock.dll
0x00007fff9fc90000 - 0x00007fff9fca6000 	C:\Program Files\Android\Android Studio1\jbr\bin\nio.dll
0x00007fffa5d90000 - 0x00007fffa5da0000 	C:\Program Files\Android\Android Studio1\jbr\bin\verify.dll

dbghelp: loaded successfully - version: 4.0.5 - missing functions: none
symbol engine: initialized successfully - sym options: 0x614 - pdb path: .;C:\Program Files\Android\Android Studio1\jbr\bin;C:\windows\SYSTEM32;C:\windows\WinSxS\amd64_microsoft.windows.common-controls_6595b64144ccf1df_6.0.19041.3636_none_60b6a03d71f818d5;C:\Program Files\Android\Android Studio1\jbr\bin\server

VM Arguments:
java_command: org.jetbrains.kotlin.cli.jvm.K2JVMCompiler @C:\Users\a\AndroidStudioProjects\AdminJustEat\app\build\20240308_12909746777520915308.compiler.options
java_class_path (initial): C:\Users\a\.gradle\caches\modules-2\files-2.1\org.jetbrains.kotlin\kotlin-compiler-embeddable\1.8.0\eb9118d4bcceaa2a94b2ae2a33a4ddba7c9a947f\kotlin-compiler-embeddable-1.8.0.jar;C:\Users\a\.gradle\caches\modules-2\files-2.1\org.jetbrains.kotlin\kotlin-stdlib\1.8.0\1796921c7a3e2e2665a83e6c8d33399336cd39bc\kotlin-stdlib-1.8.0.jar;C:\Users\a\.gradle\caches\modules-2\files-2.1\org.jetbrains.kotlin\kotlin-script-runtime\1.8.0\b2f7e760d283cb339974851c222a4c1d48f2d3d\kotlin-script-runtime-1.8.0.jar;C:\Users\a\.gradle\caches\modules-2\files-2.1\org.jetbrains.kotlin\kotlin-reflect\1.6.10\1cbe9c92c12a94eea200d23c2bbaedaf3daf5132\kotlin-reflect-1.6.10.jar;C:\Users\a\.gradle\caches\modules-2\files-2.1\org.jetbrains.kotlin\kotlin-daemon-embeddable\1.8.0\d255216c551685dc3a7e852b53617f5f01aaaa5c\kotlin-daemon-embeddable-1.8.0.jar;C:\Users\a\.gradle\caches\modules-2\files-2.1\org.jetbrains.intellij.deps\trove4j\1.0.20200330\3afb14d5f9ceb459d724e907a21145e8ff394f02\trove4j-1.0.20200330.jar;C:\Users\a\.gradle\caches\modules-2\files-2.1\net.java.dev.jna\jna\5.6.0\330f2244e9030119ab3030fc3fededc86713d9cc\jna-5.6.0.jar;C:\Users\a\.gradle\caches\modules-2\files-2.1\org.jetbrains.kotlin\kotlin-stdlib-common\1.8.0\f7197e7cc76453ac59f8b0f8d5137cc600becd36\kotlin-stdlib-common-1.8.0.jar;C:\Users\a\.gradle\caches\modules-2\files-2.1\org.jetbrains\annotations\13.0\919f0dfe192fb4e063e7dacadee7f8bb9a2672a9\annotations-13.0.jar
Launcher Type: SUN_STANDARD

[Global flags]
     intx CICompilerCount                          = 4                                         {product} {ergonomic}
     uint ConcGCThreads                            = 2                                         {product} {ergonomic}
     uint G1ConcRefinementThreads                  = 8                                         {product} {ergonomic}
   size_t G1HeapRegionSize                         = 1048576                                   {product} {ergonomic}
    uintx GCDrainStackTargetSize                   = 64                                        {product} {ergonomic}
   size_t InitialHeapSize                          = 130023424                                 {product} {ergonomic}
   size_t MarkStackSize                            = 4194304                                   {product} {ergonomic}
   size_t MaxHeapSize                              = 2055208960                                {product} {ergonomic}
   size_t MaxNewSize                               = 1233125376                                {product} {ergonomic}
   size_t MinHeapDeltaBytes                        = 1048576                                   {product} {ergonomic}
   size_t MinHeapSize                              = 8388608                                   {product} {ergonomic}
    uintx NonNMethodCodeHeapSize                   = 5839372                                {pd product} {ergonomic}
    uintx NonProfiledCodeHeapSize                  = 122909434                              {pd product} {ergonomic}
    uintx ProfiledCodeHeapSize                     = 122909434                              {pd product} {ergonomic}
    uintx ReservedCodeCacheSize                    = 251658240                              {pd product} {ergonomic}
     bool SegmentedCodeCache                       = true                                      {product} {ergonomic}
   size_t SoftMaxHeapSize                          = 2055208960                             {manageable} {ergonomic}
     bool UseCompressedClassPointers               = true                           {product lp64_product} {ergonomic}
     bool UseCompressedOops                        = true                           {product lp64_product} {ergonomic}
     bool UseG1GC                                  = true                                      {product} {ergonomic}
     bool UseLargePagesIndividualAllocation        = false                                  {pd product} {ergonomic}

Logging:
Log output configuration:
 #0: stdout all=warning uptime,level,tags
 #1: stderr all=off uptime,level,tags

Environment Variables:
PATH=C:\python 3.10\Scripts\;C:\python 3.10\;C:\Program Files\Common Files\Oracle\Java\javapath;C:\windows\system32;C:\windows;C:\windows\System32\Wbem;C:\windows\System32\WindowsPowerShell\v1.0\;C:\windows\System32\OpenSSH\;C:\Program Files\Git\cmd;C:\MinGW\bin;C:\ProgramData\chocolatey\bin;C:\Program Files\MySQL\MySQL Server 8.0\bin;C:\Program Files\MySQL\MySQL Shell 8.0\bin\;C:\Users\a\AppData\Local\Microsoft\WindowsApps;C:\Users\a\AppData\Local\Programs\Microsoft VS Code\bin;C:\Program Files\JetBrains\IntelliJ IDEA Community Edition 2021.3.3\New folder\IntelliJ IDEA Community Edition 2021.3.3\bin;
USERNAME=a
OS=Windows_NT
PROCESSOR_IDENTIFIER=Intel64 Family 6 Model 140 Stepping 1, GenuineIntel
TMP=C:\Users\a\AppData\Local\Temp
TEMP=C:\Users\a\AppData\Local\Temp



Periodic native trim disabled

JNI global refs:
JNI global refs: 12, weak refs: 10

JNI global refs memory usage: 843, weak refs: 841

OOME stack traces (most recent first):
Classloader memory used:
Loader jdk.internal.loader.ClassLoaders$AppClassLoader                                 : 8781K
Loader bootstrap                                                                       : 1664K
Loader jdk.internal.loader.ClassLoaders$PlatformClassLoader                            : 34451B
Loader jdk.internal.reflect.DelegatingClassLoader                                      : 20316B


---------------  S Y S T E M  ---------------

OS:
 Windows 10 , 64 bit Build 19041 (10.0.19041.3636)
OS uptime: 0 days 4:02 hours

CPU: total 8 (initial active 8) (4 cores per cpu, 2 threads per core) family 6 model 140 stepping 1 microcode 0x9a, cx8, cmov, fxsr, ht, mmx, 3dnowpref, sse, sse2, sse3, ssse3, sse4.1, sse4.2, popcnt, lzcnt, tsc, tscinvbit, avx, avx2, aes, erms, clmul, bmi1, bmi2, adx, avx512f, avx512dq, avx512cd, avx512bw, avx512vl, sha, fma, vzeroupper, avx512_vpopcntdq, avx512_vpclmulqdq, avx512_vaes, avx512_vnni, clflush, clflushopt, clwb, avx512_vbmi2, avx512_vbmi
Processor Information for all 8 processors :
  Max Mhz: 2419, Current Mhz: 2419, Mhz Limit: 2419

Memory: 4k page, system-wide physical 7834M (429M free)
TotalPageFile size 10634M (AvailPageFile size 47M)
current process WorkingSet (physical memory assigned to process): 393M, peak: 397M
current process commit charge ("private bytes"): 430M, peak: 558M

vm_info: OpenJDK 64-Bit Server VM (17.0.9+0--11185874) for windows-amd64 JRE (17.0.9+0--11185874), built on Dec  6 2023 18:57:44 by "androidbuild" with MS VC++ 16.10 / 16.11 (VS2019)

END.
