#
# There is insufficient memory for the Java Runtime Environment to continue.
# Native memory allocation (malloc) failed to allocate 1904656 bytes for Chunk::new
# Possible reasons:
#   The system is out of physical RAM or swap space
#   The process is running with CompressedOops enabled, and the Java Heap may be blocking the growth of the native heap
# Possible solutions:
#   Reduce memory load on the system
#   Increase physical memory or swap space
#   Check if swap backing store is full
#   Decrease Java heap size (-Xmx/-Xms)
#   Decrease number of Java threads
#   Decrease Java thread stack sizes (-Xss)
#   Set larger code cache with -XX:ReservedCodeCacheSize=
#   JVM is running with Unscaled Compressed Oops mode in which the Java heap is
#     placed in the first 4GB address space. The Java Heap base address is the
#     maximum limit for the native heap growth. Please use -XX:HeapBaseMinAddress
#     to set the Java Heap base and to place the Java Heap above 4GB virtual address.
# This output file may be truncated or incomplete.
#
#  Out of Memory Error (src/hotspot/share/memory/arena.cpp:197), pid=5344, tid=3264
#
# JRE version: OpenJDK Runtime Environment (11.0.15) (build 11.0.15+0-b2043.56-9505619)
# Java VM: OpenJDK 64-Bit Server VM (11.0.15+0-b2043.56-9505619, mixed mode, tiered, compressed oops, g1 gc, windows-amd64)
# No core dump will be written. Minidumps are not enabled by default on client versions of Windows
#

---------------  S U M M A R Y ------------

Command Line: org.jetbrains.kotlin.cli.jvm.K2JVMCompiler @C:\Users\a\AndroidStudioProjects\AdminJustEat\app\build\20240229_17070798824015834875.compiler.options

Host: 11th Gen Intel(R) Core(TM) i5-1135G7 @ 2.40GHz, 8 cores, 7G,  Windows 10 , 64 bit Build 19041 (10.0.19041.3636)
Time: Thu Feb 29 15:24:37 2024 India Standard Time elapsed time: 2.651975 seconds (0d 0h 0m 2s)

---------------  T H R E A D  ---------------

Current thread (0x000001e8c659b800):  JavaThread "C2 CompilerThread1" daemon [_thread_in_native, id=3264, stack(0x00000021f9100000,0x00000021f9200000)]


Current CompileTask:
C2:   2652 2869       4       java.lang.ClassLoader::loadClass (7 bytes)

Stack: [0x00000021f9100000,0x00000021f9200000]
Native frames: (J=compiled Java code, j=interpreted, Vv=VM code, C=native code)
V  [jvm.dll+0x64135a]
V  [jvm.dll+0x7d39f9]
V  [jvm.dll+0x7d51b9]
V  [jvm.dll+0x7d58a3]
V  [jvm.dll+0x2691c5]
V  [jvm.dll+0xc1a5c]
V  [jvm.dll+0xc200c]
V  [jvm.dll+0x3774a7]
V  [jvm.dll+0x342495]
V  [jvm.dll+0x34186a]
V  [jvm.dll+0x2214bd]
V  [jvm.dll+0x220498]
V  [jvm.dll+0x19e851]
V  [jvm.dll+0x230479]
V  [jvm.dll+0x22e5ef]
V  [jvm.dll+0x794de1]
V  [jvm.dll+0x78dc24]
V  [jvm.dll+0x6400f6]
C  [ucrtbase.dll+0x21bb2]
C  [KERNEL32.DLL+0x17344]
C  [ntdll.dll+0x526b1]


---------------  P R O C E S S  ---------------

Threads class SMR info:
_java_thread_list=0x000001e8c657d220, length=11, elements={
0x000001e8ab8ef800, 0x000001e8c5a74000, 0x000001e8c5a77000, 0x000001e8c63e8800,
0x000001e8c63eb800, 0x000001e8c63ec800, 0x000001e8c63ee000, 0x000001e8c63f3000,
0x000001e8c6414000, 0x000001e8c6574000, 0x000001e8c659b800
}

Java Threads: ( => current thread )
  0x000001e8ab8ef800 JavaThread "main" [_thread_in_vm, id=1148, stack(0x00000021f8000000,0x00000021f8100000)]
  0x000001e8c5a74000 JavaThread "Reference Handler" daemon [_thread_blocked, id=9608, stack(0x00000021f8700000,0x00000021f8800000)]
  0x000001e8c5a77000 JavaThread "Finalizer" daemon [_thread_blocked, id=9300, stack(0x00000021f8800000,0x00000021f8900000)]
  0x000001e8c63e8800 JavaThread "Signal Dispatcher" daemon [_thread_blocked, id=13916, stack(0x00000021f8900000,0x00000021f8a00000)]
  0x000001e8c63eb800 JavaThread "Attach Listener" daemon [_thread_blocked, id=11436, stack(0x00000021f8a00000,0x00000021f8b00000)]
  0x000001e8c63ec800 JavaThread "Service Thread" daemon [_thread_blocked, id=8088, stack(0x00000021f8b00000,0x00000021f8c00000)]
  0x000001e8c63ee000 JavaThread "C2 CompilerThread0" daemon [_thread_in_native, id=10220, stack(0x00000021f8c00000,0x00000021f8d00000)]
  0x000001e8c63f3000 JavaThread "C1 CompilerThread0" daemon [_thread_in_native, id=13412, stack(0x00000021f8d00000,0x00000021f8e00000)]
  0x000001e8c6414000 JavaThread "Sweeper thread" daemon [_thread_blocked, id=3128, stack(0x00000021f8e00000,0x00000021f8f00000)]
  0x000001e8c6574000 JavaThread "Common-Cleaner" daemon [_thread_blocked, id=14836, stack(0x00000021f9000000,0x00000021f9100000)]
=>0x000001e8c659b800 JavaThread "C2 CompilerThread1" daemon [_thread_in_native, id=3264, stack(0x00000021f9100000,0x00000021f9200000)]

Other Threads:
  0x000001e8c5a72800 VMThread "VM Thread" [stack: 0x00000021f8600000,0x00000021f8700000] [id=13980]
  0x000001e8c656b000 WatcherThread [stack: 0x00000021f8f00000,0x00000021f9000000] [id=10704]
  0x000001e8a97aa000 GCTaskThread "GC Thread#0" [stack: 0x00000021f8100000,0x00000021f8200000] [id=1528]
  0x000001e8c6b5d800 GCTaskThread "GC Thread#1" [stack: 0x00000021f9200000,0x00000021f9300000] [id=12236]
  0x000001e8ab932000 ConcurrentGCThread "G1 Main Marker" [stack: 0x00000021f8200000,0x00000021f8300000] [id=8356]
  0x000001e8ab933000 ConcurrentGCThread "G1 Conc#0" [stack: 0x00000021f8300000,0x00000021f8400000] [id=3244]
  0x000001e8c7d46800 ConcurrentGCThread "G1 Conc#1" [stack: 0x00000021f9300000,0x00000021f9400000] [id=10860]
  0x000001e8ab9be000 ConcurrentGCThread "G1 Refine#0" [stack: 0x00000021f8400000,0x00000021f8500000] [id=4224]
  0x000001e8c58aa800 ConcurrentGCThread "G1 Young RemSet Sampling" [stack: 0x00000021f8500000,0x00000021f8600000] [id=10844]

Threads with active compile tasks:
C2 CompilerThread0     2659 2917       4       jdk.internal.loader.ClassLoaders$AppClassLoader::loadClass (40 bytes)
C1 CompilerThread0     2659 2977   !   3       kotlin.SynchronizedLazyImpl::getValue (92 bytes)
C2 CompilerThread1     2659 2869       4       java.lang.ClassLoader::loadClass (7 bytes)

VM state:not at safepoint (normal execution)

VM Mutex/Monitor currently owned by a thread: None

Heap address: 0x0000000085800000, size: 1960 MB, Compressed Oops mode: 32-bit
Narrow klass base: 0x0000000000000000, Narrow klass shift: 3
Compressed class space size: 1073741824 Address: 0x0000000100000000

Heap:
 garbage-first heap   total 162816K, used 26241K [0x0000000085800000, 0x0000000100000000)
  region size 1024K, 7 young (7168K), 6 survivors (6144K)
 Metaspace       used 45163K, capacity 45648K, committed 45872K, reserved 1089536K
  class space    used 5348K, capacity 5565K, committed 5680K, reserved 1048576K
Heap Regions: E=young(eden), S=young(survivor), O=old, HS=humongous(starts), HC=humongous(continues), CS=collection set, F=free, A=archive, TAMS=top-at-mark-start (previous, next)
|   0|0x0000000085800000, 0x0000000085900000, 0x0000000085900000|100%|HS|  |TAMS 0x0000000085900000, 0x0000000085800000| Complete 
|   1|0x0000000085900000, 0x0000000085a00000, 0x0000000085a00000|100%|HC|  |TAMS 0x0000000085a00000, 0x0000000085900000| Complete 
|   2|0x0000000085a00000, 0x0000000085b00000, 0x0000000085b00000|100%|HC|  |TAMS 0x0000000085b00000, 0x0000000085a00000| Complete 
|   3|0x0000000085b00000, 0x0000000085c00000, 0x0000000085c00000|100%|HC|  |TAMS 0x0000000085c00000, 0x0000000085b00000| Complete 
|   4|0x0000000085c00000, 0x0000000085d00000, 0x0000000085d00000|100%|HS|  |TAMS 0x0000000085d00000, 0x0000000085c00000| Complete 
|   5|0x0000000085d00000, 0x0000000085e00000, 0x0000000085e00000|100%|HC|  |TAMS 0x0000000085e00000, 0x0000000085d00000| Complete 
|   6|0x0000000085e00000, 0x0000000085f00000, 0x0000000085f00000|100%|HC|  |TAMS 0x0000000085f00000, 0x0000000085e00000| Complete 
|   7|0x0000000085f00000, 0x0000000086000000, 0x0000000086000000|100%|HC|  |TAMS 0x0000000086000000, 0x0000000085f00000| Complete 
|   8|0x0000000086000000, 0x0000000086000000, 0x0000000086100000|  0%| F|  |TAMS 0x0000000086000000, 0x0000000086000000| Untracked 
|   9|0x0000000086100000, 0x0000000086100000, 0x0000000086200000|  0%| F|  |TAMS 0x0000000086100000, 0x0000000086100000| Untracked 
|  10|0x0000000086200000, 0x0000000086300000, 0x0000000086300000|100%| O|  |TAMS 0x0000000086300000, 0x0000000086200000| Untracked 
|  11|0x0000000086300000, 0x0000000086400000, 0x0000000086400000|100%| O|  |TAMS 0x0000000086400000, 0x0000000086300000| Untracked 
|  12|0x0000000086400000, 0x0000000086500000, 0x0000000086500000|100%| O|  |TAMS 0x0000000086500000, 0x0000000086400000| Untracked 
|  13|0x0000000086500000, 0x0000000086600000, 0x0000000086600000|100%| O|  |TAMS 0x0000000086600000, 0x0000000086500000| Untracked 
|  14|0x0000000086600000, 0x0000000086700000, 0x0000000086700000|100%| O|  |TAMS 0x0000000086700000, 0x0000000086600000| Untracked 
|  15|0x0000000086700000, 0x0000000086800000, 0x0000000086800000|100%| O|  |TAMS 0x0000000086800000, 0x0000000086700000| Untracked 
|  16|0x0000000086800000, 0x0000000086900000, 0x0000000086900000|100%| O|  |TAMS 0x0000000086900000, 0x0000000086800000| Untracked 
|  17|0x0000000086900000, 0x0000000086a00000, 0x0000000086a00000|100%| O|  |TAMS 0x0000000086a00000, 0x0000000086900000| Untracked 
|  18|0x0000000086a00000, 0x0000000086b00000, 0x0000000086b00000|100%| O|  |TAMS 0x0000000086b00000, 0x0000000086a00000| Untracked 
|  19|0x0000000086b00000, 0x0000000086c00000, 0x0000000086c00000|100%| O|  |TAMS 0x0000000086c00000, 0x0000000086b00000| Untracked 
|  20|0x0000000086c00000, 0x0000000086d00000, 0x0000000086d00000|100%| O|  |TAMS 0x0000000086d00000, 0x0000000086c00000| Untracked 
|  21|0x0000000086d00000, 0x0000000086e00000, 0x0000000086e00000|100%| O|  |TAMS 0x0000000086e00000, 0x0000000086d00000| Untracked 
|  22|0x0000000086e00000, 0x0000000086e00000, 0x0000000086f00000|  0%| F|  |TAMS 0x0000000086e00000, 0x0000000086e00000| Untracked 
|  23|0x0000000086f00000, 0x0000000086f00000, 0x0000000087000000|  0%| F|  |TAMS 0x0000000086f00000, 0x0000000086f00000| Untracked 
|  24|0x0000000087000000, 0x0000000087000000, 0x0000000087100000|  0%| F|  |TAMS 0x0000000087000000, 0x0000000087000000| Untracked 
|  25|0x0000000087100000, 0x0000000087100000, 0x0000000087200000|  0%| F|  |TAMS 0x0000000087100000, 0x0000000087100000| Untracked 
|  26|0x0000000087200000, 0x0000000087200000, 0x0000000087300000|  0%| F|  |TAMS 0x0000000087200000, 0x0000000087200000| Untracked 
|  27|0x0000000087300000, 0x0000000087300000, 0x0000000087400000|  0%| F|  |TAMS 0x0000000087300000, 0x0000000087300000| Untracked 
|  28|0x0000000087400000, 0x0000000087400000, 0x0000000087500000|  0%| F|  |TAMS 0x0000000087400000, 0x0000000087400000| Untracked 
|  29|0x0000000087500000, 0x0000000087500000, 0x0000000087600000|  0%| F|  |TAMS 0x0000000087500000, 0x0000000087500000| Untracked 
|  30|0x0000000087600000, 0x0000000087600000, 0x0000000087700000|  0%| F|  |TAMS 0x0000000087600000, 0x0000000087600000| Untracked 
|  31|0x0000000087700000, 0x0000000087700000, 0x0000000087800000|  0%| F|  |TAMS 0x0000000087700000, 0x0000000087700000| Untracked 
|  32|0x0000000087800000, 0x0000000087800000, 0x0000000087900000|  0%| F|  |TAMS 0x0000000087800000, 0x0000000087800000| Untracked 
|  33|0x0000000087900000, 0x0000000087900000, 0x0000000087a00000|  0%| F|  |TAMS 0x0000000087900000, 0x0000000087900000| Untracked 
|  34|0x0000000087a00000, 0x0000000087a00000, 0x0000000087b00000|  0%| F|  |TAMS 0x0000000087a00000, 0x0000000087a00000| Untracked 
|  35|0x0000000087b00000, 0x0000000087b00000, 0x0000000087c00000|  0%| F|  |TAMS 0x0000000087b00000, 0x0000000087b00000| Untracked 
|  36|0x0000000087c00000, 0x0000000087c00000, 0x0000000087d00000|  0%| F|  |TAMS 0x0000000087c00000, 0x0000000087c00000| Untracked 
|  37|0x0000000087d00000, 0x0000000087d00000, 0x0000000087e00000|  0%| F|  |TAMS 0x0000000087d00000, 0x0000000087d00000| Untracked 
|  38|0x0000000087e00000, 0x0000000087e00000, 0x0000000087f00000|  0%| F|  |TAMS 0x0000000087e00000, 0x0000000087e00000| Untracked 
|  39|0x0000000087f00000, 0x0000000087f00000, 0x0000000088000000|  0%| F|  |TAMS 0x0000000087f00000, 0x0000000087f00000| Untracked 
|  40|0x0000000088000000, 0x0000000088000000, 0x0000000088100000|  0%| F|  |TAMS 0x0000000088000000, 0x0000000088000000| Untracked 
|  41|0x0000000088100000, 0x0000000088100000, 0x0000000088200000|  0%| F|  |TAMS 0x0000000088100000, 0x0000000088100000| Untracked 
|  42|0x0000000088200000, 0x0000000088200000, 0x0000000088300000|  0%| F|  |TAMS 0x0000000088200000, 0x0000000088200000| Untracked 
|  43|0x0000000088300000, 0x0000000088300000, 0x0000000088400000|  0%| F|  |TAMS 0x0000000088300000, 0x0000000088300000| Untracked 
|  44|0x0000000088400000, 0x0000000088400000, 0x0000000088500000|  0%| F|  |TAMS 0x0000000088400000, 0x0000000088400000| Untracked 
|  45|0x0000000088500000, 0x0000000088500000, 0x0000000088600000|  0%| F|  |TAMS 0x0000000088500000, 0x0000000088500000| Untracked 
|  46|0x0000000088600000, 0x0000000088600000, 0x0000000088700000|  0%| F|  |TAMS 0x0000000088600000, 0x0000000088600000| Untracked 
|  47|0x0000000088700000, 0x0000000088700000, 0x0000000088800000|  0%| F|  |TAMS 0x0000000088700000, 0x0000000088700000| Untracked 
|  48|0x0000000088800000, 0x0000000088800000, 0x0000000088900000|  0%| F|  |TAMS 0x0000000088800000, 0x0000000088800000| Untracked 
|  49|0x0000000088900000, 0x0000000088900000, 0x0000000088a00000|  0%| F|  |TAMS 0x0000000088900000, 0x0000000088900000| Untracked 
|  50|0x0000000088a00000, 0x0000000088a00000, 0x0000000088b00000|  0%| F|  |TAMS 0x0000000088a00000, 0x0000000088a00000| Untracked 
|  51|0x0000000088b00000, 0x0000000088b00000, 0x0000000088c00000|  0%| F|  |TAMS 0x0000000088b00000, 0x0000000088b00000| Untracked 
|  52|0x0000000088c00000, 0x0000000088c00000, 0x0000000088d00000|  0%| F|  |TAMS 0x0000000088c00000, 0x0000000088c00000| Untracked 
|  53|0x0000000088d00000, 0x0000000088d00000, 0x0000000088e00000|  0%| F|  |TAMS 0x0000000088d00000, 0x0000000088d00000| Untracked 
|  54|0x0000000088e00000, 0x0000000088e00000, 0x0000000088f00000|  0%| F|  |TAMS 0x0000000088e00000, 0x0000000088e00000| Untracked 
|  55|0x0000000088f00000, 0x0000000088f00000, 0x0000000089000000|  0%| F|  |TAMS 0x0000000088f00000, 0x0000000088f00000| Untracked 
|  56|0x0000000089000000, 0x0000000089000000, 0x0000000089100000|  0%| F|  |TAMS 0x0000000089000000, 0x0000000089000000| Untracked 
|  57|0x0000000089100000, 0x0000000089100000, 0x0000000089200000|  0%| F|  |TAMS 0x0000000089100000, 0x0000000089100000| Untracked 
|  58|0x0000000089200000, 0x0000000089200000, 0x0000000089300000|  0%| F|  |TAMS 0x0000000089200000, 0x0000000089200000| Untracked 
|  59|0x0000000089300000, 0x0000000089300000, 0x0000000089400000|  0%| F|  |TAMS 0x0000000089300000, 0x0000000089300000| Untracked 
|  60|0x0000000089400000, 0x0000000089400000, 0x0000000089500000|  0%| F|  |TAMS 0x0000000089400000, 0x0000000089400000| Untracked 
|  61|0x0000000089500000, 0x0000000089500000, 0x0000000089600000|  0%| F|  |TAMS 0x0000000089500000, 0x0000000089500000| Untracked 
|  62|0x0000000089600000, 0x0000000089600000, 0x0000000089700000|  0%| F|  |TAMS 0x0000000089600000, 0x0000000089600000| Untracked 
|  63|0x0000000089700000, 0x0000000089700000, 0x0000000089800000|  0%| F|  |TAMS 0x0000000089700000, 0x0000000089700000| Untracked 
|  64|0x0000000089800000, 0x0000000089800000, 0x0000000089900000|  0%| F|  |TAMS 0x0000000089800000, 0x0000000089800000| Untracked 
|  65|0x0000000089900000, 0x0000000089900000, 0x0000000089a00000|  0%| F|  |TAMS 0x0000000089900000, 0x0000000089900000| Untracked 
|  66|0x0000000089a00000, 0x0000000089a00000, 0x0000000089b00000|  0%| F|  |TAMS 0x0000000089a00000, 0x0000000089a00000| Untracked 
|  67|0x0000000089b00000, 0x0000000089b00000, 0x0000000089c00000|  0%| F|  |TAMS 0x0000000089b00000, 0x0000000089b00000| Untracked 
|  68|0x0000000089c00000, 0x0000000089c00000, 0x0000000089d00000|  0%| F|  |TAMS 0x0000000089c00000, 0x0000000089c00000| Untracked 
|  69|0x0000000089d00000, 0x0000000089d00000, 0x0000000089e00000|  0%| F|  |TAMS 0x0000000089d00000, 0x0000000089d00000| Untracked 
|  70|0x0000000089e00000, 0x0000000089e00000, 0x0000000089f00000|  0%| F|  |TAMS 0x0000000089e00000, 0x0000000089e00000| Untracked 
|  71|0x0000000089f00000, 0x0000000089f00000, 0x000000008a000000|  0%| F|  |TAMS 0x0000000089f00000, 0x0000000089f00000| Untracked 
|  72|0x000000008a000000, 0x000000008a000000, 0x000000008a100000|  0%| F|  |TAMS 0x000000008a000000, 0x000000008a000000| Untracked 
|  73|0x000000008a100000, 0x000000008a1a0680, 0x000000008a200000| 62%| S|CS|TAMS 0x000000008a100000, 0x000000008a100000| Complete 
|  74|0x000000008a200000, 0x000000008a300000, 0x000000008a300000|100%| S|CS|TAMS 0x000000008a200000, 0x000000008a200000| Complete 
|  75|0x000000008a300000, 0x000000008a400000, 0x000000008a400000|100%| S|CS|TAMS 0x000000008a300000, 0x000000008a300000| Complete 
|  76|0x000000008a400000, 0x000000008a500000, 0x000000008a500000|100%| S|CS|TAMS 0x000000008a400000, 0x000000008a400000| Complete 
|  77|0x000000008a500000, 0x000000008a600000, 0x000000008a600000|100%| S|CS|TAMS 0x000000008a500000, 0x000000008a500000| Complete 
|  78|0x000000008a600000, 0x000000008a700000, 0x000000008a700000|100%| S|CS|TAMS 0x000000008a600000, 0x000000008a600000| Complete 
|  79|0x000000008a700000, 0x000000008a700000, 0x000000008a800000|  0%| F|  |TAMS 0x000000008a700000, 0x000000008a700000| Untracked 
|  80|0x000000008a800000, 0x000000008a800000, 0x000000008a900000|  0%| F|  |TAMS 0x000000008a800000, 0x000000008a800000| Untracked 
|  81|0x000000008a900000, 0x000000008a900000, 0x000000008aa00000|  0%| F|  |TAMS 0x000000008a900000, 0x000000008a900000| Untracked 
|  82|0x000000008aa00000, 0x000000008aa00000, 0x000000008ab00000|  0%| F|  |TAMS 0x000000008aa00000, 0x000000008aa00000| Untracked 
|  83|0x000000008ab00000, 0x000000008ab00000, 0x000000008ac00000|  0%| F|  |TAMS 0x000000008ab00000, 0x000000008ab00000| Untracked 
|  84|0x000000008ac00000, 0x000000008ac00000, 0x000000008ad00000|  0%| F|  |TAMS 0x000000008ac00000, 0x000000008ac00000| Untracked 
|  85|0x000000008ad00000, 0x000000008ad00000, 0x000000008ae00000|  0%| F|  |TAMS 0x000000008ad00000, 0x000000008ad00000| Untracked 
|  86|0x000000008ae00000, 0x000000008ae00000, 0x000000008af00000|  0%| F|  |TAMS 0x000000008ae00000, 0x000000008ae00000| Untracked 
|  87|0x000000008af00000, 0x000000008af00000, 0x000000008b000000|  0%| F|  |TAMS 0x000000008af00000, 0x000000008af00000| Untracked 
|  88|0x000000008b000000, 0x000000008b000000, 0x000000008b100000|  0%| F|  |TAMS 0x000000008b000000, 0x000000008b000000| Untracked 
|  89|0x000000008b100000, 0x000000008b100000, 0x000000008b200000|  0%| F|  |TAMS 0x000000008b100000, 0x000000008b100000| Untracked 
|  90|0x000000008b200000, 0x000000008b200000, 0x000000008b300000|  0%| F|  |TAMS 0x000000008b200000, 0x000000008b200000| Untracked 
|  91|0x000000008b300000, 0x000000008b300000, 0x000000008b400000|  0%| F|  |TAMS 0x000000008b300000, 0x000000008b300000| Untracked 
|  92|0x000000008b400000, 0x000000008b400000, 0x000000008b500000|  0%| F|  |TAMS 0x000000008b400000, 0x000000008b400000| Untracked 
|  93|0x000000008b500000, 0x000000008b500000, 0x000000008b600000|  0%| F|  |TAMS 0x000000008b500000, 0x000000008b500000| Untracked 
|  94|0x000000008b600000, 0x000000008b600000, 0x000000008b700000|  0%| F|  |TAMS 0x000000008b600000, 0x000000008b600000| Untracked 
|  95|0x000000008b700000, 0x000000008b700000, 0x000000008b800000|  0%| F|  |TAMS 0x000000008b700000, 0x000000008b700000| Untracked 
|  96|0x000000008b800000, 0x000000008b800000, 0x000000008b900000|  0%| F|  |TAMS 0x000000008b800000, 0x000000008b800000| Untracked 
|  97|0x000000008b900000, 0x000000008b900000, 0x000000008ba00000|  0%| F|  |TAMS 0x000000008b900000, 0x000000008b900000| Untracked 
|  98|0x000000008ba00000, 0x000000008ba00000, 0x000000008bb00000|  0%| F|  |TAMS 0x000000008ba00000, 0x000000008ba00000| Untracked 
|  99|0x000000008bb00000, 0x000000008bb00000, 0x000000008bc00000|  0%| F|  |TAMS 0x000000008bb00000, 0x000000008bb00000| Untracked 
| 100|0x000000008bc00000, 0x000000008bc00000, 0x000000008bd00000|  0%| F|  |TAMS 0x000000008bc00000, 0x000000008bc00000| Untracked 
| 101|0x000000008bd00000, 0x000000008bd00000, 0x000000008be00000|  0%| F|  |TAMS 0x000000008bd00000, 0x000000008bd00000| Untracked 
| 102|0x000000008be00000, 0x000000008be00000, 0x000000008bf00000|  0%| F|  |TAMS 0x000000008be00000, 0x000000008be00000| Untracked 
| 103|0x000000008bf00000, 0x000000008bf00000, 0x000000008c000000|  0%| F|  |TAMS 0x000000008bf00000, 0x000000008bf00000| Untracked 
| 104|0x000000008c000000, 0x000000008c000000, 0x000000008c100000|  0%| F|  |TAMS 0x000000008c000000, 0x000000008c000000| Untracked 
| 105|0x000000008c100000, 0x000000008c100000, 0x000000008c200000|  0%| F|  |TAMS 0x000000008c100000, 0x000000008c100000| Untracked 
| 106|0x000000008c200000, 0x000000008c200000, 0x000000008c300000|  0%| F|  |TAMS 0x000000008c200000, 0x000000008c200000| Untracked 
| 107|0x000000008c300000, 0x000000008c300000, 0x000000008c400000|  0%| F|  |TAMS 0x000000008c300000, 0x000000008c300000| Untracked 
| 108|0x000000008c400000, 0x000000008c400000, 0x000000008c500000|  0%| F|  |TAMS 0x000000008c400000, 0x000000008c400000| Untracked 
| 109|0x000000008c500000, 0x000000008c500000, 0x000000008c600000|  0%| F|  |TAMS 0x000000008c500000, 0x000000008c500000| Untracked 
| 110|0x000000008c600000, 0x000000008c600000, 0x000000008c700000|  0%| F|  |TAMS 0x000000008c600000, 0x000000008c600000| Untracked 
| 111|0x000000008c700000, 0x000000008c700000, 0x000000008c800000|  0%| F|  |TAMS 0x000000008c700000, 0x000000008c700000| Untracked 
| 112|0x000000008c800000, 0x000000008c800000, 0x000000008c900000|  0%| F|  |TAMS 0x000000008c800000, 0x000000008c800000| Untracked 
| 113|0x000000008c900000, 0x000000008c900000, 0x000000008ca00000|  0%| F|  |TAMS 0x000000008c900000, 0x000000008c900000| Untracked 
| 114|0x000000008ca00000, 0x000000008ca00000, 0x000000008cb00000|  0%| F|  |TAMS 0x000000008ca00000, 0x000000008ca00000| Untracked 
| 115|0x000000008cb00000, 0x000000008cb00000, 0x000000008cc00000|  0%| F|  |TAMS 0x000000008cb00000, 0x000000008cb00000| Untracked 
| 116|0x000000008cc00000, 0x000000008cc00000, 0x000000008cd00000|  0%| F|  |TAMS 0x000000008cc00000, 0x000000008cc00000| Untracked 
| 117|0x000000008cd00000, 0x000000008cd00000, 0x000000008ce00000|  0%| F|  |TAMS 0x000000008cd00000, 0x000000008cd00000| Untracked 
| 118|0x000000008ce00000, 0x000000008ce00000, 0x000000008cf00000|  0%| F|  |TAMS 0x000000008ce00000, 0x000000008ce00000| Untracked 
| 119|0x000000008cf00000, 0x000000008cf00000, 0x000000008d000000|  0%| F|  |TAMS 0x000000008cf00000, 0x000000008cf00000| Untracked 
| 120|0x000000008d000000, 0x000000008d000000, 0x000000008d100000|  0%| F|  |TAMS 0x000000008d000000, 0x000000008d000000| Untracked 
| 121|0x000000008d100000, 0x000000008d100000, 0x000000008d200000|  0%| F|  |TAMS 0x000000008d100000, 0x000000008d100000| Untracked 
| 122|0x000000008d200000, 0x000000008d200000, 0x000000008d300000|  0%| F|  |TAMS 0x000000008d200000, 0x000000008d200000| Untracked 
| 123|0x000000008d300000, 0x000000008d300000, 0x000000008d400000|  0%| F|  |TAMS 0x000000008d300000, 0x000000008d300000| Untracked 
| 124|0x000000008d400000, 0x000000008d400000, 0x000000008d500000|  0%| F|  |TAMS 0x000000008d400000, 0x000000008d400000| Untracked 
| 125|0x000000008d500000, 0x000000008d500000, 0x000000008d600000|  0%| F|  |TAMS 0x000000008d500000, 0x000000008d500000| Untracked 
| 126|0x000000008d600000, 0x000000008d600000, 0x000000008d700000|  0%| F|  |TAMS 0x000000008d600000, 0x000000008d600000| Untracked 
| 127|0x000000008d700000, 0x000000008d700000, 0x000000008d800000|  0%| F|  |TAMS 0x000000008d700000, 0x000000008d700000| Untracked 
| 128|0x000000008d800000, 0x000000008d800000, 0x000000008d900000|  0%| F|  |TAMS 0x000000008d800000, 0x000000008d800000| Untracked 
| 129|0x000000008d900000, 0x000000008d900000, 0x000000008da00000|  0%| F|  |TAMS 0x000000008d900000, 0x000000008d900000| Untracked 
| 130|0x000000008da00000, 0x000000008da00000, 0x000000008db00000|  0%| F|  |TAMS 0x000000008da00000, 0x000000008da00000| Untracked 
| 131|0x000000008db00000, 0x000000008db00000, 0x000000008dc00000|  0%| F|  |TAMS 0x000000008db00000, 0x000000008db00000| Untracked 
| 132|0x000000008dc00000, 0x000000008dc00000, 0x000000008dd00000|  0%| F|  |TAMS 0x000000008dc00000, 0x000000008dc00000| Untracked 
| 133|0x000000008dd00000, 0x000000008dd00000, 0x000000008de00000|  0%| F|  |TAMS 0x000000008dd00000, 0x000000008dd00000| Untracked 
| 134|0x000000008de00000, 0x000000008de00000, 0x000000008df00000|  0%| F|  |TAMS 0x000000008de00000, 0x000000008de00000| Untracked 
| 135|0x000000008df00000, 0x000000008df00000, 0x000000008e000000|  0%| F|  |TAMS 0x000000008df00000, 0x000000008df00000| Untracked 
| 136|0x000000008e000000, 0x000000008e000000, 0x000000008e100000|  0%| F|  |TAMS 0x000000008e000000, 0x000000008e000000| Untracked 
| 137|0x000000008e100000, 0x000000008e100000, 0x000000008e200000|  0%| F|  |TAMS 0x000000008e100000, 0x000000008e100000| Untracked 
| 138|0x000000008e200000, 0x000000008e200000, 0x000000008e300000|  0%| F|  |TAMS 0x000000008e200000, 0x000000008e200000| Untracked 
| 139|0x000000008e300000, 0x000000008e300000, 0x000000008e400000|  0%| F|  |TAMS 0x000000008e300000, 0x000000008e300000| Untracked 
| 140|0x000000008e400000, 0x000000008e400000, 0x000000008e500000|  0%| F|  |TAMS 0x000000008e400000, 0x000000008e400000| Untracked 
| 141|0x000000008e500000, 0x000000008e500000, 0x000000008e600000|  0%| F|  |TAMS 0x000000008e500000, 0x000000008e500000| Untracked 
| 142|0x000000008e600000, 0x000000008e600000, 0x000000008e700000|  0%| F|  |TAMS 0x000000008e600000, 0x000000008e600000| Untracked 
| 143|0x000000008e700000, 0x000000008e700000, 0x000000008e800000|  0%| F|  |TAMS 0x000000008e700000, 0x000000008e700000| Untracked 
| 144|0x000000008e800000, 0x000000008e800000, 0x000000008e900000|  0%| F|  |TAMS 0x000000008e800000, 0x000000008e800000| Untracked 
| 145|0x000000008e900000, 0x000000008e900000, 0x000000008ea00000|  0%| F|  |TAMS 0x000000008e900000, 0x000000008e900000| Untracked 
| 146|0x000000008ea00000, 0x000000008ea00000, 0x000000008eb00000|  0%| F|  |TAMS 0x000000008ea00000, 0x000000008ea00000| Untracked 
| 147|0x000000008eb00000, 0x000000008eb00000, 0x000000008ec00000|  0%| F|  |TAMS 0x000000008eb00000, 0x000000008eb00000| Untracked 
| 148|0x000000008ec00000, 0x000000008ec00000, 0x000000008ed00000|  0%| F|  |TAMS 0x000000008ec00000, 0x000000008ec00000| Untracked 
| 149|0x000000008ed00000, 0x000000008ed00000, 0x000000008ee00000|  0%| F|  |TAMS 0x000000008ed00000, 0x000000008ed00000| Untracked 
| 150|0x000000008ee00000, 0x000000008ee00000, 0x000000008ef00000|  0%| F|  |TAMS 0x000000008ee00000, 0x000000008ee00000| Untracked 
| 151|0x000000008ef00000, 0x000000008ef00000, 0x000000008f000000|  0%| F|  |TAMS 0x000000008ef00000, 0x000000008ef00000| Untracked 
| 152|0x000000008f000000, 0x000000008f000000, 0x000000008f100000|  0%| F|  |TAMS 0x000000008f000000, 0x000000008f000000| Untracked 
| 153|0x000000008f100000, 0x000000008f100000, 0x000000008f200000|  0%| F|  |TAMS 0x000000008f100000, 0x000000008f100000| Untracked 
| 154|0x000000008f200000, 0x000000008f200000, 0x000000008f300000|  0%| F|  |TAMS 0x000000008f200000, 0x000000008f200000| Untracked 
| 155|0x000000008f300000, 0x000000008f300000, 0x000000008f400000|  0%| F|  |TAMS 0x000000008f300000, 0x000000008f300000| Untracked 
| 156|0x000000008f400000, 0x000000008f400000, 0x000000008f500000|  0%| F|  |TAMS 0x000000008f400000, 0x000000008f400000| Untracked 
| 157|0x000000008f500000, 0x000000008f580800, 0x000000008f600000| 50%| E|  |TAMS 0x000000008f500000, 0x000000008f500000| Complete 
| 158|0x000000008f600000, 0x000000008f700000, 0x000000008f700000|100%| E|CS|TAMS 0x000000008f600000, 0x000000008f600000| Complete 

Card table byte_map: [0x000001e8beb20000,0x000001e8bef00000] _byte_map_base: 0x000001e8be6f4000

Marking Bits (Prev, Next): (CMBitMap*) 0x000001e8ab929618, (CMBitMap*) 0x000001e8ab929650
 Prev Bits: [0x000001e8bf2e0000, 0x000001e8c1180000)
 Next Bits: [0x000001e8c1180000, 0x000001e8c3020000)

Polling page: 0x000001e8a9890000

Metaspace:

Usage:
  Non-class:     39.21 MB capacity,    38.92 MB (>99%) used,   224.09 KB ( <1%) free+waste,    64.94 KB ( <1%) overhead. 
      Class:      5.43 MB capacity,     5.23 MB ( 96%) used,   182.52 KB (  3%) free+waste,    28.62 KB ( <1%) overhead. 
       Both:     44.64 MB capacity,    44.15 MB ( 99%) used,   406.61 KB ( <1%) free+waste,    93.56 KB ( <1%) overhead. 

Virtual space:
  Non-class space:       40.00 MB reserved,      39.25 MB ( 98%) committed 
      Class space:        1.00 GB reserved,       5.55 MB ( <1%) committed 
             Both:        1.04 GB reserved,      44.80 MB (  4%) committed 

Chunk freelists:
   Non-Class:  45.00 KB
       Class:  3.00 KB
        Both:  48.00 KB

MaxMetaspaceSize: 17179869184.00 GB
CompressedClassSpaceSize: 1.00 GB
Initial GC threshold: 20.80 MB
Current GC threshold: 59.00 MB
CDS: off

CodeHeap 'non-profiled nmethods': size=120000Kb used=1317Kb max_used=1317Kb free=118682Kb
 bounds [0x000001e8b6ee0000, 0x000001e8b7150000, 0x000001e8be410000]
CodeHeap 'profiled nmethods': size=120000Kb used=5761Kb max_used=5761Kb free=114238Kb
 bounds [0x000001e8af9b0000, 0x000001e8aff60000, 0x000001e8b6ee0000]
CodeHeap 'non-nmethods': size=5760Kb used=1281Kb max_used=1311Kb free=4478Kb
 bounds [0x000001e8af410000, 0x000001e8af680000, 0x000001e8af9b0000]
 total_blobs=3524 nmethods=2970 adapters=465
 compilation: enabled
              stopped_count=0, restarted_count=0
 full_count=0

Compilation events (20 events):
Event: 2.605 Thread 0x000001e8c63f3000 nmethod 2962 0x000001e8aff48790 code [0x000001e8aff48a60, 0x000001e8aff498a8]
Event: 2.605 Thread 0x000001e8c63f3000 2963       3       org.jetbrains.kotlin.com.intellij.psi.impl.source.SubstrateRef$2::getNode (13 bytes)
Event: 2.605 Thread 0x000001e8c63f3000 nmethod 2963 0x000001e8aff49b90 code [0x000001e8aff49d40, 0x000001e8aff49ec8]
Event: 2.605 Thread 0x000001e8c63f3000 2965       3       org.jetbrains.kotlin.com.intellij.psi.impl.source.tree.CompositeElement::getPsi (46 bytes)
Event: 2.606 Thread 0x000001e8c63f3000 nmethod 2965 0x000001e8aff49f90 code [0x000001e8aff4a260, 0x000001e8aff4b1a8]
Event: 2.606 Thread 0x000001e8c63f3000 2964       1       org.jetbrains.kotlin.com.intellij.mock.MockComponentManager::isDisposed (5 bytes)
Event: 2.606 Thread 0x000001e8c63f3000 nmethod 2964 0x000001e8b7028e90 code [0x000001e8b7029040, 0x000001e8b70290f8]
Event: 2.607 Thread 0x000001e8c63f3000 2966       3       kotlin.reflect.jvm.internal.pcollections.IntTree::plus (111 bytes)
Event: 2.607 Thread 0x000001e8c63f3000 nmethod 2966 0x000001e8aff4b690 code [0x000001e8aff4b8c0, 0x000001e8aff4bf58]
Event: 2.609 Thread 0x000001e8c63f3000 2967       3       java.lang.Thread::interrupted (8 bytes)
Event: 2.609 Thread 0x000001e8c63f3000 nmethod 2967 0x000001e8aff4c190 code [0x000001e8aff4c340, 0x000001e8aff4c468]
Event: 2.622 Thread 0x000001e8c63f3000 2968       3       org.jetbrains.kotlin.com.intellij.util.containers.ConcurrentIntObjectHashMap$Node::<init> (26 bytes)
Event: 2.622 Thread 0x000001e8c63f3000 nmethod 2968 0x000001e8aff4c510 code [0x000001e8aff4c6c0, 0x000001e8aff4c8f8]
Event: 2.629 Thread 0x000001e8c63f3000 2969       1       org.jetbrains.kotlin.resolve.ImportPath::isAllUnder (5 bytes)
Event: 2.629 Thread 0x000001e8c63f3000 nmethod 2969 0x000001e8b7029190 code [0x000001e8b7029340, 0x000001e8b70293f8]
Event: 2.645 Thread 0x000001e8c63f3000 2970       3       org.jetbrains.kotlin.com.intellij.lang.LanguageExtension::forLanguage (48 bytes)
Event: 2.646 Thread 0x000001e8c63f3000 nmethod 2970 0x000001e8aff4ca10 code [0x000001e8aff4cc00, 0x000001e8aff4d058]
Event: 2.646 Thread 0x000001e8c63f3000 2972       3       org.jetbrains.kotlin.com.intellij.util.keyFMap.ArrayBackedFMap::indexOf (50 bytes)
Event: 2.646 Thread 0x000001e8c63f3000 nmethod 2972 0x000001e8aff4d190 code [0x000001e8aff4d360, 0x000001e8aff4d5b8]
Event: 2.646 Thread 0x000001e8c63f3000 2971       3       org.jetbrains.kotlin.com.intellij.psi.impl.ElementBase::<init> (5 bytes)

GC Heap History (10 events):
Event: 0.508 GC heap before
{Heap before GC invocations=0 (full 0):
 garbage-first heap   total 126976K, used 28672K [0x0000000085800000, 0x0000000100000000)
  region size 1024K, 24 young (24576K), 0 survivors (0K)
 Metaspace       used 12149K, capacity 12280K, committed 12544K, reserved 1060864K
  class space    used 1121K, capacity 1175K, committed 1280K, reserved 1048576K
}
Event: 0.514 GC heap after
{Heap after GC invocations=1 (full 0):
 garbage-first heap   total 126976K, used 6904K [0x0000000085800000, 0x0000000100000000)
  region size 1024K, 3 young (3072K), 3 survivors (3072K)
 Metaspace       used 12149K, capacity 12280K, committed 12544K, reserved 1060864K
  class space    used 1121K, capacity 1175K, committed 1280K, reserved 1048576K
}
Event: 1.056 GC heap before
{Heap before GC invocations=1 (full 0):
 garbage-first heap   total 126976K, used 45816K [0x0000000085800000, 0x0000000100000000)
  region size 1024K, 42 young (43008K), 3 survivors (3072K)
 Metaspace       used 21053K, capacity 21200K, committed 21296K, reserved 1069056K
  class space    used 2227K, capacity 2308K, committed 2352K, reserved 1048576K
}
Event: 1.069 GC heap after
{Heap after GC invocations=2 (full 0):
 garbage-first heap   total 126976K, used 10380K [0x0000000085800000, 0x0000000100000000)
  region size 1024K, 7 young (7168K), 7 survivors (7168K)
 Metaspace       used 21053K, capacity 21200K, committed 21296K, reserved 1069056K
  class space    used 2227K, capacity 2308K, committed 2352K, reserved 1048576K
}
Event: 1.851 GC heap before
{Heap before GC invocations=3 (full 0):
 garbage-first heap   total 126976K, used 67724K [0x0000000085800000, 0x0000000100000000)
  region size 1024K, 57 young (58368K), 7 survivors (7168K)
 Metaspace       used 33279K, capacity 33730K, committed 33840K, reserved 1079296K
  class space    used 4126K, capacity 4305K, committed 4400K, reserved 1048576K
}
Event: 1.868 GC heap after
{Heap after GC invocations=4 (full 0):
 garbage-first heap   total 126976K, used 22813K [0x0000000085800000, 0x0000000100000000)
  region size 1024K, 8 young (8192K), 8 survivors (8192K)
 Metaspace       used 33279K, capacity 33730K, committed 33840K, reserved 1079296K
  class space    used 4126K, capacity 4305K, committed 4400K, reserved 1048576K
}
Event: 2.026 GC heap before
{Heap before GC invocations=4 (full 0):
 garbage-first heap   total 126976K, used 35101K [0x0000000085800000, 0x0000000100000000)
  region size 1024K, 21 young (21504K), 8 survivors (8192K)
 Metaspace       used 35438K, capacity 35853K, committed 35920K, reserved 1081344K
  class space    used 4343K, capacity 4501K, committed 4528K, reserved 1048576K
}
Event: 2.039 GC heap after
{Heap after GC invocations=5 (full 0):
 garbage-first heap   total 126976K, used 22528K [0x0000000085800000, 0x0000000100000000)
  region size 1024K, 2 young (2048K), 2 survivors (2048K)
 Metaspace       used 35438K, capacity 35853K, committed 35920K, reserved 1081344K
  class space    used 4343K, capacity 4501K, committed 4528K, reserved 1048576K
}
Event: 2.634 GC heap before
{Heap before GC invocations=6 (full 0):
 garbage-first heap   total 126976K, used 66560K [0x0000000085800000, 0x0000000100000000)
  region size 1024K, 45 young (46080K), 2 survivors (2048K)
 Metaspace       used 44853K, capacity 45311K, committed 45488K, reserved 1089536K
  class space    used 5286K, capacity 5496K, committed 5552K, reserved 1048576K
}
Event: 2.642 GC heap after
{Heap after GC invocations=7 (full 0):
 garbage-first heap   total 162816K, used 26241K [0x0000000085800000, 0x0000000100000000)
  region size 1024K, 6 young (6144K), 6 survivors (6144K)
 Metaspace       used 44853K, capacity 45311K, committed 45488K, reserved 1089536K
  class space    used 5286K, capacity 5496K, committed 5552K, reserved 1048576K
}

Deoptimization events (20 events):
Event: 2.482 Thread 0x000001e8ab8ef800 Uncommon trap: trap_request=0xffffff4d fr.pc=0x000001e8b6f077e8 relative=0x0000000000000c48
Event: 2.482 Thread 0x000001e8ab8ef800 Uncommon trap: reason=unstable_if action=reinterpret pc=0x000001e8b6f077e8 method=java.lang.StringCoding.encodeUTF8(B[BZ)[B @ 2 c2
Event: 2.482 Thread 0x000001e8ab8ef800 DEOPT PACKING pc=0x000001e8b6f077e8 sp=0x00000021f80f5c60
Event: 2.482 Thread 0x000001e8ab8ef800 DEOPT UNPACKING pc=0x000001e8af4185af sp=0x00000021f80f5a50 mode 2
Event: 2.483 Thread 0x000001e8ab8ef800 Uncommon trap: trap_request=0xffffff4d fr.pc=0x000001e8b6f93ba4 relative=0x00000000000003a4
Event: 2.483 Thread 0x000001e8ab8ef800 Uncommon trap: reason=unstable_if action=reinterpret pc=0x000001e8b6f93ba4 method=sun.net.www.ParseUtil.firstEncodeIndex(Ljava/lang/String;)I @ 27 c2
Event: 2.483 Thread 0x000001e8ab8ef800 DEOPT PACKING pc=0x000001e8b6f93ba4 sp=0x00000021f80f5da0
Event: 2.483 Thread 0x000001e8ab8ef800 DEOPT UNPACKING pc=0x000001e8af4185af sp=0x00000021f80f5c08 mode 2
Event: 2.483 Thread 0x000001e8ab8ef800 Uncommon trap: trap_request=0xffffff4d fr.pc=0x000001e8b6f9bc38 relative=0x0000000000000198
Event: 2.483 Thread 0x000001e8ab8ef800 Uncommon trap: reason=unstable_if action=reinterpret pc=0x000001e8b6f9bc38 method=java.lang.String.indexOf(II)I @ 4 c2
Event: 2.483 Thread 0x000001e8ab8ef800 DEOPT PACKING pc=0x000001e8b6f9bc38 sp=0x00000021f80f5a70
Event: 2.483 Thread 0x000001e8ab8ef800 DEOPT UNPACKING pc=0x000001e8af4185af sp=0x00000021f80f5a20 mode 2
Event: 2.483 Thread 0x000001e8ab8ef800 Uncommon trap: trap_request=0xffffff4d fr.pc=0x000001e8b6fba434 relative=0x0000000000000194
Event: 2.483 Thread 0x000001e8ab8ef800 Uncommon trap: reason=unstable_if action=reinterpret pc=0x000001e8b6fba434 method=java.lang.String.startsWith(Ljava/lang/String;I)Z @ 46 c2
Event: 2.483 Thread 0x000001e8ab8ef800 DEOPT PACKING pc=0x000001e8b6fba434 sp=0x00000021f80f5b70
Event: 2.483 Thread 0x000001e8ab8ef800 DEOPT UNPACKING pc=0x000001e8af4185af sp=0x00000021f80f5ad8 mode 2
Event: 2.483 Thread 0x000001e8ab8ef800 Uncommon trap: trap_request=0xffffff4d fr.pc=0x000001e8b7014ca4 relative=0x0000000000000644
Event: 2.483 Thread 0x000001e8ab8ef800 Uncommon trap: reason=unstable_if action=reinterpret pc=0x000001e8b7014ca4 method=java.lang.String.lastIndexOf(II)I @ 4 c2
Event: 2.483 Thread 0x000001e8ab8ef800 DEOPT PACKING pc=0x000001e8b7014ca4 sp=0x00000021f80f5be0
Event: 2.483 Thread 0x000001e8ab8ef800 DEOPT UNPACKING pc=0x000001e8af4185af sp=0x00000021f80f5ad0 mode 2

Classes redefined (0 events):
No events

Internal exceptions (20 events):
Event: 1.006 Thread 0x000001e8ab8ef800 Exception <a 'java/lang/NoSuchMethodError'{0x000000008afe5370}: 'java.lang.Object java.lang.invoke.DirectMethodHandle$Holder.invokeStaticInit(java.lang.Object, int)'> (0x000000008afe5370) thrown at [src/hotspot/share/interpreter/linkResolver.cpp, line 773]
Event: 1.031 Thread 0x000001e8ab8ef800 Exception <a 'java/lang/NoSuchMethodError'{0x000000008adbe310}: 'long java.lang.invoke.DirectMethodHandle$Holder.invokeStatic(java.lang.Object)'> (0x000000008adbe310) thrown at [src/hotspot/share/interpreter/linkResolver.cpp, line 773]
Event: 1.032 Thread 0x000001e8ab8ef800 Exception <a 'java/lang/NoSuchMethodError'{0x000000008adc1168}: 'long java.lang.invoke.DirectMethodHandle$Holder.invokeStaticInit(java.lang.Object)'> (0x000000008adc1168) thrown at [src/hotspot/share/interpreter/linkResolver.cpp, line 773]
Event: 1.049 Thread 0x000001e8ab8ef800 Exception <a 'java/lang/NoSuchMethodError'{0x000000008ab31c80}: 'int java.lang.invoke.DirectMethodHandle$Holder.invokeSpecialIFC(java.lang.Object, java.lang.Object, int)'> (0x000000008ab31c80) thrown at [src/hotspot/share/interpreter/linkResolver.cpp, line 773]
Event: 1.096 Thread 0x000001e8ab8ef800 Exception <a 'java/lang/NoSuchMethodError'{0x000000008d2c36b0}: 'int java.lang.invoke.DirectMethodHandle$Holder.invokeStaticInit(java.lang.Object, java.lang.Object, java.lang.Object)'> (0x000000008d2c36b0) thrown at [src/hotspot/share/interpreter/linkResolver.cpp, line 773]
Event: 1.101 Thread 0x000001e8ab8ef800 Exception <a 'java/lang/NoSuchMethodError'{0x000000008d2eed90}: 'int java.lang.invoke.DirectMethodHandle$Holder.invokeStaticInit(java.lang.Object, java.lang.Object)'> (0x000000008d2eed90) thrown at [src/hotspot/share/interpreter/linkResolver.cpp, line 773]
Event: 1.141 Thread 0x000001e8ab8ef800 Exception <a 'java/lang/NoSuchMethodError'{0x000000008cf02a18}: 'void java.lang.invoke.DirectMethodHandle$Holder.invokeSpecial(java.lang.Object, java.lang.Object)'> (0x000000008cf02a18) thrown at [src/hotspot/share/interpreter/linkResolver.cpp, line 773]
Event: 1.285 Thread 0x000001e8ab8ef800 Exception <a 'java/lang/NoSuchMethodError'{0x000000008c7b2080}: 'java.lang.Object java.lang.invoke.DirectMethodHandle$Holder.invokeStatic(java.lang.Object, java.lang.Object, java.lang.Object, java.lang.Object, java.lang.Object, java.lang.Object, java.lang.Object, java.lang.Object, java.lang.Object, java.lang.Object, java.lang.Object, java.lang.Object, java.lang.Object, java.lang.Object, java.lang.Object)'> (0x000000008c7b2080) thrown at [src/hotspot/share/interpreter/linkResolver.cpp, line 773]
Event: 1.285 Thread 0x000001e8ab8ef800 Exception <a 'java/lang/NoSuchMethodError'{0x000000008c7c0088}: 'java.lang.Object java.lang.invoke.DirectMethodHandle$Holder.invokeStatic(java.lang.Object, java.lang.Object, java.lang.Object, java.lang.Object, java.lang.Object, java.lang.Object, java.lang.Object, java.lang.Object, java.lang.Object, java.lang.Object, java.lang.Object, java.lang.Object, java.lang.Object, java.lang.Object, java.lang.Object, java.lang.Object)'> (0x000000008c7c0088) thrown at [src/hotspot/share/interpreter/linkResolver.cpp, lin
Event: 1.286 Thread 0x000001e8ab8ef800 Exception <a 'java/lang/NoSuchMethodError'{0x000000008c7cdfa0}: 'java.lang.Object java.lang.invoke.DirectMethodHandle$Holder.invokeSpecial(java.lang.Object, java.lang.Object, int, int, java.lang.Object, java.lang.Object, java.lang.Object)'> (0x000000008c7cdfa0) thrown at [src/hotspot/share/interpreter/linkResolver.cpp, line 773]
Event: 1.287 Thread 0x000001e8ab8ef800 Exception <a 'java/lang/NoSuchMethodError'{0x000000008c7d17d8}: 'java.lang.Object java.lang.invoke.DelegatingMethodHandle$Holder.reinvoke_L(java.lang.Object, int, int, java.lang.Object, java.lang.Object, java.lang.Object)'> (0x000000008c7d17d8) thrown at [src/hotspot/share/interpreter/linkResolver.cpp, line 773]
Event: 1.287 Thread 0x000001e8ab8ef800 Exception <a 'java/lang/NoSuchMethodError'{0x000000008c7d5b60}: 'java.lang.Object java.lang.invoke.DirectMethodHandle$Holder.invokeStatic(java.lang.Object, java.lang.Object, java.lang.Object, java.lang.Object, int)'> (0x000000008c7d5b60) thrown at [src/hotspot/share/interpreter/linkResolver.cpp, line 773]
Event: 1.315 Thread 0x000001e8ab8ef800 Exception <a 'java/lang/NoSuchMethodError'{0x000000008c6fa818}: 'void java.lang.invoke.DirectMethodHandle$Holder.invokeStatic(java.lang.Object, java.lang.Object, java.lang.Object, java.lang.Object)'> (0x000000008c6fa818) thrown at [src/hotspot/share/interpreter/linkResolver.cpp, line 773]
Event: 1.369 Thread 0x000001e8ab8ef800 Exception <a 'java/lang/NoSuchMethodError'{0x000000008c2df1a8}: 'void java.lang.invoke.DirectMethodHandle$Holder.invokeStaticInit(java.lang.Object, java.lang.Object)'> (0x000000008c2df1a8) thrown at [src/hotspot/share/interpreter/linkResolver.cpp, line 773]
Event: 1.438 Thread 0x000001e8ab8ef800 Exception <a 'java/lang/NoSuchMethodError'{0x000000008bd3db18}: 'void java.lang.invoke.DirectMethodHandle$Holder.invokeVirtual(java.lang.Object, java.lang.Object)'> (0x000000008bd3db18) thrown at [src/hotspot/share/interpreter/linkResolver.cpp, line 773]
Event: 1.447 Thread 0x000001e8ab8ef800 Exception <a 'java/lang/NoSuchMethodError'{0x000000008bdd1758}: 'int java.lang.invoke.DirectMethodHandle$Holder.invokeVirtual(java.lang.Object, java.lang.Object)'> (0x000000008bdd1758) thrown at [src/hotspot/share/interpreter/linkResolver.cpp, line 773]
Event: 1.991 Thread 0x000001e8ab8ef800 Exception <a 'java/lang/NoSuchMethodError'{0x000000008cafb1b0}: 'java.lang.Object java.lang.invoke.DirectMethodHandle$Holder.invokeVirtual(java.lang.Object, java.lang.Object, java.lang.Object)'> (0x000000008cafb1b0) thrown at [src/hotspot/share/interpreter/linkResolver.cpp, line 773]
Event: 2.599 Thread 0x000001e8ab8ef800 Exception <a 'java/lang/NoSuchMethodError'{0x000000008a81dfb0}: 'java.lang.Object java.lang.invoke.DirectMethodHandle$Holder.invokeStatic(java.lang.Object, java.lang.Object, java.lang.Object, int)'> (0x000000008a81dfb0) thrown at [src/hotspot/share/interpreter/linkResolver.cpp, line 773]
Event: 2.599 Thread 0x000001e8ab8ef800 Exception <a 'java/lang/NoSuchMethodError'{0x000000008a821c20}: 'java.lang.Object java.lang.invoke.DirectMethodHandle$Holder.invokeSpecial(java.lang.Object, java.lang.Object, java.lang.Object, java.lang.Object, int)'> (0x000000008a821c20) thrown at [src/hotspot/share/interpreter/linkResolver.cpp, line 773]
Event: 2.600 Thread 0x000001e8ab8ef800 Exception <a 'java/lang/NoSuchMethodError'{0x000000008a824f30}: 'java.lang.Object java.lang.invoke.Invokers$Holder.linkToTargetMethod(java.lang.Object, java.lang.Object, int, java.lang.Object)'> (0x000000008a824f30) thrown at [src/hotspot/share/interpreter/linkResolver.cpp, line 773]

Events (20 events):
Event: 2.642 loading class org/jetbrains/kotlin/com/google/common/collect/ImmutableMultimap$Values
Event: 2.642 loading class org/jetbrains/kotlin/com/google/common/collect/ImmutableMultimap$Values done
Event: 2.643 loading class org/jetbrains/kotlin/com/google/common/collect/ImmutableMultimap$2
Event: 2.643 loading class org/jetbrains/kotlin/com/google/common/collect/ImmutableMultimap$2 done
Event: 2.643 loading class org/jetbrains/kotlin/com/google/common/collect/ImmutableMultiset
Event: 2.643 loading class org/jetbrains/kotlin/com/google/common/collect/ImmutableMultiset done
Event: 2.643 loading class org/jetbrains/kotlin/com/google/common/collect/ImmutableMultisetGwtSerializationDependencies
Event: 2.643 loading class org/jetbrains/kotlin/com/google/common/collect/ImmutableMultisetGwtSerializationDependencies done
Event: 2.643 loading class org/jetbrains/kotlin/com/google/common/collect/ImmutableMultimap$Keys
Event: 2.643 loading class org/jetbrains/kotlin/com/google/common/collect/ImmutableMultimap$Keys done
Event: 2.644 loading class org/jetbrains/kotlin/com/google/common/collect/ImmutableMultimap$EntryCollection
Event: 2.644 loading class org/jetbrains/kotlin/com/google/common/collect/ImmutableMultimap$EntryCollection done
Event: 2.644 loading class org/jetbrains/kotlin/com/google/common/collect/EmptyImmutableListMultimap
Event: 2.644 loading class org/jetbrains/kotlin/com/google/common/collect/EmptyImmutableListMultimap done
Event: 2.644 loading class org/jetbrains/kotlin/com/google/common/collect/ImmutableListMultimap$Builder
Event: 2.644 loading class org/jetbrains/kotlin/com/google/common/collect/ImmutableListMultimap$Builder done
Event: 2.645 loading class org/jetbrains/kotlin/com/google/common/collect/ImmutableMultimap$Builder
Event: 2.645 loading class org/jetbrains/kotlin/com/google/common/collect/ImmutableMultimap$Builder done
Event: 2.646 loading class org/jetbrains/kotlin/com/google/common/collect/UnmodifiableListIterator
Event: 2.646 loading class org/jetbrains/kotlin/com/google/common/collect/UnmodifiableListIterator done


Dynamic libraries:
0x00007ff656c70000 - 0x00007ff656c7a000 	C:\Program Files\Android\Android Studio1\jbr\bin\java.exe
0x00007ffbe0830000 - 0x00007ffbe0a28000 	C:\windows\SYSTEM32\ntdll.dll
0x00007ffbdfc20000 - 0x00007ffbdfcdd000 	C:\windows\System32\KERNEL32.DLL
0x00007ffbddef0000 - 0x00007ffbde1e6000 	C:\windows\System32\KERNELBASE.dll
0x00007ffbde460000 - 0x00007ffbde560000 	C:\windows\System32\ucrtbase.dll
0x00007ffbc74a0000 - 0x00007ffbc74b7000 	C:\Program Files\Android\Android Studio1\jbr\bin\jli.dll
0x00007ffbc29d0000 - 0x00007ffbc29eb000 	C:\Program Files\Android\Android Studio1\jbr\bin\VCRUNTIME140.dll
0x00007ffbe0590000 - 0x00007ffbe072e000 	C:\windows\System32\USER32.dll
0x00007ffbde6b0000 - 0x00007ffbde6d2000 	C:\windows\System32\win32u.dll
0x00007ffbc2db0000 - 0x00007ffbc304a000 	C:\windows\WinSxS\amd64_microsoft.windows.common-controls_6595b64144ccf1df_6.0.19041.3636_none_60b6a03d71f818d5\COMCTL32.dll
0x00007ffbdfaa0000 - 0x00007ffbdfacb000 	C:\windows\System32\GDI32.dll
0x00007ffbe0100000 - 0x00007ffbe019e000 	C:\windows\System32\msvcrt.dll
0x00007ffbde750000 - 0x00007ffbde867000 	C:\windows\System32\gdi32full.dll
0x00007ffbde610000 - 0x00007ffbde6ad000 	C:\windows\System32\msvcp_win.dll
0x00007ffbdf490000 - 0x00007ffbdf4c2000 	C:\windows\System32\IMM32.DLL
0x00007ffbc7460000 - 0x00007ffbc746c000 	C:\Program Files\Android\Android Studio1\jbr\bin\vcruntime140_1.dll
0x00007ffb97530000 - 0x00007ffb975bd000 	C:\Program Files\Android\Android Studio1\jbr\bin\msvcp140.dll
0x00007ffb5b890000 - 0x00007ffb5c44c000 	C:\Program Files\Android\Android Studio1\jbr\bin\server\jvm.dll
0x00007ffbdfce0000 - 0x00007ffbdfd93000 	C:\windows\System32\ADVAPI32.dll
0x00007ffbdfad0000 - 0x00007ffbdfb6f000 	C:\windows\System32\sechost.dll
0x00007ffbdf130000 - 0x00007ffbdf256000 	C:\windows\System32\RPCRT4.dll
0x00007ffbde430000 - 0x00007ffbde457000 	C:\windows\System32\bcrypt.dll
0x00007ffbe01a0000 - 0x00007ffbe01a8000 	C:\windows\System32\PSAPI.DLL
0x00007ffb5d3e0000 - 0x00007ffb5d3e9000 	C:\windows\SYSTEM32\WSOCK32.dll
0x00007ffbe01d0000 - 0x00007ffbe023b000 	C:\windows\System32\WS2_32.dll
0x00007ffbd1eb0000 - 0x00007ffbd1eba000 	C:\windows\SYSTEM32\VERSION.dll
0x00007ffbba210000 - 0x00007ffbba237000 	C:\windows\SYSTEM32\WINMM.dll
0x00007ffbdc730000 - 0x00007ffbdc742000 	C:\windows\SYSTEM32\kernel.appcore.dll
0x00007ffb5d3d0000 - 0x00007ffb5d3e0000 	C:\Program Files\Android\Android Studio1\jbr\bin\verify.dll
0x00007ffbdbc80000 - 0x00007ffbdbe64000 	C:\windows\SYSTEM32\DBGHELP.DLL
0x00007ffbbd400000 - 0x00007ffbbd434000 	C:\windows\SYSTEM32\dbgcore.DLL
0x00007ffbde1f0000 - 0x00007ffbde272000 	C:\windows\System32\bcryptPrimitives.dll
0x00007ffb5d3a0000 - 0x00007ffb5d3c8000 	C:\Program Files\Android\Android Studio1\jbr\bin\java.dll
0x00007ffb5d390000 - 0x00007ffb5d39a000 	C:\Program Files\Android\Android Studio1\jbr\bin\jimage.dll
0x00007ffb5d370000 - 0x00007ffb5d388000 	C:\Program Files\Android\Android Studio1\jbr\bin\zip.dll
0x00007ffbde870000 - 0x00007ffbdefb5000 	C:\windows\System32\SHELL32.dll
0x00007ffbdbf80000 - 0x00007ffbdc71c000 	C:\windows\SYSTEM32\windows.storage.dll
0x00007ffbdfda0000 - 0x00007ffbe00f4000 	C:\windows\System32\combase.dll
0x00007ffbdd920000 - 0x00007ffbdd94e000 	C:\windows\SYSTEM32\Wldp.dll
0x00007ffbdf560000 - 0x00007ffbdf62d000 	C:\windows\System32\OLEAUT32.dll
0x00007ffbdfb70000 - 0x00007ffbdfc1d000 	C:\windows\System32\SHCORE.dll
0x00007ffbe03f0000 - 0x00007ffbe0445000 	C:\windows\System32\shlwapi.dll
0x00007ffbdde20000 - 0x00007ffbdde45000 	C:\windows\SYSTEM32\profapi.dll
0x00007ffb5d350000 - 0x00007ffb5d369000 	C:\Program Files\Android\Android Studio1\jbr\bin\net.dll
0x00007ffbd5d50000 - 0x00007ffbd5e5a000 	C:\windows\SYSTEM32\WINHTTP.dll
0x00007ffbdd680000 - 0x00007ffbdd6ea000 	C:\windows\system32\mswsock.dll
0x00007ffb5d330000 - 0x00007ffb5d343000 	C:\Program Files\Android\Android Studio1\jbr\bin\nio.dll

dbghelp: loaded successfully - version: 4.0.5 - missing functions: none
symbol engine: initialized successfully - sym options: 0x614 - pdb path: .;C:\Program Files\Android\Android Studio1\jbr\bin;C:\windows\SYSTEM32;C:\windows\WinSxS\amd64_microsoft.windows.common-controls_6595b64144ccf1df_6.0.19041.3636_none_60b6a03d71f818d5;C:\Program Files\Android\Android Studio1\jbr\bin\server

VM Arguments:
java_command: org.jetbrains.kotlin.cli.jvm.K2JVMCompiler @C:\Users\a\AndroidStudioProjects\AdminJustEat\app\build\20240229_17070798824015834875.compiler.options
java_class_path (initial): C:\Users\a\.gradle\caches\modules-2\files-2.1\org.jetbrains.kotlin\kotlin-compiler-embeddable\1.8.0\eb9118d4bcceaa2a94b2ae2a33a4ddba7c9a947f\kotlin-compiler-embeddable-1.8.0.jar;C:\Users\a\.gradle\caches\modules-2\files-2.1\org.jetbrains.kotlin\kotlin-stdlib\1.8.0\1796921c7a3e2e2665a83e6c8d33399336cd39bc\kotlin-stdlib-1.8.0.jar;C:\Users\a\.gradle\caches\modules-2\files-2.1\org.jetbrains.kotlin\kotlin-script-runtime\1.8.0\b2f7e760d283cb339974851c222a4c1d48f2d3d\kotlin-script-runtime-1.8.0.jar;C:\Users\a\.gradle\caches\modules-2\files-2.1\org.jetbrains.kotlin\kotlin-reflect\1.6.10\1cbe9c92c12a94eea200d23c2bbaedaf3daf5132\kotlin-reflect-1.6.10.jar;C:\Users\a\.gradle\caches\modules-2\files-2.1\org.jetbrains.kotlin\kotlin-daemon-embeddable\1.8.0\d255216c551685dc3a7e852b53617f5f01aaaa5c\kotlin-daemon-embeddable-1.8.0.jar;C:\Users\a\.gradle\caches\modules-2\files-2.1\org.jetbrains.intellij.deps\trove4j\1.0.20200330\3afb14d5f9ceb459d724e907a21145e8ff394f02\trove4j-1.0.20200330.jar;C:\Users\a\.gradle\caches\modules-2\files-2.1\net.java.dev.jna\jna\5.6.0\330f2244e9030119ab3030fc3fededc86713d9cc\jna-5.6.0.jar;C:\Users\a\.gradle\caches\modules-2\files-2.1\org.jetbrains.kotlin\kotlin-stdlib-common\1.8.0\f7197e7cc76453ac59f8b0f8d5137cc600becd36\kotlin-stdlib-common-1.8.0.jar;C:\Users\a\.gradle\caches\modules-2\files-2.1\org.jetbrains\annotations\13.0\919f0dfe192fb4e063e7dacadee7f8bb9a2672a9\annotations-13.0.jar
Launcher Type: SUN_STANDARD

[Global flags]
     intx CICompilerCount                          = 4                                         {product} {ergonomic}
     uint ConcGCThreads                            = 2                                         {product} {ergonomic}
     uint G1ConcRefinementThreads                  = 8                                         {product} {ergonomic}
   size_t G1HeapRegionSize                         = 1048576                                   {product} {ergonomic}
    uintx GCDrainStackTargetSize                   = 64                                        {product} {ergonomic}
   size_t InitialHeapSize                          = 130023424                                 {product} {ergonomic}
   size_t MarkStackSize                            = 4194304                                   {product} {ergonomic}
   size_t MaxHeapSize                              = 2055208960                                {product} {ergonomic}
   size_t MaxNewSize                               = 1233125376                                {product} {ergonomic}
   size_t MinHeapDeltaBytes                        = 1048576                                   {product} {ergonomic}
    uintx NonNMethodCodeHeapSize                   = 5836300                                {pd product} {ergonomic}
    uintx NonProfiledCodeHeapSize                  = 122910970                              {pd product} {ergonomic}
    uintx ProfiledCodeHeapSize                     = 122910970                              {pd product} {ergonomic}
    uintx ReservedCodeCacheSize                    = 251658240                              {pd product} {ergonomic}
     bool SegmentedCodeCache                       = true                                      {product} {ergonomic}
     bool UseCompressedClassPointers               = true                                 {lp64_product} {ergonomic}
     bool UseCompressedOops                        = true                                 {lp64_product} {ergonomic}
     bool UseG1GC                                  = true                                      {product} {ergonomic}
     bool UseLargePagesIndividualAllocation        = false                                  {pd product} {ergonomic}

Logging:
Log output configuration:
 #0: stdout all=warning uptime,level,tags
 #1: stderr all=off uptime,level,tags

Environment Variables:
PATH=C:\python 3.10\Scripts\;C:\python 3.10\;C:\Program Files\Common Files\Oracle\Java\javapath;C:\windows\system32;C:\windows;C:\windows\System32\Wbem;C:\windows\System32\WindowsPowerShell\v1.0\;C:\windows\System32\OpenSSH\;C:\Program Files\Git\cmd;C:\MinGW\bin;C:\ProgramData\chocolatey\bin;C:\Program Files\MySQL\MySQL Server 8.0\bin;C:\Program Files\MySQL\MySQL Shell 8.0\bin\;C:\Users\a\AppData\Local\Microsoft\WindowsApps;C:\Users\a\AppData\Local\Programs\Microsoft VS Code\bin;C:\Program Files\JetBrains\IntelliJ IDEA Community Edition 2021.3.3\New folder\IntelliJ IDEA Community Edition 2021.3.3\bin;
USERNAME=a
OS=Windows_NT
PROCESSOR_IDENTIFIER=Intel64 Family 6 Model 140 Stepping 1, GenuineIntel



---------------  S Y S T E M  ---------------

OS: Windows 10 , 64 bit Build 19041 (10.0.19041.3636)
OS uptime: 0 days 1:31 hours

CPU:total 8 (initial active 8) (4 cores per cpu, 2 threads per core) family 6 model 140 stepping 1 microcode 0x9a, cmov, cx8, fxsr, mmx, sse, sse2, sse3, ssse3, sse4.1, sse4.2, popcnt, avx, avx2, aes, clmul, erms, 3dnowpref, lzcnt, ht, tsc, tscinvbit, bmi1, bmi2, adx, evex, sha, fma

Memory: 4k page, system-wide physical 7834M (472M free)
TotalPageFile size 10634M (AvailPageFile size 5M)
current process WorkingSet (physical memory assigned to process): 229M, peak: 229M
current process commit charge ("private bytes"): 339M, peak: 340M

vm_info: OpenJDK 64-Bit Server VM (11.0.15+0-b2043.56-9505619) for windows-amd64 JRE (11.0.15+0-b2043.56-9505619), built on Jan 19 2023 02:48:00 by "builduser" with unknown MS VC++:1929

END.
