#
# There is insufficient memory for the Java Runtime Environment to continue.
# Native memory allocation (mmap) failed to map 34603008 bytes for Failed to commit area from 0x000000008d400000 to 0x000000008f500000 of length 34603008.
# Possible reasons:
#   The system is out of physical RAM or swap space
#   The process is running with CompressedOops enabled, and the Java Heap may be blocking the growth of the native heap
# Possible solutions:
#   Reduce memory load on the system
#   Increase physical memory or swap space
#   Check if swap backing store is full
#   Decrease Java heap size (-Xmx/-Xms)
#   Decrease number of Java threads
#   Decrease Java thread stack sizes (-Xss)
#   Set larger code cache with -XX:ReservedCodeCacheSize=
#   JVM is running with Unscaled Compressed Oops mode in which the Java heap is
#     placed in the first 4GB address space. The Java Heap base address is the
#     maximum limit for the native heap growth. Please use -XX:HeapBaseMinAddress
#     to set the Java Heap base and to place the Java Heap above 4GB virtual address.
# This output file may be truncated or incomplete.
#
#  Out of Memory Error (src/hotspot/os/windows/os_windows.cpp:3627), pid=6016, tid=8848
#
# JRE version: OpenJDK Runtime Environment (11.0.15) (build 11.0.15+0-b2043.56-9505619)
# Java VM: OpenJDK 64-Bit Server VM (11.0.15+0-b2043.56-9505619, mixed mode, tiered, compressed oops, g1 gc, windows-amd64)
# No core dump will be written. Minidumps are not enabled by default on client versions of Windows
#

---------------  S U M M A R Y ------------

Command Line: org.jetbrains.kotlin.cli.jvm.K2JVMCompiler @C:\Users\a\AndroidStudioProjects\AdminJustEat\app\build\20240229_13154304578481657386.compiler.options

Host: 11th Gen Intel(R) Core(TM) i5-1135G7 @ 2.40GHz, 8 cores, 7G,  Windows 10 , 64 bit Build 19041 (10.0.19041.3636)
Time: Thu Feb 29 12:53:41 2024 India Standard Time elapsed time: 3.379532 seconds (0d 0h 0m 3s)

---------------  T H R E A D  ---------------

Current thread (0x000002731f0ba800):  VMThread "VM Thread" [stack: 0x000000a1dce00000,0x000000a1dcf00000] [id=8848]

Stack: [0x000000a1dce00000,0x000000a1dcf00000]
[error occurred during error reporting (printing stack bounds), id 0xc0000005, EXCEPTION_ACCESS_VIOLATION (0xc0000005) at pc=0x00000273082812e7]

Native frames: (J=compiled Java code, j=interpreted, Vv=VM code, C=native code)
V  [jvm.dll+0x64135a]
V  [jvm.dll+0x7d39f9]
V  [jvm.dll+0x7d51b9]
V  [jvm.dll+0x7d5805]
V  [jvm.dll+0x7d57bb]
V  [jvm.dll+0x640655]
V  [jvm.dll+0x640d68]
C  [ntdll.dll+0xa23af]
C  [ntdll.dll+0x514b4]
C  [ntdll.dll+0xa0ebe]
C  0x00000273082812e7

VM_Operation (0x000000a1dc8facd0): G1CollectForAllocation, mode: safepoint, requested by thread 0x0000027302f59800


---------------  P R O C E S S  ---------------

Threads class SMR info:
_java_thread_list=0x0000027320f4edb0, length=10, elements={
0x0000027302f59800, 0x000002731f0cd000, 0x000002731f0d0000, 0x000002731f0ca000,
0x000002731f0dc000, 0x000002731f0dc800, 0x000002731f0de000, 0x000002731f904000,
0x000002731f954000, 0x000002731fabd000
}

Java Threads: ( => current thread )
  0x0000027302f59800 JavaThread "main" [_thread_blocked, id=11288, stack(0x000000a1dc800000,0x000000a1dc900000)]
  0x000002731f0cd000 JavaThread "Reference Handler" daemon [_thread_blocked, id=9136, stack(0x000000a1dcf00000,0x000000a1dd000000)]
  0x000002731f0d0000 JavaThread "Finalizer" daemon [_thread_blocked, id=15164, stack(0x000000a1dd000000,0x000000a1dd100000)]
  0x000002731f0ca000 JavaThread "Signal Dispatcher" daemon [_thread_blocked, id=11416, stack(0x000000a1dd100000,0x000000a1dd200000)]
  0x000002731f0dc000 JavaThread "Attach Listener" daemon [_thread_blocked, id=280, stack(0x000000a1dd200000,0x000000a1dd300000)]
  0x000002731f0dc800 JavaThread "Service Thread" daemon [_thread_blocked, id=4120, stack(0x000000a1dd300000,0x000000a1dd400000)]
  0x000002731f0de000 JavaThread "C2 CompilerThread0" daemon [_thread_in_native, id=4176, stack(0x000000a1dd400000,0x000000a1dd500000)]
  0x000002731f904000 JavaThread "C1 CompilerThread0" daemon [_thread_blocked, id=16136, stack(0x000000a1dd500000,0x000000a1dd600000)]
  0x000002731f954000 JavaThread "Sweeper thread" daemon [_thread_blocked, id=16312, stack(0x000000a1dd600000,0x000000a1dd700000)]
  0x000002731fabd000 JavaThread "Common-Cleaner" daemon [_thread_blocked, id=13300, stack(0x000000a1dd800000,0x000000a1dd900000)]

Other Threads:
=>0x000002731f0ba800 VMThread "VM Thread" [stack: 0x000000a1dce00000,0x000000a1dcf00000] [id=8848]
  0x000002731fab7000 WatcherThread [stack: 0x000000a1dd700000,0x000000a1dd800000] [id=8720]
  0x0000027302f70000 GCTaskThread "GC Thread#0" [stack: 0x000000a1dc900000,0x000000a1dca00000] [id=14480]
  0x00000273201f2800 GCTaskThread "GC Thread#1" [stack: 0x000000a1dda00000,0x000000a1ddb00000] [id=10404]
  0x0000027302fa2800 ConcurrentGCThread "G1 Main Marker" [stack: 0x000000a1dca00000,0x000000a1dcb00000] [id=15384]
  0x0000027302fa4000 ConcurrentGCThread "G1 Conc#0" [stack: 0x000000a1dcb00000,0x000000a1dcc00000] [id=14496]
  0x0000027321005800 ConcurrentGCThread "G1 Conc#1" [stack: 0x000000a1ddb00000,0x000000a1ddc00000] [id=15268]
  0x000002731ef12800 ConcurrentGCThread "G1 Refine#0" [stack: 0x000000a1dcc00000,0x000000a1dcd00000] [id=8872]
  0x000002731ef14000 ConcurrentGCThread "G1 Young RemSet Sampling" [stack: 0x000000a1dcd00000,0x000000a1dce00000] [id=1948]

Threads with active compile tasks:
C2 CompilerThread0     3386 2904       4       java.lang.ClassLoader::loadClass (7 bytes)

VM state:at safepoint (normal execution)

VM Mutex/Monitor currently owned by a thread:  ([mutex/lock_event])
[0x0000027302efb000] Threads_lock - owner thread: 0x000002731f0ba800
[0x0000027302efb120] Heap_lock - owner thread: 0x0000027302f59800

Heap address: 0x0000000085800000, size: 1960 MB, Compressed Oops mode: 32-bit
Narrow klass base: 0x0000000000000000, Narrow klass shift: 3
Compressed class space size: 1073741824 Address: 0x0000000100000000

Heap:
 garbage-first heap   total 160768K, used 26583K [0x0000000085800000, 0x0000000100000000)
  region size 1024K, 6 young (6144K), 6 survivors (6144K)
 Metaspace       used 44936K, capacity 45374K, committed 45488K, reserved 1089536K
  class space    used 5304K, capacity 5496K, committed 5552K, reserved 1048576K
Heap Regions: E=young(eden), S=young(survivor), O=old, HS=humongous(starts), HC=humongous(continues), CS=collection set, F=free, A=archive, TAMS=top-at-mark-start (previous, next)
|   0|0x0000000085800000, 0x0000000085900000, 0x0000000085900000|100%|HS|  |TAMS 0x0000000085900000, 0x0000000085800000| Complete 
|   1|0x0000000085900000, 0x0000000085a00000, 0x0000000085a00000|100%|HC|  |TAMS 0x0000000085a00000, 0x0000000085900000| Complete 
|   2|0x0000000085a00000, 0x0000000085b00000, 0x0000000085b00000|100%|HC|  |TAMS 0x0000000085b00000, 0x0000000085a00000| Complete 
|   3|0x0000000085b00000, 0x0000000085c00000, 0x0000000085c00000|100%|HC|  |TAMS 0x0000000085c00000, 0x0000000085b00000| Complete 
|   4|0x0000000085c00000, 0x0000000085d00000, 0x0000000085d00000|100%|HS|  |TAMS 0x0000000085d00000, 0x0000000085c00000| Complete 
|   5|0x0000000085d00000, 0x0000000085e00000, 0x0000000085e00000|100%|HC|  |TAMS 0x0000000085e00000, 0x0000000085d00000| Complete 
|   6|0x0000000085e00000, 0x0000000085f00000, 0x0000000085f00000|100%|HC|  |TAMS 0x0000000085f00000, 0x0000000085e00000| Complete 
|   7|0x0000000085f00000, 0x0000000086000000, 0x0000000086000000|100%|HC|  |TAMS 0x0000000086000000, 0x0000000085f00000| Complete 
|   8|0x0000000086000000, 0x0000000086000000, 0x0000000086100000|  0%| F|  |TAMS 0x0000000086000000, 0x0000000086000000| Untracked 
|   9|0x0000000086100000, 0x0000000086100000, 0x0000000086200000|  0%| F|  |TAMS 0x0000000086100000, 0x0000000086100000| Untracked 
|  10|0x0000000086200000, 0x0000000086300000, 0x0000000086300000|100%| O|  |TAMS 0x0000000086300000, 0x0000000086200000| Untracked 
|  11|0x0000000086300000, 0x0000000086400000, 0x0000000086400000|100%| O|  |TAMS 0x0000000086400000, 0x0000000086300000| Untracked 
|  12|0x0000000086400000, 0x0000000086500000, 0x0000000086500000|100%| O|  |TAMS 0x0000000086500000, 0x0000000086400000| Untracked 
|  13|0x0000000086500000, 0x0000000086600000, 0x0000000086600000|100%| O|  |TAMS 0x0000000086600000, 0x0000000086500000| Untracked 
|  14|0x0000000086600000, 0x0000000086700000, 0x0000000086700000|100%| O|  |TAMS 0x0000000086700000, 0x0000000086600000| Untracked 
|  15|0x0000000086700000, 0x0000000086800000, 0x0000000086800000|100%| O|  |TAMS 0x0000000086800000, 0x0000000086700000| Untracked 
|  16|0x0000000086800000, 0x0000000086900000, 0x0000000086900000|100%| O|  |TAMS 0x0000000086900000, 0x0000000086800000| Untracked 
|  17|0x0000000086900000, 0x0000000086a00000, 0x0000000086a00000|100%| O|  |TAMS 0x0000000086a00000, 0x0000000086900000| Untracked 
|  18|0x0000000086a00000, 0x0000000086b00000, 0x0000000086b00000|100%| O|  |TAMS 0x0000000086b00000, 0x0000000086a00000| Untracked 
|  19|0x0000000086b00000, 0x0000000086c00000, 0x0000000086c00000|100%| O|  |TAMS 0x0000000086c00000, 0x0000000086b00000| Untracked 
|  20|0x0000000086c00000, 0x0000000086d00000, 0x0000000086d00000|100%| O|  |TAMS 0x0000000086d00000, 0x0000000086c00000| Untracked 
|  21|0x0000000086d00000, 0x0000000086e00000, 0x0000000086e00000|100%| O|  |TAMS 0x0000000086e00000, 0x0000000086d00000| Untracked 
|  22|0x0000000086e00000, 0x0000000086e00000, 0x0000000086f00000|  0%| F|  |TAMS 0x0000000086e00000, 0x0000000086e00000| Untracked 
|  23|0x0000000086f00000, 0x0000000086f00000, 0x0000000087000000|  0%| F|  |TAMS 0x0000000086f00000, 0x0000000086f00000| Untracked 
|  24|0x0000000087000000, 0x0000000087000000, 0x0000000087100000|  0%| F|  |TAMS 0x0000000087000000, 0x0000000087000000| Untracked 
|  25|0x0000000087100000, 0x0000000087100000, 0x0000000087200000|  0%| F|  |TAMS 0x0000000087100000, 0x0000000087100000| Untracked 
|  26|0x0000000087200000, 0x0000000087200000, 0x0000000087300000|  0%| F|  |TAMS 0x0000000087200000, 0x0000000087200000| Untracked 
|  27|0x0000000087300000, 0x0000000087300000, 0x0000000087400000|  0%| F|  |TAMS 0x0000000087300000, 0x0000000087300000| Untracked 
|  28|0x0000000087400000, 0x0000000087400000, 0x0000000087500000|  0%| F|  |TAMS 0x0000000087400000, 0x0000000087400000| Untracked 
|  29|0x0000000087500000, 0x0000000087500000, 0x0000000087600000|  0%| F|  |TAMS 0x0000000087500000, 0x0000000087500000| Untracked 
|  30|0x0000000087600000, 0x0000000087600000, 0x0000000087700000|  0%| F|  |TAMS 0x0000000087600000, 0x0000000087600000| Untracked 
|  31|0x0000000087700000, 0x0000000087700000, 0x0000000087800000|  0%| F|  |TAMS 0x0000000087700000, 0x0000000087700000| Untracked 
|  32|0x0000000087800000, 0x0000000087800000, 0x0000000087900000|  0%| F|  |TAMS 0x0000000087800000, 0x0000000087800000| Untracked 
|  33|0x0000000087900000, 0x0000000087900000, 0x0000000087a00000|  0%| F|  |TAMS 0x0000000087900000, 0x0000000087900000| Untracked 
|  34|0x0000000087a00000, 0x0000000087a00000, 0x0000000087b00000|  0%| F|  |TAMS 0x0000000087a00000, 0x0000000087a00000| Untracked 
|  35|0x0000000087b00000, 0x0000000087b00000, 0x0000000087c00000|  0%| F|  |TAMS 0x0000000087b00000, 0x0000000087b00000| Untracked 
|  36|0x0000000087c00000, 0x0000000087c00000, 0x0000000087d00000|  0%| F|  |TAMS 0x0000000087c00000, 0x0000000087c00000| Untracked 
|  37|0x0000000087d00000, 0x0000000087d00000, 0x0000000087e00000|  0%| F|  |TAMS 0x0000000087d00000, 0x0000000087d00000| Untracked 
|  38|0x0000000087e00000, 0x0000000087e00000, 0x0000000087f00000|  0%| F|  |TAMS 0x0000000087e00000, 0x0000000087e00000| Untracked 
|  39|0x0000000087f00000, 0x0000000087f00000, 0x0000000088000000|  0%| F|  |TAMS 0x0000000087f00000, 0x0000000087f00000| Untracked 
|  40|0x0000000088000000, 0x0000000088000000, 0x0000000088100000|  0%| F|  |TAMS 0x0000000088000000, 0x0000000088000000| Untracked 
|  41|0x0000000088100000, 0x0000000088100000, 0x0000000088200000|  0%| F|  |TAMS 0x0000000088100000, 0x0000000088100000| Untracked 
|  42|0x0000000088200000, 0x0000000088200000, 0x0000000088300000|  0%| F|  |TAMS 0x0000000088200000, 0x0000000088200000| Untracked 
|  43|0x0000000088300000, 0x0000000088300000, 0x0000000088400000|  0%| F|  |TAMS 0x0000000088300000, 0x0000000088300000| Untracked 
|  44|0x0000000088400000, 0x0000000088400000, 0x0000000088500000|  0%| F|  |TAMS 0x0000000088400000, 0x0000000088400000| Untracked 
|  45|0x0000000088500000, 0x0000000088500000, 0x0000000088600000|  0%| F|  |TAMS 0x0000000088500000, 0x0000000088500000| Untracked 
|  46|0x0000000088600000, 0x0000000088600000, 0x0000000088700000|  0%| F|  |TAMS 0x0000000088600000, 0x0000000088600000| Untracked 
|  47|0x0000000088700000, 0x0000000088700000, 0x0000000088800000|  0%| F|  |TAMS 0x0000000088700000, 0x0000000088700000| Untracked 
|  48|0x0000000088800000, 0x0000000088800000, 0x0000000088900000|  0%| F|  |TAMS 0x0000000088800000, 0x0000000088800000| Untracked 
|  49|0x0000000088900000, 0x0000000088900000, 0x0000000088a00000|  0%| F|  |TAMS 0x0000000088900000, 0x0000000088900000| Untracked 
|  50|0x0000000088a00000, 0x0000000088a00000, 0x0000000088b00000|  0%| F|  |TAMS 0x0000000088a00000, 0x0000000088a00000| Untracked 
|  51|0x0000000088b00000, 0x0000000088b00000, 0x0000000088c00000|  0%| F|  |TAMS 0x0000000088b00000, 0x0000000088b00000| Untracked 
|  52|0x0000000088c00000, 0x0000000088c00000, 0x0000000088d00000|  0%| F|  |TAMS 0x0000000088c00000, 0x0000000088c00000| Untracked 
|  53|0x0000000088d00000, 0x0000000088d00000, 0x0000000088e00000|  0%| F|  |TAMS 0x0000000088d00000, 0x0000000088d00000| Untracked 
|  54|0x0000000088e00000, 0x0000000088e00000, 0x0000000088f00000|  0%| F|  |TAMS 0x0000000088e00000, 0x0000000088e00000| Untracked 
|  55|0x0000000088f00000, 0x0000000088f00000, 0x0000000089000000|  0%| F|  |TAMS 0x0000000088f00000, 0x0000000088f00000| Untracked 
|  56|0x0000000089000000, 0x0000000089000000, 0x0000000089100000|  0%| F|  |TAMS 0x0000000089000000, 0x0000000089000000| Untracked 
|  57|0x0000000089100000, 0x0000000089100000, 0x0000000089200000|  0%| F|  |TAMS 0x0000000089100000, 0x0000000089100000| Untracked 
|  58|0x0000000089200000, 0x0000000089200000, 0x0000000089300000|  0%| F|  |TAMS 0x0000000089200000, 0x0000000089200000| Untracked 
|  59|0x0000000089300000, 0x0000000089300000, 0x0000000089400000|  0%| F|  |TAMS 0x0000000089300000, 0x0000000089300000| Untracked 
|  60|0x0000000089400000, 0x0000000089400000, 0x0000000089500000|  0%| F|  |TAMS 0x0000000089400000, 0x0000000089400000| Untracked 
|  61|0x0000000089500000, 0x0000000089500000, 0x0000000089600000|  0%| F|  |TAMS 0x0000000089500000, 0x0000000089500000| Untracked 
|  62|0x0000000089600000, 0x0000000089600000, 0x0000000089700000|  0%| F|  |TAMS 0x0000000089600000, 0x0000000089600000| Untracked 
|  63|0x0000000089700000, 0x0000000089700000, 0x0000000089800000|  0%| F|  |TAMS 0x0000000089700000, 0x0000000089700000| Untracked 
|  64|0x0000000089800000, 0x0000000089800000, 0x0000000089900000|  0%| F|  |TAMS 0x0000000089800000, 0x0000000089800000| Untracked 
|  65|0x0000000089900000, 0x0000000089900000, 0x0000000089a00000|  0%| F|  |TAMS 0x0000000089900000, 0x0000000089900000| Untracked 
|  66|0x0000000089a00000, 0x0000000089a00000, 0x0000000089b00000|  0%| F|  |TAMS 0x0000000089a00000, 0x0000000089a00000| Untracked 
|  67|0x0000000089b00000, 0x0000000089b00000, 0x0000000089c00000|  0%| F|  |TAMS 0x0000000089b00000, 0x0000000089b00000| Untracked 
|  68|0x0000000089c00000, 0x0000000089c00000, 0x0000000089d00000|  0%| F|  |TAMS 0x0000000089c00000, 0x0000000089c00000| Untracked 
|  69|0x0000000089d00000, 0x0000000089d00000, 0x0000000089e00000|  0%| F|  |TAMS 0x0000000089d00000, 0x0000000089d00000| Untracked 
|  70|0x0000000089e00000, 0x0000000089e00000, 0x0000000089f00000|  0%| F|  |TAMS 0x0000000089e00000, 0x0000000089e00000| Untracked 
|  71|0x0000000089f00000, 0x0000000089f00000, 0x000000008a000000|  0%| F|  |TAMS 0x0000000089f00000, 0x0000000089f00000| Untracked 
|  72|0x000000008a000000, 0x000000008a0f5e68, 0x000000008a100000| 96%| S|CS|TAMS 0x000000008a000000, 0x000000008a000000| Complete 
|  73|0x000000008a100000, 0x000000008a200000, 0x000000008a200000|100%| S|CS|TAMS 0x000000008a100000, 0x000000008a100000| Complete 
|  74|0x000000008a200000, 0x000000008a300000, 0x000000008a300000|100%| S|CS|TAMS 0x000000008a200000, 0x000000008a200000| Complete 
|  75|0x000000008a300000, 0x000000008a400000, 0x000000008a400000|100%| S|CS|TAMS 0x000000008a300000, 0x000000008a300000| Complete 
|  76|0x000000008a400000, 0x000000008a500000, 0x000000008a500000|100%| S|CS|TAMS 0x000000008a400000, 0x000000008a400000| Complete 
|  77|0x000000008a500000, 0x000000008a600000, 0x000000008a600000|100%| S|CS|TAMS 0x000000008a500000, 0x000000008a500000| Complete 
|  78|0x000000008a600000, 0x000000008a600000, 0x000000008a700000|  0%| F|  |TAMS 0x000000008a600000, 0x000000008a600000| Untracked 
|  79|0x000000008a700000, 0x000000008a700000, 0x000000008a800000|  0%| F|  |TAMS 0x000000008a700000, 0x000000008a700000| Untracked 
|  80|0x000000008a800000, 0x000000008a800000, 0x000000008a900000|  0%| F|  |TAMS 0x000000008a800000, 0x000000008a800000| Untracked 
|  81|0x000000008a900000, 0x000000008a900000, 0x000000008aa00000|  0%| F|  |TAMS 0x000000008a900000, 0x000000008a900000| Untracked 
|  82|0x000000008aa00000, 0x000000008aa00000, 0x000000008ab00000|  0%| F|  |TAMS 0x000000008aa00000, 0x000000008aa00000| Untracked 
|  83|0x000000008ab00000, 0x000000008ab00000, 0x000000008ac00000|  0%| F|  |TAMS 0x000000008ab00000, 0x000000008ab00000| Untracked 
|  84|0x000000008ac00000, 0x000000008ac00000, 0x000000008ad00000|  0%| F|  |TAMS 0x000000008ac00000, 0x000000008ac00000| Untracked 
|  85|0x000000008ad00000, 0x000000008ad00000, 0x000000008ae00000|  0%| F|  |TAMS 0x000000008ad00000, 0x000000008ad00000| Untracked 
|  86|0x000000008ae00000, 0x000000008ae00000, 0x000000008af00000|  0%| F|  |TAMS 0x000000008ae00000, 0x000000008ae00000| Untracked 
|  87|0x000000008af00000, 0x000000008af00000, 0x000000008b000000|  0%| F|  |TAMS 0x000000008af00000, 0x000000008af00000| Untracked 
|  88|0x000000008b000000, 0x000000008b000000, 0x000000008b100000|  0%| F|  |TAMS 0x000000008b000000, 0x000000008b000000| Untracked 
|  89|0x000000008b100000, 0x000000008b100000, 0x000000008b200000|  0%| F|  |TAMS 0x000000008b100000, 0x000000008b100000| Untracked 
|  90|0x000000008b200000, 0x000000008b200000, 0x000000008b300000|  0%| F|  |TAMS 0x000000008b200000, 0x000000008b200000| Untracked 
|  91|0x000000008b300000, 0x000000008b300000, 0x000000008b400000|  0%| F|  |TAMS 0x000000008b300000, 0x000000008b300000| Untracked 
|  92|0x000000008b400000, 0x000000008b400000, 0x000000008b500000|  0%| F|  |TAMS 0x000000008b400000, 0x000000008b400000| Untracked 
|  93|0x000000008b500000, 0x000000008b500000, 0x000000008b600000|  0%| F|  |TAMS 0x000000008b500000, 0x000000008b500000| Untracked 
|  94|0x000000008b600000, 0x000000008b600000, 0x000000008b700000|  0%| F|  |TAMS 0x000000008b600000, 0x000000008b600000| Untracked 
|  95|0x000000008b700000, 0x000000008b700000, 0x000000008b800000|  0%| F|  |TAMS 0x000000008b700000, 0x000000008b700000| Untracked 
|  96|0x000000008b800000, 0x000000008b800000, 0x000000008b900000|  0%| F|  |TAMS 0x000000008b800000, 0x000000008b800000| Untracked 
|  97|0x000000008b900000, 0x000000008b900000, 0x000000008ba00000|  0%| F|  |TAMS 0x000000008b900000, 0x000000008b900000| Untracked 
|  98|0x000000008ba00000, 0x000000008ba00000, 0x000000008bb00000|  0%| F|  |TAMS 0x000000008ba00000, 0x000000008ba00000| Untracked 
|  99|0x000000008bb00000, 0x000000008bb00000, 0x000000008bc00000|  0%| F|  |TAMS 0x000000008bb00000, 0x000000008bb00000| Untracked 
| 100|0x000000008bc00000, 0x000000008bc00000, 0x000000008bd00000|  0%| F|  |TAMS 0x000000008bc00000, 0x000000008bc00000| Untracked 
| 101|0x000000008bd00000, 0x000000008bd00000, 0x000000008be00000|  0%| F|  |TAMS 0x000000008bd00000, 0x000000008bd00000| Untracked 
| 102|0x000000008be00000, 0x000000008be00000, 0x000000008bf00000|  0%| F|  |TAMS 0x000000008be00000, 0x000000008be00000| Untracked 
| 103|0x000000008bf00000, 0x000000008bf00000, 0x000000008c000000|  0%| F|  |TAMS 0x000000008bf00000, 0x000000008bf00000| Untracked 
| 104|0x000000008c000000, 0x000000008c000000, 0x000000008c100000|  0%| F|  |TAMS 0x000000008c000000, 0x000000008c000000| Untracked 
| 105|0x000000008c100000, 0x000000008c100000, 0x000000008c200000|  0%| F|  |TAMS 0x000000008c100000, 0x000000008c100000| Untracked 
| 106|0x000000008c200000, 0x000000008c200000, 0x000000008c300000|  0%| F|  |TAMS 0x000000008c200000, 0x000000008c200000| Untracked 
| 107|0x000000008c300000, 0x000000008c300000, 0x000000008c400000|  0%| F|  |TAMS 0x000000008c300000, 0x000000008c300000| Untracked 
| 108|0x000000008c400000, 0x000000008c400000, 0x000000008c500000|  0%| F|  |TAMS 0x000000008c400000, 0x000000008c400000| Untracked 
| 109|0x000000008c500000, 0x000000008c500000, 0x000000008c600000|  0%| F|  |TAMS 0x000000008c500000, 0x000000008c500000| Untracked 
| 110|0x000000008c600000, 0x000000008c600000, 0x000000008c700000|  0%| F|  |TAMS 0x000000008c600000, 0x000000008c600000| Untracked 
| 111|0x000000008c700000, 0x000000008c700000, 0x000000008c800000|  0%| F|  |TAMS 0x000000008c700000, 0x000000008c700000| Untracked 
| 112|0x000000008c800000, 0x000000008c800000, 0x000000008c900000|  0%| F|  |TAMS 0x000000008c800000, 0x000000008c800000| Untracked 
| 113|0x000000008c900000, 0x000000008c900000, 0x000000008ca00000|  0%| F|  |TAMS 0x000000008c900000, 0x000000008c900000| Untracked 
| 114|0x000000008ca00000, 0x000000008ca00000, 0x000000008cb00000|  0%| F|  |TAMS 0x000000008ca00000, 0x000000008ca00000| Untracked 
| 115|0x000000008cb00000, 0x000000008cb00000, 0x000000008cc00000|  0%| F|  |TAMS 0x000000008cb00000, 0x000000008cb00000| Untracked 
| 116|0x000000008cc00000, 0x000000008cc00000, 0x000000008cd00000|  0%| F|  |TAMS 0x000000008cc00000, 0x000000008cc00000| Untracked 
| 117|0x000000008cd00000, 0x000000008cd00000, 0x000000008ce00000|  0%| F|  |TAMS 0x000000008cd00000, 0x000000008cd00000| Untracked 
| 118|0x000000008ce00000, 0x000000008ce00000, 0x000000008cf00000|  0%| F|  |TAMS 0x000000008ce00000, 0x000000008ce00000| Untracked 
| 119|0x000000008cf00000, 0x000000008cf00000, 0x000000008d000000|  0%| F|  |TAMS 0x000000008cf00000, 0x000000008cf00000| Untracked 
| 120|0x000000008d000000, 0x000000008d000000, 0x000000008d100000|  0%| F|  |TAMS 0x000000008d000000, 0x000000008d000000| Untracked 
| 121|0x000000008d100000, 0x000000008d100000, 0x000000008d200000|  0%| F|  |TAMS 0x000000008d100000, 0x000000008d100000| Untracked 
| 122|0x000000008d200000, 0x000000008d200000, 0x000000008d300000|  0%| F|  |TAMS 0x000000008d200000, 0x000000008d200000| Untracked 
| 123|0x000000008d300000, 0x000000008d300000, 0x000000008d400000|  0%| F|  |TAMS 0x000000008d300000, 0x000000008d300000| Untracked 

Card table byte_map: [0x00000273180d0000,0x00000273184b0000] _byte_map_base: 0x0000027317ca4000

Marking Bits (Prev, Next): (CMBitMap*) 0x0000027302f9a0e8, (CMBitMap*) 0x0000027302f9a120
 Prev Bits: [0x0000027318890000, 0x000002731a730000)
 Next Bits: [0x000002731a730000, 0x000002731c5d0000)

Polling page: 0x0000027303030000

Metaspace:

Usage:
  Non-class:     38.94 MB capacity,    38.70 MB (>99%) used,   181.79 KB ( <1%) free+waste,    64.06 KB ( <1%) overhead. 
      Class:      5.37 MB capacity,     5.18 MB ( 97%) used,   163.63 KB (  3%) free+waste,    28.19 KB ( <1%) overhead. 
       Both:     44.31 MB capacity,    43.88 MB (>99%) used,   345.42 KB ( <1%) free+waste,    92.25 KB ( <1%) overhead. 

Virtual space:
  Non-class space:       40.00 MB reserved,      39.00 MB ( 98%) committed 
      Class space:        1.00 GB reserved,       5.42 MB ( <1%) committed 
             Both:        1.04 GB reserved,      44.42 MB (  4%) committed 

Chunk freelists:
   Non-Class:  58.00 KB
       Class:  8.00 KB
        Both:  66.00 KB

MaxMetaspaceSize: 17179869184.00 GB
CompressedClassSpaceSize: 1.00 GB
Initial GC threshold: 20.80 MB
Current GC threshold: 59.00 MB
CDS: off

CodeHeap 'non-profiled nmethods': size=120000Kb used=1197Kb max_used=1197Kb free=118802Kb
 bounds [0x000002730fd50000, 0x000002730ffc0000, 0x0000027317280000]
CodeHeap 'profiled nmethods': size=120000Kb used=5732Kb max_used=5732Kb free=114267Kb
 bounds [0x0000027308820000, 0x0000027308dc0000, 0x000002730fd50000]
CodeHeap 'non-nmethods': size=5760Kb used=1273Kb max_used=1293Kb free=4487Kb
 bounds [0x0000027308280000, 0x00000273084f0000, 0x0000027308820000]
 total_blobs=3525 nmethods=2972 adapters=465
 compilation: enabled
              stopped_count=0, restarted_count=0
 full_count=0

Compilation events (20 events):
Event: 3.324 Thread 0x000002731f904000 2974       3       java.lang.invoke.MethodHandles$Lookup::linkMethodHandleConstant (220 bytes)
Event: 3.326 Thread 0x000002731f904000 nmethod 2974 0x0000027308db3b90 code [0x0000027308db3f80, 0x0000027308db5b18]
Event: 3.326 Thread 0x000002731f904000 2978       3       org.jetbrains.kotlin.com.intellij.psi.impl.source.tree.TreeElement::getTreeNext (5 bytes)
Event: 3.326 Thread 0x000002731f904000 nmethod 2978 0x0000027308db6390 code [0x0000027308db6540, 0x0000027308db6658]
Event: 3.327 Thread 0x000002731f904000 2979       1       org.jetbrains.kotlin.com.intellij.psi.impl.source.SubstrateRef::getStub (2 bytes)
Event: 3.327 Thread 0x000002731f904000 nmethod 2979 0x000002730fe7ad90 code [0x000002730fe7af40, 0x000002730fe7aff8]
Event: 3.327 Thread 0x000002731f904000 2981       3       org.jetbrains.kotlin.com.intellij.psi.impl.source.tree.TreeElement::getTreeParent (5 bytes)
Event: 3.327 Thread 0x000002731f904000 nmethod 2981 0x0000027308db6710 code [0x0000027308db68c0, 0x0000027308db69d8]
Event: 3.327 Thread 0x000002731f904000 2982       3       org.jetbrains.kotlin.com.intellij.extapi.psi.StubBasedPsiElementBase::getNode (122 bytes)
Event: 3.329 Thread 0x000002731f904000 nmethod 2982 0x0000027308db6a90 code [0x0000027308db6d60, 0x0000027308db7ba8]
Event: 3.329 Thread 0x000002731f904000 2984       3       org.jetbrains.kotlin.com.intellij.openapi.util.UserDataHolderBase::getUserData (45 bytes)
Event: 3.329 Thread 0x000002731f904000 nmethod 2984 0x0000027308db7e90 code [0x0000027308db80a0, 0x0000027308db87e8]
Event: 3.329 Thread 0x000002731f904000 2983       3       org.jetbrains.kotlin.com.intellij.psi.impl.source.SourceTreeToPsiMap::treeElementToPsi (15 bytes)
Event: 3.329 Thread 0x000002731f904000 nmethod 2983 0x0000027308db8990 code [0x0000027308db8b60, 0x0000027308db8d68]
Event: 3.329 Thread 0x000002731f904000 2980       1       org.jetbrains.kotlin.com.intellij.mock.MockComponentManager::isDisposed (5 bytes)
Event: 3.329 Thread 0x000002731f904000 nmethod 2980 0x000002730fe7b090 code [0x000002730fe7b240, 0x000002730fe7b2f8]
Event: 3.350 Thread 0x000002731f904000 2985       3       org.jetbrains.kotlin.com.intellij.util.containers.ConcurrentIntObjectHashMap$Node::<init> (26 bytes)
Event: 3.351 Thread 0x000002731f904000 nmethod 2985 0x0000027308db8e10 code [0x0000027308db8fc0, 0x0000027308db91f8]
Event: 3.360 Thread 0x000002731f904000 2986       1       org.jetbrains.kotlin.resolve.ImportPath::isAllUnder (5 bytes)
Event: 3.360 Thread 0x000002731f904000 nmethod 2986 0x000002730fe7b390 code [0x000002730fe7b540, 0x000002730fe7b5f8]

GC Heap History (9 events):
Event: 0.619 GC heap before
{Heap before GC invocations=0 (full 0):
 garbage-first heap   total 126976K, used 28672K [0x0000000085800000, 0x0000000100000000)
  region size 1024K, 24 young (24576K), 0 survivors (0K)
 Metaspace       used 12153K, capacity 12280K, committed 12544K, reserved 1060864K
  class space    used 1121K, capacity 1175K, committed 1280K, reserved 1048576K
}
Event: 0.624 GC heap after
{Heap after GC invocations=1 (full 0):
 garbage-first heap   total 126976K, used 6829K [0x0000000085800000, 0x0000000100000000)
  region size 1024K, 3 young (3072K), 3 survivors (3072K)
 Metaspace       used 12153K, capacity 12280K, committed 12544K, reserved 1060864K
  class space    used 1121K, capacity 1175K, committed 1280K, reserved 1048576K
}
Event: 1.228 GC heap before
{Heap before GC invocations=1 (full 0):
 garbage-first heap   total 126976K, used 44717K [0x0000000085800000, 0x0000000100000000)
  region size 1024K, 41 young (41984K), 3 survivors (3072K)
 Metaspace       used 21044K, capacity 21199K, committed 21296K, reserved 1069056K
  class space    used 2225K, capacity 2308K, committed 2352K, reserved 1048576K
}
Event: 1.239 GC heap after
{Heap after GC invocations=2 (full 0):
 garbage-first heap   total 126976K, used 10387K [0x0000000085800000, 0x0000000100000000)
  region size 1024K, 7 young (7168K), 7 survivors (7168K)
 Metaspace       used 21044K, capacity 21199K, committed 21296K, reserved 1069056K
  class space    used 2225K, capacity 2308K, committed 2352K, reserved 1048576K
}
Event: 2.257 GC heap before
{Heap before GC invocations=3 (full 0):
 garbage-first heap   total 126976K, used 67731K [0x0000000085800000, 0x0000000100000000)
  region size 1024K, 57 young (58368K), 7 survivors (7168K)
 Metaspace       used 32906K, capacity 33378K, committed 33584K, reserved 1079296K
  class space    used 4083K, capacity 4273K, committed 4400K, reserved 1048576K
}
Event: 2.289 GC heap after
{Heap after GC invocations=4 (full 0):
 garbage-first heap   total 126976K, used 22760K [0x0000000085800000, 0x0000000100000000)
  region size 1024K, 8 young (8192K), 8 survivors (8192K)
 Metaspace       used 32906K, capacity 33378K, committed 33584K, reserved 1079296K
  class space    used 4083K, capacity 4273K, committed 4400K, reserved 1048576K
}
Event: 2.520 GC heap before
{Heap before GC invocations=4 (full 0):
 garbage-first heap   total 126976K, used 36072K [0x0000000085800000, 0x0000000100000000)
  region size 1024K, 22 young (22528K), 8 survivors (8192K)
 Metaspace       used 35437K, capacity 35789K, committed 35920K, reserved 1081344K
  class space    used 4343K, capacity 4501K, committed 4528K, reserved 1048576K
}
Event: 2.533 GC heap after
{Heap after GC invocations=5 (full 0):
 garbage-first heap   total 126976K, used 23040K [0x0000000085800000, 0x0000000100000000)
  region size 1024K, 3 young (3072K), 3 survivors (3072K)
 Metaspace       used 35437K, capacity 35789K, committed 35920K, reserved 1081344K
  class space    used 4343K, capacity 4501K, committed 4528K, reserved 1048576K
}
Event: 3.369 GC heap before
{Heap before GC invocations=6 (full 0):
 garbage-first heap   total 126976K, used 67072K [0x0000000085800000, 0x0000000100000000)
  region size 1024K, 46 young (47104K), 3 survivors (3072K)
 Metaspace       used 44936K, capacity 45374K, committed 45488K, reserved 1089536K
  class space    used 5304K, capacity 5496K, committed 5552K, reserved 1048576K
}

Deoptimization events (20 events):
Event: 3.164 Thread 0x0000027302f59800 Uncommon trap: trap_request=0xffffff4d fr.pc=0x000002730fd785e8 relative=0x0000000000000c48
Event: 3.165 Thread 0x0000027302f59800 Uncommon trap: reason=unstable_if action=reinterpret pc=0x000002730fd785e8 method=java.lang.StringCoding.encodeUTF8(B[BZ)[B @ 2 c2
Event: 3.165 Thread 0x0000027302f59800 DEOPT PACKING pc=0x000002730fd785e8 sp=0x000000a1dc8f5cf0
Event: 3.165 Thread 0x0000027302f59800 DEOPT UNPACKING pc=0x00000273082885af sp=0x000000a1dc8f5ae0 mode 2
Event: 3.165 Thread 0x0000027302f59800 Uncommon trap: trap_request=0xffffff4d fr.pc=0x000002730fe04534 relative=0x0000000000000334
Event: 3.165 Thread 0x0000027302f59800 Uncommon trap: reason=unstable_if action=reinterpret pc=0x000002730fe04534 method=sun.net.www.ParseUtil.firstEncodeIndex(Ljava/lang/String;)I @ 27 c2
Event: 3.165 Thread 0x0000027302f59800 DEOPT PACKING pc=0x000002730fe04534 sp=0x000000a1dc8f5e30
Event: 3.165 Thread 0x0000027302f59800 DEOPT UNPACKING pc=0x00000273082885af sp=0x000000a1dc8f5c98 mode 2
Event: 3.166 Thread 0x0000027302f59800 Uncommon trap: trap_request=0xffffff4d fr.pc=0x000002730fe1fd38 relative=0x0000000000000198
Event: 3.166 Thread 0x0000027302f59800 Uncommon trap: reason=unstable_if action=reinterpret pc=0x000002730fe1fd38 method=java.lang.String.indexOf(II)I @ 4 c2
Event: 3.166 Thread 0x0000027302f59800 DEOPT PACKING pc=0x000002730fe1fd38 sp=0x000000a1dc8f5b00
Event: 3.166 Thread 0x0000027302f59800 DEOPT UNPACKING pc=0x00000273082885af sp=0x000000a1dc8f5ab0 mode 2
Event: 3.166 Thread 0x0000027302f59800 Uncommon trap: trap_request=0xffffff4d fr.pc=0x000002730fe25c34 relative=0x0000000000000194
Event: 3.166 Thread 0x0000027302f59800 Uncommon trap: reason=unstable_if action=reinterpret pc=0x000002730fe25c34 method=java.lang.String.startsWith(Ljava/lang/String;I)Z @ 46 c2
Event: 3.166 Thread 0x0000027302f59800 DEOPT PACKING pc=0x000002730fe25c34 sp=0x000000a1dc8f5c00
Event: 3.166 Thread 0x0000027302f59800 DEOPT UNPACKING pc=0x00000273082885af sp=0x000000a1dc8f5b68 mode 2
Event: 3.166 Thread 0x0000027302f59800 Uncommon trap: trap_request=0xffffff4d fr.pc=0x000002730fe68424 relative=0x0000000000000644
Event: 3.166 Thread 0x0000027302f59800 Uncommon trap: reason=unstable_if action=reinterpret pc=0x000002730fe68424 method=java.lang.String.lastIndexOf(II)I @ 4 c2
Event: 3.166 Thread 0x0000027302f59800 DEOPT PACKING pc=0x000002730fe68424 sp=0x000000a1dc8f5c70
Event: 3.166 Thread 0x0000027302f59800 DEOPT UNPACKING pc=0x00000273082885af sp=0x000000a1dc8f5b60 mode 2

Classes redefined (0 events):
No events

Internal exceptions (20 events):
Event: 1.169 Thread 0x0000027302f59800 Exception <a 'java/lang/NoSuchMethodError'{0x000000008afc6448}: 'java.lang.Object java.lang.invoke.DirectMethodHandle$Holder.invokeStaticInit(java.lang.Object, int)'> (0x000000008afc6448) thrown at [src/hotspot/share/interpreter/linkResolver.cpp, line 773]
Event: 1.200 Thread 0x0000027302f59800 Exception <a 'java/lang/NoSuchMethodError'{0x000000008ada01b0}: 'long java.lang.invoke.DirectMethodHandle$Holder.invokeStatic(java.lang.Object)'> (0x000000008ada01b0) thrown at [src/hotspot/share/interpreter/linkResolver.cpp, line 773]
Event: 1.200 Thread 0x0000027302f59800 Exception <a 'java/lang/NoSuchMethodError'{0x000000008ada3008}: 'long java.lang.invoke.DirectMethodHandle$Holder.invokeStaticInit(java.lang.Object)'> (0x000000008ada3008) thrown at [src/hotspot/share/interpreter/linkResolver.cpp, line 773]
Event: 1.226 Thread 0x0000027302f59800 Exception <a 'java/lang/NoSuchMethodError'{0x000000008acf6380}: 'int java.lang.invoke.DirectMethodHandle$Holder.invokeSpecialIFC(java.lang.Object, java.lang.Object, int)'> (0x000000008acf6380) thrown at [src/hotspot/share/interpreter/linkResolver.cpp, line 773]
Event: 1.284 Thread 0x0000027302f59800 Exception <a 'java/lang/NoSuchMethodError'{0x000000008d1fb430}: 'int java.lang.invoke.DirectMethodHandle$Holder.invokeStaticInit(java.lang.Object, java.lang.Object, java.lang.Object)'> (0x000000008d1fb430) thrown at [src/hotspot/share/interpreter/linkResolver.cpp, line 773]
Event: 1.288 Thread 0x0000027302f59800 Exception <a 'java/lang/NoSuchMethodError'{0x000000008d026fc8}: 'int java.lang.invoke.DirectMethodHandle$Holder.invokeStaticInit(java.lang.Object, java.lang.Object)'> (0x000000008d026fc8) thrown at [src/hotspot/share/interpreter/linkResolver.cpp, line 773]
Event: 1.338 Thread 0x0000027302f59800 Exception <a 'java/lang/NoSuchMethodError'{0x000000008ce39818}: 'void java.lang.invoke.DirectMethodHandle$Holder.invokeSpecial(java.lang.Object, java.lang.Object)'> (0x000000008ce39818) thrown at [src/hotspot/share/interpreter/linkResolver.cpp, line 773]
Event: 1.564 Thread 0x0000027302f59800 Exception <a 'java/lang/NoSuchMethodError'{0x000000008c6e73b0}: 'java.lang.Object java.lang.invoke.DirectMethodHandle$Holder.invokeStatic(java.lang.Object, java.lang.Object, java.lang.Object, java.lang.Object, java.lang.Object, java.lang.Object, java.lang.Object, java.lang.Object, java.lang.Object, java.lang.Object, java.lang.Object, java.lang.Object, java.lang.Object, java.lang.Object, java.lang.Object)'> (0x000000008c6e73b0) thrown at [src/hotspot/share/interpreter/linkResolver.cpp, line 773]
Event: 1.566 Thread 0x0000027302f59800 Exception <a 'java/lang/NoSuchMethodError'{0x000000008c6f53b8}: 'java.lang.Object java.lang.invoke.DirectMethodHandle$Holder.invokeStatic(java.lang.Object, java.lang.Object, java.lang.Object, java.lang.Object, java.lang.Object, java.lang.Object, java.lang.Object, java.lang.Object, java.lang.Object, java.lang.Object, java.lang.Object, java.lang.Object, java.lang.Object, java.lang.Object, java.lang.Object, java.lang.Object)'> (0x000000008c6f53b8) thrown at [src/hotspot/share/interpreter/linkResolver.cpp, lin
Event: 1.567 Thread 0x0000027302f59800 Exception <a 'java/lang/NoSuchMethodError'{0x000000008c503798}: 'java.lang.Object java.lang.invoke.DirectMethodHandle$Holder.invokeSpecial(java.lang.Object, java.lang.Object, int, int, java.lang.Object, java.lang.Object, java.lang.Object)'> (0x000000008c503798) thrown at [src/hotspot/share/interpreter/linkResolver.cpp, line 773]
Event: 1.567 Thread 0x0000027302f59800 Exception <a 'java/lang/NoSuchMethodError'{0x000000008c506fd0}: 'java.lang.Object java.lang.invoke.DelegatingMethodHandle$Holder.reinvoke_L(java.lang.Object, int, int, java.lang.Object, java.lang.Object, java.lang.Object)'> (0x000000008c506fd0) thrown at [src/hotspot/share/interpreter/linkResolver.cpp, line 773]
Event: 1.568 Thread 0x0000027302f59800 Exception <a 'java/lang/NoSuchMethodError'{0x000000008c50b358}: 'java.lang.Object java.lang.invoke.DirectMethodHandle$Holder.invokeStatic(java.lang.Object, java.lang.Object, java.lang.Object, java.lang.Object, int)'> (0x000000008c50b358) thrown at [src/hotspot/share/interpreter/linkResolver.cpp, line 773]
Event: 1.614 Thread 0x0000027302f59800 Exception <a 'java/lang/NoSuchMethodError'{0x000000008c42f898}: 'void java.lang.invoke.DirectMethodHandle$Holder.invokeStatic(java.lang.Object, java.lang.Object, java.lang.Object, java.lang.Object)'> (0x000000008c42f898) thrown at [src/hotspot/share/interpreter/linkResolver.cpp, line 773]
Event: 1.680 Thread 0x0000027302f59800 Exception <a 'java/lang/NoSuchMethodError'{0x000000008c0150d8}: 'void java.lang.invoke.DirectMethodHandle$Holder.invokeStaticInit(java.lang.Object, java.lang.Object)'> (0x000000008c0150d8) thrown at [src/hotspot/share/interpreter/linkResolver.cpp, line 773]
Event: 1.768 Thread 0x0000027302f59800 Exception <a 'java/lang/NoSuchMethodError'{0x000000008bc72d68}: 'void java.lang.invoke.DirectMethodHandle$Holder.invokeVirtual(java.lang.Object, java.lang.Object)'> (0x000000008bc72d68) thrown at [src/hotspot/share/interpreter/linkResolver.cpp, line 773]
Event: 1.779 Thread 0x0000027302f59800 Exception <a 'java/lang/NoSuchMethodError'{0x000000008bb071e0}: 'int java.lang.invoke.DirectMethodHandle$Holder.invokeVirtual(java.lang.Object, java.lang.Object)'> (0x000000008bb071e0) thrown at [src/hotspot/share/interpreter/linkResolver.cpp, line 773]
Event: 2.480 Thread 0x0000027302f59800 Exception <a 'java/lang/NoSuchMethodError'{0x000000008c830d10}: 'java.lang.Object java.lang.invoke.DirectMethodHandle$Holder.invokeVirtual(java.lang.Object, java.lang.Object, java.lang.Object)'> (0x000000008c830d10) thrown at [src/hotspot/share/interpreter/linkResolver.cpp, line 773]
Event: 3.322 Thread 0x0000027302f59800 Exception <a 'java/lang/NoSuchMethodError'{0x000000008a8c8bc0}: 'java.lang.Object java.lang.invoke.DirectMethodHandle$Holder.invokeStatic(java.lang.Object, java.lang.Object, java.lang.Object, int)'> (0x000000008a8c8bc0) thrown at [src/hotspot/share/interpreter/linkResolver.cpp, line 773]
Event: 3.323 Thread 0x0000027302f59800 Exception <a 'java/lang/NoSuchMethodError'{0x000000008a8cc830}: 'java.lang.Object java.lang.invoke.DirectMethodHandle$Holder.invokeSpecial(java.lang.Object, java.lang.Object, java.lang.Object, java.lang.Object, int)'> (0x000000008a8cc830) thrown at [src/hotspot/share/interpreter/linkResolver.cpp, line 773]
Event: 3.323 Thread 0x0000027302f59800 Exception <a 'java/lang/NoSuchMethodError'{0x000000008a8cfb40}: 'java.lang.Object java.lang.invoke.Invokers$Holder.linkToTargetMethod(java.lang.Object, java.lang.Object, int, java.lang.Object)'> (0x000000008a8cfb40) thrown at [src/hotspot/share/interpreter/linkResolver.cpp, line 773]

Events (20 events):
Event: 3.366 loading class org/jetbrains/kotlin/com/google/common/collect/ImmutableMultimap$Builder done
Event: 3.367 loading class org/jetbrains/kotlin/com/google/common/collect/UnmodifiableListIterator
Event: 3.367 loading class org/jetbrains/kotlin/com/google/common/collect/UnmodifiableListIterator done
Event: 3.367 loading class org/jetbrains/kotlin/com/google/common/collect/SingletonImmutableList
Event: 3.367 loading class org/jetbrains/kotlin/com/google/common/collect/SingletonImmutableList done
Event: 3.367 loading class org/jetbrains/kotlin/com/google/common/collect/ImmutableList$ReverseImmutableList
Event: 3.367 loading class org/jetbrains/kotlin/com/google/common/collect/ImmutableList$ReverseImmutableList done
Event: 3.367 loading class org/jetbrains/kotlin/com/google/common/collect/ImmutableList$1
Event: 3.367 loading class org/jetbrains/kotlin/com/google/common/collect/ImmutableList$1 done
Event: 3.368 loading class org/jetbrains/kotlin/com/google/common/collect/AbstractIndexedListIterator
Event: 3.368 loading class org/jetbrains/kotlin/com/google/common/collect/AbstractIndexedListIterator done
Event: 3.368 loading class org/jetbrains/kotlin/com/google/common/collect/RegularImmutableList
Event: 3.368 loading class org/jetbrains/kotlin/com/google/common/collect/RegularImmutableList done
Event: 3.368 loading class org/jetbrains/kotlin/com/google/common/collect/ImmutableList$SubList
Event: 3.368 loading class org/jetbrains/kotlin/com/google/common/collect/ImmutableList$SubList done
Event: 3.368 loading class org/jetbrains/kotlin/com/google/common/collect/ObjectArrays
Event: 3.368 loading class org/jetbrains/kotlin/com/google/common/collect/ObjectArrays done
Event: 3.369 loading class org/jetbrains/kotlin/com/google/common/collect/Iterators
Event: 3.369 loading class org/jetbrains/kotlin/com/google/common/collect/Iterators done
Event: 3.369 Executing VM operation: G1CollectForAllocation


Dynamic libraries:
0x00007ff641450000 - 0x00007ff64145a000 	C:\Program Files\Android\Android Studio1\jbr\bin\java.exe
0x00007ffab43f0000 - 0x00007ffab45e8000 	C:\windows\SYSTEM32\ntdll.dll
0x00007ffab38b0000 - 0x00007ffab396d000 	C:\windows\System32\KERNEL32.DLL
0x00007ffab1c10000 - 0x00007ffab1f06000 	C:\windows\System32\KERNELBASE.dll
0x00007ffab20f0000 - 0x00007ffab21f0000 	C:\windows\System32\ucrtbase.dll
0x00007ffaac330000 - 0x00007ffaac347000 	C:\Program Files\Android\Android Studio1\jbr\bin\jli.dll
0x00007ffaac310000 - 0x00007ffaac32b000 	C:\Program Files\Android\Android Studio1\jbr\bin\VCRUNTIME140.dll
0x00007ffab24e0000 - 0x00007ffab267e000 	C:\windows\System32\USER32.dll
0x00007ffa96c50000 - 0x00007ffa96eea000 	C:\windows\WinSxS\amd64_microsoft.windows.common-controls_6595b64144ccf1df_6.0.19041.3636_none_60b6a03d71f818d5\COMCTL32.dll
0x00007ffab20c0000 - 0x00007ffab20e2000 	C:\windows\System32\win32u.dll
0x00007ffab3d20000 - 0x00007ffab3d4b000 	C:\windows\System32\GDI32.dll
0x00007ffab2e30000 - 0x00007ffab2ece000 	C:\windows\System32\msvcrt.dll
0x00007ffab21f0000 - 0x00007ffab2307000 	C:\windows\System32\gdi32full.dll
0x00007ffab2310000 - 0x00007ffab23ad000 	C:\windows\System32\msvcp_win.dll
0x00007ffab3a40000 - 0x00007ffab3a72000 	C:\windows\System32\IMM32.DLL
0x00007ffaac630000 - 0x00007ffaac63c000 	C:\Program Files\Android\Android Studio1\jbr\bin\vcruntime140_1.dll
0x00007ffa93f60000 - 0x00007ffa93fed000 	C:\Program Files\Android\Android Studio1\jbr\bin\msvcp140.dll
0x00007ffa62940000 - 0x00007ffa634fc000 	C:\Program Files\Android\Android Studio1\jbr\bin\server\jvm.dll
0x00007ffab26e0000 - 0x00007ffab2793000 	C:\windows\System32\ADVAPI32.dll
0x00007ffab3a90000 - 0x00007ffab3b2f000 	C:\windows\System32\sechost.dll
0x00007ffab2cf0000 - 0x00007ffab2e16000 	C:\windows\System32\RPCRT4.dll
0x00007ffab2400000 - 0x00007ffab2427000 	C:\windows\System32\bcrypt.dll
0x00007ffab3a80000 - 0x00007ffab3a88000 	C:\windows\System32\PSAPI.DLL
0x00007ffaac5e0000 - 0x00007ffaac5e9000 	C:\windows\SYSTEM32\WSOCK32.dll
0x00007ffa8b800000 - 0x00007ffa8b827000 	C:\windows\SYSTEM32\WINMM.dll
0x00007ffab3c50000 - 0x00007ffab3cbb000 	C:\windows\System32\WS2_32.dll
0x00007ffaa7540000 - 0x00007ffaa754a000 	C:\windows\SYSTEM32\VERSION.dll
0x00007ffab02f0000 - 0x00007ffab0302000 	C:\windows\SYSTEM32\kernel.appcore.dll
0x00007ffaac2c0000 - 0x00007ffaac2d0000 	C:\Program Files\Android\Android Studio1\jbr\bin\verify.dll
0x00007ffab0010000 - 0x00007ffab01f4000 	C:\windows\SYSTEM32\DBGHELP.DLL
0x00007ffa921f0000 - 0x00007ffa92224000 	C:\windows\SYSTEM32\dbgcore.DLL
0x00007ffab1f10000 - 0x00007ffab1f92000 	C:\windows\System32\bcryptPrimitives.dll
0x00007ffaac290000 - 0x00007ffaac2b8000 	C:\Program Files\Android\Android Studio1\jbr\bin\java.dll
0x00007ffaac280000 - 0x00007ffaac28a000 	C:\Program Files\Android\Android Studio1\jbr\bin\jimage.dll
0x00007ffa9a370000 - 0x00007ffa9a388000 	C:\Program Files\Android\Android Studio1\jbr\bin\zip.dll
0x00007ffab3090000 - 0x00007ffab37d5000 	C:\windows\System32\SHELL32.dll
0x00007ffaaf870000 - 0x00007ffab000c000 	C:\windows\SYSTEM32\windows.storage.dll
0x00007ffab3d50000 - 0x00007ffab40a4000 	C:\windows\System32\combase.dll
0x00007ffab14e0000 - 0x00007ffab150e000 	C:\windows\SYSTEM32\Wldp.dll
0x00007ffab37e0000 - 0x00007ffab38ad000 	C:\windows\System32\OLEAUT32.dll
0x00007ffab3990000 - 0x00007ffab3a3d000 	C:\windows\System32\SHCORE.dll
0x00007ffab4140000 - 0x00007ffab4195000 	C:\windows\System32\shlwapi.dll
0x00007ffab19e0000 - 0x00007ffab1a05000 	C:\windows\SYSTEM32\profapi.dll
0x00007ffa96bf0000 - 0x00007ffa96c09000 	C:\Program Files\Android\Android Studio1\jbr\bin\net.dll
0x00007ffaa9900000 - 0x00007ffaa9a0a000 	C:\windows\SYSTEM32\WINHTTP.dll
0x00007ffab1240000 - 0x00007ffab12aa000 	C:\windows\system32\mswsock.dll
0x00007ffa96bd0000 - 0x00007ffa96be3000 	C:\Program Files\Android\Android Studio1\jbr\bin\nio.dll

dbghelp: loaded successfully - version: 4.0.5 - missing functions: none
symbol engine: initialized successfully - sym options: 0x614 - pdb path: .;C:\Program Files\Android\Android Studio1\jbr\bin;C:\windows\SYSTEM32;C:\windows\WinSxS\amd64_microsoft.windows.common-controls_6595b64144ccf1df_6.0.19041.3636_none_60b6a03d71f818d5;C:\Program Files\Android\Android Studio1\jbr\bin\server

VM Arguments:
java_command: org.jetbrains.kotlin.cli.jvm.K2JVMCompiler @C:\Users\a\AndroidStudioProjects\AdminJustEat\app\build\20240229_13154304578481657386.compiler.options
java_class_path (initial): C:\Users\a\.gradle\caches\modules-2\files-2.1\org.jetbrains.kotlin\kotlin-compiler-embeddable\1.8.0\eb9118d4bcceaa2a94b2ae2a33a4ddba7c9a947f\kotlin-compiler-embeddable-1.8.0.jar;C:\Users\a\.gradle\caches\modules-2\files-2.1\org.jetbrains.kotlin\kotlin-stdlib\1.8.0\1796921c7a3e2e2665a83e6c8d33399336cd39bc\kotlin-stdlib-1.8.0.jar;C:\Users\a\.gradle\caches\modules-2\files-2.1\org.jetbrains.kotlin\kotlin-script-runtime\1.8.0\b2f7e760d283cb339974851c222a4c1d48f2d3d\kotlin-script-runtime-1.8.0.jar;C:\Users\a\.gradle\caches\modules-2\files-2.1\org.jetbrains.kotlin\kotlin-reflect\1.6.10\1cbe9c92c12a94eea200d23c2bbaedaf3daf5132\kotlin-reflect-1.6.10.jar;C:\Users\a\.gradle\caches\modules-2\files-2.1\org.jetbrains.kotlin\kotlin-daemon-embeddable\1.8.0\d255216c551685dc3a7e852b53617f5f01aaaa5c\kotlin-daemon-embeddable-1.8.0.jar;C:\Users\a\.gradle\caches\modules-2\files-2.1\org.jetbrains.intellij.deps\trove4j\1.0.20200330\3afb14d5f9ceb459d724e907a21145e8ff394f02\trove4j-1.0.20200330.jar;C:\Users\a\.gradle\caches\modules-2\files-2.1\net.java.dev.jna\jna\5.6.0\330f2244e9030119ab3030fc3fededc86713d9cc\jna-5.6.0.jar;C:\Users\a\.gradle\caches\modules-2\files-2.1\org.jetbrains.kotlin\kotlin-stdlib-common\1.8.0\f7197e7cc76453ac59f8b0f8d5137cc600becd36\kotlin-stdlib-common-1.8.0.jar;C:\Users\a\.gradle\caches\modules-2\files-2.1\org.jetbrains\annotations\13.0\919f0dfe192fb4e063e7dacadee7f8bb9a2672a9\annotations-13.0.jar
Launcher Type: SUN_STANDARD

[Global flags]
     intx CICompilerCount                          = 4                                         {product} {ergonomic}
     uint ConcGCThreads                            = 2                                         {product} {ergonomic}
     uint G1ConcRefinementThreads                  = 8                                         {product} {ergonomic}
   size_t G1HeapRegionSize                         = 1048576                                   {product} {ergonomic}
    uintx GCDrainStackTargetSize                   = 64                                        {product} {ergonomic}
   size_t InitialHeapSize                          = 130023424                                 {product} {ergonomic}
   size_t MarkStackSize                            = 4194304                                   {product} {ergonomic}
   size_t MaxHeapSize                              = 2055208960                                {product} {ergonomic}
   size_t MaxNewSize                               = 1233125376                                {product} {ergonomic}
   size_t MinHeapDeltaBytes                        = 1048576                                   {product} {ergonomic}
    uintx NonNMethodCodeHeapSize                   = 5836300                                {pd product} {ergonomic}
    uintx NonProfiledCodeHeapSize                  = 122910970                              {pd product} {ergonomic}
    uintx ProfiledCodeHeapSize                     = 122910970                              {pd product} {ergonomic}
    uintx ReservedCodeCacheSize                    = 251658240                              {pd product} {ergonomic}
     bool SegmentedCodeCache                       = true                                      {product} {ergonomic}
     bool UseCompressedClassPointers               = true                                 {lp64_product} {ergonomic}
     bool UseCompressedOops                        = true                                 {lp64_product} {ergonomic}
     bool UseG1GC                                  = true                                      {product} {ergonomic}
     bool UseLargePagesIndividualAllocation        = false                                  {pd product} {ergonomic}

Logging:
Log output configuration:
 #0: stdout all=warning uptime,level,tags
 #1: stderr all=off uptime,level,tags

Environment Variables:
PATH=C:\python 3.10\Scripts\;C:\python 3.10\;C:\Program Files\Common Files\Oracle\Java\javapath;C:\windows\system32;C:\windows;C:\windows\System32\Wbem;C:\windows\System32\WindowsPowerShell\v1.0\;C:\windows\System32\OpenSSH\;C:\Program Files\Git\cmd;C:\MinGW\bin;C:\ProgramData\chocolatey\bin;C:\Program Files\MySQL\MySQL Server 8.0\bin;C:\Program Files\MySQL\MySQL Shell 8.0\bin\;C:\Users\a\AppData\Local\Microsoft\WindowsApps;C:\Users\a\AppData\Local\Programs\Microsoft VS Code\bin;C:\Program Files\JetBrains\IntelliJ IDEA Community Edition 2021.3.3\New folder\IntelliJ IDEA Community Edition 2021.3.3\bin;
USERNAME=a
OS=Windows_NT
PROCESSOR_IDENTIFIER=Intel64 Family 6 Model 140 Stepping 1, GenuineIntel



---------------  S Y S T E M  ---------------

OS: Windows 10 , 64 bit Build 19041 (10.0.19041.3636)
OS uptime: 0 days 3:18 hours

CPU:total 8 (initial active 8) (4 cores per cpu, 2 threads per core) family 6 model 140 stepping 1 microcode 0x9a, cmov, cx8, fxsr, mmx, sse, sse2, sse3, ssse3, sse4.1, sse4.2, popcnt, avx, avx2, aes, clmul, erms, 3dnowpref, lzcnt, ht, tsc, tscinvbit, bmi1, bmi2, adx, evex, sha, fma

Memory: 4k page, system-wide physical 7834M (339M free)
TotalPageFile size 10634M (AvailPageFile size 10M)
current process WorkingSet (physical memory assigned to process): 220M, peak: 222M
current process commit charge ("private bytes"): 296M, peak: 329M

vm_info: OpenJDK 64-Bit Server VM (11.0.15+0-b2043.56-9505619) for windows-amd64 JRE (11.0.15+0-b2043.56-9505619), built on Jan 19 2023 02:48:00 by "builduser" with unknown MS VC++:1929

END.
