#
# There is insufficient memory for the Java Runtime Environment to continue.
# Native memory allocation (mmap) failed to map 34603008 bytes for Failed to commit area from 0x000000008d400000 to 0x000000008f500000 of length 34603008.
# Possible reasons:
#   The system is out of physical RAM or swap space
#   The process is running with CompressedOops enabled, and the Java Heap may be blocking the growth of the native heap
# Possible solutions:
#   Reduce memory load on the system
#   Increase physical memory or swap space
#   Check if swap backing store is full
#   Decrease Java heap size (-Xmx/-Xms)
#   Decrease number of Java threads
#   Decrease Java thread stack sizes (-Xss)
#   Set larger code cache with -XX:ReservedCodeCacheSize=
#   JVM is running with Unscaled Compressed Oops mode in which the Java heap is
#     placed in the first 4GB address space. The Java Heap base address is the
#     maximum limit for the native heap growth. Please use -XX:HeapBaseMinAddress
#     to set the Java Heap base and to place the Java Heap above 4GB virtual address.
# This output file may be truncated or incomplete.
#
#  Out of Memory Error (src/hotspot/os/windows/os_windows.cpp:3627), pid=11920, tid=9524
#
# JRE version: OpenJDK Runtime Environment (11.0.15) (build 11.0.15+0-b2043.56-9505619)
# Java VM: OpenJDK 64-Bit Server VM (11.0.15+0-b2043.56-9505619, mixed mode, tiered, compressed oops, g1 gc, windows-amd64)
# No core dump will be written. Minidumps are not enabled by default on client versions of Windows
#

---------------  S U M M A R Y ------------

Command Line: org.jetbrains.kotlin.cli.jvm.K2JVMCompiler @C:\Users\a\AndroidStudioProjects\AdminJustEat\app\build\20240229_4455366438308941246.compiler.options

Host: 11th Gen Intel(R) Core(TM) i5-1135G7 @ 2.40GHz, 8 cores, 7G,  Windows 10 , 64 bit Build 19041 (10.0.19041.3636)
Time: Thu Feb 29 15:24:58 2024 India Standard Time elapsed time: 2.655931 seconds (0d 0h 0m 2s)

---------------  T H R E A D  ---------------

Current thread (0x00000121c6911000):  VMThread "VM Thread" [stack: 0x0000001d14400000,0x0000001d14500000] [id=9524]

Stack: [0x0000001d14400000,0x0000001d14500000]
[error occurred during error reporting (printing stack bounds), id 0xc0000005, EXCEPTION_ACCESS_VIOLATION (0xc0000005) at pc=0x00000121afaf12e7]

Native frames: (J=compiled Java code, j=interpreted, Vv=VM code, C=native code)
V  [jvm.dll+0x64135a]
V  [jvm.dll+0x7d39f9]
V  [jvm.dll+0x7d51b9]
V  [jvm.dll+0x7d5805]
V  [jvm.dll+0x7d57bb]
V  [jvm.dll+0x640655]
V  [jvm.dll+0x640d68]
C  [ntdll.dll+0xa23af]
C  [ntdll.dll+0x514b4]
C  [ntdll.dll+0xa0ebe]
C  0x00000121afaf12e7

VM_Operation (0x0000001d13efae50): G1CollectForAllocation, mode: safepoint, requested by thread 0x00000121aa7f7800


---------------  P R O C E S S  ---------------

Threads class SMR info:
_java_thread_list=0x00000121c8b27760, length=11, elements={
0x00000121aa7f7800, 0x00000121c6913000, 0x00000121c691e800, 0x00000121c7295800,
0x00000121c7299000, 0x00000121c729b000, 0x00000121c729e000, 0x00000121c72a1800,
0x00000121c72a2800, 0x00000121c7415800, 0x00000121c747b000
}

Java Threads: ( => current thread )
  0x00000121aa7f7800 JavaThread "main" [_thread_blocked, id=13516, stack(0x0000001d13e00000,0x0000001d13f00000)]
  0x00000121c6913000 JavaThread "Reference Handler" daemon [_thread_blocked, id=10444, stack(0x0000001d14500000,0x0000001d14600000)]
  0x00000121c691e800 JavaThread "Finalizer" daemon [_thread_blocked, id=8416, stack(0x0000001d14600000,0x0000001d14700000)]
  0x00000121c7295800 JavaThread "Signal Dispatcher" daemon [_thread_blocked, id=13904, stack(0x0000001d14700000,0x0000001d14800000)]
  0x00000121c7299000 JavaThread "Attach Listener" daemon [_thread_blocked, id=3988, stack(0x0000001d14800000,0x0000001d14900000)]
  0x00000121c729b000 JavaThread "Service Thread" daemon [_thread_blocked, id=11312, stack(0x0000001d14900000,0x0000001d14a00000)]
  0x00000121c729e000 JavaThread "C2 CompilerThread0" daemon [_thread_blocked, id=748, stack(0x0000001d14a00000,0x0000001d14b00000)]
  0x00000121c72a1800 JavaThread "C1 CompilerThread0" daemon [_thread_blocked, id=4908, stack(0x0000001d14b00000,0x0000001d14c00000)]
  0x00000121c72a2800 JavaThread "Sweeper thread" daemon [_thread_blocked, id=13644, stack(0x0000001d14c00000,0x0000001d14d00000)]
  0x00000121c7415800 JavaThread "Common-Cleaner" daemon [_thread_blocked, id=12676, stack(0x0000001d14e00000,0x0000001d14f00000)]
  0x00000121c747b000 JavaThread "C2 CompilerThread1" daemon [_thread_blocked, id=8148, stack(0x0000001d14f00000,0x0000001d15000000)]

Other Threads:
=>0x00000121c6911000 VMThread "VM Thread" [stack: 0x0000001d14400000,0x0000001d14500000] [id=9524]
  0x00000121c7411000 WatcherThread [stack: 0x0000001d14d00000,0x0000001d14e00000] [id=12864]
  0x00000121aa80e800 GCTaskThread "GC Thread#0" [stack: 0x0000001d13f00000,0x0000001d14000000] [id=6904]
  0x00000121c7a7d800 GCTaskThread "GC Thread#1" [stack: 0x0000001d15100000,0x0000001d15200000] [id=6336]
  0x00000121aa841000 ConcurrentGCThread "G1 Main Marker" [stack: 0x0000001d14000000,0x0000001d14100000] [id=8556]
  0x00000121aa842800 ConcurrentGCThread "G1 Conc#0" [stack: 0x0000001d14100000,0x0000001d14200000] [id=12444]
  0x00000121c89e6000 ConcurrentGCThread "G1 Conc#1" [stack: 0x0000001d15200000,0x0000001d15300000] [id=6956]
  0x00000121aa8ce000 ConcurrentGCThread "G1 Refine#0" [stack: 0x0000001d14200000,0x0000001d14300000] [id=8152]
  0x00000121c674a800 ConcurrentGCThread "G1 Young RemSet Sampling" [stack: 0x0000001d14300000,0x0000001d14400000] [id=3148]

Threads with active compile tasks:
C2 CompilerThread0     2659 2889       4       java.lang.ClassLoader::loadClass (7 bytes)
C2 CompilerThread1     2659 2937       4       jdk.internal.loader.ClassLoaders$AppClassLoader::loadClass (40 bytes)

VM state:at safepoint (normal execution)

VM Mutex/Monitor currently owned by a thread:  ([mutex/lock_event])
[0x00000121aa7f44d0] Threads_lock - owner thread: 0x00000121c6911000
[0x00000121aa7f3900] Heap_lock - owner thread: 0x00000121aa7f7800

Heap address: 0x0000000085800000, size: 1960 MB, Compressed Oops mode: 32-bit
Narrow klass base: 0x0000000000000000, Narrow klass shift: 3
Compressed class space size: 1073741824 Address: 0x0000000100000000

Heap:
 garbage-first heap   total 160768K, used 26481K [0x0000000085800000, 0x0000000100000000)
  region size 1024K, 6 young (6144K), 6 survivors (6144K)
 Metaspace       used 44563K, capacity 45081K, committed 45340K, reserved 1089536K
  class space    used 5244K, capacity 5462K, committed 5500K, reserved 1048576K
Heap Regions: E=young(eden), S=young(survivor), O=old, HS=humongous(starts), HC=humongous(continues), CS=collection set, F=free, A=archive, TAMS=top-at-mark-start (previous, next)
|   0|0x0000000085800000, 0x0000000085900000, 0x0000000085900000|100%|HS|  |TAMS 0x0000000085900000, 0x0000000085800000| Complete 
|   1|0x0000000085900000, 0x0000000085a00000, 0x0000000085a00000|100%|HC|  |TAMS 0x0000000085a00000, 0x0000000085900000| Complete 
|   2|0x0000000085a00000, 0x0000000085b00000, 0x0000000085b00000|100%|HC|  |TAMS 0x0000000085b00000, 0x0000000085a00000| Complete 
|   3|0x0000000085b00000, 0x0000000085c00000, 0x0000000085c00000|100%|HC|  |TAMS 0x0000000085c00000, 0x0000000085b00000| Complete 
|   4|0x0000000085c00000, 0x0000000085d00000, 0x0000000085d00000|100%|HS|  |TAMS 0x0000000085d00000, 0x0000000085c00000| Complete 
|   5|0x0000000085d00000, 0x0000000085e00000, 0x0000000085e00000|100%|HC|  |TAMS 0x0000000085e00000, 0x0000000085d00000| Complete 
|   6|0x0000000085e00000, 0x0000000085f00000, 0x0000000085f00000|100%|HC|  |TAMS 0x0000000085f00000, 0x0000000085e00000| Complete 
|   7|0x0000000085f00000, 0x0000000086000000, 0x0000000086000000|100%|HC|  |TAMS 0x0000000086000000, 0x0000000085f00000| Complete 
|   8|0x0000000086000000, 0x0000000086000000, 0x0000000086100000|  0%| F|  |TAMS 0x0000000086000000, 0x0000000086000000| Untracked 
|   9|0x0000000086100000, 0x0000000086100000, 0x0000000086200000|  0%| F|  |TAMS 0x0000000086100000, 0x0000000086100000| Untracked 
|  10|0x0000000086200000, 0x0000000086300000, 0x0000000086300000|100%| O|  |TAMS 0x0000000086300000, 0x0000000086200000| Untracked 
|  11|0x0000000086300000, 0x0000000086400000, 0x0000000086400000|100%| O|  |TAMS 0x0000000086400000, 0x0000000086300000| Untracked 
|  12|0x0000000086400000, 0x0000000086500000, 0x0000000086500000|100%| O|  |TAMS 0x0000000086500000, 0x0000000086400000| Untracked 
|  13|0x0000000086500000, 0x0000000086600000, 0x0000000086600000|100%| O|  |TAMS 0x0000000086600000, 0x0000000086500000| Untracked 
|  14|0x0000000086600000, 0x0000000086700000, 0x0000000086700000|100%| O|  |TAMS 0x0000000086700000, 0x0000000086600000| Untracked 
|  15|0x0000000086700000, 0x0000000086800000, 0x0000000086800000|100%| O|  |TAMS 0x0000000086800000, 0x0000000086700000| Untracked 
|  16|0x0000000086800000, 0x0000000086900000, 0x0000000086900000|100%| O|  |TAMS 0x0000000086900000, 0x0000000086800000| Untracked 
|  17|0x0000000086900000, 0x0000000086a00000, 0x0000000086a00000|100%| O|  |TAMS 0x0000000086a00000, 0x0000000086900000| Untracked 
|  18|0x0000000086a00000, 0x0000000086b00000, 0x0000000086b00000|100%| O|  |TAMS 0x0000000086b00000, 0x0000000086a00000| Untracked 
|  19|0x0000000086b00000, 0x0000000086c00000, 0x0000000086c00000|100%| O|  |TAMS 0x0000000086c00000, 0x0000000086b00000| Untracked 
|  20|0x0000000086c00000, 0x0000000086d00000, 0x0000000086d00000|100%| O|  |TAMS 0x0000000086d00000, 0x0000000086c00000| Untracked 
|  21|0x0000000086d00000, 0x0000000086e00000, 0x0000000086e00000|100%| O|  |TAMS 0x0000000086e00000, 0x0000000086d00000| Untracked 
|  22|0x0000000086e00000, 0x0000000086e39200, 0x0000000086f00000| 22%| O|  |TAMS 0x0000000086e39200, 0x0000000086e00000| Untracked 
|  23|0x0000000086f00000, 0x0000000086f00000, 0x0000000087000000|  0%| F|  |TAMS 0x0000000086f00000, 0x0000000086f00000| Untracked 
|  24|0x0000000087000000, 0x0000000087000000, 0x0000000087100000|  0%| F|  |TAMS 0x0000000087000000, 0x0000000087000000| Untracked 
|  25|0x0000000087100000, 0x0000000087100000, 0x0000000087200000|  0%| F|  |TAMS 0x0000000087100000, 0x0000000087100000| Untracked 
|  26|0x0000000087200000, 0x0000000087200000, 0x0000000087300000|  0%| F|  |TAMS 0x0000000087200000, 0x0000000087200000| Untracked 
|  27|0x0000000087300000, 0x0000000087300000, 0x0000000087400000|  0%| F|  |TAMS 0x0000000087300000, 0x0000000087300000| Untracked 
|  28|0x0000000087400000, 0x0000000087400000, 0x0000000087500000|  0%| F|  |TAMS 0x0000000087400000, 0x0000000087400000| Untracked 
|  29|0x0000000087500000, 0x0000000087500000, 0x0000000087600000|  0%| F|  |TAMS 0x0000000087500000, 0x0000000087500000| Untracked 
|  30|0x0000000087600000, 0x0000000087600000, 0x0000000087700000|  0%| F|  |TAMS 0x0000000087600000, 0x0000000087600000| Untracked 
|  31|0x0000000087700000, 0x0000000087700000, 0x0000000087800000|  0%| F|  |TAMS 0x0000000087700000, 0x0000000087700000| Untracked 
|  32|0x0000000087800000, 0x0000000087800000, 0x0000000087900000|  0%| F|  |TAMS 0x0000000087800000, 0x0000000087800000| Untracked 
|  33|0x0000000087900000, 0x0000000087900000, 0x0000000087a00000|  0%| F|  |TAMS 0x0000000087900000, 0x0000000087900000| Untracked 
|  34|0x0000000087a00000, 0x0000000087a00000, 0x0000000087b00000|  0%| F|  |TAMS 0x0000000087a00000, 0x0000000087a00000| Untracked 
|  35|0x0000000087b00000, 0x0000000087b00000, 0x0000000087c00000|  0%| F|  |TAMS 0x0000000087b00000, 0x0000000087b00000| Untracked 
|  36|0x0000000087c00000, 0x0000000087c00000, 0x0000000087d00000|  0%| F|  |TAMS 0x0000000087c00000, 0x0000000087c00000| Untracked 
|  37|0x0000000087d00000, 0x0000000087d00000, 0x0000000087e00000|  0%| F|  |TAMS 0x0000000087d00000, 0x0000000087d00000| Untracked 
|  38|0x0000000087e00000, 0x0000000087e00000, 0x0000000087f00000|  0%| F|  |TAMS 0x0000000087e00000, 0x0000000087e00000| Untracked 
|  39|0x0000000087f00000, 0x0000000087f00000, 0x0000000088000000|  0%| F|  |TAMS 0x0000000087f00000, 0x0000000087f00000| Untracked 
|  40|0x0000000088000000, 0x0000000088000000, 0x0000000088100000|  0%| F|  |TAMS 0x0000000088000000, 0x0000000088000000| Untracked 
|  41|0x0000000088100000, 0x0000000088100000, 0x0000000088200000|  0%| F|  |TAMS 0x0000000088100000, 0x0000000088100000| Untracked 
|  42|0x0000000088200000, 0x0000000088200000, 0x0000000088300000|  0%| F|  |TAMS 0x0000000088200000, 0x0000000088200000| Untracked 
|  43|0x0000000088300000, 0x0000000088300000, 0x0000000088400000|  0%| F|  |TAMS 0x0000000088300000, 0x0000000088300000| Untracked 
|  44|0x0000000088400000, 0x0000000088400000, 0x0000000088500000|  0%| F|  |TAMS 0x0000000088400000, 0x0000000088400000| Untracked 
|  45|0x0000000088500000, 0x0000000088500000, 0x0000000088600000|  0%| F|  |TAMS 0x0000000088500000, 0x0000000088500000| Untracked 
|  46|0x0000000088600000, 0x0000000088600000, 0x0000000088700000|  0%| F|  |TAMS 0x0000000088600000, 0x0000000088600000| Untracked 
|  47|0x0000000088700000, 0x0000000088700000, 0x0000000088800000|  0%| F|  |TAMS 0x0000000088700000, 0x0000000088700000| Untracked 
|  48|0x0000000088800000, 0x0000000088800000, 0x0000000088900000|  0%| F|  |TAMS 0x0000000088800000, 0x0000000088800000| Untracked 
|  49|0x0000000088900000, 0x0000000088900000, 0x0000000088a00000|  0%| F|  |TAMS 0x0000000088900000, 0x0000000088900000| Untracked 
|  50|0x0000000088a00000, 0x0000000088a00000, 0x0000000088b00000|  0%| F|  |TAMS 0x0000000088a00000, 0x0000000088a00000| Untracked 
|  51|0x0000000088b00000, 0x0000000088b00000, 0x0000000088c00000|  0%| F|  |TAMS 0x0000000088b00000, 0x0000000088b00000| Untracked 
|  52|0x0000000088c00000, 0x0000000088c00000, 0x0000000088d00000|  0%| F|  |TAMS 0x0000000088c00000, 0x0000000088c00000| Untracked 
|  53|0x0000000088d00000, 0x0000000088d00000, 0x0000000088e00000|  0%| F|  |TAMS 0x0000000088d00000, 0x0000000088d00000| Untracked 
|  54|0x0000000088e00000, 0x0000000088e00000, 0x0000000088f00000|  0%| F|  |TAMS 0x0000000088e00000, 0x0000000088e00000| Untracked 
|  55|0x0000000088f00000, 0x0000000088f00000, 0x0000000089000000|  0%| F|  |TAMS 0x0000000088f00000, 0x0000000088f00000| Untracked 
|  56|0x0000000089000000, 0x0000000089000000, 0x0000000089100000|  0%| F|  |TAMS 0x0000000089000000, 0x0000000089000000| Untracked 
|  57|0x0000000089100000, 0x0000000089100000, 0x0000000089200000|  0%| F|  |TAMS 0x0000000089100000, 0x0000000089100000| Untracked 
|  58|0x0000000089200000, 0x0000000089200000, 0x0000000089300000|  0%| F|  |TAMS 0x0000000089200000, 0x0000000089200000| Untracked 
|  59|0x0000000089300000, 0x0000000089300000, 0x0000000089400000|  0%| F|  |TAMS 0x0000000089300000, 0x0000000089300000| Untracked 
|  60|0x0000000089400000, 0x0000000089400000, 0x0000000089500000|  0%| F|  |TAMS 0x0000000089400000, 0x0000000089400000| Untracked 
|  61|0x0000000089500000, 0x0000000089500000, 0x0000000089600000|  0%| F|  |TAMS 0x0000000089500000, 0x0000000089500000| Untracked 
|  62|0x0000000089600000, 0x0000000089600000, 0x0000000089700000|  0%| F|  |TAMS 0x0000000089600000, 0x0000000089600000| Untracked 
|  63|0x0000000089700000, 0x0000000089700000, 0x0000000089800000|  0%| F|  |TAMS 0x0000000089700000, 0x0000000089700000| Untracked 
|  64|0x0000000089800000, 0x0000000089800000, 0x0000000089900000|  0%| F|  |TAMS 0x0000000089800000, 0x0000000089800000| Untracked 
|  65|0x0000000089900000, 0x0000000089900000, 0x0000000089a00000|  0%| F|  |TAMS 0x0000000089900000, 0x0000000089900000| Untracked 
|  66|0x0000000089a00000, 0x0000000089a00000, 0x0000000089b00000|  0%| F|  |TAMS 0x0000000089a00000, 0x0000000089a00000| Untracked 
|  67|0x0000000089b00000, 0x0000000089b00000, 0x0000000089c00000|  0%| F|  |TAMS 0x0000000089b00000, 0x0000000089b00000| Untracked 
|  68|0x0000000089c00000, 0x0000000089c00000, 0x0000000089d00000|  0%| F|  |TAMS 0x0000000089c00000, 0x0000000089c00000| Untracked 
|  69|0x0000000089d00000, 0x0000000089d00000, 0x0000000089e00000|  0%| F|  |TAMS 0x0000000089d00000, 0x0000000089d00000| Untracked 
|  70|0x0000000089e00000, 0x0000000089e00000, 0x0000000089f00000|  0%| F|  |TAMS 0x0000000089e00000, 0x0000000089e00000| Untracked 
|  71|0x0000000089f00000, 0x0000000089f00000, 0x000000008a000000|  0%| F|  |TAMS 0x0000000089f00000, 0x0000000089f00000| Untracked 
|  72|0x000000008a000000, 0x000000008a000000, 0x000000008a100000|  0%| F|  |TAMS 0x000000008a000000, 0x000000008a000000| Untracked 
|  73|0x000000008a100000, 0x000000008a1a35e0, 0x000000008a200000| 63%| S|CS|TAMS 0x000000008a100000, 0x000000008a100000| Complete 
|  74|0x000000008a200000, 0x000000008a300000, 0x000000008a300000|100%| S|CS|TAMS 0x000000008a200000, 0x000000008a200000| Complete 
|  75|0x000000008a300000, 0x000000008a400000, 0x000000008a400000|100%| S|CS|TAMS 0x000000008a300000, 0x000000008a300000| Complete 
|  76|0x000000008a400000, 0x000000008a500000, 0x000000008a500000|100%| S|CS|TAMS 0x000000008a400000, 0x000000008a400000| Complete 
|  77|0x000000008a500000, 0x000000008a600000, 0x000000008a600000|100%| S|CS|TAMS 0x000000008a500000, 0x000000008a500000| Complete 
|  78|0x000000008a600000, 0x000000008a700000, 0x000000008a700000|100%| S|CS|TAMS 0x000000008a600000, 0x000000008a600000| Complete 
|  79|0x000000008a700000, 0x000000008a700000, 0x000000008a800000|  0%| F|  |TAMS 0x000000008a700000, 0x000000008a700000| Untracked 
|  80|0x000000008a800000, 0x000000008a800000, 0x000000008a900000|  0%| F|  |TAMS 0x000000008a800000, 0x000000008a800000| Untracked 
|  81|0x000000008a900000, 0x000000008a900000, 0x000000008aa00000|  0%| F|  |TAMS 0x000000008a900000, 0x000000008a900000| Untracked 
|  82|0x000000008aa00000, 0x000000008aa00000, 0x000000008ab00000|  0%| F|  |TAMS 0x000000008aa00000, 0x000000008aa00000| Untracked 
|  83|0x000000008ab00000, 0x000000008ab00000, 0x000000008ac00000|  0%| F|  |TAMS 0x000000008ab00000, 0x000000008ab00000| Untracked 
|  84|0x000000008ac00000, 0x000000008ac00000, 0x000000008ad00000|  0%| F|  |TAMS 0x000000008ac00000, 0x000000008ac00000| Untracked 
|  85|0x000000008ad00000, 0x000000008ad00000, 0x000000008ae00000|  0%| F|  |TAMS 0x000000008ad00000, 0x000000008ad00000| Untracked 
|  86|0x000000008ae00000, 0x000000008ae00000, 0x000000008af00000|  0%| F|  |TAMS 0x000000008ae00000, 0x000000008ae00000| Untracked 
|  87|0x000000008af00000, 0x000000008af00000, 0x000000008b000000|  0%| F|  |TAMS 0x000000008af00000, 0x000000008af00000| Untracked 
|  88|0x000000008b000000, 0x000000008b000000, 0x000000008b100000|  0%| F|  |TAMS 0x000000008b000000, 0x000000008b000000| Untracked 
|  89|0x000000008b100000, 0x000000008b100000, 0x000000008b200000|  0%| F|  |TAMS 0x000000008b100000, 0x000000008b100000| Untracked 
|  90|0x000000008b200000, 0x000000008b200000, 0x000000008b300000|  0%| F|  |TAMS 0x000000008b200000, 0x000000008b200000| Untracked 
|  91|0x000000008b300000, 0x000000008b300000, 0x000000008b400000|  0%| F|  |TAMS 0x000000008b300000, 0x000000008b300000| Untracked 
|  92|0x000000008b400000, 0x000000008b400000, 0x000000008b500000|  0%| F|  |TAMS 0x000000008b400000, 0x000000008b400000| Untracked 
|  93|0x000000008b500000, 0x000000008b500000, 0x000000008b600000|  0%| F|  |TAMS 0x000000008b500000, 0x000000008b500000| Untracked 
|  94|0x000000008b600000, 0x000000008b600000, 0x000000008b700000|  0%| F|  |TAMS 0x000000008b600000, 0x000000008b600000| Untracked 
|  95|0x000000008b700000, 0x000000008b700000, 0x000000008b800000|  0%| F|  |TAMS 0x000000008b700000, 0x000000008b700000| Untracked 
|  96|0x000000008b800000, 0x000000008b800000, 0x000000008b900000|  0%| F|  |TAMS 0x000000008b800000, 0x000000008b800000| Untracked 
|  97|0x000000008b900000, 0x000000008b900000, 0x000000008ba00000|  0%| F|  |TAMS 0x000000008b900000, 0x000000008b900000| Untracked 
|  98|0x000000008ba00000, 0x000000008ba00000, 0x000000008bb00000|  0%| F|  |TAMS 0x000000008ba00000, 0x000000008ba00000| Untracked 
|  99|0x000000008bb00000, 0x000000008bb00000, 0x000000008bc00000|  0%| F|  |TAMS 0x000000008bb00000, 0x000000008bb00000| Untracked 
| 100|0x000000008bc00000, 0x000000008bc00000, 0x000000008bd00000|  0%| F|  |TAMS 0x000000008bc00000, 0x000000008bc00000| Untracked 
| 101|0x000000008bd00000, 0x000000008bd00000, 0x000000008be00000|  0%| F|  |TAMS 0x000000008bd00000, 0x000000008bd00000| Untracked 
| 102|0x000000008be00000, 0x000000008be00000, 0x000000008bf00000|  0%| F|  |TAMS 0x000000008be00000, 0x000000008be00000| Untracked 
| 103|0x000000008bf00000, 0x000000008bf00000, 0x000000008c000000|  0%| F|  |TAMS 0x000000008bf00000, 0x000000008bf00000| Untracked 
| 104|0x000000008c000000, 0x000000008c000000, 0x000000008c100000|  0%| F|  |TAMS 0x000000008c000000, 0x000000008c000000| Untracked 
| 105|0x000000008c100000, 0x000000008c100000, 0x000000008c200000|  0%| F|  |TAMS 0x000000008c100000, 0x000000008c100000| Untracked 
| 106|0x000000008c200000, 0x000000008c200000, 0x000000008c300000|  0%| F|  |TAMS 0x000000008c200000, 0x000000008c200000| Untracked 
| 107|0x000000008c300000, 0x000000008c300000, 0x000000008c400000|  0%| F|  |TAMS 0x000000008c300000, 0x000000008c300000| Untracked 
| 108|0x000000008c400000, 0x000000008c400000, 0x000000008c500000|  0%| F|  |TAMS 0x000000008c400000, 0x000000008c400000| Untracked 
| 109|0x000000008c500000, 0x000000008c500000, 0x000000008c600000|  0%| F|  |TAMS 0x000000008c500000, 0x000000008c500000| Untracked 
| 110|0x000000008c600000, 0x000000008c600000, 0x000000008c700000|  0%| F|  |TAMS 0x000000008c600000, 0x000000008c600000| Untracked 
| 111|0x000000008c700000, 0x000000008c700000, 0x000000008c800000|  0%| F|  |TAMS 0x000000008c700000, 0x000000008c700000| Untracked 
| 112|0x000000008c800000, 0x000000008c800000, 0x000000008c900000|  0%| F|  |TAMS 0x000000008c800000, 0x000000008c800000| Untracked 
| 113|0x000000008c900000, 0x000000008c900000, 0x000000008ca00000|  0%| F|  |TAMS 0x000000008c900000, 0x000000008c900000| Untracked 
| 114|0x000000008ca00000, 0x000000008ca00000, 0x000000008cb00000|  0%| F|  |TAMS 0x000000008ca00000, 0x000000008ca00000| Untracked 
| 115|0x000000008cb00000, 0x000000008cb00000, 0x000000008cc00000|  0%| F|  |TAMS 0x000000008cb00000, 0x000000008cb00000| Untracked 
| 116|0x000000008cc00000, 0x000000008cc00000, 0x000000008cd00000|  0%| F|  |TAMS 0x000000008cc00000, 0x000000008cc00000| Untracked 
| 117|0x000000008cd00000, 0x000000008cd00000, 0x000000008ce00000|  0%| F|  |TAMS 0x000000008cd00000, 0x000000008cd00000| Untracked 
| 118|0x000000008ce00000, 0x000000008ce00000, 0x000000008cf00000|  0%| F|  |TAMS 0x000000008ce00000, 0x000000008ce00000| Untracked 
| 119|0x000000008cf00000, 0x000000008cf00000, 0x000000008d000000|  0%| F|  |TAMS 0x000000008cf00000, 0x000000008cf00000| Untracked 
| 120|0x000000008d000000, 0x000000008d000000, 0x000000008d100000|  0%| F|  |TAMS 0x000000008d000000, 0x000000008d000000| Untracked 
| 121|0x000000008d100000, 0x000000008d100000, 0x000000008d200000|  0%| F|  |TAMS 0x000000008d100000, 0x000000008d100000| Untracked 
| 122|0x000000008d200000, 0x000000008d200000, 0x000000008d300000|  0%| F|  |TAMS 0x000000008d200000, 0x000000008d200000| Untracked 
| 123|0x000000008d300000, 0x000000008d300000, 0x000000008d400000|  0%| F|  |TAMS 0x000000008d300000, 0x000000008d300000| Untracked 

Card table byte_map: [0x00000121bf940000,0x00000121bfd20000] _byte_map_base: 0x00000121bf514000

Marking Bits (Prev, Next): (CMBitMap*) 0x00000121aa838b18, (CMBitMap*) 0x00000121aa838b50
 Prev Bits: [0x00000121c0100000, 0x00000121c1fa0000)
 Next Bits: [0x00000121c1fa0000, 0x00000121c3e40000)

Polling page: 0x00000121afad0000

Metaspace:

Usage:
  Non-class:     38.69 MB capacity,    38.40 MB (>99%) used,   236.17 KB ( <1%) free+waste,    63.62 KB ( <1%) overhead. 
      Class:      5.33 MB capacity,     5.12 MB ( 96%) used,   189.43 KB (  3%) free+waste,    28.00 KB ( <1%) overhead. 
       Both:     44.02 MB capacity,    43.52 MB ( 99%) used,   425.60 KB ( <1%) free+waste,    91.62 KB ( <1%) overhead. 

Virtual space:
  Non-class space:       40.00 MB reserved,      38.91 MB ( 97%) committed 
      Class space:        1.00 GB reserved,       5.37 MB ( <1%) committed 
             Both:        1.04 GB reserved,      44.28 MB (  4%) committed 

Chunk freelists:
   Non-Class:  29.00 KB
       Class:  10.00 KB
        Both:  39.00 KB

MaxMetaspaceSize: 17179869184.00 GB
CompressedClassSpaceSize: 1.00 GB
Initial GC threshold: 20.80 MB
Current GC threshold: 59.00 MB
CDS: off

CodeHeap 'non-profiled nmethods': size=120000Kb used=1282Kb max_used=1282Kb free=118718Kb
 bounds [0x00000121b75c0000, 0x00000121b7830000, 0x00000121beaf0000]
CodeHeap 'profiled nmethods': size=120000Kb used=5786Kb max_used=5786Kb free=114214Kb
 bounds [0x00000121b0090000, 0x00000121b0640000, 0x00000121b75c0000]
CodeHeap 'non-nmethods': size=5760Kb used=1274Kb max_used=1300Kb free=4485Kb
 bounds [0x00000121afaf0000, 0x00000121afd60000, 0x00000121b0090000]
 total_blobs=3527 nmethods=2978 adapters=461
 compilation: enabled
              stopped_count=0, restarted_count=0
 full_count=0

Compilation events (20 events):
Event: 2.623 Thread 0x00000121c72a1800 2980       3       org.jetbrains.kotlin.com.intellij.openapi.progress.impl.CoreProgressManager::doCheckCanceled (43 bytes)
Event: 2.624 Thread 0x00000121c72a1800 nmethod 2980 0x00000121b0631610 code [0x00000121b0631860, 0x00000121b0632118]
Event: 2.624 Thread 0x00000121c72a1800 2978       3       jdk.internal.org.objectweb.asm.ClassWriter::addType (103 bytes)
Event: 2.624 Thread 0x00000121c72a1800 nmethod 2978 0x00000121b0632390 code [0x00000121b06325a0, 0x00000121b0632c68]
Event: 2.625 Thread 0x00000121c72a1800 2981       3       org.jetbrains.kotlin.com.intellij.psi.impl.source.tree.TreeElement::getTreeNext (5 bytes)
Event: 2.625 Thread 0x00000121c72a1800 nmethod 2981 0x00000121b0632e90 code [0x00000121b0633040, 0x00000121b0633158]
Event: 2.625 Thread 0x00000121c72a1800 2982       3       org.jetbrains.kotlin.com.intellij.psi.impl.source.tree.TreeElement::getTreeParent (5 bytes)
Event: 2.625 Thread 0x00000121c72a1800 nmethod 2982 0x00000121b0633210 code [0x00000121b06333c0, 0x00000121b06334d8]
Event: 2.625 Thread 0x00000121c72a1800 2983       1       org.jetbrains.kotlin.com.intellij.psi.impl.source.SubstrateRef::getStub (2 bytes)
Event: 2.625 Thread 0x00000121c72a1800 nmethod 2983 0x00000121b7700210 code [0x00000121b77003c0, 0x00000121b7700478]
Event: 2.626 Thread 0x00000121c72a1800 2984       3       org.jetbrains.kotlin.com.intellij.extapi.psi.StubBasedPsiElementBase::getNode (122 bytes)
Event: 2.627 Thread 0x00000121c72a1800 nmethod 2984 0x00000121b0633590 code [0x00000121b0633860, 0x00000121b06346a8]
Event: 2.627 Thread 0x00000121c72a1800 2985       3       org.jetbrains.kotlin.com.intellij.psi.impl.source.SubstrateRef$2::getNode (13 bytes)
Event: 2.627 Thread 0x00000121c72a1800 nmethod 2985 0x00000121b0634990 code [0x00000121b0634b40, 0x00000121b0634cc8]
Event: 2.627 Thread 0x00000121c72a1800 2986       1       org.jetbrains.kotlin.com.intellij.mock.MockComponentManager::isDisposed (5 bytes)
Event: 2.627 Thread 0x00000121c72a1800 nmethod 2986 0x00000121b7700510 code [0x00000121b77006c0, 0x00000121b7700778]
Event: 2.627 Thread 0x00000121c72a1800 2987       3       org.jetbrains.kotlin.com.intellij.psi.impl.source.tree.CompositeElement::getPsi (46 bytes)
Event: 2.628 Thread 0x00000121c72a1800 nmethod 2987 0x00000121b0634d90 code [0x00000121b0635060, 0x00000121b0635fa8]
Event: 2.633 Thread 0x00000121c72a1800 2988       3       java.lang.Thread::interrupted (8 bytes)
Event: 2.634 Thread 0x00000121c72a1800 nmethod 2988 0x00000121b0636490 code [0x00000121b0636640, 0x00000121b0636768]

GC Heap History (9 events):
Event: 0.581 GC heap before
{Heap before GC invocations=0 (full 0):
 garbage-first heap   total 126976K, used 28672K [0x0000000085800000, 0x0000000100000000)
  region size 1024K, 24 young (24576K), 0 survivors (0K)
 Metaspace       used 12144K, capacity 12280K, committed 12544K, reserved 1060864K
  class space    used 1121K, capacity 1175K, committed 1280K, reserved 1048576K
}
Event: 0.584 GC heap after
{Heap after GC invocations=1 (full 0):
 garbage-first heap   total 126976K, used 6881K [0x0000000085800000, 0x0000000100000000)
  region size 1024K, 3 young (3072K), 3 survivors (3072K)
 Metaspace       used 12144K, capacity 12280K, committed 12544K, reserved 1060864K
  class space    used 1121K, capacity 1175K, committed 1280K, reserved 1048576K
}
Event: 1.090 GC heap before
{Heap before GC invocations=1 (full 0):
 garbage-first heap   total 126976K, used 45793K [0x0000000085800000, 0x0000000100000000)
  region size 1024K, 42 young (43008K), 3 survivors (3072K)
 Metaspace       used 21045K, capacity 21200K, committed 21296K, reserved 1069056K
  class space    used 2227K, capacity 2308K, committed 2352K, reserved 1048576K
}
Event: 1.102 GC heap after
{Heap after GC invocations=2 (full 0):
 garbage-first heap   total 126976K, used 10530K [0x0000000085800000, 0x0000000100000000)
  region size 1024K, 7 young (7168K), 7 survivors (7168K)
 Metaspace       used 21045K, capacity 21200K, committed 21296K, reserved 1069056K
  class space    used 2227K, capacity 2308K, committed 2352K, reserved 1048576K
}
Event: 1.855 GC heap before
{Heap before GC invocations=3 (full 0):
 garbage-first heap   total 126976K, used 68898K [0x0000000085800000, 0x0000000100000000)
  region size 1024K, 58 young (59392K), 7 survivors (7168K)
 Metaspace       used 33512K, capacity 33954K, committed 34096K, reserved 1079296K
  class space    used 4142K, capacity 4337K, committed 4400K, reserved 1048576K
}
Event: 1.871 GC heap after
{Heap after GC invocations=4 (full 0):
 garbage-first heap   total 126976K, used 22823K [0x0000000085800000, 0x0000000100000000)
  region size 1024K, 8 young (8192K), 8 survivors (8192K)
 Metaspace       used 33512K, capacity 33954K, committed 34096K, reserved 1079296K
  class space    used 4142K, capacity 4337K, committed 4400K, reserved 1048576K
}
Event: 2.021 GC heap before
{Heap before GC invocations=4 (full 0):
 garbage-first heap   total 126976K, used 34087K [0x0000000085800000, 0x0000000100000000)
  region size 1024K, 20 young (20480K), 8 survivors (8192K)
 Metaspace       used 35452K, capacity 35853K, committed 35920K, reserved 1081344K
  class space    used 4343K, capacity 4501K, committed 4528K, reserved 1048576K
}
Event: 2.038 GC heap after
{Heap after GC invocations=5 (full 0):
 garbage-first heap   total 126976K, used 23268K [0x0000000085800000, 0x0000000100000000)
  region size 1024K, 3 young (3072K), 3 survivors (3072K)
 Metaspace       used 35452K, capacity 35853K, committed 35920K, reserved 1081344K
  class space    used 4343K, capacity 4501K, committed 4528K, reserved 1048576K
}
Event: 2.642 GC heap before
{Heap before GC invocations=6 (full 0):
 garbage-first heap   total 126976K, used 66276K [0x0000000085800000, 0x0000000100000000)
  region size 1024K, 45 young (46080K), 3 survivors (3072K)
 Metaspace       used 44563K, capacity 45081K, committed 45340K, reserved 1089536K
  class space    used 5244K, capacity 5462K, committed 5500K, reserved 1048576K
}

Deoptimization events (20 events):
Event: 2.505 Thread 0x00000121aa7f7800 Uncommon trap: trap_request=0xffffff4d fr.pc=0x00000121b75e83e8 relative=0x0000000000000c48
Event: 2.505 Thread 0x00000121aa7f7800 Uncommon trap: reason=unstable_if action=reinterpret pc=0x00000121b75e83e8 method=java.lang.StringCoding.encodeUTF8(B[BZ)[B @ 2 c2
Event: 2.505 Thread 0x00000121aa7f7800 DEOPT PACKING pc=0x00000121b75e83e8 sp=0x0000001d13ef57b0
Event: 2.505 Thread 0x00000121aa7f7800 DEOPT UNPACKING pc=0x00000121afaf85af sp=0x0000001d13ef55a0 mode 2
Event: 2.505 Thread 0x00000121aa7f7800 Uncommon trap: trap_request=0xffffff4d fr.pc=0x00000121b765fdb4 relative=0x0000000000000334
Event: 2.505 Thread 0x00000121aa7f7800 Uncommon trap: reason=unstable_if action=reinterpret pc=0x00000121b765fdb4 method=sun.net.www.ParseUtil.firstEncodeIndex(Ljava/lang/String;)I @ 27 c2
Event: 2.505 Thread 0x00000121aa7f7800 DEOPT PACKING pc=0x00000121b765fdb4 sp=0x0000001d13ef58f0
Event: 2.505 Thread 0x00000121aa7f7800 DEOPT UNPACKING pc=0x00000121afaf85af sp=0x0000001d13ef5758 mode 2
Event: 2.505 Thread 0x00000121aa7f7800 Uncommon trap: trap_request=0xffffff4d fr.pc=0x00000121b7688a38 relative=0x0000000000000198
Event: 2.505 Thread 0x00000121aa7f7800 Uncommon trap: reason=unstable_if action=reinterpret pc=0x00000121b7688a38 method=java.lang.String.indexOf(II)I @ 4 c2
Event: 2.505 Thread 0x00000121aa7f7800 DEOPT PACKING pc=0x00000121b7688a38 sp=0x0000001d13ef55c0
Event: 2.505 Thread 0x00000121aa7f7800 DEOPT UNPACKING pc=0x00000121afaf85af sp=0x0000001d13ef5570 mode 2
Event: 2.505 Thread 0x00000121aa7f7800 Uncommon trap: trap_request=0xffffff4d fr.pc=0x00000121b768aab0 relative=0x0000000000000190
Event: 2.505 Thread 0x00000121aa7f7800 Uncommon trap: reason=unstable_if action=reinterpret pc=0x00000121b768aab0 method=java.lang.String.startsWith(Ljava/lang/String;I)Z @ 46 c2
Event: 2.505 Thread 0x00000121aa7f7800 DEOPT PACKING pc=0x00000121b768aab0 sp=0x0000001d13ef56c0
Event: 2.505 Thread 0x00000121aa7f7800 DEOPT UNPACKING pc=0x00000121afaf85af sp=0x0000001d13ef5628 mode 2
Event: 2.505 Thread 0x00000121aa7f7800 Uncommon trap: trap_request=0xffffff4d fr.pc=0x00000121b76ec4a4 relative=0x0000000000000644
Event: 2.505 Thread 0x00000121aa7f7800 Uncommon trap: reason=unstable_if action=reinterpret pc=0x00000121b76ec4a4 method=java.lang.String.lastIndexOf(II)I @ 4 c2
Event: 2.505 Thread 0x00000121aa7f7800 DEOPT PACKING pc=0x00000121b76ec4a4 sp=0x0000001d13ef5730
Event: 2.505 Thread 0x00000121aa7f7800 DEOPT UNPACKING pc=0x00000121afaf85af sp=0x0000001d13ef5620 mode 2

Classes redefined (0 events):
No events

Internal exceptions (20 events):
Event: 1.045 Thread 0x00000121aa7f7800 Exception <a 'java/lang/NoSuchMethodError'{0x000000008afe73b8}: 'java.lang.Object java.lang.invoke.DirectMethodHandle$Holder.invokeStaticInit(java.lang.Object, int)'> (0x000000008afe73b8) thrown at [src/hotspot/share/interpreter/linkResolver.cpp, line 773]
Event: 1.065 Thread 0x00000121aa7f7800 Exception <a 'java/lang/NoSuchMethodError'{0x000000008adbfa20}: 'long java.lang.invoke.DirectMethodHandle$Holder.invokeStatic(java.lang.Object)'> (0x000000008adbfa20) thrown at [src/hotspot/share/interpreter/linkResolver.cpp, line 773]
Event: 1.066 Thread 0x00000121aa7f7800 Exception <a 'java/lang/NoSuchMethodError'{0x000000008adc2878}: 'long java.lang.invoke.DirectMethodHandle$Holder.invokeStaticInit(java.lang.Object)'> (0x000000008adc2878) thrown at [src/hotspot/share/interpreter/linkResolver.cpp, line 773]
Event: 1.083 Thread 0x00000121aa7f7800 Exception <a 'java/lang/NoSuchMethodError'{0x000000008ab35890}: 'int java.lang.invoke.DirectMethodHandle$Holder.invokeSpecialIFC(java.lang.Object, java.lang.Object, int)'> (0x000000008ab35890) thrown at [src/hotspot/share/interpreter/linkResolver.cpp, line 773]
Event: 1.128 Thread 0x00000121aa7f7800 Exception <a 'java/lang/NoSuchMethodError'{0x000000008d118708}: 'int java.lang.invoke.DirectMethodHandle$Holder.invokeStaticInit(java.lang.Object, java.lang.Object, java.lang.Object)'> (0x000000008d118708) thrown at [src/hotspot/share/interpreter/linkResolver.cpp, line 773]
Event: 1.131 Thread 0x00000121aa7f7800 Exception <a 'java/lang/NoSuchMethodError'{0x000000008d143de8}: 'int java.lang.invoke.DirectMethodHandle$Holder.invokeStaticInit(java.lang.Object, java.lang.Object)'> (0x000000008d143de8) thrown at [src/hotspot/share/interpreter/linkResolver.cpp, line 773]
Event: 1.170 Thread 0x00000121aa7f7800 Exception <a 'java/lang/NoSuchMethodError'{0x000000008cf58ce8}: 'void java.lang.invoke.DirectMethodHandle$Holder.invokeSpecial(java.lang.Object, java.lang.Object)'> (0x000000008cf58ce8) thrown at [src/hotspot/share/interpreter/linkResolver.cpp, line 773]
Event: 1.311 Thread 0x00000121aa7f7800 Exception <a 'java/lang/NoSuchMethodError'{0x000000008c606308}: 'java.lang.Object java.lang.invoke.DirectMethodHandle$Holder.invokeStatic(java.lang.Object, java.lang.Object, java.lang.Object, java.lang.Object, java.lang.Object, java.lang.Object, java.lang.Object, java.lang.Object, java.lang.Object, java.lang.Object, java.lang.Object, java.lang.Object, java.lang.Object, java.lang.Object, java.lang.Object)'> (0x000000008c606308) thrown at [src/hotspot/share/interpreter/linkResolver.cpp, line 773]
Event: 1.312 Thread 0x00000121aa7f7800 Exception <a 'java/lang/NoSuchMethodError'{0x000000008c614310}: 'java.lang.Object java.lang.invoke.DirectMethodHandle$Holder.invokeStatic(java.lang.Object, java.lang.Object, java.lang.Object, java.lang.Object, java.lang.Object, java.lang.Object, java.lang.Object, java.lang.Object, java.lang.Object, java.lang.Object, java.lang.Object, java.lang.Object, java.lang.Object, java.lang.Object, java.lang.Object, java.lang.Object)'> (0x000000008c614310) thrown at [src/hotspot/share/interpreter/linkResolver.cpp, lin
Event: 1.313 Thread 0x00000121aa7f7800 Exception <a 'java/lang/NoSuchMethodError'{0x000000008c622228}: 'java.lang.Object java.lang.invoke.DirectMethodHandle$Holder.invokeSpecial(java.lang.Object, java.lang.Object, int, int, java.lang.Object, java.lang.Object, java.lang.Object)'> (0x000000008c622228) thrown at [src/hotspot/share/interpreter/linkResolver.cpp, line 773]
Event: 1.313 Thread 0x00000121aa7f7800 Exception <a 'java/lang/NoSuchMethodError'{0x000000008c625a60}: 'java.lang.Object java.lang.invoke.DelegatingMethodHandle$Holder.reinvoke_L(java.lang.Object, int, int, java.lang.Object, java.lang.Object, java.lang.Object)'> (0x000000008c625a60) thrown at [src/hotspot/share/interpreter/linkResolver.cpp, line 773]
Event: 1.313 Thread 0x00000121aa7f7800 Exception <a 'java/lang/NoSuchMethodError'{0x000000008c629de8}: 'java.lang.Object java.lang.invoke.DirectMethodHandle$Holder.invokeStatic(java.lang.Object, java.lang.Object, java.lang.Object, java.lang.Object, int)'> (0x000000008c629de8) thrown at [src/hotspot/share/interpreter/linkResolver.cpp, line 773]
Event: 1.343 Thread 0x00000121aa7f7800 Exception <a 'java/lang/NoSuchMethodError'{0x000000008c54f980}: 'void java.lang.invoke.DirectMethodHandle$Holder.invokeStatic(java.lang.Object, java.lang.Object, java.lang.Object, java.lang.Object)'> (0x000000008c54f980) thrown at [src/hotspot/share/interpreter/linkResolver.cpp, line 773]
Event: 1.392 Thread 0x00000121aa7f7800 Exception <a 'java/lang/NoSuchMethodError'{0x000000008c136240}: 'void java.lang.invoke.DirectMethodHandle$Holder.invokeStaticInit(java.lang.Object, java.lang.Object)'> (0x000000008c136240) thrown at [src/hotspot/share/interpreter/linkResolver.cpp, line 773]
Event: 1.452 Thread 0x00000121aa7f7800 Exception <a 'java/lang/NoSuchMethodError'{0x000000008bd97060}: 'void java.lang.invoke.DirectMethodHandle$Holder.invokeVirtual(java.lang.Object, java.lang.Object)'> (0x000000008bd97060) thrown at [src/hotspot/share/interpreter/linkResolver.cpp, line 773]
Event: 1.461 Thread 0x00000121aa7f7800 Exception <a 'java/lang/NoSuchMethodError'{0x000000008bc2aeb8}: 'int java.lang.invoke.DirectMethodHandle$Holder.invokeVirtual(java.lang.Object, java.lang.Object)'> (0x000000008bc2aeb8) thrown at [src/hotspot/share/interpreter/linkResolver.cpp, line 773]
Event: 1.988 Thread 0x00000121aa7f7800 Exception <a 'java/lang/NoSuchMethodError'{0x000000008ca58dc8}: 'java.lang.Object java.lang.invoke.DirectMethodHandle$Holder.invokeVirtual(java.lang.Object, java.lang.Object, java.lang.Object)'> (0x000000008ca58dc8) thrown at [src/hotspot/share/interpreter/linkResolver.cpp, line 773]
Event: 2.621 Thread 0x00000121aa7f7800 Exception <a 'java/lang/NoSuchMethodError'{0x000000008a71e390}: 'java.lang.Object java.lang.invoke.DirectMethodHandle$Holder.invokeStatic(java.lang.Object, java.lang.Object, java.lang.Object, int)'> (0x000000008a71e390) thrown at [src/hotspot/share/interpreter/linkResolver.cpp, line 773]
Event: 2.621 Thread 0x00000121aa7f7800 Exception <a 'java/lang/NoSuchMethodError'{0x000000008a722000}: 'java.lang.Object java.lang.invoke.DirectMethodHandle$Holder.invokeSpecial(java.lang.Object, java.lang.Object, java.lang.Object, java.lang.Object, int)'> (0x000000008a722000) thrown at [src/hotspot/share/interpreter/linkResolver.cpp, line 773]
Event: 2.621 Thread 0x00000121aa7f7800 Exception <a 'java/lang/NoSuchMethodError'{0x000000008a725310}: 'java.lang.Object java.lang.invoke.Invokers$Holder.linkToTargetMethod(java.lang.Object, java.lang.Object, int, java.lang.Object)'> (0x000000008a725310) thrown at [src/hotspot/share/interpreter/linkResolver.cpp, line 773]

Events (20 events):
Event: 2.638 loading class org/jetbrains/kotlin/resolve/lazy/LazyImportResolverForKtImportDirective$forceResolveNonDefaultImportsTask$1 done
Event: 2.639 loading class org/jetbrains/kotlin/resolve/lazy/FileScopeFactory$FilesScopesBuilder$lazyImportingScope$1
Event: 2.639 loading class org/jetbrains/kotlin/resolve/lazy/FileScopeFactory$FilesScopesBuilder$lazyImportingScope$1 done
Event: 2.639 loading class org/jetbrains/kotlin/resolve/scopes/ImportingScope$Empty
Event: 2.639 loading class org/jetbrains/kotlin/resolve/scopes/ImportingScope$Empty done
Event: 2.640 loading class org/jetbrains/kotlin/resolve/scopes/BaseImportingScope
Event: 2.640 loading class org/jetbrains/kotlin/resolve/scopes/BaseImportingScope done
Event: 2.640 loading class org/jetbrains/kotlin/resolve/scopes/BaseHierarchicalScope
Event: 2.640 loading class org/jetbrains/kotlin/resolve/scopes/BaseHierarchicalScope done
Event: 2.640 loading class org/jetbrains/kotlin/resolve/lazy/FileScopeFactory$FilesScopesBuilder$lazyImportingScope$1$parent$2
Event: 2.640 loading class org/jetbrains/kotlin/resolve/lazy/FileScopeFactory$FilesScopesBuilder$lazyImportingScope$1$parent$2 done
Event: 2.640 loading class org/jetbrains/kotlin/resolve/scopes/LexicalScope$Base
Event: 2.640 loading class org/jetbrains/kotlin/resolve/scopes/LexicalScope$Base done
Event: 2.641 loading class org/jetbrains/kotlin/resolve/lazy/FileScopeFactory$FilesScopesBuilder$importResolver$1
Event: 2.641 loading class org/jetbrains/kotlin/resolve/lazy/FileScopeFactory$FilesScopesBuilder$importResolver$1 done
Event: 2.641 loading class org/jetbrains/kotlin/resolve/bindingContextUtil/BindingContextUtilsKt
Event: 2.641 loading class org/jetbrains/kotlin/resolve/bindingContextUtil/BindingContextUtilsKt done
Event: 2.642 loading class org/jetbrains/kotlin/resolve/scopes/utils/ScopeUtilsKt
Event: 2.642 loading class org/jetbrains/kotlin/resolve/scopes/utils/ScopeUtilsKt done
Event: 2.642 Executing VM operation: G1CollectForAllocation


Dynamic libraries:
0x00007ff656c70000 - 0x00007ff656c7a000 	C:\Program Files\Android\Android Studio1\jbr\bin\java.exe
0x00007ffbe0830000 - 0x00007ffbe0a28000 	C:\windows\SYSTEM32\ntdll.dll
0x00007ffbdfc20000 - 0x00007ffbdfcdd000 	C:\windows\System32\KERNEL32.DLL
0x00007ffbddef0000 - 0x00007ffbde1e6000 	C:\windows\System32\KERNELBASE.dll
0x00007ffbde460000 - 0x00007ffbde560000 	C:\windows\System32\ucrtbase.dll
0x00007ffbc29d0000 - 0x00007ffbc29eb000 	C:\Program Files\Android\Android Studio1\jbr\bin\VCRUNTIME140.dll
0x00007ffbc74a0000 - 0x00007ffbc74b7000 	C:\Program Files\Android\Android Studio1\jbr\bin\jli.dll
0x00007ffbe0590000 - 0x00007ffbe072e000 	C:\windows\System32\USER32.dll
0x00007ffbde6b0000 - 0x00007ffbde6d2000 	C:\windows\System32\win32u.dll
0x00007ffbc2db0000 - 0x00007ffbc304a000 	C:\windows\WinSxS\amd64_microsoft.windows.common-controls_6595b64144ccf1df_6.0.19041.3636_none_60b6a03d71f818d5\COMCTL32.dll
0x00007ffbdfaa0000 - 0x00007ffbdfacb000 	C:\windows\System32\GDI32.dll
0x00007ffbe0100000 - 0x00007ffbe019e000 	C:\windows\System32\msvcrt.dll
0x00007ffbde750000 - 0x00007ffbde867000 	C:\windows\System32\gdi32full.dll
0x00007ffbde610000 - 0x00007ffbde6ad000 	C:\windows\System32\msvcp_win.dll
0x00007ffbdf490000 - 0x00007ffbdf4c2000 	C:\windows\System32\IMM32.DLL
0x00007ffbc7460000 - 0x00007ffbc746c000 	C:\Program Files\Android\Android Studio1\jbr\bin\vcruntime140_1.dll
0x00007ffb97530000 - 0x00007ffb975bd000 	C:\Program Files\Android\Android Studio1\jbr\bin\msvcp140.dll
0x00007ffb5b890000 - 0x00007ffb5c44c000 	C:\Program Files\Android\Android Studio1\jbr\bin\server\jvm.dll
0x00007ffbdfce0000 - 0x00007ffbdfd93000 	C:\windows\System32\ADVAPI32.dll
0x00007ffbdfad0000 - 0x00007ffbdfb6f000 	C:\windows\System32\sechost.dll
0x00007ffbdf130000 - 0x00007ffbdf256000 	C:\windows\System32\RPCRT4.dll
0x00007ffbde430000 - 0x00007ffbde457000 	C:\windows\System32\bcrypt.dll
0x00007ffbe01a0000 - 0x00007ffbe01a8000 	C:\windows\System32\PSAPI.DLL
0x00007ffb5d3e0000 - 0x00007ffb5d3e9000 	C:\windows\SYSTEM32\WSOCK32.dll
0x00007ffbba210000 - 0x00007ffbba237000 	C:\windows\SYSTEM32\WINMM.dll
0x00007ffbd1eb0000 - 0x00007ffbd1eba000 	C:\windows\SYSTEM32\VERSION.dll
0x00007ffbe01d0000 - 0x00007ffbe023b000 	C:\windows\System32\WS2_32.dll
0x00007ffbdc730000 - 0x00007ffbdc742000 	C:\windows\SYSTEM32\kernel.appcore.dll
0x00007ffb5d3d0000 - 0x00007ffb5d3e0000 	C:\Program Files\Android\Android Studio1\jbr\bin\verify.dll
0x00007ffbdbc80000 - 0x00007ffbdbe64000 	C:\windows\SYSTEM32\DBGHELP.DLL
0x00007ffbbd400000 - 0x00007ffbbd434000 	C:\windows\SYSTEM32\dbgcore.DLL
0x00007ffbde1f0000 - 0x00007ffbde272000 	C:\windows\System32\bcryptPrimitives.dll
0x00007ffb5d3a0000 - 0x00007ffb5d3c8000 	C:\Program Files\Android\Android Studio1\jbr\bin\java.dll
0x00007ffb5d390000 - 0x00007ffb5d39a000 	C:\Program Files\Android\Android Studio1\jbr\bin\jimage.dll
0x00007ffb5d370000 - 0x00007ffb5d388000 	C:\Program Files\Android\Android Studio1\jbr\bin\zip.dll
0x00007ffbde870000 - 0x00007ffbdefb5000 	C:\windows\System32\SHELL32.dll
0x00007ffbdbf80000 - 0x00007ffbdc71c000 	C:\windows\SYSTEM32\windows.storage.dll
0x00007ffbdfda0000 - 0x00007ffbe00f4000 	C:\windows\System32\combase.dll
0x00007ffbdd920000 - 0x00007ffbdd94e000 	C:\windows\SYSTEM32\Wldp.dll
0x00007ffbdf560000 - 0x00007ffbdf62d000 	C:\windows\System32\OLEAUT32.dll
0x00007ffbdfb70000 - 0x00007ffbdfc1d000 	C:\windows\System32\SHCORE.dll
0x00007ffbe03f0000 - 0x00007ffbe0445000 	C:\windows\System32\shlwapi.dll
0x00007ffbdde20000 - 0x00007ffbdde45000 	C:\windows\SYSTEM32\profapi.dll
0x00007ffb5d350000 - 0x00007ffb5d369000 	C:\Program Files\Android\Android Studio1\jbr\bin\net.dll
0x00007ffbd5d50000 - 0x00007ffbd5e5a000 	C:\windows\SYSTEM32\WINHTTP.dll
0x00007ffbdd680000 - 0x00007ffbdd6ea000 	C:\windows\system32\mswsock.dll
0x00007ffb5d330000 - 0x00007ffb5d343000 	C:\Program Files\Android\Android Studio1\jbr\bin\nio.dll

dbghelp: loaded successfully - version: 4.0.5 - missing functions: none
symbol engine: initialized successfully - sym options: 0x614 - pdb path: .;C:\Program Files\Android\Android Studio1\jbr\bin;C:\windows\SYSTEM32;C:\windows\WinSxS\amd64_microsoft.windows.common-controls_6595b64144ccf1df_6.0.19041.3636_none_60b6a03d71f818d5;C:\Program Files\Android\Android Studio1\jbr\bin\server

VM Arguments:
java_command: org.jetbrains.kotlin.cli.jvm.K2JVMCompiler @C:\Users\a\AndroidStudioProjects\AdminJustEat\app\build\20240229_4455366438308941246.compiler.options
java_class_path (initial): C:\Users\a\.gradle\caches\modules-2\files-2.1\org.jetbrains.kotlin\kotlin-compiler-embeddable\1.8.0\eb9118d4bcceaa2a94b2ae2a33a4ddba7c9a947f\kotlin-compiler-embeddable-1.8.0.jar;C:\Users\a\.gradle\caches\modules-2\files-2.1\org.jetbrains.kotlin\kotlin-stdlib\1.8.0\1796921c7a3e2e2665a83e6c8d33399336cd39bc\kotlin-stdlib-1.8.0.jar;C:\Users\a\.gradle\caches\modules-2\files-2.1\org.jetbrains.kotlin\kotlin-script-runtime\1.8.0\b2f7e760d283cb339974851c222a4c1d48f2d3d\kotlin-script-runtime-1.8.0.jar;C:\Users\a\.gradle\caches\modules-2\files-2.1\org.jetbrains.kotlin\kotlin-reflect\1.6.10\1cbe9c92c12a94eea200d23c2bbaedaf3daf5132\kotlin-reflect-1.6.10.jar;C:\Users\a\.gradle\caches\modules-2\files-2.1\org.jetbrains.kotlin\kotlin-daemon-embeddable\1.8.0\d255216c551685dc3a7e852b53617f5f01aaaa5c\kotlin-daemon-embeddable-1.8.0.jar;C:\Users\a\.gradle\caches\modules-2\files-2.1\org.jetbrains.intellij.deps\trove4j\1.0.20200330\3afb14d5f9ceb459d724e907a21145e8ff394f02\trove4j-1.0.20200330.jar;C:\Users\a\.gradle\caches\modules-2\files-2.1\net.java.dev.jna\jna\5.6.0\330f2244e9030119ab3030fc3fededc86713d9cc\jna-5.6.0.jar;C:\Users\a\.gradle\caches\modules-2\files-2.1\org.jetbrains.kotlin\kotlin-stdlib-common\1.8.0\f7197e7cc76453ac59f8b0f8d5137cc600becd36\kotlin-stdlib-common-1.8.0.jar;C:\Users\a\.gradle\caches\modules-2\files-2.1\org.jetbrains\annotations\13.0\919f0dfe192fb4e063e7dacadee7f8bb9a2672a9\annotations-13.0.jar
Launcher Type: SUN_STANDARD

[Global flags]
     intx CICompilerCount                          = 4                                         {product} {ergonomic}
     uint ConcGCThreads                            = 2                                         {product} {ergonomic}
     uint G1ConcRefinementThreads                  = 8                                         {product} {ergonomic}
   size_t G1HeapRegionSize                         = 1048576                                   {product} {ergonomic}
    uintx GCDrainStackTargetSize                   = 64                                        {product} {ergonomic}
   size_t InitialHeapSize                          = 130023424                                 {product} {ergonomic}
   size_t MarkStackSize                            = 4194304                                   {product} {ergonomic}
   size_t MaxHeapSize                              = 2055208960                                {product} {ergonomic}
   size_t MaxNewSize                               = 1233125376                                {product} {ergonomic}
   size_t MinHeapDeltaBytes                        = 1048576                                   {product} {ergonomic}
    uintx NonNMethodCodeHeapSize                   = 5836300                                {pd product} {ergonomic}
    uintx NonProfiledCodeHeapSize                  = 122910970                              {pd product} {ergonomic}
    uintx ProfiledCodeHeapSize                     = 122910970                              {pd product} {ergonomic}
    uintx ReservedCodeCacheSize                    = 251658240                              {pd product} {ergonomic}
     bool SegmentedCodeCache                       = true                                      {product} {ergonomic}
     bool UseCompressedClassPointers               = true                                 {lp64_product} {ergonomic}
     bool UseCompressedOops                        = true                                 {lp64_product} {ergonomic}
     bool UseG1GC                                  = true                                      {product} {ergonomic}
     bool UseLargePagesIndividualAllocation        = false                                  {pd product} {ergonomic}

Logging:
Log output configuration:
 #0: stdout all=warning uptime,level,tags
 #1: stderr all=off uptime,level,tags

Environment Variables:
PATH=C:\python 3.10\Scripts\;C:\python 3.10\;C:\Program Files\Common Files\Oracle\Java\javapath;C:\windows\system32;C:\windows;C:\windows\System32\Wbem;C:\windows\System32\WindowsPowerShell\v1.0\;C:\windows\System32\OpenSSH\;C:\Program Files\Git\cmd;C:\MinGW\bin;C:\ProgramData\chocolatey\bin;C:\Program Files\MySQL\MySQL Server 8.0\bin;C:\Program Files\MySQL\MySQL Shell 8.0\bin\;C:\Users\a\AppData\Local\Microsoft\WindowsApps;C:\Users\a\AppData\Local\Programs\Microsoft VS Code\bin;C:\Program Files\JetBrains\IntelliJ IDEA Community Edition 2021.3.3\New folder\IntelliJ IDEA Community Edition 2021.3.3\bin;
USERNAME=a
OS=Windows_NT
PROCESSOR_IDENTIFIER=Intel64 Family 6 Model 140 Stepping 1, GenuineIntel



---------------  S Y S T E M  ---------------

OS: Windows 10 , 64 bit Build 19041 (10.0.19041.3636)
OS uptime: 0 days 1:31 hours

CPU:total 8 (initial active 8) (4 cores per cpu, 2 threads per core) family 6 model 140 stepping 1 microcode 0x9a, cmov, cx8, fxsr, mmx, sse, sse2, sse3, ssse3, sse4.1, sse4.2, popcnt, avx, avx2, aes, clmul, erms, 3dnowpref, lzcnt, ht, tsc, tscinvbit, bmi1, bmi2, adx, evex, sha, fma

Memory: 4k page, system-wide physical 7834M (477M free)
TotalPageFile size 10634M (AvailPageFile size 14M)
current process WorkingSet (physical memory assigned to process): 226M, peak: 226M
current process commit charge ("private bytes"): 300M, peak: 333M

vm_info: OpenJDK 64-Bit Server VM (11.0.15+0-b2043.56-9505619) for windows-amd64 JRE (11.0.15+0-b2043.56-9505619), built on Jan 19 2023 02:48:00 by "builduser" with unknown MS VC++:1929

END.
