#
# There is insufficient memory for the Java Runtime Environment to continue.
# Native memory allocation (malloc) failed to allocate 1591536 bytes for Chunk::new
# Possible reasons:
#   The system is out of physical RAM or swap space
#   The process is running with CompressedOops enabled, and the Java Heap may be blocking the growth of the native heap
# Possible solutions:
#   Reduce memory load on the system
#   Increase physical memory or swap space
#   Check if swap backing store is full
#   Decrease Java heap size (-Xmx/-Xms)
#   Decrease number of Java threads
#   Decrease Java thread stack sizes (-Xss)
#   Set larger code cache with -XX:ReservedCodeCacheSize=
#   JVM is running with Unscaled Compressed Oops mode in which the Java heap is
#     placed in the first 4GB address space. The Java Heap base address is the
#     maximum limit for the native heap growth. Please use -XX:HeapBaseMinAddress
#     to set the Java Heap base and to place the Java Heap above 4GB virtual address.
# This output file may be truncated or incomplete.
#
#  Out of Memory Error (arena.cpp:191), pid=10044, tid=9592
#
# JRE version: OpenJDK Runtime Environment (17.0.9) (build 17.0.9+0--11185874)
# Java VM: OpenJDK 64-Bit Server VM (17.0.9+0--11185874, mixed mode, tiered, compressed oops, compressed class ptrs, g1 gc, windows-amd64)
# No core dump will be written. Minidumps are not enabled by default on client versions of Windows
#

---------------  S U M M A R Y ------------

Command Line: org.jetbrains.kotlin.cli.jvm.K2JVMCompiler @C:\Users\a\AndroidStudioProjects\AdminJustEat\app\build\20240308_17843099543633280254.compiler.options

Host: 11th Gen Intel(R) Core(TM) i5-1135G7 @ 2.40GHz, 8 cores, 7G,  Windows 10 , 64 bit Build 19041 (10.0.19041.3636)
Time: Fri Mar  8 12:28:50 2024 India Standard Time elapsed time: 5.255381 seconds (0d 0h 0m 5s)

---------------  T H R E A D  ---------------

Current thread (0x0000026920ed6790):  JavaThread "C2 CompilerThread1" daemon [_thread_in_native, id=9592, stack(0x000000af0d700000,0x000000af0d800000)]


Current CompileTask:
C2:   5255 6569       4       org.jetbrains.kotlin.com.intellij.lang.impl.PsiBuilderImpl::insertLeaves (88 bytes)

Stack: [0x000000af0d700000,0x000000af0d800000]
Native frames: (J=compiled Java code, j=interpreted, Vv=VM code, C=native code)
V  [jvm.dll+0x6886e9]
V  [jvm.dll+0x841e4a]
V  [jvm.dll+0x843a8e]
V  [jvm.dll+0x8440f3]
V  [jvm.dll+0x24c14f]
V  [jvm.dll+0xac44c]
V  [jvm.dll+0xaca9c]
V  [jvm.dll+0x36c1a2]
V  [jvm.dll+0x1be4b6]
V  [jvm.dll+0x21df09]
V  [jvm.dll+0x21d1d1]
V  [jvm.dll+0x1a674d]
V  [jvm.dll+0x22d088]
V  [jvm.dll+0x22b1c0]
V  [jvm.dll+0x7f62f7]
V  [jvm.dll+0x7f06aa]
V  [jvm.dll+0x687565]
C  [ucrtbase.dll+0x21bb2]
C  [KERNEL32.DLL+0x17344]
C  [ntdll.dll+0x526b1]


---------------  P R O C E S S  ---------------

Threads class SMR info:
_java_thread_list=0x0000026920314d40, length=14, elements={
0x0000026901e4d130, 0x000002691b990cc0, 0x000002691b991680, 0x000002691b9bc6f0,
0x000002691bb24570, 0x000002691bb181b0, 0x000002691bb18a80, 0x000002691bb19770,
0x000002691bb1a380, 0x000002691bb1db50, 0x000002691bc9fe40, 0x000002691bca0fe0,
0x0000026920ed6790, 0x0000026920b8a870
}

Java Threads: ( => current thread )
  0x0000026901e4d130 JavaThread "main" [_thread_in_Java, id=9360, stack(0x000000af0c400000,0x000000af0c500000)]
  0x000002691b990cc0 JavaThread "Reference Handler" daemon [_thread_blocked, id=16856, stack(0x000000af0cb00000,0x000000af0cc00000)]
  0x000002691b991680 JavaThread "Finalizer" daemon [_thread_blocked, id=7784, stack(0x000000af0cc00000,0x000000af0cd00000)]
  0x000002691b9bc6f0 JavaThread "Signal Dispatcher" daemon [_thread_blocked, id=14676, stack(0x000000af0cd00000,0x000000af0ce00000)]
  0x000002691bb24570 JavaThread "Attach Listener" daemon [_thread_blocked, id=6660, stack(0x000000af0ce00000,0x000000af0cf00000)]
  0x000002691bb181b0 JavaThread "Service Thread" daemon [_thread_blocked, id=11808, stack(0x000000af0cf00000,0x000000af0d000000)]
  0x000002691bb18a80 JavaThread "Monitor Deflation Thread" daemon [_thread_blocked, id=12556, stack(0x000000af0d000000,0x000000af0d100000)]
  0x000002691bb19770 JavaThread "C2 CompilerThread0" daemon [_thread_in_native, id=17040, stack(0x000000af0d100000,0x000000af0d200000)]
  0x000002691bb1a380 JavaThread "C1 CompilerThread0" daemon [_thread_blocked, id=16376, stack(0x000000af0d200000,0x000000af0d300000)]
  0x000002691bb1db50 JavaThread "Sweeper thread" daemon [_thread_blocked, id=8696, stack(0x000000af0d300000,0x000000af0d400000)]
  0x000002691bc9fe40 JavaThread "Notification Thread" daemon [_thread_blocked, id=11988, stack(0x000000af0d400000,0x000000af0d500000)]
  0x000002691bca0fe0 JavaThread "Common-Cleaner" daemon [_thread_blocked, id=16356, stack(0x000000af0d600000,0x000000af0d700000)]
=>0x0000026920ed6790 JavaThread "C2 CompilerThread1" daemon [_thread_in_native, id=9592, stack(0x000000af0d700000,0x000000af0d800000)]
  0x0000026920b8a870 JavaThread "C2 CompilerThread2" daemon [_thread_in_native, id=10052, stack(0x000000af0e000000,0x000000af0e100000)]

Other Threads:
  0x000002691b98b2e0 VMThread "VM Thread" [stack: 0x000000af0ca00000,0x000000af0cb00000] [id=14688]
  0x000002691bca0320 WatcherThread [stack: 0x000000af0d500000,0x000000af0d600000] [id=12068]
  0x0000026901ea6350 GCTaskThread "GC Thread#0" [stack: 0x000000af0c500000,0x000000af0c600000] [id=2768]
  0x0000026920324630 GCTaskThread "GC Thread#1" [stack: 0x000000af0d800000,0x000000af0d900000] [id=9336]
  0x00000269203d5330 GCTaskThread "GC Thread#2" [stack: 0x000000af0d900000,0x000000af0da00000] [id=11120]
  0x00000269203d55f0 GCTaskThread "GC Thread#3" [stack: 0x000000af0da00000,0x000000af0db00000] [id=10368]
  0x00000269203d58b0 GCTaskThread "GC Thread#4" [stack: 0x000000af0db00000,0x000000af0dc00000] [id=8828]
  0x0000026920bdbd10 GCTaskThread "GC Thread#5" [stack: 0x000000af0dc00000,0x000000af0dd00000] [id=10960]
  0x00000269209e15c0 GCTaskThread "GC Thread#6" [stack: 0x000000af0dd00000,0x000000af0de00000] [id=15796]
  0x0000026920be77d0 GCTaskThread "GC Thread#7" [stack: 0x000000af0de00000,0x000000af0df00000] [id=14076]
  0x0000026901eb67a0 ConcurrentGCThread "G1 Main Marker" [stack: 0x000000af0c600000,0x000000af0c700000] [id=13532]
  0x0000026901eb71c0 ConcurrentGCThread "G1 Conc#0" [stack: 0x000000af0c700000,0x000000af0c800000] [id=15036]
  0x0000026920b47dc0 ConcurrentGCThread "G1 Conc#1" [stack: 0x000000af0df00000,0x000000af0e000000] [id=14936]
  0x0000026901f0d4a0 ConcurrentGCThread "G1 Refine#0" [stack: 0x000000af0c800000,0x000000af0c900000] [id=9044]
  0x000002691bed7210 ConcurrentGCThread "G1 Refine#1" [stack: 0x000000af0e100000,0x000000af0e200000] [id=2416]
  0x000002691bed7500 ConcurrentGCThread "G1 Refine#2" [stack: 0x000000af0e200000,0x000000af0e300000] [id=15288]
  0x00000269220ed4a0 ConcurrentGCThread "G1 Refine#3" [stack: 0x000000af0e300000,0x000000af0e400000] [id=13104]
  0x00000269220ee640 ConcurrentGCThread "G1 Refine#4" [stack: 0x000000af0e400000,0x000000af0e500000] [id=11168]
  0x0000026901f0ded0 ConcurrentGCThread "G1 Service" [stack: 0x000000af0c900000,0x000000af0ca00000] [id=3772]

Threads with active compile tasks:
C2 CompilerThread0     5268 7002       4       org.jetbrains.kotlin.descriptors.impl.FunctionDescriptorImpl::doSubstitute (995 bytes)
C2 CompilerThread1     5268 6569       4       org.jetbrains.kotlin.com.intellij.lang.impl.PsiBuilderImpl::insertLeaves (88 bytes)
C2 CompilerThread2     5268 7033       4       org.jetbrains.kotlin.cli.jvm.index.JvmDependenciesIndexImpl::search (379 bytes)

VM state: not at safepoint (normal execution)

VM Mutex/Monitor currently owned by a thread: None

Heap address: 0x0000000085800000, size: 1960 MB, Compressed Oops mode: 32-bit

CDS archive(s) not mapped
Compressed class space mapped at: 0x0000000100000000-0x0000000140000000, reserved size: 1073741824
Narrow klass base: 0x0000000000000000, Narrow klass shift: 3, Narrow klass range: 0x140000000

GC Precious Log:
 CPUs: 8 total, 8 available
 Memory: 7834M
 Large Page Support: Disabled
 NUMA Support: Disabled
 Compressed Oops: Enabled (32-bit)
 Heap Region Size: 1M
 Heap Min Capacity: 8M
 Heap Initial Capacity: 124M
 Heap Max Capacity: 1960M
 Pre-touch: Disabled
 Parallel Workers: 8
 Concurrent Workers: 2
 Concurrent Refinement Workers: 8
 Periodic GC: Disabled

Heap:
 garbage-first heap   total 178176K, used 73735K [0x0000000085800000, 0x0000000100000000)
  region size 1024K, 22 young (22528K), 1 survivors (1024K)
 Metaspace       used 63276K, committed 63552K, reserved 1114112K
  class space    used 7561K, committed 7680K, reserved 1048576K

Heap Regions: E=young(eden), S=young(survivor), O=old, HS=humongous(starts), HC=humongous(continues), CS=collection set, F=free, OA=open archive, CA=closed archive, TAMS=top-at-mark-start (previous, next)
|   0|0x0000000085800000, 0x0000000085900000, 0x0000000085900000|100%|HS|  |TAMS 0x0000000085900000, 0x0000000085800000| Complete 
|   1|0x0000000085900000, 0x0000000085a00000, 0x0000000085a00000|100%|HC|  |TAMS 0x0000000085a00000, 0x0000000085900000| Complete 
|   2|0x0000000085a00000, 0x0000000085b00000, 0x0000000085b00000|100%|HC|  |TAMS 0x0000000085b00000, 0x0000000085a00000| Complete 
|   3|0x0000000085b00000, 0x0000000085c00000, 0x0000000085c00000|100%|HC|  |TAMS 0x0000000085c00000, 0x0000000085b00000| Complete 
|   4|0x0000000085c00000, 0x0000000085d00000, 0x0000000085d00000|100%| O|  |TAMS 0x0000000085d00000, 0x0000000085c00000| Untracked 
|   5|0x0000000085d00000, 0x0000000085e00000, 0x0000000085e00000|100%| O|  |TAMS 0x0000000085e00000, 0x0000000085d00000| Untracked 
|   6|0x0000000085e00000, 0x0000000085f00000, 0x0000000085f00000|100%| O|  |TAMS 0x0000000085f00000, 0x0000000085e00000| Untracked 
|   7|0x0000000085f00000, 0x0000000086000000, 0x0000000086000000|100%|HS|  |TAMS 0x0000000086000000, 0x0000000085f00000| Complete 
|   8|0x0000000086000000, 0x0000000086100000, 0x0000000086100000|100%|HC|  |TAMS 0x0000000086100000, 0x0000000086000000| Complete 
|   9|0x0000000086100000, 0x0000000086200000, 0x0000000086200000|100%|HC|  |TAMS 0x0000000086200000, 0x0000000086100000| Complete 
|  10|0x0000000086200000, 0x0000000086300000, 0x0000000086300000|100%|HC|  |TAMS 0x0000000086300000, 0x0000000086200000| Complete 
|  11|0x0000000086300000, 0x0000000086400000, 0x0000000086400000|100%|HS|  |TAMS 0x0000000086400000, 0x0000000086300000| Complete 
|  12|0x0000000086400000, 0x0000000086500000, 0x0000000086500000|100%|HC|  |TAMS 0x0000000086500000, 0x0000000086400000| Complete 
|  13|0x0000000086500000, 0x0000000086600000, 0x0000000086600000|100%| O|  |TAMS 0x0000000086600000, 0x0000000086500000| Untracked 
|  14|0x0000000086600000, 0x0000000086700000, 0x0000000086700000|100%| O|  |TAMS 0x0000000086700000, 0x0000000086600000| Untracked 
|  15|0x0000000086700000, 0x0000000086800000, 0x0000000086800000|100%| O|  |TAMS 0x0000000086800000, 0x0000000086700000| Untracked 
|  16|0x0000000086800000, 0x0000000086900000, 0x0000000086900000|100%| O|  |TAMS 0x0000000086900000, 0x0000000086800000| Untracked 
|  17|0x0000000086900000, 0x0000000086a00000, 0x0000000086a00000|100%| O|  |TAMS 0x0000000086a00000, 0x0000000086900000| Untracked 
|  18|0x0000000086a00000, 0x0000000086b00000, 0x0000000086b00000|100%| O|  |TAMS 0x0000000086b00000, 0x0000000086a00000| Untracked 
|  19|0x0000000086b00000, 0x0000000086c00000, 0x0000000086c00000|100%| O|  |TAMS 0x0000000086c00000, 0x0000000086b00000| Untracked 
|  20|0x0000000086c00000, 0x0000000086d00000, 0x0000000086d00000|100%| O|  |TAMS 0x0000000086d00000, 0x0000000086c00000| Untracked 
|  21|0x0000000086d00000, 0x0000000086e00000, 0x0000000086e00000|100%| O|  |TAMS 0x0000000086e00000, 0x0000000086d00000| Untracked 
|  22|0x0000000086e00000, 0x0000000086f00000, 0x0000000086f00000|100%| O|  |TAMS 0x0000000086f00000, 0x0000000086e00000| Untracked 
|  23|0x0000000086f00000, 0x0000000087000000, 0x0000000087000000|100%| O|  |TAMS 0x0000000087000000, 0x0000000086f00000| Untracked 
|  24|0x0000000087000000, 0x0000000087100000, 0x0000000087100000|100%| O|  |TAMS 0x0000000087100000, 0x0000000087000000| Untracked 
|  25|0x0000000087100000, 0x0000000087200000, 0x0000000087200000|100%| O|  |TAMS 0x0000000087200000, 0x0000000087100000| Untracked 
|  26|0x0000000087200000, 0x0000000087300000, 0x0000000087300000|100%| O|  |TAMS 0x0000000087300000, 0x0000000087200000| Untracked 
|  27|0x0000000087300000, 0x0000000087400000, 0x0000000087400000|100%| O|  |TAMS 0x0000000087400000, 0x0000000087300000| Untracked 
|  28|0x0000000087400000, 0x0000000087500000, 0x0000000087500000|100%| O|  |TAMS 0x0000000087500000, 0x0000000087400000| Untracked 
|  29|0x0000000087500000, 0x0000000087600000, 0x0000000087600000|100%| O|  |TAMS 0x0000000087600000, 0x0000000087500000| Untracked 
|  30|0x0000000087600000, 0x0000000087700000, 0x0000000087700000|100%| O|  |TAMS 0x0000000087700000, 0x0000000087600000| Untracked 
|  31|0x0000000087700000, 0x0000000087800000, 0x0000000087800000|100%| O|  |TAMS 0x0000000087800000, 0x0000000087700000| Untracked 
|  32|0x0000000087800000, 0x0000000087900000, 0x0000000087900000|100%| O|  |TAMS 0x0000000087900000, 0x0000000087800000| Untracked 
|  33|0x0000000087900000, 0x0000000087a00000, 0x0000000087a00000|100%| O|  |TAMS 0x0000000087a00000, 0x0000000087900000| Untracked 
|  34|0x0000000087a00000, 0x0000000087b00000, 0x0000000087b00000|100%| O|  |TAMS 0x0000000087b00000, 0x0000000087a00000| Untracked 
|  35|0x0000000087b00000, 0x0000000087c00000, 0x0000000087c00000|100%| O|  |TAMS 0x0000000087c00000, 0x0000000087b00000| Untracked 
|  36|0x0000000087c00000, 0x0000000087d00000, 0x0000000087d00000|100%| O|  |TAMS 0x0000000087d00000, 0x0000000087c00000| Untracked 
|  37|0x0000000087d00000, 0x0000000087e00000, 0x0000000087e00000|100%| O|  |TAMS 0x0000000087e00000, 0x0000000087d00000| Untracked 
|  38|0x0000000087e00000, 0x0000000087f00000, 0x0000000087f00000|100%| O|  |TAMS 0x0000000087f00000, 0x0000000087e00000| Untracked 
|  39|0x0000000087f00000, 0x0000000088000000, 0x0000000088000000|100%| O|  |TAMS 0x0000000088000000, 0x0000000087f00000| Untracked 
|  40|0x0000000088000000, 0x0000000088100000, 0x0000000088100000|100%| O|  |TAMS 0x0000000088100000, 0x0000000088000000| Untracked 
|  41|0x0000000088100000, 0x0000000088200000, 0x0000000088200000|100%| O|  |TAMS 0x0000000088200000, 0x0000000088100000| Untracked 
|  42|0x0000000088200000, 0x0000000088300000, 0x0000000088300000|100%| O|  |TAMS 0x0000000088300000, 0x0000000088200000| Untracked 
|  43|0x0000000088300000, 0x0000000088400000, 0x0000000088400000|100%| O|  |TAMS 0x0000000088400000, 0x0000000088300000| Untracked 
|  44|0x0000000088400000, 0x0000000088500000, 0x0000000088500000|100%| O|  |TAMS 0x0000000088500000, 0x0000000088400000| Untracked 
|  45|0x0000000088500000, 0x0000000088600000, 0x0000000088600000|100%| O|  |TAMS 0x0000000088600000, 0x0000000088500000| Untracked 
|  46|0x0000000088600000, 0x0000000088700000, 0x0000000088700000|100%| O|  |TAMS 0x0000000088700000, 0x0000000088600000| Untracked 
|  47|0x0000000088700000, 0x0000000088800000, 0x0000000088800000|100%| O|  |TAMS 0x0000000088800000, 0x0000000088700000| Untracked 
|  48|0x0000000088800000, 0x0000000088900000, 0x0000000088900000|100%| O|  |TAMS 0x0000000088900000, 0x0000000088800000| Untracked 
|  49|0x0000000088900000, 0x0000000088a00000, 0x0000000088a00000|100%| O|  |TAMS 0x0000000088a00000, 0x0000000088900000| Untracked 
|  50|0x0000000088a00000, 0x0000000088b00000, 0x0000000088b00000|100%| O|  |TAMS 0x0000000088b00000, 0x0000000088a00000| Untracked 
|  51|0x0000000088b00000, 0x0000000088b80000, 0x0000000088c00000| 50%| O|  |TAMS 0x0000000088b80000, 0x0000000088b00000| Untracked 
|  52|0x0000000088c00000, 0x0000000088c00000, 0x0000000088d00000|  0%| F|  |TAMS 0x0000000088c00000, 0x0000000088c00000| Untracked 
|  53|0x0000000088d00000, 0x0000000088d00000, 0x0000000088e00000|  0%| F|  |TAMS 0x0000000088d00000, 0x0000000088d00000| Untracked 
|  54|0x0000000088e00000, 0x0000000088e00000, 0x0000000088f00000|  0%| F|  |TAMS 0x0000000088e00000, 0x0000000088e00000| Untracked 
|  55|0x0000000088f00000, 0x0000000088f00000, 0x0000000089000000|  0%| F|  |TAMS 0x0000000088f00000, 0x0000000088f00000| Untracked 
|  56|0x0000000089000000, 0x0000000089000000, 0x0000000089100000|  0%| F|  |TAMS 0x0000000089000000, 0x0000000089000000| Untracked 
|  57|0x0000000089100000, 0x0000000089100000, 0x0000000089200000|  0%| F|  |TAMS 0x0000000089100000, 0x0000000089100000| Untracked 
|  58|0x0000000089200000, 0x0000000089200000, 0x0000000089300000|  0%| F|  |TAMS 0x0000000089200000, 0x0000000089200000| Untracked 
|  59|0x0000000089300000, 0x0000000089300000, 0x0000000089400000|  0%| F|  |TAMS 0x0000000089300000, 0x0000000089300000| Untracked 
|  60|0x0000000089400000, 0x0000000089400000, 0x0000000089500000|  0%| F|  |TAMS 0x0000000089400000, 0x0000000089400000| Untracked 
|  61|0x0000000089500000, 0x0000000089500000, 0x0000000089600000|  0%| F|  |TAMS 0x0000000089500000, 0x0000000089500000| Untracked 
|  62|0x0000000089600000, 0x0000000089600000, 0x0000000089700000|  0%| F|  |TAMS 0x0000000089600000, 0x0000000089600000| Untracked 
|  63|0x0000000089700000, 0x0000000089700000, 0x0000000089800000|  0%| F|  |TAMS 0x0000000089700000, 0x0000000089700000| Untracked 
|  64|0x0000000089800000, 0x0000000089800000, 0x0000000089900000|  0%| F|  |TAMS 0x0000000089800000, 0x0000000089800000| Untracked 
|  65|0x0000000089900000, 0x0000000089900000, 0x0000000089a00000|  0%| F|  |TAMS 0x0000000089900000, 0x0000000089900000| Untracked 
|  66|0x0000000089a00000, 0x0000000089a00000, 0x0000000089b00000|  0%| F|  |TAMS 0x0000000089a00000, 0x0000000089a00000| Untracked 
|  67|0x0000000089b00000, 0x0000000089b00000, 0x0000000089c00000|  0%| F|  |TAMS 0x0000000089b00000, 0x0000000089b00000| Untracked 
|  68|0x0000000089c00000, 0x0000000089c00000, 0x0000000089d00000|  0%| F|  |TAMS 0x0000000089c00000, 0x0000000089c00000| Untracked 
|  69|0x0000000089d00000, 0x0000000089d00000, 0x0000000089e00000|  0%| F|  |TAMS 0x0000000089d00000, 0x0000000089d00000| Untracked 
|  70|0x0000000089e00000, 0x0000000089e00000, 0x0000000089f00000|  0%| F|  |TAMS 0x0000000089e00000, 0x0000000089e00000| Untracked 
|  71|0x0000000089f00000, 0x0000000089f00000, 0x000000008a000000|  0%| F|  |TAMS 0x0000000089f00000, 0x0000000089f00000| Untracked 
|  72|0x000000008a000000, 0x000000008a000000, 0x000000008a100000|  0%| F|  |TAMS 0x000000008a000000, 0x000000008a000000| Untracked 
|  73|0x000000008a100000, 0x000000008a100000, 0x000000008a200000|  0%| F|  |TAMS 0x000000008a100000, 0x000000008a100000| Untracked 
|  74|0x000000008a200000, 0x000000008a200000, 0x000000008a300000|  0%| F|  |TAMS 0x000000008a200000, 0x000000008a200000| Untracked 
|  75|0x000000008a300000, 0x000000008a300000, 0x000000008a400000|  0%| F|  |TAMS 0x000000008a300000, 0x000000008a300000| Untracked 
|  76|0x000000008a400000, 0x000000008a400000, 0x000000008a500000|  0%| F|  |TAMS 0x000000008a400000, 0x000000008a400000| Untracked 
|  77|0x000000008a500000, 0x000000008a500000, 0x000000008a600000|  0%| F|  |TAMS 0x000000008a500000, 0x000000008a500000| Untracked 
|  78|0x000000008a600000, 0x000000008a600000, 0x000000008a700000|  0%| F|  |TAMS 0x000000008a600000, 0x000000008a600000| Untracked 
|  79|0x000000008a700000, 0x000000008a700000, 0x000000008a800000|  0%| F|  |TAMS 0x000000008a700000, 0x000000008a700000| Untracked 
|  80|0x000000008a800000, 0x000000008a800000, 0x000000008a900000|  0%| F|  |TAMS 0x000000008a800000, 0x000000008a800000| Untracked 
|  81|0x000000008a900000, 0x000000008a900000, 0x000000008aa00000|  0%| F|  |TAMS 0x000000008a900000, 0x000000008a900000| Untracked 
|  82|0x000000008aa00000, 0x000000008aa81cc0, 0x000000008ab00000| 50%| S|CS|TAMS 0x000000008aa00000, 0x000000008aa00000| Complete 
|  83|0x000000008ab00000, 0x000000008ab00000, 0x000000008ac00000|  0%| F|  |TAMS 0x000000008ab00000, 0x000000008ab00000| Untracked 
|  84|0x000000008ac00000, 0x000000008ac00000, 0x000000008ad00000|  0%| F|  |TAMS 0x000000008ac00000, 0x000000008ac00000| Untracked 
|  85|0x000000008ad00000, 0x000000008ad00000, 0x000000008ae00000|  0%| F|  |TAMS 0x000000008ad00000, 0x000000008ad00000| Untracked 
|  86|0x000000008ae00000, 0x000000008ae00000, 0x000000008af00000|  0%| F|  |TAMS 0x000000008ae00000, 0x000000008ae00000| Untracked 
|  87|0x000000008af00000, 0x000000008af00000, 0x000000008b000000|  0%| F|  |TAMS 0x000000008af00000, 0x000000008af00000| Untracked 
|  88|0x000000008b000000, 0x000000008b000000, 0x000000008b100000|  0%| F|  |TAMS 0x000000008b000000, 0x000000008b000000| Untracked 
|  89|0x000000008b100000, 0x000000008b100000, 0x000000008b200000|  0%| F|  |TAMS 0x000000008b100000, 0x000000008b100000| Untracked 
|  90|0x000000008b200000, 0x000000008b200000, 0x000000008b300000|  0%| F|  |TAMS 0x000000008b200000, 0x000000008b200000| Untracked 
|  91|0x000000008b300000, 0x000000008b300000, 0x000000008b400000|  0%| F|  |TAMS 0x000000008b300000, 0x000000008b300000| Untracked 
|  92|0x000000008b400000, 0x000000008b400000, 0x000000008b500000|  0%| F|  |TAMS 0x000000008b400000, 0x000000008b400000| Untracked 
|  93|0x000000008b500000, 0x000000008b500000, 0x000000008b600000|  0%| F|  |TAMS 0x000000008b500000, 0x000000008b500000| Untracked 
|  94|0x000000008b600000, 0x000000008b600000, 0x000000008b700000|  0%| F|  |TAMS 0x000000008b600000, 0x000000008b600000| Untracked 
|  95|0x000000008b700000, 0x000000008b700000, 0x000000008b800000|  0%| F|  |TAMS 0x000000008b700000, 0x000000008b700000| Untracked 
|  96|0x000000008b800000, 0x000000008b800000, 0x000000008b900000|  0%| F|  |TAMS 0x000000008b800000, 0x000000008b800000| Untracked 
|  97|0x000000008b900000, 0x000000008b900000, 0x000000008ba00000|  0%| F|  |TAMS 0x000000008b900000, 0x000000008b900000| Untracked 
|  98|0x000000008ba00000, 0x000000008ba00000, 0x000000008bb00000|  0%| F|  |TAMS 0x000000008ba00000, 0x000000008ba00000| Untracked 
|  99|0x000000008bb00000, 0x000000008bb00000, 0x000000008bc00000|  0%| F|  |TAMS 0x000000008bb00000, 0x000000008bb00000| Untracked 
| 100|0x000000008bc00000, 0x000000008bc00000, 0x000000008bd00000|  0%| F|  |TAMS 0x000000008bc00000, 0x000000008bc00000| Untracked 
| 101|0x000000008bd00000, 0x000000008bd00000, 0x000000008be00000|  0%| F|  |TAMS 0x000000008bd00000, 0x000000008bd00000| Untracked 
| 102|0x000000008be00000, 0x000000008be00000, 0x000000008bf00000|  0%| F|  |TAMS 0x000000008be00000, 0x000000008be00000| Untracked 
| 103|0x000000008bf00000, 0x000000008bf00000, 0x000000008c000000|  0%| F|  |TAMS 0x000000008bf00000, 0x000000008bf00000| Untracked 
| 104|0x000000008c000000, 0x000000008c000000, 0x000000008c100000|  0%| F|  |TAMS 0x000000008c000000, 0x000000008c000000| Untracked 
| 105|0x000000008c100000, 0x000000008c100000, 0x000000008c200000|  0%| F|  |TAMS 0x000000008c100000, 0x000000008c100000| Untracked 
| 106|0x000000008c200000, 0x000000008c200000, 0x000000008c300000|  0%| F|  |TAMS 0x000000008c200000, 0x000000008c200000| Untracked 
| 107|0x000000008c300000, 0x000000008c300000, 0x000000008c400000|  0%| F|  |TAMS 0x000000008c300000, 0x000000008c300000| Untracked 
| 108|0x000000008c400000, 0x000000008c400000, 0x000000008c500000|  0%| F|  |TAMS 0x000000008c400000, 0x000000008c400000| Untracked 
| 109|0x000000008c500000, 0x000000008c500000, 0x000000008c600000|  0%| F|  |TAMS 0x000000008c500000, 0x000000008c500000| Untracked 
| 110|0x000000008c600000, 0x000000008c600000, 0x000000008c700000|  0%| F|  |TAMS 0x000000008c600000, 0x000000008c600000| Untracked 
| 111|0x000000008c700000, 0x000000008c700000, 0x000000008c800000|  0%| F|  |TAMS 0x000000008c700000, 0x000000008c700000| Untracked 
| 112|0x000000008c800000, 0x000000008c800000, 0x000000008c900000|  0%| F|  |TAMS 0x000000008c800000, 0x000000008c800000| Untracked 
| 113|0x000000008c900000, 0x000000008c900000, 0x000000008ca00000|  0%| F|  |TAMS 0x000000008c900000, 0x000000008c900000| Untracked 
| 114|0x000000008ca00000, 0x000000008ca00000, 0x000000008cb00000|  0%| F|  |TAMS 0x000000008ca00000, 0x000000008ca00000| Untracked 
| 115|0x000000008cb00000, 0x000000008cb00000, 0x000000008cc00000|  0%| F|  |TAMS 0x000000008cb00000, 0x000000008cb00000| Untracked 
| 116|0x000000008cc00000, 0x000000008cc00000, 0x000000008cd00000|  0%| F|  |TAMS 0x000000008cc00000, 0x000000008cc00000| Untracked 
| 117|0x000000008cd00000, 0x000000008cd00000, 0x000000008ce00000|  0%| F|  |TAMS 0x000000008cd00000, 0x000000008cd00000| Untracked 
| 118|0x000000008ce00000, 0x000000008ce00000, 0x000000008cf00000|  0%| F|  |TAMS 0x000000008ce00000, 0x000000008ce00000| Untracked 
| 119|0x000000008cf00000, 0x000000008cf00000, 0x000000008d000000|  0%| F|  |TAMS 0x000000008cf00000, 0x000000008cf00000| Untracked 
| 120|0x000000008d000000, 0x000000008d000000, 0x000000008d100000|  0%| F|  |TAMS 0x000000008d000000, 0x000000008d000000| Untracked 
| 121|0x000000008d100000, 0x000000008d100000, 0x000000008d200000|  0%| F|  |TAMS 0x000000008d100000, 0x000000008d100000| Untracked 
| 122|0x000000008d200000, 0x000000008d200000, 0x000000008d300000|  0%| F|  |TAMS 0x000000008d200000, 0x000000008d200000| Untracked 
| 123|0x000000008d300000, 0x000000008d300000, 0x000000008d400000|  0%| F|  |TAMS 0x000000008d300000, 0x000000008d300000| Untracked 
| 124|0x000000008d400000, 0x000000008d400000, 0x000000008d500000|  0%| F|  |TAMS 0x000000008d400000, 0x000000008d400000| Untracked 
| 125|0x000000008d500000, 0x000000008d500000, 0x000000008d600000|  0%| F|  |TAMS 0x000000008d500000, 0x000000008d500000| Untracked 
| 126|0x000000008d600000, 0x000000008d600000, 0x000000008d700000|  0%| F|  |TAMS 0x000000008d600000, 0x000000008d600000| Untracked 
| 127|0x000000008d700000, 0x000000008d700000, 0x000000008d800000|  0%| F|  |TAMS 0x000000008d700000, 0x000000008d700000| Untracked 
| 128|0x000000008d800000, 0x000000008d800000, 0x000000008d900000|  0%| F|  |TAMS 0x000000008d800000, 0x000000008d800000| Untracked 
| 129|0x000000008d900000, 0x000000008d900000, 0x000000008da00000|  0%| F|  |TAMS 0x000000008d900000, 0x000000008d900000| Untracked 
| 130|0x000000008da00000, 0x000000008da00000, 0x000000008db00000|  0%| F|  |TAMS 0x000000008da00000, 0x000000008da00000| Untracked 
| 131|0x000000008db00000, 0x000000008db00000, 0x000000008dc00000|  0%| F|  |TAMS 0x000000008db00000, 0x000000008db00000| Untracked 
| 132|0x000000008dc00000, 0x000000008dc00000, 0x000000008dd00000|  0%| F|  |TAMS 0x000000008dc00000, 0x000000008dc00000| Untracked 
| 133|0x000000008dd00000, 0x000000008dd00000, 0x000000008de00000|  0%| F|  |TAMS 0x000000008dd00000, 0x000000008dd00000| Untracked 
| 134|0x000000008de00000, 0x000000008de00000, 0x000000008df00000|  0%| F|  |TAMS 0x000000008de00000, 0x000000008de00000| Untracked 
| 135|0x000000008df00000, 0x000000008df00000, 0x000000008e000000|  0%| F|  |TAMS 0x000000008df00000, 0x000000008df00000| Untracked 
| 136|0x000000008e000000, 0x000000008e000000, 0x000000008e100000|  0%| F|  |TAMS 0x000000008e000000, 0x000000008e000000| Untracked 
| 137|0x000000008e100000, 0x000000008e100000, 0x000000008e200000|  0%| F|  |TAMS 0x000000008e100000, 0x000000008e100000| Untracked 
| 138|0x000000008e200000, 0x000000008e200000, 0x000000008e300000|  0%| F|  |TAMS 0x000000008e200000, 0x000000008e200000| Untracked 
| 139|0x000000008e300000, 0x000000008e300000, 0x000000008e400000|  0%| F|  |TAMS 0x000000008e300000, 0x000000008e300000| Untracked 
| 140|0x000000008e400000, 0x000000008e400000, 0x000000008e500000|  0%| F|  |TAMS 0x000000008e400000, 0x000000008e400000| Untracked 
| 141|0x000000008e500000, 0x000000008e500000, 0x000000008e600000|  0%| F|  |TAMS 0x000000008e500000, 0x000000008e500000| Untracked 
| 142|0x000000008e600000, 0x000000008e600000, 0x000000008e700000|  0%| F|  |TAMS 0x000000008e600000, 0x000000008e600000| Untracked 
| 143|0x000000008e700000, 0x000000008e700000, 0x000000008e800000|  0%| F|  |TAMS 0x000000008e700000, 0x000000008e700000| Untracked 
| 144|0x000000008e800000, 0x000000008e800000, 0x000000008e900000|  0%| F|  |TAMS 0x000000008e800000, 0x000000008e800000| Untracked 
| 145|0x000000008e900000, 0x000000008e900000, 0x000000008ea00000|  0%| F|  |TAMS 0x000000008e900000, 0x000000008e900000| Untracked 
| 146|0x000000008ea00000, 0x000000008ea00000, 0x000000008eb00000|  0%| F|  |TAMS 0x000000008ea00000, 0x000000008ea00000| Untracked 
| 147|0x000000008eb00000, 0x000000008eb00000, 0x000000008ec00000|  0%| F|  |TAMS 0x000000008eb00000, 0x000000008eb00000| Untracked 
| 148|0x000000008ec00000, 0x000000008ec00000, 0x000000008ed00000|  0%| F|  |TAMS 0x000000008ec00000, 0x000000008ec00000| Untracked 
| 149|0x000000008ed00000, 0x000000008ed00000, 0x000000008ee00000|  0%| F|  |TAMS 0x000000008ed00000, 0x000000008ed00000| Untracked 
| 150|0x000000008ee00000, 0x000000008ee00000, 0x000000008ef00000|  0%| F|  |TAMS 0x000000008ee00000, 0x000000008ee00000| Untracked 
| 151|0x000000008ef00000, 0x000000008ef00000, 0x000000008f000000|  0%| F|  |TAMS 0x000000008ef00000, 0x000000008ef00000| Untracked 
| 152|0x000000008f000000, 0x000000008f000000, 0x000000008f100000|  0%| F|  |TAMS 0x000000008f000000, 0x000000008f000000| Untracked 
| 153|0x000000008f100000, 0x000000008f180800, 0x000000008f200000| 50%| E|  |TAMS 0x000000008f100000, 0x000000008f100000| Complete 
| 154|0x000000008f200000, 0x000000008f300000, 0x000000008f300000|100%| E|CS|TAMS 0x000000008f200000, 0x000000008f200000| Complete 
| 155|0x000000008f300000, 0x000000008f400000, 0x000000008f400000|100%| E|CS|TAMS 0x000000008f300000, 0x000000008f300000| Complete 
| 156|0x000000008f400000, 0x000000008f500000, 0x000000008f500000|100%| E|CS|TAMS 0x000000008f400000, 0x000000008f400000| Complete 
| 157|0x000000008f500000, 0x000000008f600000, 0x000000008f600000|100%| E|CS|TAMS 0x000000008f500000, 0x000000008f500000| Complete 
| 158|0x000000008f600000, 0x000000008f700000, 0x000000008f700000|100%| E|CS|TAMS 0x000000008f600000, 0x000000008f600000| Complete 
| 159|0x000000008f700000, 0x000000008f800000, 0x000000008f800000|100%| E|CS|TAMS 0x000000008f700000, 0x000000008f700000| Complete 
| 160|0x000000008f800000, 0x000000008f900000, 0x000000008f900000|100%| E|CS|TAMS 0x000000008f800000, 0x000000008f800000| Complete 
| 161|0x000000008f900000, 0x000000008fa00000, 0x000000008fa00000|100%| E|CS|TAMS 0x000000008f900000, 0x000000008f900000| Complete 
| 162|0x000000008fa00000, 0x000000008fb00000, 0x000000008fb00000|100%| E|CS|TAMS 0x000000008fa00000, 0x000000008fa00000| Complete 
| 163|0x000000008fb00000, 0x000000008fc00000, 0x000000008fc00000|100%| E|CS|TAMS 0x000000008fb00000, 0x000000008fb00000| Complete 
| 164|0x000000008fc00000, 0x000000008fd00000, 0x000000008fd00000|100%| E|CS|TAMS 0x000000008fc00000, 0x000000008fc00000| Complete 
| 165|0x000000008fd00000, 0x000000008fe00000, 0x000000008fe00000|100%| E|CS|TAMS 0x000000008fd00000, 0x000000008fd00000| Complete 
| 166|0x000000008fe00000, 0x000000008ff00000, 0x000000008ff00000|100%| E|CS|TAMS 0x000000008fe00000, 0x000000008fe00000| Complete 
| 167|0x000000008ff00000, 0x0000000090000000, 0x0000000090000000|100%| E|CS|TAMS 0x000000008ff00000, 0x000000008ff00000| Complete 
| 168|0x0000000090000000, 0x0000000090100000, 0x0000000090100000|100%| E|CS|TAMS 0x0000000090000000, 0x0000000090000000| Complete 
| 169|0x0000000090100000, 0x0000000090200000, 0x0000000090200000|100%| E|CS|TAMS 0x0000000090100000, 0x0000000090100000| Complete 
| 170|0x0000000090200000, 0x0000000090300000, 0x0000000090300000|100%| E|CS|TAMS 0x0000000090200000, 0x0000000090200000| Complete 
| 171|0x0000000090300000, 0x0000000090400000, 0x0000000090400000|100%| E|CS|TAMS 0x0000000090300000, 0x0000000090300000| Complete 
| 172|0x0000000090400000, 0x0000000090500000, 0x0000000090500000|100%| E|CS|TAMS 0x0000000090400000, 0x0000000090400000| Complete 
| 173|0x0000000090500000, 0x0000000090600000, 0x0000000090600000|100%| E|CS|TAMS 0x0000000090500000, 0x0000000090500000| Complete 

Card table byte_map: [0x0000026914a40000,0x0000026914e20000] _byte_map_base: 0x0000026914614000

Marking Bits (Prev, Next): (CMBitMap*) 0x0000026901ea69b0, (CMBitMap*) 0x0000026901ea6970
 Prev Bits: [0x00000269170a0000, 0x0000026918f40000)
 Next Bits: [0x0000026915200000, 0x00000269170a0000)

Polling page: 0x0000026901610000

Metaspace:

Usage:
  Non-class:     54.43 MB used.
      Class:      7.38 MB used.
       Both:     61.81 MB used.

Virtual space:
  Non-class space:       64.00 MB reserved,      54.56 MB ( 85%) committed,  1 nodes.
      Class space:        1.00 GB reserved,       7.50 MB ( <1%) committed,  1 nodes.
             Both:        1.06 GB reserved,      62.06 MB (  6%) committed. 

Chunk freelists:
   Non-Class:  9.00 MB
       Class:  8.45 MB
        Both:  17.45 MB

MaxMetaspaceSize: unlimited
CompressedClassSpaceSize: 1.00 GB
Initial GC threshold: 21.00 MB
Current GC threshold: 99.62 MB
CDS: off
MetaspaceReclaimPolicy: balanced
 - commit_granule_bytes: 65536.
 - commit_granule_words: 8192.
 - virtual_space_node_default_size: 8388608.
 - enlarge_chunks_in_place: 1.
 - new_chunks_are_fully_committed: 0.
 - uncommit_free_chunks: 1.
 - use_allocation_guard: 0.
 - handle_deallocations: 1.


Internal statistics:

num_allocs_failed_limit: 14.
num_arena_births: 292.
num_arena_deaths: 0.
num_vsnodes_births: 2.
num_vsnodes_deaths: 0.
num_space_committed: 991.
num_space_uncommitted: 0.
num_chunks_returned_to_freelist: 14.
num_chunks_taken_from_freelist: 2238.
num_chunk_merges: 9.
num_chunk_splits: 1776.
num_chunks_enlarged: 1554.
num_inconsistent_stats: 0.

CodeHeap 'non-profiled nmethods': size=120000Kb used=3542Kb max_used=3542Kb free=116457Kb
 bounds [0x000002690ce00000, 0x000002690d180000, 0x0000026914330000]
CodeHeap 'profiled nmethods': size=120000Kb used=15138Kb max_used=15138Kb free=104861Kb
 bounds [0x0000026905330000, 0x0000026906200000, 0x000002690c860000]
CodeHeap 'non-nmethods': size=5760Kb used=1321Kb max_used=1362Kb free=4438Kb
 bounds [0x000002690c860000, 0x000002690cad0000, 0x000002690ce00000]
 total_blobs=7049 nmethods=6423 adapters=535
 compilation: enabled
              stopped_count=0, restarted_count=0
 full_count=0

Compilation events (20 events):
Event: 5.240 Thread 0x000002691bb1a380 nmethod 7266 0x00000269061c9710 code [0x00000269061c9920, 0x00000269061c9f18]
Event: 5.240 Thread 0x000002691bb1a380 7267       3       org.jetbrains.kotlin.resolve.lazy.FileScopeFactory$FilesScopesBuilder$lazyImportingScope$1::getParent (8 bytes)
Event: 5.240 Thread 0x000002691bb1a380 nmethod 7267 0x00000269061ca190 code [0x00000269061ca460, 0x00000269061cb228]
Event: 5.241 Thread 0x000002691bb1a380 7268       3       gnu.trove.THashSet::addAll (51 bytes)
Event: 5.242 Thread 0x000002691bb1a380 nmethod 7268 0x00000269061cb690 code [0x00000269061cb880, 0x00000269061cbee8]
Event: 5.242 Thread 0x000002691bb1a380 7270       3       org.jetbrains.kotlin.resolve.calls.tower.TowerResolver$Task::createNonLocalLevels$addLevel (34 bytes)
Event: 5.242 Thread 0x000002691bb1a380 nmethod 7270 0x00000269061cc110 code [0x00000269061cc380, 0x00000269061ccd58]
Event: 5.242 Thread 0x000002691bb1a380 7269       3       org.jetbrains.kotlin.resolve.QualifiedExpressionResolver$ExpressionQualifierPart::<init> (38 bytes)
Event: 5.244 Thread 0x000002691bb1a380 nmethod 7269 0x00000269061cd110 code [0x00000269061cd500, 0x00000269061cefe8]
Event: 5.244 Thread 0x000002691bb1a380 7271       3       org.jetbrains.kotlin.resolve.calls.tower.TowerResolver$Task::process (23 bytes)
Event: 5.244 Thread 0x000002691bb1a380 nmethod 7271 0x00000269061cf910 code [0x00000269061cfac0, 0x00000269061cfd18]
Event: 5.244 Thread 0x000002691bb1a380 7272       1       org.jetbrains.kotlin.resolve.calls.components.candidate.SimpleResolutionCandidate::getSubResolvedAtoms (5 bytes)
Event: 5.244 Thread 0x000002691bb1a380 nmethod 7272 0x000002690d174310 code [0x000002690d1744a0, 0x000002690d174578]
Event: 5.245 Thread 0x000002691bb1a380 7273       3       org.jetbrains.kotlin.resolve.lazy.LazyImportScope::recordLookup (39 bytes)
Event: 5.246 Thread 0x000002691bb1a380 nmethod 7273 0x00000269061cfe10 code [0x00000269061d00c0, 0x00000269061d0bd8]
Event: 5.246 Thread 0x000002691bb1a380 7274       3       org.jetbrains.kotlin.resolve.lazy.LazyImportResolver::recordLookup (83 bytes)
Event: 5.248 Thread 0x000002691bb1a380 nmethod 7274 0x00000269061d1010 code [0x00000269061d13e0, 0x00000269061d2e08]
Event: 5.248 Thread 0x000002691bb1a380 7284       3       java.lang.StringBuilder::toString (35 bytes)
Event: 5.248 Thread 0x000002691bb1a380 nmethod 7284 0x00000269061d3610 code [0x00000269061d37e0, 0x00000269061d3ab8]
Event: 5.248 Thread 0x000002691bb1a380 7276       3       org.jetbrains.kotlin.resolve.scopes.LexicalScopeStorage::recordLookup (7 bytes)

GC Heap History (20 events):
Event: 1.453 GC heap before
{Heap before GC invocations=5 (full 0):
 garbage-first heap   total 40960K, used 31284K [0x0000000085800000, 0x0000000100000000)
  region size 1024K, 15 young (15360K), 1 survivors (1024K)
 Metaspace       used 31106K, committed 31360K, reserved 1114112K
  class space    used 3771K, committed 3904K, reserved 1048576K
}
Event: 1.456 GC heap after
{Heap after GC invocations=6 (full 0):
 garbage-first heap   total 81920K, used 17913K [0x0000000085800000, 0x0000000100000000)
  region size 1024K, 2 young (2048K), 2 survivors (2048K)
 Metaspace       used 31106K, committed 31360K, reserved 1114112K
  class space    used 3771K, committed 3904K, reserved 1048576K
}
Event: 1.855 GC heap before
{Heap before GC invocations=6 (full 0):
 garbage-first heap   total 81920K, used 51705K [0x0000000085800000, 0x0000000100000000)
  region size 1024K, 34 young (34816K), 2 survivors (2048K)
 Metaspace       used 35963K, committed 36160K, reserved 1114112K
  class space    used 4530K, committed 4608K, reserved 1048576K
}
Event: 1.867 GC heap after
{Heap after GC invocations=7 (full 0):
 garbage-first heap   total 81920K, used 25913K [0x0000000085800000, 0x0000000100000000)
  region size 1024K, 6 young (6144K), 6 survivors (6144K)
 Metaspace       used 35963K, committed 36160K, reserved 1114112K
  class space    used 4530K, committed 4608K, reserved 1048576K
}
Event: 2.218 GC heap before
{Heap before GC invocations=8 (full 0):
 garbage-first heap   total 81920K, used 58681K [0x0000000085800000, 0x0000000100000000)
  region size 1024K, 38 young (38912K), 6 survivors (6144K)
 Metaspace       used 42284K, committed 42560K, reserved 1114112K
  class space    used 5141K, committed 5248K, reserved 1048576K
}
Event: 2.231 GC heap after
{Heap after GC invocations=9 (full 0):
 garbage-first heap   total 81920K, used 28890K [0x0000000085800000, 0x0000000100000000)
  region size 1024K, 5 young (5120K), 5 survivors (5120K)
 Metaspace       used 42284K, committed 42560K, reserved 1114112K
  class space    used 5141K, committed 5248K, reserved 1048576K
}
Event: 2.738 GC heap before
{Heap before GC invocations=9 (full 0):
 garbage-first heap   total 81920K, used 61658K [0x0000000085800000, 0x0000000100000000)
  region size 1024K, 35 young (35840K), 5 survivors (5120K)
 Metaspace       used 49224K, committed 49472K, reserved 1114112K
  class space    used 5931K, committed 6080K, reserved 1048576K
}
Event: 2.748 GC heap after
{Heap after GC invocations=10 (full 0):
 garbage-first heap   total 81920K, used 33792K [0x0000000085800000, 0x0000000100000000)
  region size 1024K, 4 young (4096K), 4 survivors (4096K)
 Metaspace       used 49224K, committed 49472K, reserved 1114112K
  class space    used 5931K, committed 6080K, reserved 1048576K
}
Event: 2.922 GC heap before
{Heap before GC invocations=10 (full 0):
 garbage-first heap   total 81920K, used 62464K [0x0000000085800000, 0x0000000100000000)
  region size 1024K, 31 young (31744K), 4 survivors (4096K)
 Metaspace       used 51542K, committed 51776K, reserved 1114112K
  class space    used 6202K, committed 6336K, reserved 1048576K
}
Event: 2.933 GC heap after
{Heap after GC invocations=11 (full 0):
 garbage-first heap   total 81920K, used 36204K [0x0000000085800000, 0x0000000100000000)
  region size 1024K, 3 young (3072K), 3 survivors (3072K)
 Metaspace       used 51542K, committed 51776K, reserved 1114112K
  class space    used 6202K, committed 6336K, reserved 1048576K
}
Event: 3.305 GC heap before
{Heap before GC invocations=11 (full 0):
 garbage-first heap   total 81920K, used 62828K [0x0000000085800000, 0x0000000100000000)
  region size 1024K, 29 young (29696K), 3 survivors (3072K)
 Metaspace       used 55202K, committed 55488K, reserved 1114112K
  class space    used 6606K, committed 6720K, reserved 1048576K
}
Event: 3.313 GC heap after
{Heap after GC invocations=12 (full 0):
 garbage-first heap   total 106496K, used 37713K [0x0000000085800000, 0x0000000100000000)
  region size 1024K, 3 young (3072K), 3 survivors (3072K)
 Metaspace       used 55202K, committed 55488K, reserved 1114112K
  class space    used 6606K, committed 6720K, reserved 1048576K
}
Event: 4.096 GC heap before
{Heap before GC invocations=12 (full 0):
 garbage-first heap   total 106496K, used 80721K [0x0000000085800000, 0x0000000100000000)
  region size 1024K, 45 young (46080K), 3 survivors (3072K)
 Metaspace       used 57537K, committed 57856K, reserved 1114112K
  class space    used 6744K, committed 6912K, reserved 1048576K
}
Event: 4.114 GC heap after
{Heap after GC invocations=13 (full 0):
 garbage-first heap   total 106496K, used 46477K [0x0000000085800000, 0x0000000100000000)
  region size 1024K, 6 young (6144K), 6 survivors (6144K)
 Metaspace       used 57537K, committed 57856K, reserved 1114112K
  class space    used 6744K, committed 6912K, reserved 1048576K
}
Event: 4.399 GC heap before
{Heap before GC invocations=13 (full 0):
 garbage-first heap   total 106496K, used 79245K [0x0000000085800000, 0x0000000100000000)
  region size 1024K, 38 young (38912K), 6 survivors (6144K)
 Metaspace       used 58089K, committed 58368K, reserved 1114112K
  class space    used 6785K, committed 6912K, reserved 1048576K
}
Event: 4.421 GC heap after
{Heap after GC invocations=14 (full 0):
 garbage-first heap   total 106496K, used 52224K [0x0000000085800000, 0x0000000100000000)
  region size 1024K, 5 young (5120K), 5 survivors (5120K)
 Metaspace       used 58089K, committed 58368K, reserved 1114112K
  class space    used 6785K, committed 6912K, reserved 1048576K
}
Event: 4.477 GC heap before
{Heap before GC invocations=14 (full 0):
 garbage-first heap   total 106496K, used 81920K [0x0000000085800000, 0x0000000100000000)
  region size 1024K, 34 young (34816K), 5 survivors (5120K)
 Metaspace       used 58090K, committed 58368K, reserved 1114112K
  class space    used 6785K, committed 6912K, reserved 1048576K
}
Event: 4.486 GC heap after
{Heap after GC invocations=15 (full 0):
 garbage-first heap   total 106496K, used 53760K [0x0000000085800000, 0x0000000100000000)
  region size 1024K, 1 young (1024K), 1 survivors (1024K)
 Metaspace       used 58090K, committed 58368K, reserved 1114112K
  class space    used 6785K, committed 6912K, reserved 1048576K
}
Event: 4.682 GC heap before
{Heap before GC invocations=15 (full 0):
 garbage-first heap   total 106496K, used 74240K [0x0000000085800000, 0x0000000100000000)
  region size 1024K, 22 young (22528K), 1 survivors (1024K)
 Metaspace       used 60518K, committed 60736K, reserved 1114112K
  class space    used 7181K, committed 7296K, reserved 1048576K
}
Event: 4.684 GC heap after
{Heap after GC invocations=16 (full 0):
 garbage-first heap   total 178176K, used 53255K [0x0000000085800000, 0x0000000100000000)
  region size 1024K, 1 young (1024K), 1 survivors (1024K)
 Metaspace       used 60518K, committed 60736K, reserved 1114112K
  class space    used 7181K, committed 7296K, reserved 1048576K
}

Dll operation events (2 events):
Event: 0.005 Loaded shared library C:\Program Files\Android\Android Studio1\jbr\bin\java.dll
Event: 0.805 Loaded shared library C:\Program Files\Android\Android Studio1\jbr\bin\verify.dll

Deoptimization events (20 events):
Event: 5.119 Thread 0x0000026901e4d130 Uncommon trap: trap_request=0xffffff45 fr.pc=0x000002690d0b5804 relative=0x0000000000000b24
Event: 5.119 Thread 0x0000026901e4d130 Uncommon trap: reason=unstable_if action=reinterpret pc=0x000002690d0b5804 method=org.jetbrains.kotlin.util.Checks.isApplicable(Lorg/jetbrains/kotlin/descriptors/FunctionDescriptor;)Z @ 26 c2
Event: 5.119 Thread 0x0000026901e4d130 DEOPT PACKING pc=0x000002690d0b5804 sp=0x000000af0c4fa6f0
Event: 5.119 Thread 0x0000026901e4d130 DEOPT UNPACKING pc=0x000002690c8ba1a3 sp=0x000000af0c4fa698 mode 2
Event: 5.119 Thread 0x0000026901e4d130 Uncommon trap: trap_request=0xffffff45 fr.pc=0x000002690d0eba38 relative=0x0000000000000118
Event: 5.119 Thread 0x0000026901e4d130 Uncommon trap: reason=unstable_if action=reinterpret pc=0x000002690d0eba38 method=org.jetbrains.kotlin.util.AbstractModifierChecks.check(Lorg/jetbrains/kotlin/descriptors/FunctionDescriptor;)Lorg/jetbrains/kotlin/util/CheckResult; @ 40 c2
Event: 5.119 Thread 0x0000026901e4d130 DEOPT PACKING pc=0x000002690d0eba38 sp=0x000000af0c4fa740
Event: 5.119 Thread 0x0000026901e4d130 DEOPT UNPACKING pc=0x000002690c8ba1a3 sp=0x000000af0c4fa6d0 mode 2
Event: 5.127 Thread 0x0000026901e4d130 Uncommon trap: trap_request=0xffffffc6 fr.pc=0x000002690cebc1ac relative=0x000000000000008c
Event: 5.127 Thread 0x0000026901e4d130 Uncommon trap: reason=bimorphic_or_optimized_type_check action=maybe_recompile pc=0x000002690cebc1ac method=org.jetbrains.kotlin.types.TypeConstructorSubstitution$Companion$createByConstructorsMap$1.isEmpty()Z @ 4 c2
Event: 5.127 Thread 0x0000026901e4d130 DEOPT PACKING pc=0x000002690cebc1ac sp=0x000000af0c4f9800
Event: 5.127 Thread 0x0000026901e4d130 DEOPT UNPACKING pc=0x000002690c8ba1a3 sp=0x000000af0c4f9788 mode 2
Event: 5.182 Thread 0x0000026901e4d130 Uncommon trap: trap_request=0xffffff45 fr.pc=0x000002690cf56ef4 relative=0x0000000000000074
Event: 5.182 Thread 0x0000026901e4d130 Uncommon trap: reason=unstable_if action=reinterpret pc=0x000002690cf56ef4 method=org.jetbrains.kotlin.descriptors.impl.FunctionDescriptorImpl.performOverriddenLazyCalculationIfNeeded()V @ 6 c2
Event: 5.182 Thread 0x0000026901e4d130 DEOPT PACKING pc=0x000002690cf56ef4 sp=0x000000af0c4fcb70
Event: 5.182 Thread 0x0000026901e4d130 DEOPT UNPACKING pc=0x000002690c8ba1a3 sp=0x000000af0c4fcaa8 mode 2
Event: 5.227 Thread 0x0000026901e4d130 Uncommon trap: trap_request=0xffffff45 fr.pc=0x000002690ce47bbc relative=0x000000000000041c
Event: 5.227 Thread 0x0000026901e4d130 Uncommon trap: reason=unstable_if action=reinterpret pc=0x000002690ce47bbc method=java.lang.AbstractStringBuilder.isLatin1()Z @ 10 c2
Event: 5.227 Thread 0x0000026901e4d130 DEOPT PACKING pc=0x000002690ce47bbc sp=0x000000af0c4fd1b0
Event: 5.228 Thread 0x0000026901e4d130 DEOPT UNPACKING pc=0x000002690c8ba1a3 sp=0x000000af0c4fd130 mode 2

Classes unloaded (0 events):
No events

Classes redefined (0 events):
No events

Internal exceptions (20 events):
Event: 3.273 Thread 0x0000026901e4d130 Implicit null exception at 0x000002690cf56b6a to 0x000002690cf56d34
Event: 3.286 Thread 0x0000026901e4d130 Implicit null exception at 0x000002690cf695cc to 0x000002690cf696a8
Event: 3.353 Thread 0x0000026901e4d130 Implicit null exception at 0x000002690ce56d6a to 0x000002690ce56f28
Event: 3.644 Thread 0x0000026901e4d130 Exception <a 'java/lang/NoSuchMethodError'{0x000000008b0a3e88}: 'int java.lang.invoke.DirectMethodHandle$Holder.invokeInterface(java.lang.Object, java.lang.Object)'> (0x000000008b0a3e88) 
thrown [s\src\hotspot\share\interpreter\linkResolver.cpp, line 771]
Event: 3.716 Thread 0x0000026901e4d130 Exception <a 'java/lang/NoSuchMethodError'{0x000000008accc908}: 'java.lang.Object java.lang.invoke.DirectMethodHandle$Holder.invokeStaticInit(java.lang.Object, java.lang.Object, java.lang.Object)'> (0x000000008accc908) 
thrown [s\src\hotspot\share\interpreter\linkResolver.cpp, line 771]
Event: 4.189 Thread 0x0000026901e4d130 Exception <a 'java/lang/NoSuchMethodError'{0x000000008b946968}: 'java.lang.Object java.lang.invoke.DirectMethodHandle$Holder.newInvokeSpecial(java.lang.Object, int, java.lang.Object)'> (0x000000008b946968) 
thrown [s\src\hotspot\share\interpreter\linkResolver.cpp, line 771]
Event: 4.542 Thread 0x0000026901e4d130 Implicit null exception at 0x000002690ce286f9 to 0x000002690ce28a71
Event: 4.583 Thread 0x0000026901e4d130 Exception <a 'java/lang/NoSuchMethodError'{0x000000008af23f20}: 'int java.lang.invoke.DirectMethodHandle$Holder.invokeVirtual(java.lang.Object, java.lang.Object, java.lang.Object)'> (0x000000008af23f20) 
thrown [s\src\hotspot\share\interpreter\linkResolver.cpp, line 771]
Event: 4.655 Thread 0x0000026901e4d130 Exception <a 'java/lang/NoSuchMethodError'{0x000000008ac8cc68}: 'java.lang.Object java.lang.invoke.DirectMethodHandle$Holder.invokeStatic(java.lang.Object, java.lang.Object, java.lang.Object, java.lang.Object, int)'> (0x000000008ac8cc68) 
thrown [s\src\hotspot\share\interpreter\linkResolver.cpp, line 771]
Event: 4.655 Thread 0x0000026901e4d130 Exception <a 'java/lang/NoSuchMethodError'{0x000000008ac96950}: 'java.lang.Object java.lang.invoke.DirectMethodHandle$Holder.newInvokeSpecial(java.lang.Object, java.lang.Object, java.lang.Object, java.lang.Object, int)'> (0x000000008ac96950) 
thrown [s\src\hotspot\share\interpreter\linkResolver.cpp, line 771]
Event: 4.655 Thread 0x0000026901e4d130 Exception <a 'java/lang/NoSuchMethodError'{0x000000008ac9b480}: 'java.lang.Object java.lang.invoke.DirectMethodHandle$Holder.invokeSpecial(java.lang.Object, java.lang.Object, java.lang.Object, java.lang.Object, java.lang.Object, int)'> (0x000000008ac9b480) 
thrown [s\src\hotspot\share\interpreter\linkResolver.cpp, line 771]
Event: 4.656 Thread 0x0000026901e4d130 Exception <a 'java/lang/NoSuchMethodError'{0x000000008ac9f960}: 'java.lang.Object java.lang.invoke.Invokers$Holder.linkToTargetMethod(java.lang.Object, java.lang.Object, java.lang.Object, int, java.lang.Object)'> (0x000000008ac9f960) 
thrown [s\src\hotspot\share\interpreter\linkResolver.cpp, line 771]
Event: 4.709 Thread 0x0000026901e4d130 Exception <a 'java/lang/NoSuchMethodError'{0x00000000905eda90}: 'void java.lang.invoke.DirectMethodHandle$Holder.invokeInterface(java.lang.Object, java.lang.Object)'> (0x00000000905eda90) 
thrown [s\src\hotspot\share\interpreter\linkResolver.cpp, line 771]
Event: 4.769 Thread 0x0000026901e4d130 Exception <a 'java/lang/IncompatibleClassChangeError'{0x0000000090391488}: Found class java.lang.Object, but interface was expected> (0x0000000090391488) 
thrown [s\src\hotspot\share\interpreter\linkResolver.cpp, line 838]
Event: 4.837 Thread 0x0000026901e4d130 Exception <a 'java/lang/NoSuchMethodError'{0x0000000090154b00}: 'java.lang.Object java.lang.invoke.DirectMethodHandle$Holder.invokeStatic(java.lang.Object, int, java.lang.Object)'> (0x0000000090154b00) 
thrown [s\src\hotspot\share\interpreter\linkResolver.cpp, line 771]
Event: 4.892 Thread 0x0000026901e4d130 Exception <a 'java/lang/NoSuchMethodError'{0x000000008fef0f70}: 'int java.lang.invoke.DirectMethodHandle$Holder.invokeStaticInit(java.lang.Object, int)'> (0x000000008fef0f70) 
thrown [s\src\hotspot\share\interpreter\linkResolver.cpp, line 771]
Event: 4.991 Thread 0x0000026901e4d130 Implicit null exception at 0x000002690ce1a0f2 to 0x000002690ce1a734
Event: 5.011 Thread 0x0000026901e4d130 Exception <a 'java/lang/NoSuchMethodError'{0x000000008f82a250}: 'java.lang.Object java.lang.invoke.DirectMethodHandle$Holder.invokeInterface(java.lang.Object, java.lang.Object, java.lang.Object)'> (0x000000008f82a250) 
thrown [s\src\hotspot\share\interpreter\linkResolver.cpp, line 771]
Event: 5.013 Thread 0x0000026901e4d130 Exception <a 'java/lang/IncompatibleClassChangeError'{0x000000008f82dbc0}: Found class java.lang.Object, but interface was expected> (0x000000008f82dbc0) 
thrown [s\src\hotspot\share\interpreter\linkResolver.cpp, line 838]
Event: 5.023 Thread 0x0000026901e4d130 Implicit null exception at 0x000002690ce1ad72 to 0x000002690ce1b3c8

VM Operations (20 events):
Event: 4.873 Executing VM operation: HandshakeAllThreads
Event: 4.873 Executing VM operation: HandshakeAllThreads done
Event: 4.888 Executing VM operation: HandshakeAllThreads
Event: 4.888 Executing VM operation: HandshakeAllThreads done
Event: 4.922 Executing VM operation: ICBufferFull
Event: 4.922 Executing VM operation: ICBufferFull done
Event: 4.947 Executing VM operation: HandshakeAllThreads
Event: 4.947 Executing VM operation: HandshakeAllThreads done
Event: 5.001 Executing VM operation: HandshakeAllThreads
Event: 5.001 Executing VM operation: HandshakeAllThreads done
Event: 5.005 Executing VM operation: HandshakeAllThreads
Event: 5.005 Executing VM operation: HandshakeAllThreads done
Event: 5.019 Executing VM operation: HandshakeAllThreads
Event: 5.019 Executing VM operation: HandshakeAllThreads done
Event: 5.035 Executing VM operation: ICBufferFull
Event: 5.035 Executing VM operation: ICBufferFull done
Event: 5.121 Executing VM operation: HandshakeAllThreads
Event: 5.121 Executing VM operation: HandshakeAllThreads done
Event: 5.185 Executing VM operation: ICBufferFull
Event: 5.185 Executing VM operation: ICBufferFull done

Events (20 events):
Event: 4.715 loading class java/util/stream/Nodes$EmptyNode$OfDouble
Event: 4.715 loading class java/util/stream/Node$OfDouble
Event: 4.716 loading class java/util/stream/Node$OfDouble done
Event: 4.716 loading class java/util/stream/Nodes$EmptyNode$OfDouble done
Event: 4.716 loading class java/util/stream/Nodes$SpinedNodeBuilder
Event: 4.716 loading class java/util/stream/Node$Builder
Event: 4.716 loading class java/util/stream/Node$Builder done
Event: 4.716 loading class java/util/stream/SpinedBuffer
Event: 4.716 loading class java/util/stream/AbstractSpinedBuffer
Event: 4.716 loading class java/util/stream/AbstractSpinedBuffer done
Event: 4.716 loading class java/util/stream/SpinedBuffer done
Event: 4.716 loading class java/util/stream/Nodes$SpinedNodeBuilder done
Event: 5.002 Thread 0x000002691bb1db50 flushing nmethod 0x000002690d0ede10
Event: 5.003 Thread 0x000002691bb1db50 flushing nmethod 0x000002690551a990
Event: 5.004 Thread 0x000002691bb1db50 flushing nmethod 0x0000026905884c10
Event: 5.005 Thread 0x000002691bb1db50 flushing nmethod 0x000002690594d590
Event: 5.005 Thread 0x000002691bb1db50 flushing nmethod 0x00000269059fe390
Event: 5.006 Thread 0x000002691bb1db50 flushing nmethod 0x0000026905b3d210
Event: 5.007 Thread 0x000002691bb1db50 flushing nmethod 0x0000026905d00d90
Event: 5.007 Thread 0x000002691bb1db50 flushing nmethod 0x0000026905d3a410


Dynamic libraries:
0x00007ff6aac70000 - 0x00007ff6aac7a000 	C:\Program Files\Android\Android Studio1\jbr\bin\java.exe
0x00007ffbb49b0000 - 0x00007ffbb4ba8000 	C:\windows\SYSTEM32\ntdll.dll
0x00007ffbb3670000 - 0x00007ffbb372d000 	C:\windows\System32\KERNEL32.DLL
0x00007ffbb2390000 - 0x00007ffbb2686000 	C:\windows\System32\KERNELBASE.dll
0x00007ffbb2200000 - 0x00007ffbb2300000 	C:\windows\System32\ucrtbase.dll
0x00007ffb93e90000 - 0x00007ffb93ea7000 	C:\Program Files\Android\Android Studio1\jbr\bin\jli.dll
0x00007ffb927d0000 - 0x00007ffb927eb000 	C:\Program Files\Android\Android Studio1\jbr\bin\VCRUNTIME140.dll
0x00007ffbb3a10000 - 0x00007ffbb3bae000 	C:\windows\System32\USER32.dll
0x00007ffbb28a0000 - 0x00007ffbb28c2000 	C:\windows\System32\win32u.dll
0x00007ffb930d0000 - 0x00007ffb9336a000 	C:\windows\WinSxS\amd64_microsoft.windows.common-controls_6595b64144ccf1df_6.0.19041.3636_none_60b6a03d71f818d5\COMCTL32.dll
0x00007ffbb2b10000 - 0x00007ffbb2b3b000 	C:\windows\System32\GDI32.dll
0x00007ffbb2ba0000 - 0x00007ffbb2c3e000 	C:\windows\System32\msvcrt.dll
0x00007ffbb28d0000 - 0x00007ffbb29e7000 	C:\windows\System32\gdi32full.dll
0x00007ffbb20f0000 - 0x00007ffbb218d000 	C:\windows\System32\msvcp_win.dll
0x00007ffbb2c40000 - 0x00007ffbb2c72000 	C:\windows\System32\IMM32.DLL
0x00007ffbaaea0000 - 0x00007ffbaaeac000 	C:\Program Files\Android\Android Studio1\jbr\bin\vcruntime140_1.dll
0x00007ffb8dff0000 - 0x00007ffb8e07d000 	C:\Program Files\Android\Android Studio1\jbr\bin\msvcp140.dll
0x00007ffb23600000 - 0x00007ffb24283000 	C:\Program Files\Android\Android Studio1\jbr\bin\server\jvm.dll
0x00007ffbb4040000 - 0x00007ffbb40f3000 	C:\windows\System32\ADVAPI32.dll
0x00007ffbb34a0000 - 0x00007ffbb353f000 	C:\windows\System32\sechost.dll
0x00007ffbb38e0000 - 0x00007ffbb3a06000 	C:\windows\System32\RPCRT4.dll
0x00007ffbb20c0000 - 0x00007ffbb20e7000 	C:\windows\System32\bcrypt.dll
0x00007ffbaae90000 - 0x00007ffbaae99000 	C:\windows\SYSTEM32\WSOCK32.dll
0x00007ffbb15c0000 - 0x00007ffbb160b000 	C:\windows\SYSTEM32\POWRPROF.dll
0x00007ffb8cc60000 - 0x00007ffb8cc87000 	C:\windows\SYSTEM32\WINMM.dll
0x00007ffbb4900000 - 0x00007ffbb496b000 	C:\windows\System32\WS2_32.dll
0x00007ffba8dc0000 - 0x00007ffba8dca000 	C:\windows\SYSTEM32\VERSION.dll
0x00007ffbb1480000 - 0x00007ffbb1492000 	C:\windows\SYSTEM32\UMPDC.dll
0x00007ffbb08b0000 - 0x00007ffbb08c2000 	C:\windows\SYSTEM32\kernel.appcore.dll
0x00007ffbaae10000 - 0x00007ffbaae1a000 	C:\Program Files\Android\Android Studio1\jbr\bin\jimage.dll
0x00007ffbafe10000 - 0x00007ffbafff4000 	C:\windows\SYSTEM32\DBGHELP.DLL
0x00007ffb93fb0000 - 0x00007ffb93fe4000 	C:\windows\SYSTEM32\dbgcore.DLL
0x00007ffbb2300000 - 0x00007ffbb2382000 	C:\windows\System32\bcryptPrimitives.dll
0x00007ffba9a10000 - 0x00007ffba9a35000 	C:\Program Files\Android\Android Studio1\jbr\bin\java.dll
0x00007ffb9aad0000 - 0x00007ffb9aae8000 	C:\Program Files\Android\Android Studio1\jbr\bin\zip.dll
0x00007ffbb2c80000 - 0x00007ffbb33c5000 	C:\windows\System32\SHELL32.dll
0x00007ffbb0100000 - 0x00007ffbb089c000 	C:\windows\SYSTEM32\windows.storage.dll
0x00007ffbb4430000 - 0x00007ffbb4784000 	C:\windows\System32\combase.dll
0x00007ffbb1aa0000 - 0x00007ffbb1ace000 	C:\windows\SYSTEM32\Wldp.dll
0x00007ffbb33d0000 - 0x00007ffbb349d000 	C:\windows\System32\OLEAUT32.dll
0x00007ffbb2a00000 - 0x00007ffbb2aad000 	C:\windows\System32\SHCORE.dll
0x00007ffbb4220000 - 0x00007ffbb4275000 	C:\windows\System32\shlwapi.dll
0x00007ffbb1fa0000 - 0x00007ffbb1fc5000 	C:\windows\SYSTEM32\profapi.dll
0x00007ffb9a9f0000 - 0x00007ffb9aa09000 	C:\Program Files\Android\Android Studio1\jbr\bin\net.dll
0x00007ffba9d10000 - 0x00007ffba9e1a000 	C:\windows\SYSTEM32\WINHTTP.dll
0x00007ffbb1800000 - 0x00007ffbb186a000 	C:\windows\system32\mswsock.dll
0x00007ffb95620000 - 0x00007ffb95636000 	C:\Program Files\Android\Android Studio1\jbr\bin\nio.dll
0x00007ffb95610000 - 0x00007ffb95620000 	C:\Program Files\Android\Android Studio1\jbr\bin\verify.dll

dbghelp: loaded successfully - version: 4.0.5 - missing functions: none
symbol engine: initialized successfully - sym options: 0x614 - pdb path: .;C:\Program Files\Android\Android Studio1\jbr\bin;C:\windows\SYSTEM32;C:\windows\WinSxS\amd64_microsoft.windows.common-controls_6595b64144ccf1df_6.0.19041.3636_none_60b6a03d71f818d5;C:\Program Files\Android\Android Studio1\jbr\bin\server

VM Arguments:
java_command: org.jetbrains.kotlin.cli.jvm.K2JVMCompiler @C:\Users\a\AndroidStudioProjects\AdminJustEat\app\build\20240308_17843099543633280254.compiler.options
java_class_path (initial): C:\Users\a\.gradle\caches\modules-2\files-2.1\org.jetbrains.kotlin\kotlin-compiler-embeddable\1.8.0\eb9118d4bcceaa2a94b2ae2a33a4ddba7c9a947f\kotlin-compiler-embeddable-1.8.0.jar;C:\Users\a\.gradle\caches\modules-2\files-2.1\org.jetbrains.kotlin\kotlin-stdlib\1.8.0\1796921c7a3e2e2665a83e6c8d33399336cd39bc\kotlin-stdlib-1.8.0.jar;C:\Users\a\.gradle\caches\modules-2\files-2.1\org.jetbrains.kotlin\kotlin-script-runtime\1.8.0\b2f7e760d283cb339974851c222a4c1d48f2d3d\kotlin-script-runtime-1.8.0.jar;C:\Users\a\.gradle\caches\modules-2\files-2.1\org.jetbrains.kotlin\kotlin-reflect\1.6.10\1cbe9c92c12a94eea200d23c2bbaedaf3daf5132\kotlin-reflect-1.6.10.jar;C:\Users\a\.gradle\caches\modules-2\files-2.1\org.jetbrains.kotlin\kotlin-daemon-embeddable\1.8.0\d255216c551685dc3a7e852b53617f5f01aaaa5c\kotlin-daemon-embeddable-1.8.0.jar;C:\Users\a\.gradle\caches\modules-2\files-2.1\org.jetbrains.intellij.deps\trove4j\1.0.20200330\3afb14d5f9ceb459d724e907a21145e8ff394f02\trove4j-1.0.20200330.jar;C:\Users\a\.gradle\caches\modules-2\files-2.1\net.java.dev.jna\jna\5.6.0\330f2244e9030119ab3030fc3fededc86713d9cc\jna-5.6.0.jar;C:\Users\a\.gradle\caches\modules-2\files-2.1\org.jetbrains.kotlin\kotlin-stdlib-common\1.8.0\f7197e7cc76453ac59f8b0f8d5137cc600becd36\kotlin-stdlib-common-1.8.0.jar;C:\Users\a\.gradle\caches\modules-2\files-2.1\org.jetbrains\annotations\13.0\919f0dfe192fb4e063e7dacadee7f8bb9a2672a9\annotations-13.0.jar
Launcher Type: SUN_STANDARD

[Global flags]
     intx CICompilerCount                          = 4                                         {product} {ergonomic}
     uint ConcGCThreads                            = 2                                         {product} {ergonomic}
     uint G1ConcRefinementThreads                  = 8                                         {product} {ergonomic}
   size_t G1HeapRegionSize                         = 1048576                                   {product} {ergonomic}
    uintx GCDrainStackTargetSize                   = 64                                        {product} {ergonomic}
   size_t InitialHeapSize                          = 130023424                                 {product} {ergonomic}
   size_t MarkStackSize                            = 4194304                                   {product} {ergonomic}
   size_t MaxHeapSize                              = 2055208960                                {product} {ergonomic}
   size_t MaxNewSize                               = 1233125376                                {product} {ergonomic}
   size_t MinHeapDeltaBytes                        = 1048576                                   {product} {ergonomic}
   size_t MinHeapSize                              = 8388608                                   {product} {ergonomic}
    uintx NonNMethodCodeHeapSize                   = 5839372                                {pd product} {ergonomic}
    uintx NonProfiledCodeHeapSize                  = 122909434                              {pd product} {ergonomic}
    uintx ProfiledCodeHeapSize                     = 122909434                              {pd product} {ergonomic}
    uintx ReservedCodeCacheSize                    = 251658240                              {pd product} {ergonomic}
     bool SegmentedCodeCache                       = true                                      {product} {ergonomic}
   size_t SoftMaxHeapSize                          = 2055208960                             {manageable} {ergonomic}
     bool UseCompressedClassPointers               = true                           {product lp64_product} {ergonomic}
     bool UseCompressedOops                        = true                           {product lp64_product} {ergonomic}
     bool UseG1GC                                  = true                                      {product} {ergonomic}
     bool UseLargePagesIndividualAllocation        = false                                  {pd product} {ergonomic}

Logging:
Log output configuration:
 #0: stdout all=warning uptime,level,tags
 #1: stderr all=off uptime,level,tags

Environment Variables:
PATH=C:\python 3.10\Scripts\;C:\python 3.10\;C:\Program Files\Common Files\Oracle\Java\javapath;C:\windows\system32;C:\windows;C:\windows\System32\Wbem;C:\windows\System32\WindowsPowerShell\v1.0\;C:\windows\System32\OpenSSH\;C:\Program Files\Git\cmd;C:\MinGW\bin;C:\ProgramData\chocolatey\bin;C:\Program Files\MySQL\MySQL Server 8.0\bin;C:\Program Files\MySQL\MySQL Shell 8.0\bin\;C:\Users\a\AppData\Local\Microsoft\WindowsApps;C:\Users\a\AppData\Local\Programs\Microsoft VS Code\bin;C:\Program Files\JetBrains\IntelliJ IDEA Community Edition 2021.3.3\New folder\IntelliJ IDEA Community Edition 2021.3.3\bin;
USERNAME=a
OS=Windows_NT
PROCESSOR_IDENTIFIER=Intel64 Family 6 Model 140 Stepping 1, GenuineIntel
TMP=C:\Users\a\AppData\Local\Temp
TEMP=C:\Users\a\AppData\Local\Temp



Periodic native trim disabled

JNI global refs:
JNI global refs: 13, weak refs: 14

JNI global refs memory usage: 843, weak refs: 841

OOME stack traces (most recent first):
Classloader memory used:
Loader jdk.internal.loader.ClassLoaders$AppClassLoader                                 : 6237K
Loader bootstrap                                                                       : 1627K
Loader jdk.internal.loader.ClassLoaders$PlatformClassLoader                            : 34456B
Loader jdk.internal.reflect.DelegatingClassLoader                                      : 15462B


---------------  S Y S T E M  ---------------

OS:
 Windows 10 , 64 bit Build 19041 (10.0.19041.3636)
OS uptime: 0 days 2:23 hours

CPU: total 8 (initial active 8) (4 cores per cpu, 2 threads per core) family 6 model 140 stepping 1 microcode 0x9a, cx8, cmov, fxsr, ht, mmx, 3dnowpref, sse, sse2, sse3, ssse3, sse4.1, sse4.2, popcnt, lzcnt, tsc, tscinvbit, avx, avx2, aes, erms, clmul, bmi1, bmi2, adx, avx512f, avx512dq, avx512cd, avx512bw, avx512vl, sha, fma, vzeroupper, avx512_vpopcntdq, avx512_vpclmulqdq, avx512_vaes, avx512_vnni, clflush, clflushopt, clwb, avx512_vbmi2, avx512_vbmi
Processor Information for all 8 processors :
  Max Mhz: 2419, Current Mhz: 2419, Mhz Limit: 2419

Memory: 4k page, system-wide physical 7834M (491M free)
TotalPageFile size 10634M (AvailPageFile size 9M)
current process WorkingSet (physical memory assigned to process): 322M, peak: 323M
current process commit charge ("private bytes"): 411M, peak: 415M

vm_info: OpenJDK 64-Bit Server VM (17.0.9+0--11185874) for windows-amd64 JRE (17.0.9+0--11185874), built on Dec  6 2023 18:57:44 by "androidbuild" with MS VC++ 16.10 / 16.11 (VS2019)

END.
